#
# A fatal error has been detected by the Java Runtime Environment:
#
#  EXCEPTION_ACCESS_VIOLATION (0xc0000005) at pc=0x000002317b3dfeee, pid=12848, tid=8608
#
# JRE version: OpenJDK Runtime Environment Corretto-17.0.6.10.1 (17.0.6+10) (build 17.0.6+10-LTS)
# Java VM: OpenJDK 64-Bit Server VM Corretto-17.0.6.10.1 (17.0.6+10-LTS, mixed mode, sharing, tiered, compressed oops, compressed class ptrs, g1 gc, windows-amd64)
# Problematic frame:
# C  0x000002317b3dfeee
#
# No core dump will be written. Minidumps are not enabled by default on client versions of Windows
#
# If you would like to submit a bug report, please visit:
#   https://github.com/corretto/corretto-17/issues/
# The crash happened outside the Java Virtual Machine in native code.
# See problematic frame for where to report the bug.
#

---------------  S U M M A R Y ------------

Command Line: -Dfile.encoding=windows-1251 -Duser.country=RU -Duser.language=ru -Duser.variant SungearEngine2D.Main.Main

Host: AMD Ryzen 7 5800X 8-Core Processor             , 16 cores, 31G,  Windows 10 , 64 bit Build 19041 (10.0.19041.2546)
Time: Thu Feb 23 16:02:33 2023 RTZ 2 (s 10 , 64 bit Build 19041 (10.0.19041.2546) elapsed time: 8.901603 seconds (0d 0h 0m 8s)

---------------  T H R E A D  ---------------

Current thread (0x000002314da35450):  JavaThread "main" [_thread_in_native, id=8608, stack(0x000000a2b5d00000,0x000000a2b5e00000)]

Stack: [0x000000a2b5d00000,0x000000a2b5e00000],  sp=0x000000a2b5dfc3f8,  free space=1008k
Native frames: (J=compiled Java code, j=interpreted, Vv=VM code, C=native code)
C  0x000002317b3dfeee

Java frames: (J=compiled Java code, j=interpreted, Vv=VM code)
j  org.lwjgl.opengl.GL11C.nglTexImage2D(IIIIIIIIJ)V+0
j  org.lwjgl.opengl.GL11C.glTexImage2D(IIIIIIIILjava/nio/ByteBuffer;)V+17
j  org.lwjgl.opengl.GL11.glTexImage2D(IIIIIIIILjava/nio/ByteBuffer;)V+14
j  Core2D.Graphics.RenderParts.Texture2D.lambda$createTexture$3(LCore2D/DataClasses/Texture2DData;[Ljava/lang/Object;)V+28
j  Core2D.Graphics.RenderParts.Texture2D$$Lambda$95+0x0000000800c9ccf0.accept(Ljava/lang/Object;)V+8
J 2452 c2 Core2D.Graphics.OpenGL.OpenGL.glCall(Ljava/util/function/Consumer;)V (44 bytes) @ 0x000002315d2156e0 [0x000002315d2155a0+0x0000000000000140]
j  Core2D.Graphics.RenderParts.Texture2D.createTexture(LCore2D/DataClasses/Texture2DData;)V+117
j  Core2D.Graphics.RenderParts.Texture2D.<init>(LCore2D/DataClasses/Texture2DData;I)V+28
j  Core2D.Deserializers.EntityDeserializer.deserialize(Lcom/google/gson/JsonElement;Ljava/lang/reflect/Type;Lcom/google/gson/JsonDeserializationContext;)LCore2D/ECS/Entity;+812
j  Core2D.Deserializers.EntityDeserializer.deserialize(Lcom/google/gson/JsonElement;Ljava/lang/reflect/Type;Lcom/google/gson/JsonDeserializationContext;)Ljava/lang/Object;+4
j  com.google.gson.internal.bind.TreeTypeAdapter.read(Lcom/google/gson/stream/JsonReader;)Ljava/lang/Object;+46
j  com.google.gson.Gson.fromJson(Lcom/google/gson/stream/JsonReader;Ljava/lang/reflect/Type;)Ljava/lang/Object;+37
j  com.google.gson.Gson.fromJson(Lcom/google/gson/JsonElement;Ljava/lang/reflect/Type;)Ljava/lang/Object;+16
j  com.google.gson.internal.bind.TreeTypeAdapter$GsonContextImpl.deserialize(Lcom/google/gson/JsonElement;Ljava/lang/reflect/Type;)Ljava/lang/Object;+9
j  Core2D.Deserializers.LayerDeserializer.deserialize(Lcom/google/gson/JsonElement;Ljava/lang/reflect/Type;Lcom/google/gson/JsonDeserializationContext;)LCore2D/Layering/Layer;+86
j  Core2D.Deserializers.LayerDeserializer.deserialize(Lcom/google/gson/JsonElement;Ljava/lang/reflect/Type;Lcom/google/gson/JsonDeserializationContext;)Ljava/lang/Object;+4
j  com.google.gson.internal.bind.TreeTypeAdapter.read(Lcom/google/gson/stream/JsonReader;)Ljava/lang/Object;+46
j  com.google.gson.Gson.fromJson(Lcom/google/gson/stream/JsonReader;Ljava/lang/reflect/Type;)Ljava/lang/Object;+37
j  com.google.gson.Gson.fromJson(Lcom/google/gson/JsonElement;Ljava/lang/reflect/Type;)Ljava/lang/Object;+16
j  com.google.gson.internal.bind.TreeTypeAdapter$GsonContextImpl.deserialize(Lcom/google/gson/JsonElement;Ljava/lang/reflect/Type;)Ljava/lang/Object;+9
j  Core2D.Deserializers.LayeringDeserializer.deserialize(Lcom/google/gson/JsonElement;Ljava/lang/reflect/Type;Lcom/google/gson/JsonDeserializationContext;)LCore2D/Layering/Layering;+58
j  Core2D.Deserializers.LayeringDeserializer.deserialize(Lcom/google/gson/JsonElement;Ljava/lang/reflect/Type;Lcom/google/gson/JsonDeserializationContext;)Ljava/lang/Object;+4
j  com.google.gson.internal.bind.TreeTypeAdapter.read(Lcom/google/gson/stream/JsonReader;)Ljava/lang/Object;+46
j  com.google.gson.Gson.fromJson(Lcom/google/gson/stream/JsonReader;Ljava/lang/reflect/Type;)Ljava/lang/Object;+37
j  com.google.gson.Gson.fromJson(Lcom/google/gson/JsonElement;Ljava/lang/reflect/Type;)Ljava/lang/Object;+16
j  com.google.gson.internal.bind.TreeTypeAdapter$GsonContextImpl.deserialize(Lcom/google/gson/JsonElement;Ljava/lang/reflect/Type;)Ljava/lang/Object;+9
j  Core2D.Deserializers.Scene2DDeserializer.deserialize(Lcom/google/gson/JsonElement;Ljava/lang/reflect/Type;Lcom/google/gson/JsonDeserializationContext;)LCore2D/Scene2D/Scene2D;+60
j  Core2D.Deserializers.Scene2DDeserializer.deserialize(Lcom/google/gson/JsonElement;Ljava/lang/reflect/Type;Lcom/google/gson/JsonDeserializationContext;)Ljava/lang/Object;+4
j  com.google.gson.internal.bind.TreeTypeAdapter.read(Lcom/google/gson/stream/JsonReader;)Ljava/lang/Object;+46
j  com.google.gson.Gson.fromJson(Lcom/google/gson/stream/JsonReader;Ljava/lang/reflect/Type;)Ljava/lang/Object;+37
j  com.google.gson.Gson.fromJson(Ljava/io/Reader;Ljava/lang/reflect/Type;)Ljava/lang/Object;+9
j  com.google.gson.Gson.fromJson(Ljava/lang/String;Ljava/lang/reflect/Type;)Ljava/lang/Object;+18
j  com.google.gson.Gson.fromJson(Ljava/lang/String;Ljava/lang/Class;)Ljava/lang/Object;+3
j  Core2D.Scene2D.SceneManager.scene2DFromJson(Ljava/lang/String;Ljava/lang/String;)LCore2D/Scene2D/Scene2D;+36
j  Core2D.Scene2D.SceneManager.loadScene(Ljava/lang/String;)LCore2D/Scene2D/Scene2D;+27
j  Core2D.Scene2D.SceneManager.loadSceneAsCurrent(Ljava/lang/String;)LCore2D/Scene2D/Scene2D;+2
J 2875 c2 SungearEngine2D.GUI.Views.EditorView.ResourcesView.drawItem([Ljava/io/File;IIZ)V (754 bytes) @ 0x000002315d29a720 [0x000002315d2999c0+0x0000000000000d60]
J 2879 c2 SungearEngine2D.GUI.Views.EditorView.ResourcesView.showDirectoryResources()V (484 bytes) @ 0x000002315d29ef70 [0x000002315d29e6e0+0x0000000000000890]
J 2399 c1 SungearEngine2D.GUI.Views.EditorView.ResourcesView.draw()V (361 bytes) @ 0x000002315595232c [0x0000023155951b80+0x00000000000007ac]
J 2389 c1 SungearEngine2D.GUI.Views.ViewsManager.draw()V (304 bytes) @ 0x00000231559500c4 [0x000002315594f860+0x0000000000000864]
J 2286 c1 SungearEngine2D.Main.Main$1.onDrawFrame()V (86 bytes) @ 0x000002315591221c [0x0000023155910f20+0x00000000000012fc]
j  Core2D.Graphics.Graphics.draw()V+90
j  Core2D.Core2D.Core2D.run()V+32
j  Core2D.Core2D.Core2D.create(Ljava/lang/String;Lorg/joml/Vector2i;[I[I)V+30
j  Core2D.Core2D.Core2D.start()V+12
j  SungearEngine2D.Main.Main.main([Ljava/lang/String;)V+41
v  ~StubRoutines::call_stub

siginfo: EXCEPTION_ACCESS_VIOLATION (0xc0000005), reading address 0x000002310b47c001


Register to memory mapping:

RIP=0x000002317b3dfeee points into unknown readable memory: 0f b6
RAX=0x000002317b3dfec0 points into unknown readable memory: 0x4c575653ec8b4855 | 55 48 8b ec 53 56 57 4c
RBX=0x0 is NULL
RCX=0x0000000000000003 is an unknown value
RDX=0x0 is NULL
RSP=0x000000a2b5dfc3f8 is pointing into the stack for thread: 0x000002314da35450
RBP=0x000000000000016b is an unknown value
RSI=0x000002310b47bfff points into unknown readable memory: 00
RDI=0x0000023106639a14 points into unknown readable memory: 9a 82 6a 00
R8 =0x0000000000000500 is an unknown value
R9 =0x0000023106638bc0 points into unknown readable memory: 0x0000000000000000 | 00 00 00 00 00 00 00 00
R10=0x000002310b47b540 points into unknown readable memory: 0x0000000000000000 | 00 00 00 00 00 00 00 00
R11=0x0000023106638bc0 points into unknown readable memory: 0x0000000000000000 | 00 00 00 00 00 00 00 00
R12=0x0000000000001400 is an unknown value
R13=0x00007ffb68282fc0 nvoglv64.dll
R14=0x000002310008c840 points into unknown readable memory: 0x0000000000002000 | 00 20 00 00 00 00 00 00
R15=0x0000000000000f00 is an unknown value


Registers:
RAX=0x000002317b3dfec0, RBX=0x0000000000000000, RCX=0x0000000000000003, RDX=0x0000000000000000
RSP=0x000000a2b5dfc3f8, RBP=0x000000000000016b, RSI=0x000002310b47bfff, RDI=0x0000023106639a14
R8 =0x0000000000000500, R9 =0x0000023106638bc0, R10=0x000002310b47b540, R11=0x0000023106638bc0
R12=0x0000000000001400, R13=0x00007ffb68282fc0, R14=0x000002310008c840, R15=0x0000000000000f00
RIP=0x000002317b3dfeee, EFLAGS=0x0000000000010202

Top of Stack: (sp=0x000000a2b5dfc3f8)
0x000000a2b5dfc3f8:   000002310b47b540 000000a2b5dfd110
0x000000a2b5dfc408:   0000023106638bc0 0000000000000053
0x000000a2b5dfc418:   00007ffb68283683 0000023106620fb0
0x000000a2b5dfc428:   0000000000000066 000002310b469840
0x000000a2b5dfc438:   000002310008c840 000000a200000000
0x000000a2b5dfc448:   00007ffb00000000 0000000000000000
0x000000a2b5dfc458:   000000a200000132 0000023100000000
0x000000a2b5dfc468:   0000000000000500 0000000000000066
0x000000a2b5dfc478:   0000000000000000 0000023100000000
0x000000a2b5dfc488:   0000023100000000 00007ffb68282fc0
0x000000a2b5dfc498:   0000019800000368 0000000000000000
0x000000a2b5dfc4a8:   0000000000001400 0000006600000066
0x000000a2b5dfc4b8:   0000023106620fc0 0000000000640000
0x000000a2b5dfc4c8:   0000000000000000 0000000018c00000
0x000000a2b5dfc4d8:   0000000018c00000 0000000000000000
0x000000a2b5dfc4e8:   0000023111e9f7a0 0000050000000000 

Instructions: (pc=0x000002317b3dfeee)
0x000002317b3dfdee:   00 00 00 00 00 00 00 00 00 00 00 00 00 00 00 00
0x000002317b3dfdfe:   00 00 00 00 00 00 00 00 00 00 00 00 00 00 00 00
0x000002317b3dfe0e:   00 00 00 00 00 00 00 00 00 00 00 00 00 00 00 00
0x000002317b3dfe1e:   00 00 00 00 00 00 00 00 00 00 00 00 00 00 00 00
0x000002317b3dfe2e:   00 00 00 00 00 00 00 00 00 00 00 00 00 00 00 00
0x000002317b3dfe3e:   00 00 00 00 00 00 00 00 00 00 00 00 00 00 00 00
0x000002317b3dfe4e:   00 00 00 00 00 00 00 00 00 00 00 00 00 00 00 00
0x000002317b3dfe5e:   00 00 00 00 00 00 00 00 00 00 00 00 00 00 00 00
0x000002317b3dfe6e:   00 00 00 00 00 00 00 00 00 00 00 00 00 00 00 00
0x000002317b3dfe7e:   00 00 00 00 00 00 00 00 00 00 00 00 00 00 00 00
0x000002317b3dfe8e:   00 00 00 00 00 00 00 00 00 00 00 00 00 00 00 00
0x000002317b3dfe9e:   00 00 00 00 00 00 00 00 00 00 00 00 00 00 00 00
0x000002317b3dfeae:   00 00 00 00 00 00 00 00 00 00 80 ff ff ff 80 fe
0x000002317b3dfebe:   00 00 55 48 8b ec 53 56 57 4c 8b da 4c 8b d1 49
0x000002317b3dfece:   8b f2 49 8b fb 41 8b e8 85 ed 0f 84 30 00 00 00
0x000002317b3dfede:   b9 03 00 00 00 0f 8f 05 00 00 00 48 f7 d9 f7 dd
0x000002317b3dfeee:   0f b6 5e 02 c1 e3 10 0f b7 16 0b da 48 03 f1 48
0x000002317b3dfefe:   83 c7 04 81 e3 ff ff ff 00 ff cd 89 5f fc 75 e0
0x000002317b3dff0e:   5f 5e 5b 5d c3 00 00 00 00 00 00 00 00 00 00 00
0x000002317b3dff1e:   00 00 00 00 00 00 00 00 00 00 00 00 00 00 00 00
0x000002317b3dff2e:   00 00 00 00 00 00 00 00 00 00 80 ff ff ff 80 00
0x000002317b3dff3e:   00 00 55 48 8b ec 53 56 57 4c 8b da 4c 8b d1 49
0x000002317b3dff4e:   8b f2 49 8b fb 41 8b e8 85 ed 0f 84 30 00 00 00
0x000002317b3dff5e:   b9 04 00 00 00 0f 8f 05 00 00 00 48 f7 d9 f7 dd
0x000002317b3dff6e:   8b 1e 48 03 f1 48 83 c7 04 8b c3 81 e3 ff ff ff
0x000002317b3dff7e:   00 81 e0 00 00 00 ff 0b d8 ff cd 89 5f fc 75 e0
0x000002317b3dff8e:   5f 5e 5b 5d c3 00 00 00 00 00 00 00 00 00 00 00
0x000002317b3dff9e:   00 00 00 00 00 00 00 00 00 00 00 00 00 00 00 00
0x000002317b3dffae:   00 00 00 00 00 00 00 00 00 00 c0 ff ff ff 80 00
0x000002317b3dffbe:   00 00 48 b8 a0 93 b9 7f 31 02 00 00 48 8b 00 49
0x000002317b3dffce:   ba e8 d8 b4 7f 31 02 00 00 48 83 ec 28 48 83 c4
0x000002317b3dffde:   28 c3 00 00 00 00 00 00 00 00 00 00 00 00 00 00 


Stack slot to memory mapping:
stack at sp + 0 slots: 0x000002310b47b540 points into unknown readable memory: 0x0000000000000000 | 00 00 00 00 00 00 00 00
stack at sp + 1 slots: 0x000000a2b5dfd110 is pointing into the stack for thread: 0x000002314da35450
stack at sp + 2 slots: 0x0000023106638bc0 points into unknown readable memory: 0x0000000000000000 | 00 00 00 00 00 00 00 00
stack at sp + 3 slots: 0x0000000000000053 is an unknown value
stack at sp + 4 slots: 0x00007ffb68283683 nvoglv64.dll
stack at sp + 5 slots: 0x0000023106620fb0 points into unknown readable memory: 0x00343c43000b131a | 1a 13 0b 00 43 3c 34 00
stack at sp + 6 slots: 0x0000000000000066 is an unknown value
stack at sp + 7 slots: 0x000002310b469840 points into unknown readable memory: 0xa2a2a3a4a4a4a5a5 | a5 a5 a4 a4 a4 a3 a2 a2


---------------  P R O C E S S  ---------------

Threads class SMR info:
_java_thread_list=0x0000023111ab7f90, length=19, elements={
0x000002314da35450, 0x000002317a55e140, 0x000002317a55efb0, 0x000002317a5746d0,
0x000002317a5780b0, 0x000002317a578a60, 0x000002317a579410, 0x000002317a57e6b0,
0x000002317a587560, 0x000002317a592730, 0x000002317aeeacc0, 0x000002317aef0b80,
0x0000023100be96b0, 0x000002311237edb0, 0x000002311237f2c0, 0x000002311197fe50,
0x000002311236ca60, 0x0000023112e68bc0, 0x0000023111c22020
}

Java Threads: ( => current thread )
=>0x000002314da35450 JavaThread "main" [_thread_in_native, id=8608, stack(0x000000a2b5d00000,0x000000a2b5e00000)]
  0x000002317a55e140 JavaThread "Reference Handler" daemon [_thread_blocked, id=4312, stack(0x000000a2b6400000,0x000000a2b6500000)]
  0x000002317a55efb0 JavaThread "Finalizer" daemon [_thread_blocked, id=7788, stack(0x000000a2b6500000,0x000000a2b6600000)]
  0x000002317a5746d0 JavaThread "Signal Dispatcher" daemon [_thread_blocked, id=15724, stack(0x000000a2b6600000,0x000000a2b6700000)]
  0x000002317a5780b0 JavaThread "Attach Listener" daemon [_thread_blocked, id=11024, stack(0x000000a2b6700000,0x000000a2b6800000)]
  0x000002317a578a60 JavaThread "Service Thread" daemon [_thread_blocked, id=6892, stack(0x000000a2b6800000,0x000000a2b6900000)]
  0x000002317a579410 JavaThread "Monitor Deflation Thread" daemon [_thread_blocked, id=10296, stack(0x000000a2b6900000,0x000000a2b6a00000)]
  0x000002317a57e6b0 JavaThread "C2 CompilerThread0" daemon [_thread_blocked, id=7200, stack(0x000000a2b6a00000,0x000000a2b6b00000)]
  0x000002317a587560 JavaThread "C1 CompilerThread0" daemon [_thread_blocked, id=11420, stack(0x000000a2b6b00000,0x000000a2b6c00000)]
  0x000002317a592730 JavaThread "Sweeper thread" daemon [_thread_blocked, id=6368, stack(0x000000a2b6c00000,0x000000a2b6d00000)]
  0x000002317aeeacc0 JavaThread "Notification Thread" daemon [_thread_blocked, id=16096, stack(0x000000a2b6f00000,0x000000a2b7000000)]
  0x000002317aef0b80 JavaThread "Common-Cleaner" daemon [_thread_blocked, id=14692, stack(0x000000a2b7100000,0x000000a2b7200000)]
  0x0000023100be96b0 JavaThread "Thread-0" [_thread_blocked, id=816, stack(0x000000a2b8600000,0x000000a2b8700000)]
  0x000002311237edb0 JavaThread "C1 CompilerThread1" daemon [_thread_blocked, id=16220, stack(0x000000a2b6d00000,0x000000a2b6e00000)]
  0x000002311237f2c0 JavaThread "C1 CompilerThread2" daemon [_thread_blocked, id=15912, stack(0x000000a2b6e00000,0x000000a2b6f00000)]
  0x000002311197fe50 JavaThread "C2 CompilerThread1" daemon [_thread_in_native, id=9700, stack(0x000000a2b7300000,0x000000a2b7400000)]
  0x000002311236ca60 JavaThread "C2 CompilerThread2" daemon [_thread_blocked, id=11680, stack(0x000000a2b7c00000,0x000000a2b7d00000)]
  0x0000023112e68bc0 JavaThread "C2 CompilerThread3" daemon [_thread_blocked, id=11540, stack(0x000000a2b8800000,0x000000a2b8900000)]
  0x0000023111c22020 JavaThread "C2 CompilerThread4" daemon [_thread_blocked, id=4844, stack(0x000000a2b8900000,0x000000a2b8a00000)]

Other Threads:
  0x000002317a55a890 VMThread "VM Thread" [stack: 0x000000a2b6300000,0x000000a2b6400000] [id=7564]
  0x000002317aeed330 WatcherThread [stack: 0x000000a2b7000000,0x000000a2b7100000] [id=9064]
  0x000002314dae1bf0 GCTaskThread "GC Thread#0" [stack: 0x000000a2b5e00000,0x000000a2b5f00000] [id=11928]
  0x0000023100998430 GCTaskThread "GC Thread#1" [stack: 0x000000a2b7d00000,0x000000a2b7e00000] [id=8584]
  0x00000231009986e0 GCTaskThread "GC Thread#2" [stack: 0x000000a2b7e00000,0x000000a2b7f00000] [id=3828]
  0x0000023100998da0 GCTaskThread "GC Thread#3" [stack: 0x000000a2b7f00000,0x000000a2b8000000] [id=1308]
  0x0000023100999460 GCTaskThread "GC Thread#4" [stack: 0x000000a2b8000000,0x000000a2b8100000] [id=5148]
  0x0000023100995ef0 GCTaskThread "GC Thread#5" [stack: 0x000000a2b8100000,0x000000a2b8200000] [id=5064]
  0x0000023100acc840 GCTaskThread "GC Thread#6" [stack: 0x000000a2b8200000,0x000000a2b8300000] [id=4784]
  0x000002310098d090 GCTaskThread "GC Thread#7" [stack: 0x000000a2b8300000,0x000000a2b8400000] [id=8216]
  0x000002310098d340 GCTaskThread "GC Thread#8" [stack: 0x000000a2b8400000,0x000000a2b8500000] [id=14844]
  0x00000231009ee6d0 GCTaskThread "GC Thread#9" [stack: 0x000000a2b8500000,0x000000a2b8600000] [id=3816]
  0x00000231009e9810 GCTaskThread "GC Thread#10" [stack: 0x000000a2b8700000,0x000000a2b8800000] [id=7772]
  0x000002314daf3ac0 ConcurrentGCThread "G1 Main Marker" [stack: 0x000000a2b5f00000,0x000000a2b6000000] [id=14308]
  0x000002314daf4d10 ConcurrentGCThread "G1 Conc#0" [stack: 0x000000a2b6000000,0x000000a2b6100000] [id=7928]
  0x000002317a491f60 ConcurrentGCThread "G1 Refine#0" [stack: 0x000000a2b6100000,0x000000a2b6200000] [id=6996]
  0x000002317a492980 ConcurrentGCThread "G1 Service" [stack: 0x000000a2b6200000,0x000000a2b6300000] [id=4484]

Threads with active compile tasks:
C2 CompilerThread1     8952 3069       4       java.util.stream.FindOps$FindOp::evaluateSequential (39 bytes)

VM state: not at safepoint (normal execution)

VM Mutex/Monitor currently owned by a thread: None

Heap address: 0x0000000601000000, size: 8176 MB, Compressed Oops mode: Zero based, Oop shift amount: 3

CDS archive(s) mapped at: [0x0000000800000000-0x0000000800bc0000-0x0000000800bc0000), size 12320768, SharedBaseAddress: 0x0000000800000000, ArchiveRelocationMode: 0.
Compressed class space mapped at: 0x0000000800c00000-0x0000000840c00000, reserved size: 1073741824
Narrow klass base: 0x0000000800000000, Narrow klass shift: 0, Narrow klass range: 0x100000000

GC Precious Log:
 CPUs: 16 total, 16 available
 Memory: 32694M
 Large Page Support: Disabled
 NUMA Support: Disabled
 Compressed Oops: Enabled (Zero based)
 Heap Region Size: 4M
 Heap Min Capacity: 8M
 Heap Initial Capacity: 512M
 Heap Max Capacity: 8176M
 Pre-touch: Disabled
 Parallel Workers: 13
 Concurrent Workers: 3
 Concurrent Refinement Workers: 13
 Periodic GC: Disabled

Heap:
 garbage-first heap   total 270336K, used 73649K [0x0000000601000000, 0x0000000800000000)
  region size 4096K, 19 young (77824K), 1 survivors (4096K)
 Metaspace       used 11716K, committed 12032K, reserved 1064960K
  class space    used 872K, committed 1024K, reserved 1048576K

Heap Regions: E=young(eden), S=young(survivor), O=old, HS=humongous(starts), HC=humongous(continues), CS=collection set, F=free, OA=open archive, CA=closed archive, TAMS=top-at-mark-start (previous, next)
|   0|0x0000000601000000, 0x0000000601390a00, 0x0000000601400000| 89%| O|  |TAMS 0x0000000601000000, 0x0000000601000000| Untracked 
|   1|0x0000000601400000, 0x000000060140b200, 0x0000000601800000|  1%| O|  |TAMS 0x0000000601400000, 0x0000000601400000| Untracked 
|   2|0x0000000601800000, 0x0000000601800000, 0x0000000601c00000|  0%| F|  |TAMS 0x0000000601800000, 0x0000000601800000| Untracked 
|   3|0x0000000601c00000, 0x0000000601c00000, 0x0000000602000000|  0%| F|  |TAMS 0x0000000601c00000, 0x0000000601c00000| Untracked 
|   4|0x0000000602000000, 0x0000000602000000, 0x0000000602400000|  0%| F|  |TAMS 0x0000000602000000, 0x0000000602000000| Untracked 
|   5|0x0000000602400000, 0x0000000602400000, 0x0000000602800000|  0%| F|  |TAMS 0x0000000602400000, 0x0000000602400000| Untracked 
|   6|0x0000000602800000, 0x0000000602800000, 0x0000000602c00000|  0%| F|  |TAMS 0x0000000602800000, 0x0000000602800000| Untracked 
|   7|0x0000000602c00000, 0x0000000602c00000, 0x0000000603000000|  0%| F|  |TAMS 0x0000000602c00000, 0x0000000602c00000| Untracked 
|   8|0x0000000603000000, 0x0000000603000000, 0x0000000603400000|  0%| F|  |TAMS 0x0000000603000000, 0x0000000603000000| Untracked 
|   9|0x0000000603400000, 0x0000000603400000, 0x0000000603800000|  0%| F|  |TAMS 0x0000000603400000, 0x0000000603400000| Untracked 
|  10|0x0000000603800000, 0x0000000603800000, 0x0000000603c00000|  0%| F|  |TAMS 0x0000000603800000, 0x0000000603800000| Untracked 
|  11|0x0000000603c00000, 0x0000000603c00000, 0x0000000604000000|  0%| F|  |TAMS 0x0000000603c00000, 0x0000000603c00000| Untracked 
|  12|0x0000000604000000, 0x0000000604000000, 0x0000000604400000|  0%| F|  |TAMS 0x0000000604000000, 0x0000000604000000| Untracked 
|  13|0x0000000604400000, 0x0000000604400000, 0x0000000604800000|  0%| F|  |TAMS 0x0000000604400000, 0x0000000604400000| Untracked 
|  14|0x0000000604800000, 0x0000000604800000, 0x0000000604c00000|  0%| F|  |TAMS 0x0000000604800000, 0x0000000604800000| Untracked 
|  15|0x0000000604c00000, 0x0000000604c00000, 0x0000000605000000|  0%| F|  |TAMS 0x0000000604c00000, 0x0000000604c00000| Untracked 
|  16|0x0000000605000000, 0x0000000605000000, 0x0000000605400000|  0%| F|  |TAMS 0x0000000605000000, 0x0000000605000000| Untracked 
|  17|0x0000000605400000, 0x0000000605400000, 0x0000000605800000|  0%| F|  |TAMS 0x0000000605400000, 0x0000000605400000| Untracked 
|  18|0x0000000605800000, 0x0000000605800000, 0x0000000605c00000|  0%| F|  |TAMS 0x0000000605800000, 0x0000000605800000| Untracked 
|  19|0x0000000605c00000, 0x0000000605c00000, 0x0000000606000000|  0%| F|  |TAMS 0x0000000605c00000, 0x0000000605c00000| Untracked 
|  20|0x0000000606000000, 0x0000000606000000, 0x0000000606400000|  0%| F|  |TAMS 0x0000000606000000, 0x0000000606000000| Untracked 
|  21|0x0000000606400000, 0x0000000606400000, 0x0000000606800000|  0%| F|  |TAMS 0x0000000606400000, 0x0000000606400000| Untracked 
|  22|0x0000000606800000, 0x0000000606800000, 0x0000000606c00000|  0%| F|  |TAMS 0x0000000606800000, 0x0000000606800000| Untracked 
|  23|0x0000000606c00000, 0x0000000606c00000, 0x0000000607000000|  0%| F|  |TAMS 0x0000000606c00000, 0x0000000606c00000| Untracked 
|  24|0x0000000607000000, 0x0000000607000000, 0x0000000607400000|  0%| F|  |TAMS 0x0000000607000000, 0x0000000607000000| Untracked 
|  25|0x0000000607400000, 0x0000000607400000, 0x0000000607800000|  0%| F|  |TAMS 0x0000000607400000, 0x0000000607400000| Untracked 
|  26|0x0000000607800000, 0x0000000607850a58, 0x0000000607c00000|  7%| S|CS|TAMS 0x0000000607800000, 0x0000000607800000| Complete 
|  27|0x0000000607c00000, 0x0000000607c00000, 0x0000000608000000|  0%| F|  |TAMS 0x0000000607c00000, 0x0000000607c00000| Untracked 
|  28|0x0000000608000000, 0x0000000608000000, 0x0000000608400000|  0%| F|  |TAMS 0x0000000608000000, 0x0000000608000000| Untracked 
|  29|0x0000000608400000, 0x0000000608400000, 0x0000000608800000|  0%| F|  |TAMS 0x0000000608400000, 0x0000000608400000| Untracked 
|  30|0x0000000608800000, 0x0000000608800000, 0x0000000608c00000|  0%| F|  |TAMS 0x0000000608800000, 0x0000000608800000| Untracked 
|  31|0x0000000608c00000, 0x0000000608c00000, 0x0000000609000000|  0%| F|  |TAMS 0x0000000608c00000, 0x0000000608c00000| Untracked 
|  32|0x0000000609000000, 0x0000000609000000, 0x0000000609400000|  0%| F|  |TAMS 0x0000000609000000, 0x0000000609000000| Untracked 
|  33|0x0000000609400000, 0x0000000609400000, 0x0000000609800000|  0%| F|  |TAMS 0x0000000609400000, 0x0000000609400000| Untracked 
|  34|0x0000000609800000, 0x0000000609800000, 0x0000000609c00000|  0%| F|  |TAMS 0x0000000609800000, 0x0000000609800000| Untracked 
|  35|0x0000000609c00000, 0x0000000609c00000, 0x000000060a000000|  0%| F|  |TAMS 0x0000000609c00000, 0x0000000609c00000| Untracked 
|  36|0x000000060a000000, 0x000000060a000000, 0x000000060a400000|  0%| F|  |TAMS 0x000000060a000000, 0x000000060a000000| Untracked 
|  37|0x000000060a400000, 0x000000060a400000, 0x000000060a800000|  0%| F|  |TAMS 0x000000060a400000, 0x000000060a400000| Untracked 
|  38|0x000000060a800000, 0x000000060a800000, 0x000000060ac00000|  0%| F|  |TAMS 0x000000060a800000, 0x000000060a800000| Untracked 
|  39|0x000000060ac00000, 0x000000060ac00000, 0x000000060b000000|  0%| F|  |TAMS 0x000000060ac00000, 0x000000060ac00000| Untracked 
|  40|0x000000060b000000, 0x000000060b000000, 0x000000060b400000|  0%| F|  |TAMS 0x000000060b000000, 0x000000060b000000| Untracked 
|  41|0x000000060b400000, 0x000000060b400000, 0x000000060b800000|  0%| F|  |TAMS 0x000000060b400000, 0x000000060b400000| Untracked 
|  42|0x000000060b800000, 0x000000060b800000, 0x000000060bc00000|  0%| F|  |TAMS 0x000000060b800000, 0x000000060b800000| Untracked 
|  43|0x000000060bc00000, 0x000000060bc00000, 0x000000060c000000|  0%| F|  |TAMS 0x000000060bc00000, 0x000000060bc00000| Untracked 
|  44|0x000000060c000000, 0x000000060c000000, 0x000000060c400000|  0%| F|  |TAMS 0x000000060c000000, 0x000000060c000000| Untracked 
|  45|0x000000060c400000, 0x000000060c400000, 0x000000060c800000|  0%| F|  |TAMS 0x000000060c400000, 0x000000060c400000| Untracked 
|  46|0x000000060c800000, 0x000000060c800000, 0x000000060cc00000|  0%| F|  |TAMS 0x000000060c800000, 0x000000060c800000| Untracked 
|  47|0x000000060cc00000, 0x000000060cc00000, 0x000000060d000000|  0%| F|  |TAMS 0x000000060cc00000, 0x000000060cc00000| Untracked 
|  48|0x000000060d000000, 0x000000060d200800, 0x000000060d400000| 50%| E|  |TAMS 0x000000060d000000, 0x000000060d000000| Complete 
|  49|0x000000060d400000, 0x000000060d800000, 0x000000060d800000|100%| E|CS|TAMS 0x000000060d400000, 0x000000060d400000| Complete 
|  50|0x000000060d800000, 0x000000060dc00000, 0x000000060dc00000|100%| E|CS|TAMS 0x000000060d800000, 0x000000060d800000| Complete 
|  51|0x000000060dc00000, 0x000000060e000000, 0x000000060e000000|100%| E|CS|TAMS 0x000000060dc00000, 0x000000060dc00000| Complete 
|  52|0x000000060e000000, 0x000000060e400000, 0x000000060e400000|100%| E|CS|TAMS 0x000000060e000000, 0x000000060e000000| Complete 
|  53|0x000000060e400000, 0x000000060e800000, 0x000000060e800000|100%| E|CS|TAMS 0x000000060e400000, 0x000000060e400000| Complete 
|  54|0x000000060e800000, 0x000000060ec00000, 0x000000060ec00000|100%| E|CS|TAMS 0x000000060e800000, 0x000000060e800000| Complete 
|  55|0x000000060ec00000, 0x000000060f000000, 0x000000060f000000|100%| E|CS|TAMS 0x000000060ec00000, 0x000000060ec00000| Complete 
|  56|0x000000060f000000, 0x000000060f400000, 0x000000060f400000|100%| E|CS|TAMS 0x000000060f000000, 0x000000060f000000| Complete 
|  57|0x000000060f400000, 0x000000060f800000, 0x000000060f800000|100%| E|CS|TAMS 0x000000060f400000, 0x000000060f400000| Complete 
|  58|0x000000060f800000, 0x000000060fc00000, 0x000000060fc00000|100%| E|CS|TAMS 0x000000060f800000, 0x000000060f800000| Complete 
|  59|0x000000060fc00000, 0x0000000610000000, 0x0000000610000000|100%| E|CS|TAMS 0x000000060fc00000, 0x000000060fc00000| Complete 
|  60|0x0000000610000000, 0x0000000610400000, 0x0000000610400000|100%| E|CS|TAMS 0x0000000610000000, 0x0000000610000000| Complete 
|  61|0x0000000610400000, 0x0000000610800000, 0x0000000610800000|100%| E|CS|TAMS 0x0000000610400000, 0x0000000610400000| Complete 
|  62|0x0000000610800000, 0x0000000610c00000, 0x0000000610c00000|100%| E|CS|TAMS 0x0000000610800000, 0x0000000610800000| Complete 
|  63|0x0000000610c00000, 0x0000000611000000, 0x0000000611000000|100%| E|CS|TAMS 0x0000000610c00000, 0x0000000610c00000| Complete 
|  64|0x0000000611000000, 0x0000000611400000, 0x0000000611400000|100%| E|CS|TAMS 0x0000000611000000, 0x0000000611000000| Complete 
|  65|0x0000000611400000, 0x0000000611800000, 0x0000000611800000|100%| E|CS|TAMS 0x0000000611400000, 0x0000000611400000| Complete 

Card table byte_map: [0x0000023165dc0000,0x0000023166dc0000] _byte_map_base: 0x0000023162db8000

Marking Bits (Prev, Next): (CMBitMap*) 0x000002314dae3250, (CMBitMap*) 0x000002314dae3210
 Prev Bits: [0x000002316fd80000, 0x0000023177d40000)
 Next Bits: [0x0000023167dc0000, 0x000002316fd80000)

Polling page: 0x000002314b830000

Metaspace:

Usage:
  Non-class:     10.59 MB used.
      Class:    872.28 KB used.
       Both:     11.44 MB used.

Virtual space:
  Non-class space:       16.00 MB reserved,      10.75 MB ( 67%) committed,  2 nodes.
      Class space:        1.00 GB reserved,       1.00 MB ( <1%) committed,  1 nodes.
             Both:        1.02 GB reserved,      11.75 MB (  1%) committed. 

Chunk freelists:
   Non-Class:  874.00 KB
       Class:  2.96 MB
        Both:  3.81 MB

MaxMetaspaceSize: unlimited
CompressedClassSpaceSize: 1.00 GB
Initial GC threshold: 21.00 MB
Current GC threshold: 21.00 MB
CDS: on
MetaspaceReclaimPolicy: balanced
 - commit_granule_bytes: 65536.
 - commit_granule_words: 8192.
 - virtual_space_node_default_size: 1048576.
 - enlarge_chunks_in_place: 1.
 - new_chunks_are_fully_committed: 0.
 - uncommit_free_chunks: 1.
 - use_allocation_guard: 0.
 - handle_deallocations: 1.


Internal statistics:

num_allocs_failed_limit: 0.
num_arena_births: 320.
num_arena_deaths: 0.
num_vsnodes_births: 3.
num_vsnodes_deaths: 0.
num_space_committed: 186.
num_space_uncommitted: 0.
num_chunks_returned_to_freelist: 0.
num_chunks_taken_from_freelist: 700.
num_chunk_merges: 0.
num_chunk_splits: 456.
num_chunks_enlarged: 306.
num_purges: 0.
num_inconsistent_stats: 0.

CodeHeap 'non-profiled nmethods': size=119168Kb used=1965Kb max_used=1965Kb free=117203Kb
 bounds [0x000002315d0e0000, 0x000002315d350000, 0x0000023164540000]
CodeHeap 'profiled nmethods': size=119104Kb used=5997Kb max_used=5997Kb free=113106Kb
 bounds [0x0000023155540000, 0x0000023155b20000, 0x000002315c990000]
CodeHeap 'non-nmethods': size=7488Kb used=2895Kb max_used=3510Kb free=4592Kb
 bounds [0x000002315c990000, 0x000002315cd00000, 0x000002315d0e0000]
 total_blobs=4412 nmethods=3159 adapters=1163
 compilation: enabled
              stopped_count=0, restarted_count=0
 full_count=0

Compilation events (20 events):
Event: 8.883 Thread 0x000002311236ca60 nmethod 3147 0x000002315d2ba210 code [0x000002315d2ba3c0, 0x000002315d2bab68]
Event: 8.883 Thread 0x000002311236ca60 3159       4       java.lang.invoke.Invokers$Holder::linkToTargetMethod (9 bytes)
Event: 8.883 Thread 0x000002311236ca60 nmethod 3159 0x000002315d2bae10 code [0x000002315d2bafa0, 0x000002315d2bb078]
Event: 8.883 Thread 0x000002311236ca60 3142       4       jdk.internal.reflect.DelegatingConstructorAccessorImpl::newInstance (9 bytes)
Event: 8.883 Thread 0x0000023111c22020 nmethod 3126 0x000002315d2bb190 code [0x000002315d2bb360, 0x000002315d2bb8e8]
Event: 8.883 Thread 0x0000023111c22020 3143       4       java.lang.reflect.AccessibleObject::checkAccess (40 bytes)
Event: 8.883 Thread 0x000002311236ca60 nmethod 3142 0x000002315d2bbd10 code [0x000002315d2bbe80, 0x000002315d2bbf18]
Event: 8.883 Thread 0x000002311236ca60 3144       4       java.lang.reflect.AccessibleObject::verifyAccess (55 bytes)
Event: 8.884 Thread 0x000002311237edb0 3160       3       com.google.gson.stream.JsonReader::<init> (111 bytes)
Event: 8.884 Thread 0x000002317a587560 3161   !   3       com.google.gson.Gson::fromJson (163 bytes)
Event: 8.884 Thread 0x000002311237edb0 nmethod 3160 0x0000023155b18d90 code [0x0000023155b18f60, 0x0000023155b196a8]
Event: 8.884 Thread 0x000002317a587560 nmethod 3161 0x0000023155b19810 code [0x0000023155b19b20, 0x0000023155b1aaa8]
Event: 8.886 Thread 0x000002311236ca60 nmethod 3144 0x000002315d2bc010 code [0x000002315d2bc1c0, 0x000002315d2bc5f8]
Event: 8.886 Thread 0x000002311236ca60 3145       4       com.google.gson.internal.bind.JsonTreeReader::peek (200 bytes)
Event: 8.886 Thread 0x0000023111c22020 nmethod 3143 0x000002315d2bc810 code [0x000002315d2bc9c0, 0x000002315d2bce58]
Event: 8.886 Thread 0x0000023111c22020 3093       4       org.joml.Math::sin (31 bytes)
Event: 8.886 Thread 0x0000023111c22020 nmethod 3093 0x000002315d2bd190 code [0x000002315d2bd300, 0x000002315d2bd378]
Event: 8.886 Thread 0x0000023111c22020 3094       4       org.joml.Math::cosFromSin (20 bytes)
Event: 8.887 Thread 0x0000023111c22020 nmethod 3094 0x000002315d2bd490 code [0x000002315d2bd640, 0x000002315d2bd778]
Event: 8.888 Thread 0x000002311236ca60 nmethod 3145 0x000002315d2bd890 code [0x000002315d2bda80, 0x000002315d2bde28]

GC Heap History (20 events):
Event: 1.541 GC heap before
{Heap before GC invocations=9 (full 3):
 garbage-first heap   total 270336K, used 159367K [0x0000000601000000, 0x0000000800000000)
  region size 4096K, 39 young (159744K), 1 survivors (4096K)
 Metaspace       used 9756K, committed 10048K, reserved 1064960K
  class space    used 682K, committed 832K, reserved 1048576K
}
Event: 1.542 GC heap after
{Heap after GC invocations=10 (full 3):
 garbage-first heap   total 270336K, used 3727K [0x0000000601000000, 0x0000000800000000)
  region size 4096K, 1 young (4096K), 1 survivors (4096K)
 Metaspace       used 9756K, committed 10048K, reserved 1064960K
  class space    used 682K, committed 832K, reserved 1048576K
}
Event: 1.920 GC heap before
{Heap before GC invocations=10 (full 3):
 garbage-first heap   total 270336K, used 159375K [0x0000000601000000, 0x0000000800000000)
  region size 4096K, 39 young (159744K), 1 survivors (4096K)
 Metaspace       used 9971K, committed 10240K, reserved 1064960K
  class space    used 682K, committed 832K, reserved 1048576K
}
Event: 1.920 GC heap after
{Heap after GC invocations=11 (full 3):
 garbage-first heap   total 270336K, used 3735K [0x0000000601000000, 0x0000000800000000)
  region size 4096K, 1 young (4096K), 1 survivors (4096K)
 Metaspace       used 9971K, committed 10240K, reserved 1064960K
  class space    used 682K, committed 832K, reserved 1048576K
}
Event: 2.274 GC heap before
{Heap before GC invocations=11 (full 3):
 garbage-first heap   total 270336K, used 159383K [0x0000000601000000, 0x0000000800000000)
  region size 4096K, 39 young (159744K), 1 survivors (4096K)
 Metaspace       used 9971K, committed 10240K, reserved 1064960K
  class space    used 682K, committed 832K, reserved 1048576K
}
Event: 2.274 GC heap after
{Heap after GC invocations=12 (full 3):
 garbage-first heap   total 270336K, used 3732K [0x0000000601000000, 0x0000000800000000)
  region size 4096K, 1 young (4096K), 1 survivors (4096K)
 Metaspace       used 9971K, committed 10240K, reserved 1064960K
  class space    used 682K, committed 832K, reserved 1048576K
}
Event: 2.627 GC heap before
{Heap before GC invocations=12 (full 3):
 garbage-first heap   total 270336K, used 159380K [0x0000000601000000, 0x0000000800000000)
  region size 4096K, 39 young (159744K), 1 survivors (4096K)
 Metaspace       used 9971K, committed 10240K, reserved 1064960K
  class space    used 682K, committed 832K, reserved 1048576K
}
Event: 2.628 GC heap after
{Heap after GC invocations=13 (full 3):
 garbage-first heap   total 270336K, used 3734K [0x0000000601000000, 0x0000000800000000)
  region size 4096K, 1 young (4096K), 1 survivors (4096K)
 Metaspace       used 9971K, committed 10240K, reserved 1064960K
  class space    used 682K, committed 832K, reserved 1048576K
}
Event: 2.977 GC heap before
{Heap before GC invocations=13 (full 3):
 garbage-first heap   total 270336K, used 159382K [0x0000000601000000, 0x0000000800000000)
  region size 4096K, 39 young (159744K), 1 survivors (4096K)
 Metaspace       used 9971K, committed 10240K, reserved 1064960K
  class space    used 682K, committed 832K, reserved 1048576K
}
Event: 2.978 GC heap after
{Heap after GC invocations=14 (full 3):
 garbage-first heap   total 270336K, used 3736K [0x0000000601000000, 0x0000000800000000)
  region size 4096K, 1 young (4096K), 1 survivors (4096K)
 Metaspace       used 9971K, committed 10240K, reserved 1064960K
  class space    used 682K, committed 832K, reserved 1048576K
}
Event: 3.340 GC heap before
{Heap before GC invocations=14 (full 3):
 garbage-first heap   total 270336K, used 159384K [0x0000000601000000, 0x0000000800000000)
  region size 4096K, 39 young (159744K), 1 survivors (4096K)
 Metaspace       used 9971K, committed 10240K, reserved 1064960K
  class space    used 682K, committed 832K, reserved 1048576K
}
Event: 3.340 GC heap after
{Heap after GC invocations=15 (full 3):
 garbage-first heap   total 270336K, used 3735K [0x0000000601000000, 0x0000000800000000)
  region size 4096K, 1 young (4096K), 1 survivors (4096K)
 Metaspace       used 9971K, committed 10240K, reserved 1064960K
  class space    used 682K, committed 832K, reserved 1048576K
}
Event: 3.690 GC heap before
{Heap before GC invocations=15 (full 3):
 garbage-first heap   total 270336K, used 159383K [0x0000000601000000, 0x0000000800000000)
  region size 4096K, 39 young (159744K), 1 survivors (4096K)
 Metaspace       used 9971K, committed 10240K, reserved 1064960K
  class space    used 682K, committed 832K, reserved 1048576K
}
Event: 3.691 GC heap after
{Heap after GC invocations=16 (full 3):
 garbage-first heap   total 270336K, used 3730K [0x0000000601000000, 0x0000000800000000)
  region size 4096K, 1 young (4096K), 1 survivors (4096K)
 Metaspace       used 9971K, committed 10240K, reserved 1064960K
  class space    used 682K, committed 832K, reserved 1048576K
}
Event: 4.064 GC heap before
{Heap before GC invocations=16 (full 3):
 garbage-first heap   total 270336K, used 159378K [0x0000000601000000, 0x0000000800000000)
  region size 4096K, 39 young (159744K), 1 survivors (4096K)
 Metaspace       used 10498K, committed 10816K, reserved 1064960K
  class space    used 745K, committed 896K, reserved 1048576K
}
Event: 4.065 GC heap after
{Heap after GC invocations=17 (full 3):
 garbage-first heap   total 270336K, used 3986K [0x0000000601000000, 0x0000000800000000)
  region size 4096K, 1 young (4096K), 1 survivors (4096K)
 Metaspace       used 10498K, committed 10816K, reserved 1064960K
  class space    used 745K, committed 896K, reserved 1048576K
}
Event: 4.367 GC heap before
{Heap before GC invocations=17 (full 3):
 garbage-first heap   total 270336K, used 159634K [0x0000000601000000, 0x0000000800000000)
  region size 4096K, 39 young (159744K), 1 survivors (4096K)
 Metaspace       used 10507K, committed 10816K, reserved 1064960K
  class space    used 745K, committed 896K, reserved 1048576K
}
Event: 4.368 GC heap after
{Heap after GC invocations=18 (full 3):
 garbage-first heap   total 270336K, used 3992K [0x0000000601000000, 0x0000000800000000)
  region size 4096K, 1 young (4096K), 1 survivors (4096K)
 Metaspace       used 10507K, committed 10816K, reserved 1064960K
  class space    used 745K, committed 896K, reserved 1048576K
}
Event: 7.193 GC heap before
{Heap before GC invocations=18 (full 3):
 garbage-first heap   total 270336K, used 159640K [0x0000000601000000, 0x0000000800000000)
  region size 4096K, 39 young (159744K), 1 survivors (4096K)
 Metaspace       used 10588K, committed 10880K, reserved 1064960K
  class space    used 750K, committed 896K, reserved 1048576K
}
Event: 7.194 GC heap after
{Heap after GC invocations=19 (full 3):
 garbage-first heap   total 270336K, used 4017K [0x0000000601000000, 0x0000000800000000)
  region size 4096K, 1 young (4096K), 1 survivors (4096K)
 Metaspace       used 10588K, committed 10880K, reserved 1064960K
  class space    used 750K, committed 896K, reserved 1048576K
}

Dll operation events (12 events):
Event: 0.003 Loaded shared library D:\jdks\corretto_17\bin\java.dll
Event: 0.009 Loaded shared library D:\jdks\corretto_17\bin\jsvml.dll
Event: 0.035 Loaded shared library D:\jdks\corretto_17\bin\net.dll
Event: 0.035 Loaded shared library D:\jdks\corretto_17\bin\nio.dll
Event: 0.039 Loaded shared library D:\jdks\corretto_17\bin\zip.dll
Event: 0.046 Loaded shared library D:\jdks\corretto_17\bin\verify.dll
Event: 0.069 Loaded shared library D:\jdks\corretto_17\bin\jimage.dll
Event: 0.177 Loaded shared library C:\Users\stuka\AppData\Local\Temp\lwjglstuka\3.3.1-SNAPSHOT\lwjgl.dll
Event: 0.352 Loaded shared library C:\Users\stuka\AppData\Local\Temp\lwjglstuka\3.3.1-SNAPSHOT\lwjgl_opengl.dll
Event: 0.509 Loaded shared library C:\Users\stuka\AppData\Local\Temp\lwjglstuka\3.3.1-SNAPSHOT\lwjgl_stb.dll
Event: 0.688 Loaded shared library C:\Users\stuka\AppData\Local\Temp\imgui-java-natives_1677157344739\imgui-java64.dll
Event: 0.836 Loaded shared library D:\jdks\corretto_17\bin\awt.dll

Deoptimization events (20 events):
Event: 8.872 Thread 0x000002314da35450 Uncommon trap: trap_request=0xffffffde fr.pc=0x000002315d16fc50 relative=0x0000000000000130
Event: 8.872 Thread 0x000002314da35450 Uncommon trap: reason=class_check action=maybe_recompile pc=0x000002315d16fc50 method=java.util.regex.Pattern$Slice.match(Ljava/util/regex/Matcher;ILjava/lang/CharSequence;)Z @ 49 c2
Event: 8.872 Thread 0x000002314da35450 DEOPT PACKING pc=0x000002315d16fc50 sp=0x000000a2b5dfd8a0
Event: 8.872 Thread 0x000002314da35450 DEOPT UNPACKING pc=0x000002315c9e69a3 sp=0x000000a2b5dfd848 mode 2
Event: 8.872 Thread 0x000002314da35450 Uncommon trap: trap_request=0xffffffde fr.pc=0x000002315d264bdc relative=0x000000000000021c
Event: 8.872 Thread 0x000002314da35450 Uncommon trap: reason=class_check action=maybe_recompile pc=0x000002315d264bdc method=java.util.regex.Pattern$CharProperty.match(Ljava/util/regex/Matcher;ILjava/lang/CharSequence;)Z @ 52 c2
Event: 8.872 Thread 0x000002314da35450 DEOPT PACKING pc=0x000002315d264bdc sp=0x000000a2b5dfd950
Event: 8.872 Thread 0x000002314da35450 DEOPT UNPACKING pc=0x000002315c9e69a3 sp=0x000000a2b5dfd8e0 mode 2
Event: 8.872 Thread 0x000002314da35450 Uncommon trap: trap_request=0xffffffde fr.pc=0x000002315d16fc50 relative=0x0000000000000130
Event: 8.872 Thread 0x000002314da35450 Uncommon trap: reason=class_check action=maybe_recompile pc=0x000002315d16fc50 method=java.util.regex.Pattern$Slice.match(Ljava/util/regex/Matcher;ILjava/lang/CharSequence;)Z @ 49 c2
Event: 8.872 Thread 0x000002314da35450 DEOPT PACKING pc=0x000002315d16fc50 sp=0x000000a2b5dfd8a0
Event: 8.872 Thread 0x000002314da35450 DEOPT UNPACKING pc=0x000002315c9e69a3 sp=0x000000a2b5dfd848 mode 2
Event: 8.873 Thread 0x000002314da35450 Uncommon trap: trap_request=0xffffff45 fr.pc=0x000002315d1bdc2c relative=0x000000000000020c
Event: 8.873 Thread 0x000002314da35450 Uncommon trap: reason=unstable_if action=reinterpret pc=0x000002315d1bdc2c method=java.util.ArrayList.<init>(I)V @ 5 c2
Event: 8.873 Thread 0x000002314da35450 DEOPT PACKING pc=0x000002315d1bdc2c sp=0x000000a2b5dfd780
Event: 8.873 Thread 0x000002314da35450 DEOPT UNPACKING pc=0x000002315c9e69a3 sp=0x000000a2b5dfd740 mode 2
Event: 8.880 Thread 0x000002314da35450 Uncommon trap: trap_request=0xffffff45 fr.pc=0x000002315d119e98 relative=0x0000000000000278
Event: 8.880 Thread 0x000002314da35450 Uncommon trap: reason=unstable_if action=reinterpret pc=0x000002315d119e98 method=java.util.concurrent.ConcurrentHashMap.get(Ljava/lang/Object;)Ljava/lang/Object; @ 76 c2
Event: 8.880 Thread 0x000002314da35450 DEOPT PACKING pc=0x000002315d119e98 sp=0x000000a2b5dfc3c0
Event: 8.880 Thread 0x000002314da35450 DEOPT UNPACKING pc=0x000002315c9e69a3 sp=0x000000a2b5dfc338 mode 2

Classes unloaded (0 events):
No events

Classes redefined (0 events):
No events

Internal exceptions (20 events):
Event: 0.508 Thread 0x000002314da35450 Exception <a 'sun/nio/fs/WindowsException'{0x000000061fef6b70}> (0x000000061fef6b70) 
thrown [s\src\hotspot\share\prims\jni.cpp, line 516]
Event: 0.514 Thread 0x000002314da35450 Exception <a 'java/lang/NoSuchMethodError'{0x000000061ff4f9c8}: 'java.lang.Object java.lang.invoke.DirectMethodHandle$Holder.invokeSpecial(java.lang.Object, java.lang.Object, long, java.lang.Object, int, int, int, int, int)'> (0x000000061ff4f9c8) 
thrown [s\src\hotspot\share\interpreter\linkResolver.cpp, line 759]
Event: 0.514 Thread 0x000002314da35450 Exception <a 'java/lang/NoSuchMethodError'{0x000000061ff53588}: 'java.lang.Object java.lang.invoke.DelegatingMethodHandle$Holder.reinvoke_L(java.lang.Object, long, java.lang.Object, int, int, int, int, int)'> (0x000000061ff53588) 
thrown [s\src\hotspot\share\interpreter\linkResolver.cpp, line 759]
Event: 0.530 Thread 0x000002314da35450 Exception <a 'java/lang/NoSuchMethodError'{0x000000061ffa8058}: 'void java.lang.invoke.DirectMethodHandle$Holder.invokeStatic(java.lang.Object, java.lang.Object, java.lang.Object)'> (0x000000061ffa8058) 
thrown [s\src\hotspot\share\interpreter\linkResolver.cpp, line 759]
Event: 0.600 Thread 0x000002314da35450 Exception <a 'java/lang/NoSuchMethodError'{0x000000061f90abb8}: 'java.lang.Object java.lang.invoke.DirectMethodHandle$Holder.invokeStatic(java.lang.Object, int, java.lang.Object)'> (0x000000061f90abb8) 
thrown [s\src\hotspot\share\interpreter\linkResolver.cpp, line 759]
Event: 0.601 Thread 0x000002314da35450 Exception <a 'java/lang/NoSuchMethodError'{0x000000061f91c0c8}: 'java.lang.Object java.lang.invoke.DirectMethodHandle$Holder.invokeSpecial(java.lang.Object, java.lang.Object, int, java.lang.Object, java.lang.Object)'> (0x000000061f91c0c8) 
thrown [s\src\hotspot\share\interpreter\linkResolver.cpp, line 759]
Event: 0.603 Thread 0x000002314da35450 Exception <a 'java/lang/NoSuchMethodError'{0x000000061f9296b0}: 'void java.lang.invoke.DirectMethodHandle$Holder.invokeStatic(java.lang.Object, int, java.lang.Object)'> (0x000000061f9296b0) 
thrown [s\src\hotspot\share\interpreter\linkResolver.cpp, line 759]
Event: 0.604 Thread 0x000002314da35450 Exception <a 'java/lang/NoSuchMethodError'{0x000000061f935ff8}: 'void java.lang.invoke.DirectMethodHandle$Holder.invokeSpecial(java.lang.Object, java.lang.Object, int, java.lang.Object)'> (0x000000061f935ff8) 
thrown [s\src\hotspot\share\interpreter\linkResolver.cpp, line 759]
Event: 0.605 Thread 0x000002314da35450 Exception <a 'java/lang/NoSuchMethodError'{0x000000061f94c078}: 'java.lang.Object java.lang.invoke.DirectMethodHandle$Holder.newInvokeSpecial(java.lang.Object, java.lang.Object, int, java.lang.Object, java.lang.Object)'> (0x000000061f94c078) 
thrown [s\src\hotspot\share\interpreter\linkResolver.cpp, line 759]
Event: 0.623 Thread 0x000002314da35450 Exception <a 'java/lang/NoSuchMethodError'{0x0000000605c57df8}: 'java.lang.Object java.lang.invoke.Invokers$Holder.invokeExact_MT(java.lang.Object, java.lang.Object, java.lang.Object, java.lang.Object, java.lang.Object, java.lang.Object)'> (0x0000000605c57df8) 
thrown [s\src\hotspot\share\interpreter\linkResolver.cpp, line 759]
Event: 0.638 Thread 0x000002314da35450 Exception <a 'sun/nio/fs/WindowsException'{0x0000000605d79c00}> (0x0000000605d79c00) 
thrown [s\src\hotspot\share\prims\jni.cpp, line 516]
Event: 0.699 Thread 0x000002314da35450 Exception <a 'java/lang/NoSuchMethodError'{0x0000000605eb6070}: 'void java.lang.invoke.DirectMethodHandle$Holder.invokeVirtual(java.lang.Object, java.lang.Object, long, double, double)'> (0x0000000605eb6070) 
thrown [s\src\hotspot\share\interpreter\linkResolver.cpp, line 759]
Event: 0.699 Thread 0x000002314da35450 Exception <a 'java/lang/NoSuchMethodError'{0x0000000605ebbbf0}: 'void java.lang.invoke.DirectMethodHandle$Holder.invokeVirtual(java.lang.Object, java.lang.Object, long, int, int, int, int)'> (0x0000000605ebbbf0) 
thrown [s\src\hotspot\share\interpreter\linkResolver.cpp, line 759]
Event: 0.808 Thread 0x000002314da35450 Exception <a 'java/lang/NoSuchMethodError'{0x00000006055f8490}: 'java.lang.Object java.lang.invoke.DirectMethodHandle$Holder.newInvokeSpecial(java.lang.Object, int, java.lang.Object, java.lang.Object, java.lang.Object)'> (0x00000006055f8490) 
thrown [s\src\hotspot\share\interpreter\linkResolver.cpp, line 759]
Event: 0.833 Thread 0x000002314da35450 Exception <a 'java/lang/ClassNotFoundException'{0x0000000601c358a0}: sun/awt/resources/spi/awtProvider> (0x0000000601c358a0) 
thrown [s\src\hotspot\share\classfile\systemDictionary.cpp, line 256]
Event: 0.837 Thread 0x000002314da35450 Exception <a 'java/io/FileNotFoundException'{0x0000000601c45348}> (0x0000000601c45348) 
thrown [s\src\hotspot\share\prims\jni.cpp, line 516]
Event: 0.837 Thread 0x000002314da35450 Exception <a 'java/io/FileNotFoundException'{0x0000000601c46dd0}> (0x0000000601c46dd0) 
thrown [s\src\hotspot\share\prims\jni.cpp, line 516]
Event: 3.844 Thread 0x000002314da35450 Exception <a 'java/lang/NoSuchMethodError'{0x000000060e100ae8}: 'java.lang.Object java.lang.invoke.DirectMethodHandle$Holder.invokeStatic(java.lang.Object, float)'> (0x000000060e100ae8) 
thrown [s\src\hotspot\share\interpreter\linkResolver.cpp, line 759]
Event: 3.846 Thread 0x000002314da35450 Exception <a 'java/lang/NoSuchMethodError'{0x000000060e132aa0}: 'java.lang.Object java.lang.invoke.DirectMethodHandle$Holder.invokeSpecial(java.lang.Object, java.lang.Object, float)'> (0x000000060e132aa0) 
thrown [s\src\hotspot\share\interpreter\linkResolver.cpp, line 759]
Event: 4.854 Thread 0x000002314da35450 Exception <a 'java/lang/NoSuchMethodError'{0x000000060d5b5028}: 'java.lang.Object java.lang.invoke.DirectMethodHandle$Holder.invokeInterface(java.lang.Object, java.lang.Object)'> (0x000000060d5b5028) 
thrown [s\src\hotspot\share\interpreter\linkResolver.cpp, line 759]

VM Operations (20 events):
Event: 4.367 Executing VM operation: G1CollectForAllocation
Event: 4.368 Executing VM operation: G1CollectForAllocation done
Event: 5.370 Executing VM operation: Cleanup
Event: 5.370 Executing VM operation: Cleanup done
Event: 6.653 Executing VM operation: HandshakeAllThreads
Event: 6.653 Executing VM operation: HandshakeAllThreads done
Event: 7.193 Executing VM operation: G1CollectForAllocation
Event: 7.194 Executing VM operation: G1CollectForAllocation done
Event: 8.196 Executing VM operation: Cleanup
Event: 8.196 Executing VM operation: Cleanup done
Event: 8.789 Executing VM operation: HandshakeAllThreads
Event: 8.789 Executing VM operation: HandshakeAllThreads done
Event: 8.793 Executing VM operation: HandshakeAllThreads
Event: 8.793 Executing VM operation: HandshakeAllThreads done
Event: 8.793 Executing VM operation: HandshakeAllThreads
Event: 8.793 Executing VM operation: HandshakeAllThreads done
Event: 8.794 Executing VM operation: HandshakeAllThreads
Event: 8.794 Executing VM operation: HandshakeAllThreads done
Event: 8.812 Executing VM operation: HandshakeAllThreads
Event: 8.812 Executing VM operation: HandshakeAllThreads done

Events (20 events):
Event: 8.811 loading class java/util/concurrent/LinkedBlockingQueue done
Event: 8.811 loading class java/util/concurrent/locks/AbstractQueuedSynchronizer$ConditionObject
Event: 8.811 loading class java/util/concurrent/locks/Condition
Event: 8.811 loading class java/util/concurrent/locks/Condition done
Event: 8.811 loading class java/util/concurrent/locks/AbstractQueuedSynchronizer$ConditionObject done
Event: 8.811 loading class java/util/concurrent/LinkedBlockingQueue$Node
Event: 8.811 loading class java/util/concurrent/LinkedBlockingQueue$Node done
Event: 8.812 loading class java/lang/InheritableThreadLocal
Event: 8.812 loading class java/lang/InheritableThreadLocal done
Event: 8.813 loading class java/util/LinkedHashMap$LinkedKeySet
Event: 8.813 loading class java/util/LinkedHashMap$LinkedKeySet done
Event: 8.813 loading class java/util/LinkedHashMap$LinkedKeyIterator
Event: 8.813 loading class java/util/LinkedHashMap$LinkedKeyIterator done
Event: 8.826 Thread 0x000002311236ca60 Thread added: 0x000002311236ca60
Event: 8.872 loading class java/net/URLClassLoader
Event: 8.872 loading class java/net/URLClassLoader done
Event: 8.876 Thread 0x0000023112e68bc0 Thread added: 0x0000023112e68bc0
Event: 8.876 Thread 0x0000023111c22020 Thread added: 0x0000023111c22020
Event: 8.880 loading class jdk/internal/vm/annotation/ForceInline
Event: 8.880 loading class jdk/internal/vm/annotation/ForceInline done


Dynamic libraries:
0x00007ff7bf740000 - 0x00007ff7bf74d000 	D:\jdks\corretto_17\bin\java.exe
0x00007ffbf0f70000 - 0x00007ffbf1168000 	C:\Windows\SYSTEM32\ntdll.dll
0x00007ffbefa30000 - 0x00007ffbefaef000 	C:\Windows\System32\KERNEL32.DLL
0x00007ffbeeaf0000 - 0x00007ffbeedc2000 	C:\Windows\System32\KERNELBASE.dll
0x00007ffbee770000 - 0x00007ffbee870000 	C:\Windows\System32\ucrtbase.dll
0x00007ffbc08f0000 - 0x00007ffbc0907000 	D:\jdks\corretto_17\bin\jli.dll
0x00007ffbc0400000 - 0x00007ffbc0415000 	D:\jdks\corretto_17\bin\VCRUNTIME140.dll
0x00007ffbef560000 - 0x00007ffbef701000 	C:\Windows\System32\USER32.dll
0x00007ffbe3530000 - 0x00007ffbe37ca000 	C:\Windows\WinSxS\amd64_microsoft.windows.common-controls_6595b64144ccf1df_6.0.19041.1110_none_60b5254171f9507e\COMCTL32.dll
0x00007ffbeee20000 - 0x00007ffbeee42000 	C:\Windows\System32\win32u.dll
0x00007ffbef950000 - 0x00007ffbef97b000 	C:\Windows\System32\GDI32.dll
0x00007ffbf0d60000 - 0x00007ffbf0dfe000 	C:\Windows\System32\msvcrt.dll
0x00007ffbee660000 - 0x00007ffbee76f000 	C:\Windows\System32\gdi32full.dll
0x00007ffbee8a0000 - 0x00007ffbee93d000 	C:\Windows\System32\msvcp_win.dll
0x00007ffbef210000 - 0x00007ffbef242000 	C:\Windows\System32\IMM32.DLL
0x00007ffbc0280000 - 0x00007ffbc031b000 	D:\jdks\corretto_17\bin\msvcp140.dll
0x00007ffb896e0000 - 0x00007ffb8a2f8000 	D:\jdks\corretto_17\bin\server\jvm.dll
0x00007ffbef980000 - 0x00007ffbefa2e000 	C:\Windows\System32\ADVAPI32.dll
0x00007ffbefb60000 - 0x00007ffbefbfc000 	C:\Windows\System32\sechost.dll
0x00007ffbef0e0000 - 0x00007ffbef205000 	C:\Windows\System32\RPCRT4.dll
0x00007ffbe5d40000 - 0x00007ffbe5d67000 	C:\Windows\SYSTEM32\WINMM.dll
0x00007ffbe96c0000 - 0x00007ffbe96c9000 	C:\Windows\SYSTEM32\WSOCK32.dll
0x00007ffbe87a0000 - 0x00007ffbe87aa000 	C:\Windows\SYSTEM32\VERSION.dll
0x00007ffbefaf0000 - 0x00007ffbefb5b000 	C:\Windows\System32\WS2_32.dll
0x00007ffbec540000 - 0x00007ffbec552000 	C:\Windows\SYSTEM32\kernel.appcore.dll
0x00007ffbc4eb0000 - 0x00007ffbc4eba000 	D:\jdks\corretto_17\bin\jimage.dll
0x00007ffbe43a0000 - 0x00007ffbe4584000 	C:\Windows\SYSTEM32\DBGHELP.DLL
0x00007ffbdcf40000 - 0x00007ffbdcf75000 	C:\Windows\SYSTEM32\dbgcore.DLL
0x00007ffbee9f0000 - 0x00007ffbeea72000 	C:\Windows\System32\bcryptPrimitives.dll
0x00007ffbc0250000 - 0x00007ffbc0275000 	D:\jdks\corretto_17\bin\java.dll
0x00007ffbbff30000 - 0x00007ffbc0006000 	D:\jdks\corretto_17\bin\jsvml.dll
0x00007ffbf0120000 - 0x00007ffbf0865000 	C:\Windows\System32\SHELL32.dll
0x00007ffbec740000 - 0x00007ffbeced2000 	C:\Windows\SYSTEM32\windows.storage.dll
0x00007ffbefdc0000 - 0x00007ffbf0115000 	C:\Windows\System32\combase.dll
0x00007ffbee0c0000 - 0x00007ffbee0f0000 	C:\Windows\SYSTEM32\Wldp.dll
0x00007ffbefc00000 - 0x00007ffbefcad000 	C:\Windows\System32\SHCORE.dll
0x00007ffbefcb0000 - 0x00007ffbefd05000 	C:\Windows\System32\shlwapi.dll
0x00007ffbee5a0000 - 0x00007ffbee5bf000 	C:\Windows\SYSTEM32\profapi.dll
0x00007ffbc03e0000 - 0x00007ffbc03f9000 	D:\jdks\corretto_17\bin\net.dll
0x00007ffbe7df0000 - 0x00007ffbe7efc000 	C:\Windows\SYSTEM32\WINHTTP.dll
0x00007ffbeddb0000 - 0x00007ffbede1a000 	C:\Windows\system32\mswsock.dll
0x00007ffbc0230000 - 0x00007ffbc0245000 	D:\jdks\corretto_17\bin\nio.dll
0x00007ffbc0210000 - 0x00007ffbc0228000 	D:\jdks\corretto_17\bin\zip.dll
0x00007ffbbfda0000 - 0x00007ffbbfdb0000 	D:\jdks\corretto_17\bin\verify.dll
0x00007ffbb5050000 - 0x00007ffbb50c5000 	C:\Users\stuka\AppData\Local\Temp\lwjglstuka\3.3.1-SNAPSHOT\lwjgl.dll
0x00007ffbbab20000 - 0x00007ffbbab81000 	C:\Users\stuka\AppData\Local\Temp\lwjglstuka\3.3.1-SNAPSHOT\glfw.dll
0x00007ffbc57c0000 - 0x00007ffbc5805000 	C:\Windows\SYSTEM32\dinput8.dll
0x00007ffbd95e0000 - 0x00007ffbd95f1000 	C:\Windows\SYSTEM32\xinput1_4.dll
0x00007ffbeedd0000 - 0x00007ffbeee1e000 	C:\Windows\System32\cfgmgr32.dll
0x00007ffbee410000 - 0x00007ffbee43c000 	C:\Windows\SYSTEM32\DEVOBJ.dll
0x00007ffbec360000 - 0x00007ffbec38f000 	C:\Windows\SYSTEM32\dwmapi.dll
0x00007ffbd99a0000 - 0x00007ffbd9af2000 	C:\Windows\SYSTEM32\inputhost.dll
0x00007ffbf0e60000 - 0x00007ffbf0f2d000 	C:\Windows\System32\OLEAUT32.dll
0x00007ffbebc60000 - 0x00007ffbebd52000 	C:\Windows\SYSTEM32\CoreMessaging.dll
0x00007ffbe9f90000 - 0x00007ffbea086000 	C:\Windows\SYSTEM32\PROPSYS.dll
0x00007ffbeb150000 - 0x00007ffbeb2a4000 	C:\Windows\SYSTEM32\wintypes.dll
0x00007ffbeb820000 - 0x00007ffbebb7e000 	C:\Windows\SYSTEM32\CoreUIComponents.dll
0x00007ffbed780000 - 0x00007ffbed7b3000 	C:\Windows\SYSTEM32\ntmarta.dll
0x00007ffbec020000 - 0x00007ffbec0be000 	C:\Windows\system32\uxtheme.dll
0x00007ffbeefb0000 - 0x00007ffbef0c5000 	C:\Windows\System32\MSCTF.dll
0x00007ffbc7d50000 - 0x00007ffbc7e75000 	C:\Windows\SYSTEM32\opengl32.dll
0x00007ffbdc680000 - 0x00007ffbdc6ac000 	C:\Windows\SYSTEM32\GLU32.dll
0x00007ffbefd10000 - 0x00007ffbefdb9000 	C:\Windows\System32\clbcatq.dll
0x00007ffb66f30000 - 0x00007ffb6a864000 	C:\Windows\System32\DriverStore\FileRepository\nv_dispi.inf_amd64_36f8a434e9b7b9f2\nvoglv64.dll
0x00007ffbf0870000 - 0x00007ffbf0cd8000 	C:\Windows\System32\SETUPAPI.dll
0x00007ffbee870000 - 0x00007ffbee897000 	C:\Windows\System32\bcrypt.dll
0x00007ffbef7b0000 - 0x00007ffbef8da000 	C:\Windows\System32\ole32.dll
0x00007ffbea0f0000 - 0x00007ffbea104000 	C:\Windows\SYSTEM32\WTSAPI32.dll
0x00007ffbee250000 - 0x00007ffbee262000 	C:\Windows\SYSTEM32\msasn1.dll
0x00007ffbe8440000 - 0x00007ffbe8471000 	C:\Windows\SYSTEM32\cryptnet.dll
0x00007ffbeee50000 - 0x00007ffbeefa6000 	C:\Windows\System32\CRYPT32.dll
0x00007ffbe8290000 - 0x00007ffbe83d8000 	C:\Windows\SYSTEM32\drvstore.dll
0x00007ffbedfc0000 - 0x00007ffbedfcc000 	C:\Windows\SYSTEM32\cryptbase.dll
0x00007ffbeea80000 - 0x00007ffbeeae9000 	C:\Windows\System32\WINTRUST.dll
0x00007ffbe7d00000 - 0x00007ffbe7d3b000 	C:\Windows\SYSTEM32\dxcore.dll
0x00007ffba5cf0000 - 0x00007ffba5fc1000 	C:\Windows\system32\nvspcap64.dll
0x00007ffbee070000 - 0x00007ffbee0bb000 	C:\Windows\SYSTEM32\powrprof.dll
0x00007ffbee030000 - 0x00007ffbee042000 	C:\Windows\SYSTEM32\UMPDC.dll
0x00007ffbeda30000 - 0x00007ffbeda94000 	C:\Windows\SYSTEM32\WINSTA.dll
0x00007ffbd9b00000 - 0x00007ffbd9bf9000 	C:\Windows\SYSTEM32\textinputframework.dll
0x00007ffb90780000 - 0x00007ffb907dd000 	C:\Users\stuka\AppData\Local\Temp\lwjglstuka\3.3.1-SNAPSHOT\lwjgl_opengl.dll
0x00007ffb82810000 - 0x00007ffb829a7000 	C:\Users\stuka\AppData\Local\Temp\lwjglstuka\3.3.1-SNAPSHOT\OpenAL.dll
0x00007ffbe8530000 - 0x00007ffbe85b5000 	C:\Windows\System32\MMDevApi.dll
0x00007ffbe85c0000 - 0x00007ffbe8742000 	C:\Windows\SYSTEM32\AUDIOSES.DLL
0x00007ffbec150000 - 0x00007ffbec164000 	C:\Windows\SYSTEM32\resourcepolicyclient.dll
0x00007ffb89000000 - 0x00007ffb89081000 	C:\Users\stuka\AppData\Local\Temp\lwjglstuka\3.3.1-SNAPSHOT\lwjgl_stb.dll
0x0000000064a00000 - 0x00000000657b1000 	C:\Users\stuka\AppData\Local\Temp\imgui-java-natives_1677157344739\imgui-java64.dll
0x00007ffb82660000 - 0x00007ffb82808000 	D:\jdks\corretto_17\bin\awt.dll
0x00007ffbebe90000 - 0x00007ffbebf20000 	C:\Windows\SYSTEM32\apphelp.dll

dbghelp: loaded successfully - version: 4.0.5 - missing functions: none
symbol engine: initialized successfully - sym options: 0x614 - pdb path: .;D:\jdks\corretto_17\bin;C:\Windows\SYSTEM32;C:\Windows\WinSxS\amd64_microsoft.windows.common-controls_6595b64144ccf1df_6.0.19041.1110_none_60b5254171f9507e;D:\jdks\corretto_17\bin\server;C:\Users\stuka\AppData\Local\Temp\lwjglstuka\3.3.1-SNAPSHOT;C:\Windows\System32\DriverStore\FileRepository\nv_dispi.inf_amd64_36f8a434e9b7b9f2;C:\Users\stuka\AppData\Local\Temp\imgui-java-natives_1677157344739

VM Arguments:
jvm_args: -Dfile.encoding=windows-1251 -Duser.country=RU -Duser.language=ru -Duser.variant 
java_command: SungearEngine2D.Main.Main
java_class_path (initial): D:\Pixelfield\SungearEngine2D\Engine\build\classes\java\main;D:\Pixelfield\SungearEngine2D\Engine\build\resources\main;D:\Pixelfield\SungearEngine2D\Core2D\build\libs\Core2D.jar;D:\Pixelfield\SungearEngine2D\Core2D\libs\commons-io-2.11.0.jar;D:\Pixelfield\SungearEngine2D\Core2D\libs\gson-2.9.0.jar;D:\Pixelfield\SungearEngine2D\Core2D\libs\jbox2d-library-2.1.2.2.jar;C:\Users\stuka\.gradle\caches\modules-2\files-2.1\org.joml\joml\1.10.5\22566d58af70ad3d72308bab63b8339906deb649\joml-1.10.5.jar;D:\Pixelfield\SungearEngine2D\Core2D\libs\lwjgl.jar;D:\Pixelfield\SungearEngine2D\Core2D\libs\lwjgl-glfw.jar;D:\Pixelfield\SungearEngine2D\Core2D\libs\lwjgl-glfw-natives-windows.jar;D:\Pixelfield\SungearEngine2D\Core2D\libs\lwjgl-glfw-sources.jar;D:\Pixelfield\SungearEngine2D\Core2D\libs\lwjgl-natives-windows.jar;D:\Pixelfield\SungearEngine2D\Core2D\libs\lwjgl-openal.jar;D:\Pixelfield\SungearEngine2D\Core2D\libs\lwjgl-openal-natives-windows.jar;D:\Pixelfield\SungearEngine2D\Core2D\libs\lwjgl-openal-sources.jar;D:\Pixelfield\SungearEngine2D\Core2D\libs\lwjgl-opengl.jar;D:\Pixelfield\SungearEngine2D\Core2D\libs\lwjgl-opengl-natives-windows.jar;D:\Pixelfield\SungearEngine2D\Core2D\libs\lwjgl-opengl-sources.jar;D:\Pixelfield\SungearEngine2D\Core2D\libs\lwjgl-sources.jar;D:\Pixelfield\SungearEngine2D\Core2D\libs\lwjgl-stb.jar;D:\Pixelfield\SungearEngine2D\Core2D\libs\lwjgl-stb-natives-windows.jar;D:\Pixelfield\SungearEngine2D\Core2D\libs\lwjgl-stb-sources.jar;D:\Pixelfield\SungearEngine2D\Core2D\libs\slf4j-api-2.0.0-alpha5.jar;D:\Pixelfield\SungearEngine2D\Core2D\libs\slf4j-simple-2.0.0-alpha5.jar;D:\Pixelfield\SungearEngine2D\Core2D\libs\slick.jar;D:\Pixelfield\SungearEngine2D\Core2D\libs\slick-util.jar;D:\Pixelfield\SungearEngine2D\common\build\libs\common.jar;D:\Pixelfield\SungearEngine2D\Engine\libs\imgui-app-1.84.1.3.jar
Launcher Type: SUN_STANDARD

[Global flags]
     intx CICompilerCount                          = 12                                        {product} {ergonomic}
     uint ConcGCThreads                            = 3                                         {product} {ergonomic}
     uint G1ConcRefinementThreads                  = 13                                        {product} {ergonomic}
   size_t G1HeapRegionSize                         = 4194304                                   {product} {ergonomic}
    uintx GCDrainStackTargetSize                   = 64                                        {product} {ergonomic}
   size_t InitialHeapSize                          = 536870912                                 {product} {ergonomic}
   size_t MarkStackSize                            = 4194304                                   {product} {ergonomic}
   size_t MaxHeapSize                              = 8573157376                                {product} {ergonomic}
   size_t MaxNewSize                               = 5142216704                                {product} {ergonomic}
   size_t MinHeapDeltaBytes                        = 4194304                                   {product} {ergonomic}
   size_t MinHeapSize                              = 8388608                                   {product} {ergonomic}
    uintx NonNMethodCodeHeapSize                   = 7602480                                {pd product} {ergonomic}
    uintx NonProfiledCodeHeapSize                  = 122027880                              {pd product} {ergonomic}
    uintx ProfiledCodeHeapSize                     = 122027880                              {pd product} {ergonomic}
    uintx ReservedCodeCacheSize                    = 251658240                              {pd product} {ergonomic}
     bool SegmentedCodeCache                       = true                                      {product} {ergonomic}
   size_t SoftMaxHeapSize                          = 8573157376                             {manageable} {ergonomic}
     bool UseCompressedClassPointers               = true                           {product lp64_product} {ergonomic}
     bool UseCompressedOops                        = true                           {product lp64_product} {ergonomic}
     bool UseG1GC                                  = true                                      {product} {ergonomic}
     bool UseLargePagesIndividualAllocation        = false                                  {pd product} {ergonomic}

Logging:
Log output configuration:
 #0: stdout all=warning uptime,level,tags
 #1: stderr all=off uptime,level,tags

Environment Variables:
JAVA_HOME=C:\Program Files\Java\jdk-17
PATH=C:\Program Files\Common Files\Oracle\Java\javapath;C:\Program Files (x86)\Common Files\Oracle\Java\javapath;C:\Windows\system32;C:\Windows;C:\Windows\System32\Wbem;C:\Windows\System32\WindowsPowerShell\v1.0\;C:\Windows\System32\OpenSSH\;C:\Program Files (x86)\NVIDIA Corporation\PhysX\Common;C:\Program Files\NVIDIA Corporation\NVIDIA NvDLISR;C:\Program Files\dotnet\;C:\Program Files\Java\jdk-17;D:\Python\Scripts\;D:\Python\;C:\Users\stuka\AppData\Local\Microsoft\WindowsApps;C:\Users\stuka\AppData\Local\JetBrains\Toolbox\scripts;C:\Users\stuka\AppData\Local\GitHubDesktop\bin;C:\Users\stuka\.dotnet\tools
USERNAME=stuka
OS=Windows_NT
PROCESSOR_IDENTIFIER=AMD64 Family 25 Model 33 Stepping 2, AuthenticAMD
TMP=C:\Users\stuka\AppData\Local\Temp
TEMP=C:\Users\stuka\AppData\Local\Temp



---------------  S Y S T E M  ---------------

OS:
 Windows 10 , 64 bit Build 19041 (10.0.19041.2546)
OS uptime: 0 days 12:55 hours

CPU: total 16 (initial active 16) (16 cores per cpu, 2 threads per core) family 25 model 33 stepping 2 microcode 0x0, cx8, cmov, fxsr, ht, mmx, 3dnowpref, sse, sse2, sse3, ssse3, sse4a, sse4.1, sse4.2, popcnt, lzcnt, tsc, tscinvbit, avx, avx2, aes, erms, clmul, bmi1, bmi2, adx, sha, fma, vzeroupper, clflush, clflushopt

Memory: 4k page, system-wide physical 32694M (23007M free)
TotalPageFile size 37558M (AvailPageFile size 25157M)
current process WorkingSet (physical memory assigned to process): 352M, peak: 357M
current process commit charge ("private bytes"): 807M, peak: 832M

vm_info: OpenJDK 64-Bit Server VM (17.0.6+10-LTS) for windows-amd64 JRE (17.0.6+10-LTS), built on Jan 13 2023 22:57:04 by "Administrator" with MS VC++ 15.9 (VS2017)

END.
