#
# A fatal error has been detected by the Java Runtime Environment:
#
#  EXCEPTION_ACCESS_VIOLATION (0xc0000005) at pc=0x000002168cf2f54b, pid=1208, tid=10788
#
# JRE version: OpenJDK Runtime Environment Corretto-17.0.6.10.1 (17.0.6+10) (build 17.0.6+10-LTS)
# Java VM: OpenJDK 64-Bit Server VM Corretto-17.0.6.10.1 (17.0.6+10-LTS, mixed mode, sharing, tiered, compressed oops, compressed class ptrs, g1 gc, windows-amd64)
# Problematic frame:
# J 918 c1 org.lwjgl.system.MemoryUtil.memGetAddress(J)J (31 bytes) @ 0x000002168cf2f54b [0x000002168cf2f440+0x000000000000010b]
#
# No core dump will be written. Minidumps are not enabled by default on client versions of Windows
#
# If you would like to submit a bug report, please visit:
#   https://github.com/corretto/corretto-17/issues/
#

---------------  S U M M A R Y ------------

Command Line: -Dfile.encoding=windows-1251 -Duser.country=RU -Duser.language=ru -Duser.variant SungearEngine2D.Main.Main

Host: AMD Ryzen 7 5800X 8-Core Processor             , 16 cores, 31G,  Windows 10 , 64 bit Build 19041 (10.0.19041.2546)
Time: Fri Feb 24 01:45:57 2023 RTZ 2 (s 10 , 64 bit Build 19041 (10.0.19041.2546) elapsed time: 0.638638 seconds (0d 0h 0m 0s)

---------------  T H R E A D  ---------------

Current thread (0x0000021685295390):  JavaThread "main" [_thread_in_Java, id=10788, stack(0x0000007540000000,0x0000007540100000)]

Stack: [0x0000007540000000,0x0000007540100000],  sp=0x00000075400fed90,  free space=1019k
Native frames: (J=compiled Java code, j=interpreted, Vv=VM code, C=native code)
C  0x000002168cf2f54b


siginfo: EXCEPTION_ACCESS_VIOLATION (0xc0000005), reading address 0x0000000000000010


Register to memory mapping:

RIP=0x000002168cf2f54b is at entry_point+267 in (nmethod*)0x000002168cf2f290
RAX=0x0 is NULL
RBX={method} {0x00000216b30fe850} 'memGetAddress' '(J)J' in 'org/lwjgl/system/MemoryUtil'
RCX=0x00000216b3145218 is pointing into metadata
RDX=0x0000000000000010 is an unknown value
RSP=0x00000075400fed90 is pointing into the stack for thread: 0x0000021685295390
RBP=0x00000075400fee60 is pointing into the stack for thread: 0x0000021685295390
RSI=0x0000000000005916 is an unknown value
RDI=0x00000216941f9612 is at code_begin+1394 in an Interpreter codelet
return entry points  [0x00000216941f90a0, 0x00000216941f9ba0]  2816 bytes
R8 =0x0000000000000002 is an unknown value
R9 =0x0000000620bc24d0 is an oop: java.lang.Class 
{0x0000000620bc24d0} - klass: 'java/lang/Class'
 - ---- fields (total size 17 words):
 - private volatile transient 'classRedefinedCount' 'I' @12  0
 - private volatile transient 'cachedConstructor' 'Ljava/lang/reflect/Constructor;' @40  NULL (0)
 - private transient 'name' 'Ljava/lang/String;' @44  "org.lwjgl.system.Pointer"{0x0000000620bc2568} (c41784ad)
 - private transient 'module' 'Ljava/lang/Module;' @48  a 'java/lang/Module'{0x0000000620c696d8} (c418d2db)
 - private final 'classLoader' 'Ljava/lang/ClassLoader;' @52  a 'jdk/internal/loader/ClassLoaders$AppClassLoader'{0x0000000620c69518} (c418d2a3)
 - private transient 'classData' 'Ljava/lang/Object;' @56  NULL (0)
 - private transient 'packageName' 'Ljava/lang/String;' @60  "org.lwjgl.system"{0x0000000620bbfc60} (c4177f8c)
 - private final 'componentType' 'Ljava/lang/Class;' @64  NULL (0)
 - private volatile transient 'reflectionData' 'Ljava/lang/ref/SoftReference;' @68  NULL (0)
 - private volatile transient 'genericInfo' 'Lsun/reflect/generics/repository/ClassRepository;' @72  NULL (0)
 - private volatile transient 'enumConstants' '[Ljava/lang/Object;' @76  NULL (0)
 - private volatile transient 'enumConstantDirectory' 'Ljava/util/Map;' @80  NULL (0)
 - private volatile transient 'annotationData' 'Ljava/lang/Class$AnnotationData;' @84  NULL (0)
 - private volatile transient 'annotationType' 'Lsun/reflect/annotation/AnnotationType;' @88  NULL (0)
 - transient 'classValueMap' 'Ljava/lang/ClassValue$ClassValueMap;' @92  NULL (0)
 - signature: Lorg/lwjgl/system/Pointer;
 - fake entry for mirror: 'org/lwjgl/system/Pointer'
 - fake entry for array: 'org/lwjgl/system/Pointer'[]
 - fake entry for oop_size: 17
 - fake entry for static_oop_field_count: 0
 - public static final 'POINTER_SIZE' 'I' @112  8
 - public static final 'POINTER_SHIFT' 'I' @116  3
 - public static final 'CLONG_SIZE' 'I' @120  4
 - public static final 'CLONG_SHIFT' 'I' @124  2
 - public static final 'BITS32' 'Z' @128  false
 - public static final 'BITS64' 'Z' @129  true
R10=0x00007ffb8a2427b0 jvm.dll
R11=0x000002168cf2f440 is at entry_point+0 in (nmethod*)0x000002168cf2f290
R12=0x0 is NULL
R13=0x00000075400fee08 is pointing into the stack for thread: 0x0000021685295390
R14=0x00000075400fee70 is pointing into the stack for thread: 0x0000021685295390
R15=0x0000021685295390 is a thread


Registers:
RAX=0x0000000000000000, RBX=0x00000216b30fe848, RCX=0x00000216b3145218, RDX=0x0000000000000010
RSP=0x00000075400fed90, RBP=0x00000075400fee60, RSI=0x0000000000005916, RDI=0x00000216941f9612
R8 =0x0000000000000002, R9 =0x0000000620bc24d0, R10=0x00007ffb8a2427b0, R11=0x000002168cf2f440
R12=0x0000000000000000, R13=0x00000075400fee08, R14=0x00000075400fee70, R15=0x0000021685295390
RIP=0x000002168cf2f54b, EFLAGS=0x0000000000010202

Top of Stack: (sp=0x00000075400fed90)
0x00000075400fed90:   0000000000000001 000000061f9eca60
0x00000075400feda0:   0000000000000000 00000075400feda8
0x00000075400fedb0:   00000216b31327d0 00000075400fee00
0x00000075400fedc0:   00000216b313efe0 0000000000000000
0x00000075400fedd0:   00000006205110c0 00000216b3132808
0x00000075400fede0:   00000075400fee60 00000216941f95cd
0x00000075400fedf0:   00000075400fee60 00000216941f95cd
0x00000075400fee00:   00000216941f95cd 0000000000000010
0x00000075400fee10:   0000000000000000 00000075400fee18
0x00000075400fee20:   00000216b3133cc1 00000075400fee70
0x00000075400fee30:   00000216b3145218 0000000000000000
0x00000075400fee40:   000000062051ad98 00000216b3133cd8
0x00000075400fee50:   00000075400fee08 00000075400fee70
0x00000075400fee60:   00000075400feec0 00000216941f95cd
0x00000075400fee70:   000000061f9eca60 00000075400fee78
0x00000075400fee80:   00000216b3135489 00000075400feed0 

Instructions: (pc=0x000002168cf2f54b)
0x000002168cf2f44b:   60 48 b8 40 7d 23 b3 16 02 00 00 8b b0 cc 00 00
0x000002168cf2f45b:   00 83 c6 02 89 b0 cc 00 00 00 81 e6 fe 07 00 00
0x000002168cf2f46b:   83 fe 00 0f 84 01 01 00 00 48 b8 40 7d 23 b3 16
0x000002168cf2f47b:   02 00 00 ff 80 20 01 00 00 48 b8 40 7d 23 b3 16
0x000002168cf2f48b:   02 00 00 48 8d 80 68 01 00 00 48 be 00 00 00 00
0x000002168cf2f49b:   00 00 00 00 48 85 f6 75 07 48 83 48 08 01 eb 52
0x000002168cf2f4ab:   8b 76 08 49 ba 00 00 00 00 08 00 00 00 49 03 f2
0x000002168cf2f4bb:   48 33 70 08 48 f7 c6 fc ff ff ff 74 35 48 f7 c6
0x000002168cf2f4cb:   02 00 00 00 75 2c 48 81 78 08 00 00 00 00 74 1e
0x000002168cf2f4db:   48 81 78 08 01 00 00 00 74 14 48 33 70 08 48 f7
0x000002168cf2f4eb:   c6 fc ff ff ff 74 0b 48 83 48 08 02 eb 04 48 89
0x000002168cf2f4fb:   70 08 48 b8 80 f9 4f 20 06 00 00 00 48 be 40 7d
0x000002168cf2f50b:   23 b3 16 02 00 00 48 83 86 30 01 00 00 01 48 b8
0x000002168cf2f51b:   80 a9 dc b2 16 02 00 00 8b b0 cc 00 00 00 83 c6
0x000002168cf2f52b:   02 89 b0 cc 00 00 00 81 e6 fe ff 1f 00 83 fe 00
0x000002168cf2f53b:   0f 84 55 00 00 00 48 b8 00 00 00 00 00 00 00 00
0x000002168cf2f54b:   48 8b 34 10 48 b8 40 7d 23 b3 16 02 00 00 ff 80
0x000002168cf2f55b:   80 01 00 00 48 8b c6 48 83 c4 60 5d 49 3b a7 40
0x000002168cf2f56b:   03 00 00 0f 87 40 00 00 00 c3 49 ba 48 e8 0f b3
0x000002168cf2f57b:   16 02 00 00 4c 89 54 24 08 48 c7 04 24 ff ff ff
0x000002168cf2f58b:   ff e8 ef bc 3b 07 e9 de fe ff ff 49 ba 00 1f da
0x000002168cf2f59b:   b2 16 02 00 00 4c 89 54 24 08 48 c7 04 24 ff ff
0x000002168cf2f5ab:   ff ff e8 ce bc 3b 07 eb 8d 49 ba 67 f5 f2 8c 16
0x000002168cf2f5bb:   02 00 00 4d 89 97 58 03 00 00 e9 36 84 31 07 90
0x000002168cf2f5cb:   90 49 8b 87 d0 03 00 00 49 c7 87 d0 03 00 00 00
0x000002168cf2f5db:   00 00 00 49 c7 87 d8 03 00 00 00 00 00 00 48 83
0x000002168cf2f5eb:   c4 60 5d e9 8d 53 3b 07 f4 f4 f4 f4 f4 f4 f4 f4
0x000002168cf2f5fb:   f4 f4 f4 f4 f4 e8 7b 89 3b 07 48 b9 d8 16 fd 89
0x000002168cf2f60b:   fb 7f 00 00 48 83 e4 f0 49 ba c0 2b c6 89 fb 7f
0x000002168cf2f61b:   00 00 41 ff d2 f4 49 ba 21 f6 f2 8c 16 02 00 00
0x000002168cf2f62b:   41 52 e9 6e 76 31 07 f4 f4 f4 f4 f4 f4 18 95 c6
0x000002168cf2f63b:   20 06 00 00 00 48 e8 0f b3 16 02 00 00 00 1f da 


Stack slot to memory mapping:
stack at sp + 0 slots: 0x0000000000000001 is an unknown value
stack at sp + 1 slots: 0x000000061f9eca60 is an oop: org.lwjgl.PointerBuffer 
{0x000000061f9eca60} - klass: 'org/lwjgl/PointerBuffer'
 - ---- fields (total size 5 words):
 - protected 'address' 'J' @16  16 (10 0)
 - protected 'mark' 'I' @12  -1 (ffffffff)
 - protected 'position' 'I' @24  1
 - protected 'limit' 'I' @28  1250 (4e2)
 - protected 'capacity' 'I' @32  1250 (4e2)
 - protected 'container' 'Ljava/nio/ByteBuffer;' @36  a 'java/nio/HeapByteBuffer'{0x000000061f9ea308} (c3f3d461)
stack at sp + 2 slots: 0x0 is NULL
stack at sp + 3 slots: 0x00000075400feda8 is pointing into the stack for thread: 0x0000021685295390
stack at sp + 4 slots: 0x00000216b31327d0 is pointing into metadata
stack at sp + 5 slots: 0x00000075400fee00 is pointing into the stack for thread: 0x0000021685295390
stack at sp + 6 slots: 0x00000216b313efe0 is pointing into metadata
stack at sp + 7 slots: 0x0 is NULL

--------------------------------------------------------------------------------
[Constant Pool (empty)]

--------------------------------------------------------------------------------

[MachCode]
  0x000002168cf2f440: 8984 2400 | 90ff ff55 | 4883 ec60 | 48b8 407d | 23b3 1602 | 0000 8bb0 | cc00 0000 | 83c6 0289 
  0x000002168cf2f460: b0cc 0000 | 0081 e6fe | 0700 0083 | fe00 0f84 | 0101 0000 | 48b8 407d | 23b3 1602 | 0000 ff80 
  0x000002168cf2f480: 2001 0000 | 48b8 407d | 23b3 1602 | 0000 488d | 8068 0100 | 0048 be00 | 0000 0000 | 0000 0048 
  0x000002168cf2f4a0: 85f6 7507 | 4883 4808 | 01eb 528b | 7608 49ba | 0000 0000 | 0800 0000 | 4903 f248 | 3370 0848 
  0x000002168cf2f4c0: f7c6 fcff | ffff 7435 | 48f7 c602 | 0000 0075 | 2c48 8178 | 0800 0000 | 0074 1e48 | 8178 0801 
  0x000002168cf2f4e0: 0000 0074 | 1448 3370 | 0848 f7c6 | fcff ffff | 740b 4883 | 4808 02eb | 0448 8970 | 0848 b880 
  0x000002168cf2f500: f94f 2006 | 0000 0048 | be40 7d23 | b316 0200 | 0048 8386 | 3001 0000 | 0148 b880 | a9dc b216 
  0x000002168cf2f520: 0200 008b | b0cc 0000 | 0083 c602 | 89b0 cc00 | 0000 81e6 | feff 1f00 | 83fe 000f | 8455 0000 
  0x000002168cf2f540: 0048 b800 | 0000 0000 | 0000 0048 | 8b34 1048 | b840 7d23 | b316 0200 | 00ff 8080 | 0100 0048 
  0x000002168cf2f560: 8bc6 4883 | c460 5d49 | 3ba7 4003 | 0000 0f87 | 4000 0000 | c349 ba48 | e80f b316 | 0200 004c 
  0x000002168cf2f580: 8954 2408 | 48c7 0424 | ffff ffff | e8ef bc3b | 07e9 defe | ffff 49ba | 001f dab2 | 1602 0000 
  0x000002168cf2f5a0: 4c89 5424 | 0848 c704 | 24ff ffff | ffe8 cebc | 3b07 eb8d | 49ba 67f5 | f28c 1602 | 0000 4d89 
  0x000002168cf2f5c0: 9758 0300 | 00e9 3684 | 3107 9090 | 498b 87d0 | 0300 0049 | c787 d003 | 0000 0000 | 0000 49c7 
  0x000002168cf2f5e0: 87d8 0300 | 0000 0000 | 0048 83c4 | 605d e98d | 533b 07f4 | f4f4 f4f4 | f4f4 f4f4 | f4f4 f4f4 
  0x000002168cf2f600: e87b 893b | 0748 b9d8 | 16fd 89fb | 7f00 0048 | 83e4 f049 | bac0 2bc6 | 89fb 7f00 | 0041 ffd2 
  0x000002168cf2f620: f449 ba21 | f6f2 8c16 | 0200 0041 | 52e9 6e76 | 3107 f4f4 | f4f4 f4f4 
[/MachCode]
--------------------------------------------------------------------------------


---------------  P R O C E S S  ---------------

Threads class SMR info:
_java_thread_list=0x00000216b7b72490, length=16, elements={
0x0000021685295390, 0x00000216b1ca0660, 0x00000216b1ca1120, 0x00000216b1cb6400,
0x00000216b1cb8dd0, 0x00000216b1cbb6a0, 0x00000216b1cc3f70, 0x00000216b1cc9520,
0x00000216b1ce9ee0, 0x00000216b1cea7e0, 0x00000216b27212f0, 0x00000216b27240d0,
0x00000216b2752c50, 0x00000216b2753b70, 0x00000216b350c1a0, 0x00000216b7d0bfd0
}

Java Threads: ( => current thread )
=>0x0000021685295390 JavaThread "main" [_thread_in_Java, id=10788, stack(0x0000007540000000,0x0000007540100000)]
  0x00000216b1ca0660 JavaThread "Reference Handler" daemon [_thread_blocked, id=17380, stack(0x0000007540700000,0x0000007540800000)]
  0x00000216b1ca1120 JavaThread "Finalizer" daemon [_thread_blocked, id=16752, stack(0x0000007540800000,0x0000007540900000)]
  0x00000216b1cb6400 JavaThread "Signal Dispatcher" daemon [_thread_blocked, id=11420, stack(0x0000007540900000,0x0000007540a00000)]
  0x00000216b1cb8dd0 JavaThread "Attach Listener" daemon [_thread_blocked, id=3280, stack(0x0000007540a00000,0x0000007540b00000)]
  0x00000216b1cbb6a0 JavaThread "Service Thread" daemon [_thread_blocked, id=15368, stack(0x0000007540b00000,0x0000007540c00000)]
  0x00000216b1cc3f70 JavaThread "Monitor Deflation Thread" daemon [_thread_blocked, id=14360, stack(0x0000007540c00000,0x0000007540d00000)]
  0x00000216b1cc9520 JavaThread "C2 CompilerThread0" daemon [_thread_blocked, id=9000, stack(0x0000007540d00000,0x0000007540e00000)]
  0x00000216b1ce9ee0 JavaThread "C1 CompilerThread0" daemon [_thread_blocked, id=1404, stack(0x0000007540e00000,0x0000007540f00000)]
  0x00000216b1cea7e0 JavaThread "Sweeper thread" daemon [_thread_blocked, id=20060, stack(0x0000007540f00000,0x0000007541000000)]
  0x00000216b27212f0 JavaThread "C1 CompilerThread1" daemon [_thread_blocked, id=14616, stack(0x0000007541000000,0x0000007541100000)]
  0x00000216b27240d0 JavaThread "C1 CompilerThread2" daemon [_thread_blocked, id=13520, stack(0x0000007541100000,0x0000007541200000)]
  0x00000216b2752c50 JavaThread "Notification Thread" daemon [_thread_blocked, id=18076, stack(0x0000007541200000,0x0000007541300000)]
  0x00000216b2753b70 JavaThread "Common-Cleaner" daemon [_thread_blocked, id=7448, stack(0x0000007541400000,0x0000007541500000)]
  0x00000216b350c1a0 JavaThread "C1 CompilerThread3" daemon [_thread_blocked, id=6336, stack(0x0000007541600000,0x0000007541700000)]
  0x00000216b7d0bfd0 JavaThread "C2 CompilerThread1" daemon [_thread_blocked, id=5460, stack(0x0000007541f00000,0x0000007542000000)]

Other Threads:
  0x00000216b1c9aff0 VMThread "VM Thread" [stack: 0x0000007540600000,0x0000007540700000] [id=1548]
  0x00000216b2753120 WatcherThread [stack: 0x0000007541300000,0x0000007541400000] [id=17324]
  0x0000021685343700 GCTaskThread "GC Thread#0" [stack: 0x0000007540100000,0x0000007540200000] [id=13432]
  0x00000216853559d0 ConcurrentGCThread "G1 Main Marker" [stack: 0x0000007540200000,0x0000007540300000] [id=18752]
  0x0000021685356c20 ConcurrentGCThread "G1 Conc#0" [stack: 0x0000007540300000,0x0000007540400000] [id=17484]
  0x00000216b1bd6ba0 ConcurrentGCThread "G1 Refine#0" [stack: 0x0000007540400000,0x0000007540500000] [id=16684]
  0x00000216b1bd7370 ConcurrentGCThread "G1 Service" [stack: 0x0000007540500000,0x0000007540600000] [id=18980]

Threads with active compile tasks:

VM state: not at safepoint (normal execution)

VM Mutex/Monitor currently owned by a thread: None

Heap address: 0x0000000601000000, size: 8176 MB, Compressed Oops mode: Zero based, Oop shift amount: 3

CDS archive(s) mapped at: [0x0000000800000000-0x0000000800bc0000-0x0000000800bc0000), size 12320768, SharedBaseAddress: 0x0000000800000000, ArchiveRelocationMode: 0.
Compressed class space mapped at: 0x0000000800c00000-0x0000000840c00000, reserved size: 1073741824
Narrow klass base: 0x0000000800000000, Narrow klass shift: 0, Narrow klass range: 0x100000000

GC Precious Log:
 CPUs: 16 total, 16 available
 Memory: 32694M
 Large Page Support: Disabled
 NUMA Support: Disabled
 Compressed Oops: Enabled (Zero based)
 Heap Region Size: 4M
 Heap Min Capacity: 8M
 Heap Initial Capacity: 512M
 Heap Max Capacity: 8176M
 Pre-touch: Disabled
 Parallel Workers: 13
 Concurrent Workers: 3
 Concurrent Refinement Workers: 13
 Periodic GC: Disabled

Heap:
 garbage-first heap   total 524288K, used 16384K [0x0000000601000000, 0x0000000800000000)
  region size 4096K, 6 young (24576K), 0 survivors (0K)
 Metaspace       used 7537K, committed 7808K, reserved 1064960K
  class space    used 507K, committed 640K, reserved 1048576K

Heap Regions: E=young(eden), S=young(survivor), O=old, HS=humongous(starts), HC=humongous(continues), CS=collection set, F=free, OA=open archive, CA=closed archive, TAMS=top-at-mark-start (previous, next)
|   0|0x0000000601000000, 0x0000000601000000, 0x0000000601400000|  0%| F|  |TAMS 0x0000000601000000, 0x0000000601000000| Untracked 
|   1|0x0000000601400000, 0x0000000601400000, 0x0000000601800000|  0%| F|  |TAMS 0x0000000601400000, 0x0000000601400000| Untracked 
|   2|0x0000000601800000, 0x0000000601800000, 0x0000000601c00000|  0%| F|  |TAMS 0x0000000601800000, 0x0000000601800000| Untracked 
|   3|0x0000000601c00000, 0x0000000601c00000, 0x0000000602000000|  0%| F|  |TAMS 0x0000000601c00000, 0x0000000601c00000| Untracked 
|   4|0x0000000602000000, 0x0000000602000000, 0x0000000602400000|  0%| F|  |TAMS 0x0000000602000000, 0x0000000602000000| Untracked 
|   5|0x0000000602400000, 0x0000000602400000, 0x0000000602800000|  0%| F|  |TAMS 0x0000000602400000, 0x0000000602400000| Untracked 
|   6|0x0000000602800000, 0x0000000602800000, 0x0000000602c00000|  0%| F|  |TAMS 0x0000000602800000, 0x0000000602800000| Untracked 
|   7|0x0000000602c00000, 0x0000000602c00000, 0x0000000603000000|  0%| F|  |TAMS 0x0000000602c00000, 0x0000000602c00000| Untracked 
|   8|0x0000000603000000, 0x0000000603000000, 0x0000000603400000|  0%| F|  |TAMS 0x0000000603000000, 0x0000000603000000| Untracked 
|   9|0x0000000603400000, 0x0000000603400000, 0x0000000603800000|  0%| F|  |TAMS 0x0000000603400000, 0x0000000603400000| Untracked 
|  10|0x0000000603800000, 0x0000000603800000, 0x0000000603c00000|  0%| F|  |TAMS 0x0000000603800000, 0x0000000603800000| Untracked 
|  11|0x0000000603c00000, 0x0000000603c00000, 0x0000000604000000|  0%| F|  |TAMS 0x0000000603c00000, 0x0000000603c00000| Untracked 
|  12|0x0000000604000000, 0x0000000604000000, 0x0000000604400000|  0%| F|  |TAMS 0x0000000604000000, 0x0000000604000000| Untracked 
|  13|0x0000000604400000, 0x0000000604400000, 0x0000000604800000|  0%| F|  |TAMS 0x0000000604400000, 0x0000000604400000| Untracked 
|  14|0x0000000604800000, 0x0000000604800000, 0x0000000604c00000|  0%| F|  |TAMS 0x0000000604800000, 0x0000000604800000| Untracked 
|  15|0x0000000604c00000, 0x0000000604c00000, 0x0000000605000000|  0%| F|  |TAMS 0x0000000604c00000, 0x0000000604c00000| Untracked 
|  16|0x0000000605000000, 0x0000000605000000, 0x0000000605400000|  0%| F|  |TAMS 0x0000000605000000, 0x0000000605000000| Untracked 
|  17|0x0000000605400000, 0x0000000605400000, 0x0000000605800000|  0%| F|  |TAMS 0x0000000605400000, 0x0000000605400000| Untracked 
|  18|0x0000000605800000, 0x0000000605800000, 0x0000000605c00000|  0%| F|  |TAMS 0x0000000605800000, 0x0000000605800000| Untracked 
|  19|0x0000000605c00000, 0x0000000605c00000, 0x0000000606000000|  0%| F|  |TAMS 0x0000000605c00000, 0x0000000605c00000| Untracked 
|  20|0x0000000606000000, 0x0000000606000000, 0x0000000606400000|  0%| F|  |TAMS 0x0000000606000000, 0x0000000606000000| Untracked 
|  21|0x0000000606400000, 0x0000000606400000, 0x0000000606800000|  0%| F|  |TAMS 0x0000000606400000, 0x0000000606400000| Untracked 
|  22|0x0000000606800000, 0x0000000606800000, 0x0000000606c00000|  0%| F|  |TAMS 0x0000000606800000, 0x0000000606800000| Untracked 
|  23|0x0000000606c00000, 0x0000000606c00000, 0x0000000607000000|  0%| F|  |TAMS 0x0000000606c00000, 0x0000000606c00000| Untracked 
|  24|0x0000000607000000, 0x0000000607000000, 0x0000000607400000|  0%| F|  |TAMS 0x0000000607000000, 0x0000000607000000| Untracked 
|  25|0x0000000607400000, 0x0000000607400000, 0x0000000607800000|  0%| F|  |TAMS 0x0000000607400000, 0x0000000607400000| Untracked 
|  26|0x0000000607800000, 0x0000000607800000, 0x0000000607c00000|  0%| F|  |TAMS 0x0000000607800000, 0x0000000607800000| Untracked 
|  27|0x0000000607c00000, 0x0000000607c00000, 0x0000000608000000|  0%| F|  |TAMS 0x0000000607c00000, 0x0000000607c00000| Untracked 
|  28|0x0000000608000000, 0x0000000608000000, 0x0000000608400000|  0%| F|  |TAMS 0x0000000608000000, 0x0000000608000000| Untracked 
|  29|0x0000000608400000, 0x0000000608400000, 0x0000000608800000|  0%| F|  |TAMS 0x0000000608400000, 0x0000000608400000| Untracked 
|  30|0x0000000608800000, 0x0000000608800000, 0x0000000608c00000|  0%| F|  |TAMS 0x0000000608800000, 0x0000000608800000| Untracked 
|  31|0x0000000608c00000, 0x0000000608c00000, 0x0000000609000000|  0%| F|  |TAMS 0x0000000608c00000, 0x0000000608c00000| Untracked 
|  32|0x0000000609000000, 0x0000000609000000, 0x0000000609400000|  0%| F|  |TAMS 0x0000000609000000, 0x0000000609000000| Untracked 
|  33|0x0000000609400000, 0x0000000609400000, 0x0000000609800000|  0%| F|  |TAMS 0x0000000609400000, 0x0000000609400000| Untracked 
|  34|0x0000000609800000, 0x0000000609800000, 0x0000000609c00000|  0%| F|  |TAMS 0x0000000609800000, 0x0000000609800000| Untracked 
|  35|0x0000000609c00000, 0x0000000609c00000, 0x000000060a000000|  0%| F|  |TAMS 0x0000000609c00000, 0x0000000609c00000| Untracked 
|  36|0x000000060a000000, 0x000000060a000000, 0x000000060a400000|  0%| F|  |TAMS 0x000000060a000000, 0x000000060a000000| Untracked 
|  37|0x000000060a400000, 0x000000060a400000, 0x000000060a800000|  0%| F|  |TAMS 0x000000060a400000, 0x000000060a400000| Untracked 
|  38|0x000000060a800000, 0x000000060a800000, 0x000000060ac00000|  0%| F|  |TAMS 0x000000060a800000, 0x000000060a800000| Untracked 
|  39|0x000000060ac00000, 0x000000060ac00000, 0x000000060b000000|  0%| F|  |TAMS 0x000000060ac00000, 0x000000060ac00000| Untracked 
|  40|0x000000060b000000, 0x000000060b000000, 0x000000060b400000|  0%| F|  |TAMS 0x000000060b000000, 0x000000060b000000| Untracked 
|  41|0x000000060b400000, 0x000000060b400000, 0x000000060b800000|  0%| F|  |TAMS 0x000000060b400000, 0x000000060b400000| Untracked 
|  42|0x000000060b800000, 0x000000060b800000, 0x000000060bc00000|  0%| F|  |TAMS 0x000000060b800000, 0x000000060b800000| Untracked 
|  43|0x000000060bc00000, 0x000000060bc00000, 0x000000060c000000|  0%| F|  |TAMS 0x000000060bc00000, 0x000000060bc00000| Untracked 
|  44|0x000000060c000000, 0x000000060c000000, 0x000000060c400000|  0%| F|  |TAMS 0x000000060c000000, 0x000000060c000000| Untracked 
|  45|0x000000060c400000, 0x000000060c400000, 0x000000060c800000|  0%| F|  |TAMS 0x000000060c400000, 0x000000060c400000| Untracked 
|  46|0x000000060c800000, 0x000000060c800000, 0x000000060cc00000|  0%| F|  |TAMS 0x000000060c800000, 0x000000060c800000| Untracked 
|  47|0x000000060cc00000, 0x000000060cc00000, 0x000000060d000000|  0%| F|  |TAMS 0x000000060cc00000, 0x000000060cc00000| Untracked 
|  48|0x000000060d000000, 0x000000060d000000, 0x000000060d400000|  0%| F|  |TAMS 0x000000060d000000, 0x000000060d000000| Untracked 
|  49|0x000000060d400000, 0x000000060d400000, 0x000000060d800000|  0%| F|  |TAMS 0x000000060d400000, 0x000000060d400000| Untracked 
|  50|0x000000060d800000, 0x000000060d800000, 0x000000060dc00000|  0%| F|  |TAMS 0x000000060d800000, 0x000000060d800000| Untracked 
|  51|0x000000060dc00000, 0x000000060dc00000, 0x000000060e000000|  0%| F|  |TAMS 0x000000060dc00000, 0x000000060dc00000| Untracked 
|  52|0x000000060e000000, 0x000000060e000000, 0x000000060e400000|  0%| F|  |TAMS 0x000000060e000000, 0x000000060e000000| Untracked 
|  53|0x000000060e400000, 0x000000060e400000, 0x000000060e800000|  0%| F|  |TAMS 0x000000060e400000, 0x000000060e400000| Untracked 
|  54|0x000000060e800000, 0x000000060e800000, 0x000000060ec00000|  0%| F|  |TAMS 0x000000060e800000, 0x000000060e800000| Untracked 
|  55|0x000000060ec00000, 0x000000060ec00000, 0x000000060f000000|  0%| F|  |TAMS 0x000000060ec00000, 0x000000060ec00000| Untracked 
|  56|0x000000060f000000, 0x000000060f000000, 0x000000060f400000|  0%| F|  |TAMS 0x000000060f000000, 0x000000060f000000| Untracked 
|  57|0x000000060f400000, 0x000000060f400000, 0x000000060f800000|  0%| F|  |TAMS 0x000000060f400000, 0x000000060f400000| Untracked 
|  58|0x000000060f800000, 0x000000060f800000, 0x000000060fc00000|  0%| F|  |TAMS 0x000000060f800000, 0x000000060f800000| Untracked 
|  59|0x000000060fc00000, 0x000000060fc00000, 0x0000000610000000|  0%| F|  |TAMS 0x000000060fc00000, 0x000000060fc00000| Untracked 
|  60|0x0000000610000000, 0x0000000610000000, 0x0000000610400000|  0%| F|  |TAMS 0x0000000610000000, 0x0000000610000000| Untracked 
|  61|0x0000000610400000, 0x0000000610400000, 0x0000000610800000|  0%| F|  |TAMS 0x0000000610400000, 0x0000000610400000| Untracked 
|  62|0x0000000610800000, 0x0000000610800000, 0x0000000610c00000|  0%| F|  |TAMS 0x0000000610800000, 0x0000000610800000| Untracked 
|  63|0x0000000610c00000, 0x0000000610c00000, 0x0000000611000000|  0%| F|  |TAMS 0x0000000610c00000, 0x0000000610c00000| Untracked 
|  64|0x0000000611000000, 0x0000000611000000, 0x0000000611400000|  0%| F|  |TAMS 0x0000000611000000, 0x0000000611000000| Untracked 
|  65|0x0000000611400000, 0x0000000611400000, 0x0000000611800000|  0%| F|  |TAMS 0x0000000611400000, 0x0000000611400000| Untracked 
|  66|0x0000000611800000, 0x0000000611800000, 0x0000000611c00000|  0%| F|  |TAMS 0x0000000611800000, 0x0000000611800000| Untracked 
|  67|0x0000000611c00000, 0x0000000611c00000, 0x0000000612000000|  0%| F|  |TAMS 0x0000000611c00000, 0x0000000611c00000| Untracked 
|  68|0x0000000612000000, 0x0000000612000000, 0x0000000612400000|  0%| F|  |TAMS 0x0000000612000000, 0x0000000612000000| Untracked 
|  69|0x0000000612400000, 0x0000000612400000, 0x0000000612800000|  0%| F|  |TAMS 0x0000000612400000, 0x0000000612400000| Untracked 
|  70|0x0000000612800000, 0x0000000612800000, 0x0000000612c00000|  0%| F|  |TAMS 0x0000000612800000, 0x0000000612800000| Untracked 
|  71|0x0000000612c00000, 0x0000000612c00000, 0x0000000613000000|  0%| F|  |TAMS 0x0000000612c00000, 0x0000000612c00000| Untracked 
|  72|0x0000000613000000, 0x0000000613000000, 0x0000000613400000|  0%| F|  |TAMS 0x0000000613000000, 0x0000000613000000| Untracked 
|  73|0x0000000613400000, 0x0000000613400000, 0x0000000613800000|  0%| F|  |TAMS 0x0000000613400000, 0x0000000613400000| Untracked 
|  74|0x0000000613800000, 0x0000000613800000, 0x0000000613c00000|  0%| F|  |TAMS 0x0000000613800000, 0x0000000613800000| Untracked 
|  75|0x0000000613c00000, 0x0000000613c00000, 0x0000000614000000|  0%| F|  |TAMS 0x0000000613c00000, 0x0000000613c00000| Untracked 
|  76|0x0000000614000000, 0x0000000614000000, 0x0000000614400000|  0%| F|  |TAMS 0x0000000614000000, 0x0000000614000000| Untracked 
|  77|0x0000000614400000, 0x0000000614400000, 0x0000000614800000|  0%| F|  |TAMS 0x0000000614400000, 0x0000000614400000| Untracked 
|  78|0x0000000614800000, 0x0000000614800000, 0x0000000614c00000|  0%| F|  |TAMS 0x0000000614800000, 0x0000000614800000| Untracked 
|  79|0x0000000614c00000, 0x0000000614c00000, 0x0000000615000000|  0%| F|  |TAMS 0x0000000614c00000, 0x0000000614c00000| Untracked 
|  80|0x0000000615000000, 0x0000000615000000, 0x0000000615400000|  0%| F|  |TAMS 0x0000000615000000, 0x0000000615000000| Untracked 
|  81|0x0000000615400000, 0x0000000615400000, 0x0000000615800000|  0%| F|  |TAMS 0x0000000615400000, 0x0000000615400000| Untracked 
|  82|0x0000000615800000, 0x0000000615800000, 0x0000000615c00000|  0%| F|  |TAMS 0x0000000615800000, 0x0000000615800000| Untracked 
|  83|0x0000000615c00000, 0x0000000615c00000, 0x0000000616000000|  0%| F|  |TAMS 0x0000000615c00000, 0x0000000615c00000| Untracked 
|  84|0x0000000616000000, 0x0000000616000000, 0x0000000616400000|  0%| F|  |TAMS 0x0000000616000000, 0x0000000616000000| Untracked 
|  85|0x0000000616400000, 0x0000000616400000, 0x0000000616800000|  0%| F|  |TAMS 0x0000000616400000, 0x0000000616400000| Untracked 
|  86|0x0000000616800000, 0x0000000616800000, 0x0000000616c00000|  0%| F|  |TAMS 0x0000000616800000, 0x0000000616800000| Untracked 
|  87|0x0000000616c00000, 0x0000000616c00000, 0x0000000617000000|  0%| F|  |TAMS 0x0000000616c00000, 0x0000000616c00000| Untracked 
|  88|0x0000000617000000, 0x0000000617000000, 0x0000000617400000|  0%| F|  |TAMS 0x0000000617000000, 0x0000000617000000| Untracked 
|  89|0x0000000617400000, 0x0000000617400000, 0x0000000617800000|  0%| F|  |TAMS 0x0000000617400000, 0x0000000617400000| Untracked 
|  90|0x0000000617800000, 0x0000000617800000, 0x0000000617c00000|  0%| F|  |TAMS 0x0000000617800000, 0x0000000617800000| Untracked 
|  91|0x0000000617c00000, 0x0000000617c00000, 0x0000000618000000|  0%| F|  |TAMS 0x0000000617c00000, 0x0000000617c00000| Untracked 
|  92|0x0000000618000000, 0x0000000618000000, 0x0000000618400000|  0%| F|  |TAMS 0x0000000618000000, 0x0000000618000000| Untracked 
|  93|0x0000000618400000, 0x0000000618400000, 0x0000000618800000|  0%| F|  |TAMS 0x0000000618400000, 0x0000000618400000| Untracked 
|  94|0x0000000618800000, 0x0000000618800000, 0x0000000618c00000|  0%| F|  |TAMS 0x0000000618800000, 0x0000000618800000| Untracked 
|  95|0x0000000618c00000, 0x0000000618c00000, 0x0000000619000000|  0%| F|  |TAMS 0x0000000618c00000, 0x0000000618c00000| Untracked 
|  96|0x0000000619000000, 0x0000000619000000, 0x0000000619400000|  0%| F|  |TAMS 0x0000000619000000, 0x0000000619000000| Untracked 
|  97|0x0000000619400000, 0x0000000619400000, 0x0000000619800000|  0%| F|  |TAMS 0x0000000619400000, 0x0000000619400000| Untracked 
|  98|0x0000000619800000, 0x0000000619800000, 0x0000000619c00000|  0%| F|  |TAMS 0x0000000619800000, 0x0000000619800000| Untracked 
|  99|0x0000000619c00000, 0x0000000619c00000, 0x000000061a000000|  0%| F|  |TAMS 0x0000000619c00000, 0x0000000619c00000| Untracked 
| 100|0x000000061a000000, 0x000000061a000000, 0x000000061a400000|  0%| F|  |TAMS 0x000000061a000000, 0x000000061a000000| Untracked 
| 101|0x000000061a400000, 0x000000061a400000, 0x000000061a800000|  0%| F|  |TAMS 0x000000061a400000, 0x000000061a400000| Untracked 
| 102|0x000000061a800000, 0x000000061a800000, 0x000000061ac00000|  0%| F|  |TAMS 0x000000061a800000, 0x000000061a800000| Untracked 
| 103|0x000000061ac00000, 0x000000061ac00000, 0x000000061b000000|  0%| F|  |TAMS 0x000000061ac00000, 0x000000061ac00000| Untracked 
| 104|0x000000061b000000, 0x000000061b000000, 0x000000061b400000|  0%| F|  |TAMS 0x000000061b000000, 0x000000061b000000| Untracked 
| 105|0x000000061b400000, 0x000000061b400000, 0x000000061b800000|  0%| F|  |TAMS 0x000000061b400000, 0x000000061b400000| Untracked 
| 106|0x000000061b800000, 0x000000061b800000, 0x000000061bc00000|  0%| F|  |TAMS 0x000000061b800000, 0x000000061b800000| Untracked 
| 107|0x000000061bc00000, 0x000000061bc00000, 0x000000061c000000|  0%| F|  |TAMS 0x000000061bc00000, 0x000000061bc00000| Untracked 
| 108|0x000000061c000000, 0x000000061c000000, 0x000000061c400000|  0%| F|  |TAMS 0x000000061c000000, 0x000000061c000000| Untracked 
| 109|0x000000061c400000, 0x000000061c400000, 0x000000061c800000|  0%| F|  |TAMS 0x000000061c400000, 0x000000061c400000| Untracked 
| 110|0x000000061c800000, 0x000000061c800000, 0x000000061cc00000|  0%| F|  |TAMS 0x000000061c800000, 0x000000061c800000| Untracked 
| 111|0x000000061cc00000, 0x000000061cc00000, 0x000000061d000000|  0%| F|  |TAMS 0x000000061cc00000, 0x000000061cc00000| Untracked 
| 112|0x000000061d000000, 0x000000061d000000, 0x000000061d400000|  0%| F|  |TAMS 0x000000061d000000, 0x000000061d000000| Untracked 
| 113|0x000000061d400000, 0x000000061d400000, 0x000000061d800000|  0%| F|  |TAMS 0x000000061d400000, 0x000000061d400000| Untracked 
| 114|0x000000061d800000, 0x000000061d800000, 0x000000061dc00000|  0%| F|  |TAMS 0x000000061d800000, 0x000000061d800000| Untracked 
| 115|0x000000061dc00000, 0x000000061dc00000, 0x000000061e000000|  0%| F|  |TAMS 0x000000061dc00000, 0x000000061dc00000| Untracked 
| 116|0x000000061e000000, 0x000000061e000000, 0x000000061e400000|  0%| F|  |TAMS 0x000000061e000000, 0x000000061e000000| Untracked 
| 117|0x000000061e400000, 0x000000061e400000, 0x000000061e800000|  0%| F|  |TAMS 0x000000061e400000, 0x000000061e400000| Untracked 
| 118|0x000000061e800000, 0x000000061e800000, 0x000000061ec00000|  0%| F|  |TAMS 0x000000061e800000, 0x000000061e800000| Untracked 
| 119|0x000000061ec00000, 0x000000061ec00000, 0x000000061f000000|  0%| F|  |TAMS 0x000000061ec00000, 0x000000061ec00000| Untracked 
| 120|0x000000061f000000, 0x000000061f000000, 0x000000061f400000|  0%| F|  |TAMS 0x000000061f000000, 0x000000061f000000| Untracked 
| 121|0x000000061f400000, 0x000000061f400000, 0x000000061f800000|  0%| F|  |TAMS 0x000000061f400000, 0x000000061f400000| Untracked 
| 122|0x000000061f800000, 0x000000061f9f7b80, 0x000000061fc00000| 49%| E|  |TAMS 0x000000061f800000, 0x000000061f800000| Complete 
| 123|0x000000061fc00000, 0x0000000620000000, 0x0000000620000000|100%| E|CS|TAMS 0x000000061fc00000, 0x000000061fc00000| Complete 
| 124|0x0000000620000000, 0x0000000620400000, 0x0000000620400000|100%| E|CS|TAMS 0x0000000620000000, 0x0000000620000000| Complete 
| 125|0x0000000620400000, 0x0000000620800000, 0x0000000620800000|100%| E|  |TAMS 0x0000000620400000, 0x0000000620400000| Complete 
| 126|0x0000000620800000, 0x0000000620c00000, 0x0000000620c00000|100%| E|CS|TAMS 0x0000000620800000, 0x0000000620800000| Complete 
| 127|0x0000000620c00000, 0x0000000621000000, 0x0000000621000000|100%| E|CS|TAMS 0x0000000620c00000, 0x0000000620c00000| Complete 

Card table byte_map: [0x000002169d620000,0x000002169e620000] _byte_map_base: 0x000002169a618000

Marking Bits (Prev, Next): (CMBitMap*) 0x0000021685345120, (CMBitMap*) 0x0000021685345160
 Prev Bits: [0x000002169f620000, 0x00000216a75e0000)
 Next Bits: [0x00000216a75e0000, 0x00000216af5a0000)

Polling page: 0x0000021683220000

Metaspace:

Usage:
  Non-class:      6.86 MB used.
      Class:    507.67 KB used.
       Both:      7.36 MB used.

Virtual space:
  Non-class space:       16.00 MB reserved,       7.00 MB ( 44%) committed,  2 nodes.
      Class space:        1.00 GB reserved,     640.00 KB ( <1%) committed,  1 nodes.
             Both:        1.02 GB reserved,       7.63 MB ( <1%) committed. 

Chunk freelists:
   Non-Class:  3.27 MB
       Class:  3.36 MB
        Both:  6.62 MB

MaxMetaspaceSize: unlimited
CompressedClassSpaceSize: 1.00 GB
Initial GC threshold: 21.00 MB
Current GC threshold: 21.00 MB
CDS: on
MetaspaceReclaimPolicy: balanced
 - commit_granule_bytes: 65536.
 - commit_granule_words: 8192.
 - virtual_space_node_default_size: 1048576.
 - enlarge_chunks_in_place: 1.
 - new_chunks_are_fully_committed: 0.
 - uncommit_free_chunks: 1.
 - use_allocation_guard: 0.
 - handle_deallocations: 1.


Internal statistics:

num_allocs_failed_limit: 0.
num_arena_births: 206.
num_arena_deaths: 0.
num_vsnodes_births: 3.
num_vsnodes_deaths: 0.
num_space_committed: 120.
num_space_uncommitted: 0.
num_chunks_returned_to_freelist: 0.
num_chunks_taken_from_freelist: 447.
num_chunk_merges: 0.
num_chunk_splits: 293.
num_chunks_enlarged: 200.
num_purges: 0.
num_inconsistent_stats: 0.

CodeHeap 'non-profiled nmethods': size=119168Kb used=350Kb max_used=350Kb free=118817Kb
 bounds [0x0000021694940000, 0x0000021694bb0000, 0x000002169bda0000]
CodeHeap 'profiled nmethods': size=119104Kb used=2405Kb max_used=2405Kb free=116698Kb
 bounds [0x000002168cda0000, 0x000002168d010000, 0x00000216941f0000]
CodeHeap 'non-nmethods': size=7488Kb used=3303Kb max_used=3319Kb free=4184Kb
 bounds [0x00000216941f0000, 0x0000021694530000, 0x0000021694940000]
 total_blobs=2362 nmethods=1312 adapters=960
 compilation: enabled
              stopped_count=0, restarted_count=0
 full_count=0

Compilation events (20 events):
Event: 0.629 Thread 0x00000216b27212f0 nmethod 1302 0x0000021694995510 code [0x00000216949956a0, 0x0000021694995778]
Event: 0.629 Thread 0x00000216b350c1a0 nmethod 1304 0x0000021694995810 code [0x00000216949959a0, 0x0000021694995a78]
Event: 0.630 Thread 0x00000216b27212f0 1305       3       jdk.internal.misc.Unsafe::getAndAddLong (27 bytes)
Event: 0.630 Thread 0x00000216b1ce9ee0 1306       3       jdk.internal.misc.Unsafe::weakCompareAndSetLong (11 bytes)
Event: 0.630 Thread 0x00000216b1ce9ee0 nmethod 1306 0x000002168cff5990 code [0x000002168cff5b20, 0x000002168cff5c58]
Event: 0.630 Thread 0x00000216b27212f0 nmethod 1305 0x000002168cff5d10 code [0x000002168cff5ec0, 0x000002168cff6108]
Event: 0.630 Thread 0x00000216b27212f0 1307       3       java.lang.StringCoding::implEncodeAsciiArray (47 bytes)
Event: 0.630 Thread 0x00000216b27212f0 nmethod 1307 0x000002168cff6210 code [0x000002168cff63c0, 0x000002168cff6618]
Event: 0.630 Thread 0x00000216b1cc9520 nmethod 1270 0x0000021694995b10 code [0x0000021694995cc0, 0x00000216949966f8]
Event: 0.630 Thread 0x00000216b1cc9520 1308   !   4       java.nio.DirectIntBufferU::get (34 bytes)
Event: 0.631 Thread 0x00000216b7d0bfd0 nmethod 1269 0x0000021694996c10 code [0x0000021694996da0, 0x0000021694997328]
Event: 0.631 Thread 0x00000216b1ce9ee0 1309       3       sun.util.locale.provider.LocaleProviderAdapter::getAdapter (177 bytes)
Event: 0.631 Thread 0x00000216b1cc9520 nmethod 1308 0x0000021694997590 code [0x0000021694997700, 0x00000216949977d8]
Event: 0.631 Thread 0x00000216b1ce9ee0 nmethod 1309 0x000002168cff6790 code [0x000002168cff6b00, 0x000002168cff8048]
Event: 0.637 Thread 0x00000216b1ce9ee0 1310       3       sun.util.calendar.BaseCalendar::isLeapYear (5 bytes)
Event: 0.637 Thread 0x00000216b350c1a0 1311       3       sun.util.calendar.CalendarUtils::isGregorianLeapYear (27 bytes)
Event: 0.637 Thread 0x00000216b27212f0 1312       3       sun.util.calendar.BaseCalendar$Date::setCache (20 bytes)
Event: 0.637 Thread 0x00000216b27212f0 nmethod 1312 0x000002168cff8810 code [0x000002168cff89a0, 0x000002168cff8ab8]
Event: 0.637 Thread 0x00000216b350c1a0 nmethod 1311 0x000002168cff8b90 code [0x000002168cff8d20, 0x000002168cff8f58]
Event: 0.637 Thread 0x00000216b1ce9ee0 nmethod 1310 0x000002168cff9090 code [0x000002168cff9240, 0x000002168cff94f8]

GC Heap History (0 events):
No events

Dll operation events (10 events):
Event: 0.003 Loaded shared library D:\jdks\corretto_17\bin\java.dll
Event: 0.009 Loaded shared library D:\jdks\corretto_17\bin\jsvml.dll
Event: 0.035 Loaded shared library D:\jdks\corretto_17\bin\net.dll
Event: 0.036 Loaded shared library D:\jdks\corretto_17\bin\nio.dll
Event: 0.039 Loaded shared library D:\jdks\corretto_17\bin\zip.dll
Event: 0.047 Loaded shared library D:\jdks\corretto_17\bin\verify.dll
Event: 0.070 Loaded shared library D:\jdks\corretto_17\bin\jimage.dll
Event: 0.177 Loaded shared library C:\Users\stuka\AppData\Local\Temp\lwjglstuka\3.3.1-SNAPSHOT\lwjgl.dll
Event: 0.382 Loaded shared library C:\Users\stuka\AppData\Local\Temp\lwjglstuka\3.3.1-SNAPSHOT\lwjgl_opengl.dll
Event: 0.528 Loaded shared library C:\Users\stuka\AppData\Local\Temp\lwjglstuka\3.3.1-SNAPSHOT\lwjgl_stb.dll

Deoptimization events (18 events):
Event: 0.188 Thread 0x0000021685295390 DEOPT PACKING pc=0x000002168cdc4265 sp=0x00000075400fb850
Event: 0.188 Thread 0x0000021685295390 DEOPT UNPACKING pc=0x0000021694247143 sp=0x00000075400faca0 mode 0
Event: 0.386 Thread 0x0000021685295390 Uncommon trap: trap_request=0xffffff54 fr.pc=0x000002169497ace0 relative=0x0000000000000060
Event: 0.386 Thread 0x0000021685295390 Uncommon trap: reason=speculate_null_assert action=make_not_entrant pc=0x000002169497ace0 method=sun.misc.Unsafe.putLong(Ljava/lang/Object;JJ)V @ 7 c2
Event: 0.386 Thread 0x0000021685295390 DEOPT PACKING pc=0x000002169497ace0 sp=0x00000075400feb20
Event: 0.386 Thread 0x0000021685295390 DEOPT UNPACKING pc=0x00000216942469a3 sp=0x00000075400fea98 mode 2
Event: 0.488 Thread 0x0000021685295390 Uncommon trap: trap_request=0xffffff45 fr.pc=0x0000021694964c40 relative=0x0000000000000340
Event: 0.488 Thread 0x0000021685295390 Uncommon trap: reason=unstable_if action=reinterpret pc=0x0000021694964c40 method=java.lang.StringUTF16.compress([CI[BII)I @ 20 c2
Event: 0.488 Thread 0x0000021685295390 DEOPT PACKING pc=0x0000021694964c40 sp=0x00000075400feaf0
Event: 0.488 Thread 0x0000021685295390 DEOPT UNPACKING pc=0x00000216942469a3 sp=0x00000075400fea70 mode 2
Event: 0.488 Thread 0x0000021685295390 Uncommon trap: trap_request=0xffffff45 fr.pc=0x0000021694980ab4 relative=0x00000000000004f4
Event: 0.488 Thread 0x0000021685295390 Uncommon trap: reason=unstable_if action=reinterpret pc=0x0000021694980ab4 method=java.lang.AbstractStringBuilder.putStringAt(ILjava/lang/String;II)V @ 8 c2
Event: 0.488 Thread 0x0000021685295390 DEOPT PACKING pc=0x0000021694980ab4 sp=0x00000075400fed50
Event: 0.488 Thread 0x0000021685295390 DEOPT UNPACKING pc=0x00000216942469a3 sp=0x00000075400febd8 mode 2
Event: 0.488 Thread 0x0000021685295390 Uncommon trap: trap_request=0xffffff45 fr.pc=0x000002169497fa2c relative=0x00000000000004ec
Event: 0.488 Thread 0x0000021685295390 Uncommon trap: reason=unstable_if action=reinterpret pc=0x000002169497fa2c method=java.lang.AbstractStringBuilder.putStringAt(ILjava/lang/String;II)V @ 8 c2
Event: 0.488 Thread 0x0000021685295390 DEOPT PACKING pc=0x000002169497fa2c sp=0x00000075400fece0
Event: 0.488 Thread 0x0000021685295390 DEOPT UNPACKING pc=0x00000216942469a3 sp=0x00000075400febd0 mode 2

Classes unloaded (0 events):
No events

Classes redefined (0 events):
No events

Internal exceptions (20 events):
Event: 0.381 Thread 0x0000021685295390 Exception <a 'sun/nio/fs/WindowsException'{0x000000062069b348}> (0x000000062069b348) 
thrown [s\src\hotspot\share\prims\jni.cpp, line 516]
Event: 0.381 Thread 0x0000021685295390 Exception <a 'sun/nio/fs/WindowsException'{0x000000062069b6f8}> (0x000000062069b6f8) 
thrown [s\src\hotspot\share\prims\jni.cpp, line 516]
Event: 0.383 Thread 0x0000021685295390 Exception <a 'sun/nio/fs/WindowsException'{0x00000006206a2768}> (0x00000006206a2768) 
thrown [s\src\hotspot\share\prims\jni.cpp, line 516]
Event: 0.383 Thread 0x0000021685295390 Exception <a 'sun/nio/fs/WindowsException'{0x00000006206a2a50}> (0x00000006206a2a50) 
thrown [s\src\hotspot\share\prims\jni.cpp, line 516]
Event: 0.458 Thread 0x0000021685295390 Exception <a 'sun/nio/fs/WindowsException'{0x00000006202faf18}> (0x00000006202faf18) 
thrown [s\src\hotspot\share\prims\jni.cpp, line 516]
Event: 0.458 Thread 0x0000021685295390 Exception <a 'sun/nio/fs/WindowsException'{0x00000006202fb2a0}> (0x00000006202fb2a0) 
thrown [s\src\hotspot\share\prims\jni.cpp, line 516]
Event: 0.476 Thread 0x0000021685295390 Exception <a 'java/lang/NoSuchMethodError'{0x0000000620322020}: 'java.lang.Object java.lang.invoke.DirectMethodHandle$Holder.newInvokeSpecial(java.lang.Object, long)'> (0x0000000620322020) 
thrown [s\src\hotspot\share\interpreter\linkResolver.cpp, line 759]
Event: 0.485 Thread 0x0000021685295390 Exception <a 'java/lang/NoSuchMethodError'{0x000000062039ca38}: 'int java.lang.invoke.DirectMethodHandle$Holder.invokeStaticInit(java.lang.Object, java.lang.Object, java.lang.Object)'> (0x000000062039ca38) 
thrown [s\src\hotspot\share\interpreter\linkResolver.cpp, line 759]
Event: 0.489 Thread 0x0000021685295390 Exception <a 'java/lang/NoSuchMethodError'{0x00000006203f92f8}: 'void java.lang.invoke.DirectMethodHandle$Holder.invokeStaticInit(java.lang.Object, java.lang.Object)'> (0x00000006203f92f8) 
thrown [s\src\hotspot\share\interpreter\linkResolver.cpp, line 759]
Event: 0.527 Thread 0x0000021685295390 Exception <a 'sun/nio/fs/WindowsException'{0x000000061feca098}> (0x000000061feca098) 
thrown [s\src\hotspot\share\prims\jni.cpp, line 516]
Event: 0.527 Thread 0x0000021685295390 Exception <a 'sun/nio/fs/WindowsException'{0x000000061feca420}> (0x000000061feca420) 
thrown [s\src\hotspot\share\prims\jni.cpp, line 516]
Event: 0.533 Thread 0x0000021685295390 Exception <a 'java/lang/NoSuchMethodError'{0x000000061ff234f0}: 'java.lang.Object java.lang.invoke.DirectMethodHandle$Holder.invokeSpecial(java.lang.Object, java.lang.Object, long, java.lang.Object, int, int, int, int, int)'> (0x000000061ff234f0) 
thrown [s\src\hotspot\share\interpreter\linkResolver.cpp, line 759]
Event: 0.534 Thread 0x0000021685295390 Exception <a 'java/lang/NoSuchMethodError'{0x000000061ff270b0}: 'java.lang.Object java.lang.invoke.DelegatingMethodHandle$Holder.reinvoke_L(java.lang.Object, long, java.lang.Object, int, int, int, int, int)'> (0x000000061ff270b0) 
thrown [s\src\hotspot\share\interpreter\linkResolver.cpp, line 759]
Event: 0.548 Thread 0x0000021685295390 Exception <a 'java/lang/NoSuchMethodError'{0x000000061ff7bc00}: 'void java.lang.invoke.DirectMethodHandle$Holder.invokeStatic(java.lang.Object, java.lang.Object, java.lang.Object)'> (0x000000061ff7bc00) 
thrown [s\src\hotspot\share\interpreter\linkResolver.cpp, line 759]
Event: 0.621 Thread 0x0000021685295390 Exception <a 'java/lang/NoSuchMethodError'{0x000000061f8ddd20}: 'java.lang.Object java.lang.invoke.DirectMethodHandle$Holder.invokeStatic(java.lang.Object, int, java.lang.Object)'> (0x000000061f8ddd20) 
thrown [s\src\hotspot\share\interpreter\linkResolver.cpp, line 759]
Event: 0.622 Thread 0x0000021685295390 Exception <a 'java/lang/NoSuchMethodError'{0x000000061f8ef230}: 'java.lang.Object java.lang.invoke.DirectMethodHandle$Holder.invokeSpecial(java.lang.Object, java.lang.Object, int, java.lang.Object, java.lang.Object)'> (0x000000061f8ef230) 
thrown [s\src\hotspot\share\interpreter\linkResolver.cpp, line 759]
Event: 0.623 Thread 0x0000021685295390 Exception <a 'java/lang/NoSuchMethodError'{0x000000061f8fc818}: 'void java.lang.invoke.DirectMethodHandle$Holder.invokeStatic(java.lang.Object, int, java.lang.Object)'> (0x000000061f8fc818) 
thrown [s\src\hotspot\share\interpreter\linkResolver.cpp, line 759]
Event: 0.624 Thread 0x0000021685295390 Exception <a 'java/lang/NoSuchMethodError'{0x000000061f9841d0}: 'void java.lang.invoke.DirectMethodHandle$Holder.invokeSpecial(java.lang.Object, java.lang.Object, int, java.lang.Object)'> (0x000000061f9841d0) 
thrown [s\src\hotspot\share\interpreter\linkResolver.cpp, line 759]
Event: 0.626 Thread 0x0000021685295390 Exception <a 'java/lang/NoSuchMethodError'{0x000000061f99a250}: 'java.lang.Object java.lang.invoke.DirectMethodHandle$Holder.newInvokeSpecial(java.lang.Object, java.lang.Object, int, java.lang.Object, java.lang.Object)'> (0x000000061f99a250) 
thrown [s\src\hotspot\share\interpreter\linkResolver.cpp, line 759]
Event: 0.638 Thread 0x0000021685295390 Implicit null exception at 0x000002168cf2f54b to 0x0000000000000000

VM Operations (6 events):
Event: 0.041 Executing VM operation: HandshakeAllThreads
Event: 0.041 Executing VM operation: HandshakeAllThreads done
Event: 0.086 Executing VM operation: HandshakeAllThreads
Event: 0.086 Executing VM operation: HandshakeAllThreads done
Event: 0.101 Executing VM operation: HandshakeAllThreads
Event: 0.101 Executing VM operation: HandshakeAllThreads done

Events (20 events):
Event: 0.519 loading class java/util/concurrent/atomic/AtomicLongArray done
Event: 0.521 loading class java/io/SequenceInputStream
Event: 0.521 loading class java/io/SequenceInputStream done
Event: 0.538 loading class sun/net/ProgressMonitor
Event: 0.538 loading class sun/net/ProgressMonitor done
Event: 0.538 loading class sun/net/DefaultProgressMeteringPolicy
Event: 0.538 loading class sun/net/ProgressMeteringPolicy
Event: 0.538 loading class sun/net/ProgressMeteringPolicy done
Event: 0.539 loading class sun/net/DefaultProgressMeteringPolicy done
Event: 0.625 Thread 0x00000216b7d0bfd0 Thread added: 0x00000216b7d0bfd0
Event: 0.627 loading class java/util/stream/MatchOps$MatchKind
Event: 0.627 loading class java/util/stream/MatchOps$MatchKind done
Event: 0.627 loading class java/util/stream/MatchOps
Event: 0.627 loading class java/util/stream/MatchOps done
Event: 0.627 loading class java/util/stream/MatchOps$MatchOp
Event: 0.627 loading class java/util/stream/MatchOps$MatchOp done
Event: 0.627 loading class java/util/stream/MatchOps$BooleanTerminalSink
Event: 0.627 loading class java/util/stream/MatchOps$BooleanTerminalSink done
Event: 0.627 loading class java/util/stream/MatchOps$1MatchSink
Event: 0.628 loading class java/util/stream/MatchOps$1MatchSink done


Dynamic libraries:
0x00007ff7bf740000 - 0x00007ff7bf74d000 	D:\jdks\corretto_17\bin\java.exe
0x00007ffbf0f70000 - 0x00007ffbf1168000 	C:\Windows\SYSTEM32\ntdll.dll
0x00007ffbefa30000 - 0x00007ffbefaef000 	C:\Windows\System32\KERNEL32.DLL
0x00007ffbeeaf0000 - 0x00007ffbeedc2000 	C:\Windows\System32\KERNELBASE.dll
0x00007ffbee770000 - 0x00007ffbee870000 	C:\Windows\System32\ucrtbase.dll
0x00007ffbc08f0000 - 0x00007ffbc0907000 	D:\jdks\corretto_17\bin\jli.dll
0x00007ffbc0400000 - 0x00007ffbc0415000 	D:\jdks\corretto_17\bin\VCRUNTIME140.dll
0x00007ffbef560000 - 0x00007ffbef701000 	C:\Windows\System32\USER32.dll
0x00007ffbeee20000 - 0x00007ffbeee42000 	C:\Windows\System32\win32u.dll
0x00007ffbe3530000 - 0x00007ffbe37ca000 	C:\Windows\WinSxS\amd64_microsoft.windows.common-controls_6595b64144ccf1df_6.0.19041.1110_none_60b5254171f9507e\COMCTL32.dll
0x00007ffbef950000 - 0x00007ffbef97b000 	C:\Windows\System32\GDI32.dll
0x00007ffbf0d60000 - 0x00007ffbf0dfe000 	C:\Windows\System32\msvcrt.dll
0x00007ffbee660000 - 0x00007ffbee76f000 	C:\Windows\System32\gdi32full.dll
0x00007ffbee8a0000 - 0x00007ffbee93d000 	C:\Windows\System32\msvcp_win.dll
0x00007ffbef210000 - 0x00007ffbef242000 	C:\Windows\System32\IMM32.DLL
0x00007ffbc0280000 - 0x00007ffbc031b000 	D:\jdks\corretto_17\bin\msvcp140.dll
0x00007ffb896e0000 - 0x00007ffb8a2f8000 	D:\jdks\corretto_17\bin\server\jvm.dll
0x00007ffbef980000 - 0x00007ffbefa2e000 	C:\Windows\System32\ADVAPI32.dll
0x00007ffbefb60000 - 0x00007ffbefbfc000 	C:\Windows\System32\sechost.dll
0x00007ffbef0e0000 - 0x00007ffbef205000 	C:\Windows\System32\RPCRT4.dll
0x00007ffbe96c0000 - 0x00007ffbe96c9000 	C:\Windows\SYSTEM32\WSOCK32.dll
0x00007ffbe5d40000 - 0x00007ffbe5d67000 	C:\Windows\SYSTEM32\WINMM.dll
0x00007ffbe87a0000 - 0x00007ffbe87aa000 	C:\Windows\SYSTEM32\VERSION.dll
0x00007ffbefaf0000 - 0x00007ffbefb5b000 	C:\Windows\System32\WS2_32.dll
0x00007ffbec540000 - 0x00007ffbec552000 	C:\Windows\SYSTEM32\kernel.appcore.dll
0x00007ffbc4eb0000 - 0x00007ffbc4eba000 	D:\jdks\corretto_17\bin\jimage.dll
0x00007ffbe43a0000 - 0x00007ffbe4584000 	C:\Windows\SYSTEM32\DBGHELP.DLL
0x00007ffbdcf40000 - 0x00007ffbdcf75000 	C:\Windows\SYSTEM32\dbgcore.DLL
0x00007ffbee9f0000 - 0x00007ffbeea72000 	C:\Windows\System32\bcryptPrimitives.dll
0x00007ffbc0250000 - 0x00007ffbc0275000 	D:\jdks\corretto_17\bin\java.dll
0x00007ffbbff30000 - 0x00007ffbc0006000 	D:\jdks\corretto_17\bin\jsvml.dll
0x00007ffbf0120000 - 0x00007ffbf0865000 	C:\Windows\System32\SHELL32.dll
0x00007ffbec740000 - 0x00007ffbeced2000 	C:\Windows\SYSTEM32\windows.storage.dll
0x00007ffbefdc0000 - 0x00007ffbf0115000 	C:\Windows\System32\combase.dll
0x00007ffbee0c0000 - 0x00007ffbee0f0000 	C:\Windows\SYSTEM32\Wldp.dll
0x00007ffbefc00000 - 0x00007ffbefcad000 	C:\Windows\System32\SHCORE.dll
0x00007ffbefcb0000 - 0x00007ffbefd05000 	C:\Windows\System32\shlwapi.dll
0x00007ffbee5a0000 - 0x00007ffbee5bf000 	C:\Windows\SYSTEM32\profapi.dll
0x00007ffbc03e0000 - 0x00007ffbc03f9000 	D:\jdks\corretto_17\bin\net.dll
0x00007ffbe7df0000 - 0x00007ffbe7efc000 	C:\Windows\SYSTEM32\WINHTTP.dll
0x00007ffbeddb0000 - 0x00007ffbede1a000 	C:\Windows\system32\mswsock.dll
0x00007ffbc0230000 - 0x00007ffbc0245000 	D:\jdks\corretto_17\bin\nio.dll
0x00007ffbc0210000 - 0x00007ffbc0228000 	D:\jdks\corretto_17\bin\zip.dll
0x00007ffbbfda0000 - 0x00007ffbbfdb0000 	D:\jdks\corretto_17\bin\verify.dll
0x00007ffba41e0000 - 0x00007ffba4255000 	C:\Users\stuka\AppData\Local\Temp\lwjglstuka\3.3.1-SNAPSHOT\lwjgl.dll
0x00007ffba24e0000 - 0x00007ffba2541000 	C:\Users\stuka\AppData\Local\Temp\lwjglstuka\3.3.1-SNAPSHOT\glfw.dll
0x00007ffba4190000 - 0x00007ffba41d5000 	C:\Windows\SYSTEM32\dinput8.dll
0x00007ffbd95e0000 - 0x00007ffbd95f1000 	C:\Windows\SYSTEM32\xinput1_4.dll
0x00007ffbeedd0000 - 0x00007ffbeee1e000 	C:\Windows\System32\cfgmgr32.dll
0x00007ffbee410000 - 0x00007ffbee43c000 	C:\Windows\SYSTEM32\DEVOBJ.dll
0x00007ffbec360000 - 0x00007ffbec38f000 	C:\Windows\SYSTEM32\dwmapi.dll
0x00007ffbd99a0000 - 0x00007ffbd9af2000 	C:\Windows\SYSTEM32\inputhost.dll
0x00007ffbf0e60000 - 0x00007ffbf0f2d000 	C:\Windows\System32\OLEAUT32.dll
0x00007ffbeb150000 - 0x00007ffbeb2a4000 	C:\Windows\SYSTEM32\wintypes.dll
0x00007ffbebc60000 - 0x00007ffbebd52000 	C:\Windows\SYSTEM32\CoreMessaging.dll
0x00007ffbe9f90000 - 0x00007ffbea086000 	C:\Windows\SYSTEM32\PROPSYS.dll
0x00007ffbeb820000 - 0x00007ffbebb7e000 	C:\Windows\SYSTEM32\CoreUIComponents.dll
0x00007ffbed780000 - 0x00007ffbed7b3000 	C:\Windows\SYSTEM32\ntmarta.dll
0x00007ffbec020000 - 0x00007ffbec0be000 	C:\Windows\system32\uxtheme.dll
0x00007ffbeefb0000 - 0x00007ffbef0c5000 	C:\Windows\System32\MSCTF.dll
0x00007ffbc7d50000 - 0x00007ffbc7e75000 	C:\Windows\SYSTEM32\opengl32.dll
0x00007ffbdc680000 - 0x00007ffbdc6ac000 	C:\Windows\SYSTEM32\GLU32.dll
0x00007ffbefd10000 - 0x00007ffbefdb9000 	C:\Windows\System32\clbcatq.dll
0x00007ffb66f30000 - 0x00007ffb6a864000 	C:\Windows\System32\DriverStore\FileRepository\nv_dispi.inf_amd64_36f8a434e9b7b9f2\nvoglv64.dll
0x00007ffbf0870000 - 0x00007ffbf0cd8000 	C:\Windows\System32\SETUPAPI.dll
0x00007ffbee870000 - 0x00007ffbee897000 	C:\Windows\System32\bcrypt.dll
0x00007ffbef7b0000 - 0x00007ffbef8da000 	C:\Windows\System32\ole32.dll
0x00007ffbea0f0000 - 0x00007ffbea104000 	C:\Windows\SYSTEM32\WTSAPI32.dll
0x00007ffbee250000 - 0x00007ffbee262000 	C:\Windows\SYSTEM32\msasn1.dll
0x00007ffbe8440000 - 0x00007ffbe8471000 	C:\Windows\SYSTEM32\cryptnet.dll
0x00007ffbeee50000 - 0x00007ffbeefa6000 	C:\Windows\System32\CRYPT32.dll
0x00007ffbe8290000 - 0x00007ffbe83d8000 	C:\Windows\SYSTEM32\drvstore.dll
0x00007ffbedfc0000 - 0x00007ffbedfcc000 	C:\Windows\SYSTEM32\cryptbase.dll
0x00007ffbeea80000 - 0x00007ffbeeae9000 	C:\Windows\System32\WINTRUST.dll
0x00007ffbe7d00000 - 0x00007ffbe7d3b000 	C:\Windows\SYSTEM32\dxcore.dll
0x00007ffba5cf0000 - 0x00007ffba5fc1000 	C:\Windows\system32\nvspcap64.dll
0x00007ffbee070000 - 0x00007ffbee0bb000 	C:\Windows\SYSTEM32\powrprof.dll
0x00007ffbee030000 - 0x00007ffbee042000 	C:\Windows\SYSTEM32\UMPDC.dll
0x00007ffbeda30000 - 0x00007ffbeda94000 	C:\Windows\SYSTEM32\WINSTA.dll
0x00007ffbd9b00000 - 0x00007ffbd9bf9000 	C:\Windows\SYSTEM32\textinputframework.dll
0x00007ffba2480000 - 0x00007ffba24dd000 	C:\Users\stuka\AppData\Local\Temp\lwjglstuka\3.3.1-SNAPSHOT\lwjgl_opengl.dll
0x00007ffba1200000 - 0x00007ffba1397000 	C:\Users\stuka\AppData\Local\Temp\lwjglstuka\3.3.1-SNAPSHOT\OpenAL.dll
0x00007ffbe8530000 - 0x00007ffbe85b5000 	C:\Windows\System32\MMDevApi.dll
0x00007ffbe85c0000 - 0x00007ffbe8742000 	C:\Windows\SYSTEM32\AUDIOSES.DLL
0x00007ffbec150000 - 0x00007ffbec164000 	C:\Windows\SYSTEM32\resourcepolicyclient.dll
0x00007ffba1170000 - 0x00007ffba11f1000 	C:\Users\stuka\AppData\Local\Temp\lwjglstuka\3.3.1-SNAPSHOT\lwjgl_stb.dll

dbghelp: loaded successfully - version: 4.0.5 - missing functions: none
symbol engine: initialized successfully - sym options: 0x614 - pdb path: .;D:\jdks\corretto_17\bin;C:\Windows\SYSTEM32;C:\Windows\WinSxS\amd64_microsoft.windows.common-controls_6595b64144ccf1df_6.0.19041.1110_none_60b5254171f9507e;D:\jdks\corretto_17\bin\server;C:\Users\stuka\AppData\Local\Temp\lwjglstuka\3.3.1-SNAPSHOT;C:\Windows\System32\DriverStore\FileRepository\nv_dispi.inf_amd64_36f8a434e9b7b9f2

VM Arguments:
jvm_args: -Dfile.encoding=windows-1251 -Duser.country=RU -Duser.language=ru -Duser.variant 
java_command: SungearEngine2D.Main.Main
java_class_path (initial): D:\Pixelfield\SungearEngine2D\Engine\build\classes\java\main;D:\Pixelfield\SungearEngine2D\Engine\build\resources\main;D:\Pixelfield\SungearEngine2D\Core2D\build\libs\Core2D.jar;D:\Pixelfield\SungearEngine2D\Core2D\libs\commons-io-2.11.0.jar;D:\Pixelfield\SungearEngine2D\Core2D\libs\gson-2.9.0.jar;D:\Pixelfield\SungearEngine2D\Core2D\libs\jbox2d-library-2.1.2.2.jar;C:\Users\stuka\.gradle\caches\modules-2\files-2.1\org.joml\joml\1.10.5\22566d58af70ad3d72308bab63b8339906deb649\joml-1.10.5.jar;D:\Pixelfield\SungearEngine2D\Core2D\libs\lwjgl.jar;D:\Pixelfield\SungearEngine2D\Core2D\libs\lwjgl-glfw.jar;D:\Pixelfield\SungearEngine2D\Core2D\libs\lwjgl-glfw-natives-windows.jar;D:\Pixelfield\SungearEngine2D\Core2D\libs\lwjgl-glfw-sources.jar;D:\Pixelfield\SungearEngine2D\Core2D\libs\lwjgl-natives-windows.jar;D:\Pixelfield\SungearEngine2D\Core2D\libs\lwjgl-openal.jar;D:\Pixelfield\SungearEngine2D\Core2D\libs\lwjgl-openal-natives-windows.jar;D:\Pixelfield\SungearEngine2D\Core2D\libs\lwjgl-openal-sources.jar;D:\Pixelfield\SungearEngine2D\Core2D\libs\lwjgl-opengl.jar;D:\Pixelfield\SungearEngine2D\Core2D\libs\lwjgl-opengl-natives-windows.jar;D:\Pixelfield\SungearEngine2D\Core2D\libs\lwjgl-opengl-sources.jar;D:\Pixelfield\SungearEngine2D\Core2D\libs\lwjgl-sources.jar;D:\Pixelfield\SungearEngine2D\Core2D\libs\lwjgl-stb.jar;D:\Pixelfield\SungearEngine2D\Core2D\libs\lwjgl-stb-natives-windows.jar;D:\Pixelfield\SungearEngine2D\Core2D\libs\lwjgl-stb-sources.jar;D:\Pixelfield\SungearEngine2D\Core2D\libs\slf4j-api-2.0.0-alpha5.jar;D:\Pixelfield\SungearEngine2D\Core2D\libs\slf4j-simple-2.0.0-alpha5.jar;D:\Pixelfield\SungearEngine2D\Core2D\libs\slick.jar;D:\Pixelfield\SungearEngine2D\Core2D\libs\slick-util.jar;D:\Pixelfield\SungearEngine2D\common\build\libs\common.jar;D:\Pixelfield\SungearEngine2D\Engine\libs\imgui-app-1.84.1.3.jar
Launcher Type: SUN_STANDARD

[Global flags]
     intx CICompilerCount                          = 12                                        {product} {ergonomic}
     uint ConcGCThreads                            = 3                                         {product} {ergonomic}
     uint G1ConcRefinementThreads                  = 13                                        {product} {ergonomic}
   size_t G1HeapRegionSize                         = 4194304                                   {product} {ergonomic}
    uintx GCDrainStackTargetSize                   = 64                                        {product} {ergonomic}
   size_t InitialHeapSize                          = 536870912                                 {product} {ergonomic}
   size_t MarkStackSize                            = 4194304                                   {product} {ergonomic}
   size_t MaxHeapSize                              = 8573157376                                {product} {ergonomic}
   size_t MaxNewSize                               = 5142216704                                {product} {ergonomic}
   size_t MinHeapDeltaBytes                        = 4194304                                   {product} {ergonomic}
   size_t MinHeapSize                              = 8388608                                   {product} {ergonomic}
    uintx NonNMethodCodeHeapSize                   = 7602480                                {pd product} {ergonomic}
    uintx NonProfiledCodeHeapSize                  = 122027880                              {pd product} {ergonomic}
    uintx ProfiledCodeHeapSize                     = 122027880                              {pd product} {ergonomic}
    uintx ReservedCodeCacheSize                    = 251658240                              {pd product} {ergonomic}
     bool SegmentedCodeCache                       = true                                      {product} {ergonomic}
   size_t SoftMaxHeapSize                          = 8573157376                             {manageable} {ergonomic}
     bool UseCompressedClassPointers               = true                           {product lp64_product} {ergonomic}
     bool UseCompressedOops                        = true                           {product lp64_product} {ergonomic}
     bool UseG1GC                                  = true                                      {product} {ergonomic}
     bool UseLargePagesIndividualAllocation        = false                                  {pd product} {ergonomic}

Logging:
Log output configuration:
 #0: stdout all=warning uptime,level,tags
 #1: stderr all=off uptime,level,tags

Environment Variables:
JAVA_HOME=C:\Program Files\Java\jdk-17
PATH=C:\Program Files\Common Files\Oracle\Java\javapath;C:\Program Files (x86)\Common Files\Oracle\Java\javapath;C:\Windows\system32;C:\Windows;C:\Windows\System32\Wbem;C:\Windows\System32\WindowsPowerShell\v1.0\;C:\Windows\System32\OpenSSH\;C:\Program Files (x86)\NVIDIA Corporation\PhysX\Common;C:\Program Files\NVIDIA Corporation\NVIDIA NvDLISR;C:\Program Files\dotnet\;C:\Program Files\Java\jdk-17;D:\Python\Scripts\;D:\Python\;C:\Users\stuka\AppData\Local\Microsoft\WindowsApps;C:\Users\stuka\AppData\Local\JetBrains\Toolbox\scripts;C:\Users\stuka\AppData\Local\GitHubDesktop\bin;C:\Users\stuka\.dotnet\tools
USERNAME=stuka
OS=Windows_NT
PROCESSOR_IDENTIFIER=AMD64 Family 25 Model 33 Stepping 2, AuthenticAMD
TMP=C:\Users\stuka\AppData\Local\Temp
TEMP=C:\Users\stuka\AppData\Local\Temp



---------------  S Y S T E M  ---------------

OS:
 Windows 10 , 64 bit Build 19041 (10.0.19041.2546)
OS uptime: 0 days 22:39 hours

CPU: total 16 (initial active 16) (16 cores per cpu, 2 threads per core) family 25 model 33 stepping 2 microcode 0x0, cx8, cmov, fxsr, ht, mmx, 3dnowpref, sse, sse2, sse3, ssse3, sse4a, sse4.1, sse4.2, popcnt, lzcnt, tsc, tscinvbit, avx, avx2, aes, erms, clmul, bmi1, bmi2, adx, sha, fma, vzeroupper, clflush, clflushopt

Memory: 4k page, system-wide physical 32694M (20200M free)
TotalPageFile size 37558M (AvailPageFile size 20916M)
current process WorkingSet (physical memory assigned to process): 159M, peak: 160M
current process commit charge ("private bytes"): 813M, peak: 813M

vm_info: OpenJDK 64-Bit Server VM (17.0.6+10-LTS) for windows-amd64 JRE (17.0.6+10-LTS), built on Jan 13 2023 22:57:04 by "Administrator" with MS VC++ 15.9 (VS2017)

END.
