#
# A fatal error has been detected by the Java Runtime Environment:
#
#  EXCEPTION_ACCESS_VIOLATION (0xc0000005) at pc=0x00007ffba24e24ee, pid=13132, tid=6336
#
# JRE version: OpenJDK Runtime Environment Corretto-17.0.6.10.1 (17.0.6+10) (build 17.0.6+10-LTS)
# Java VM: OpenJDK 64-Bit Server VM Corretto-17.0.6.10.1 (17.0.6+10-LTS, mixed mode, sharing, tiered, compressed oops, compressed class ptrs, g1 gc, windows-amd64)
# Problematic frame:
# C  [glfw.dll+0x24ee]
#
# No core dump will be written. Minidumps are not enabled by default on client versions of Windows
#
# If you would like to submit a bug report, please visit:
#   https://github.com/corretto/corretto-17/issues/
# The crash happened outside the Java Virtual Machine in native code.
# See problematic frame for where to report the bug.
#

---------------  S U M M A R Y ------------

Command Line: -Dfile.encoding=windows-1251 -Duser.country=RU -Duser.language=ru -Duser.variant SungearEngine2D.Main.Main

Host: AMD Ryzen 7 5800X 8-Core Processor             , 16 cores, 31G,  Windows 10 , 64 bit Build 19041 (10.0.19041.2546)
Time: Fri Feb 24 01:44:27 2023 RTZ 2 (s 10 , 64 bit Build 19041 (10.0.19041.2546) elapsed time: 0.617694 seconds (0d 0h 0m 0s)

---------------  T H R E A D  ---------------

Current thread (0x00000132fac26550):  JavaThread "main" [_thread_in_native, id=6336, stack(0x0000002025600000,0x0000002025700000)]

Stack: [0x0000002025600000,0x0000002025700000],  sp=0x00000020256fef50,  free space=1019k
Native frames: (J=compiled Java code, j=interpreted, Vv=VM code, C=native code)
C  [glfw.dll+0x24ee]

Java frames: (J=compiled Java code, j=interpreted, Vv=VM code)
j  org.lwjgl.system.JNI.invokePI(JJ)I+0
j  org.lwjgl.glfw.GLFW.nglfwGetError(J)I+6
j  org.lwjgl.glfw.GLFW.glfwGetError(Lorg/lwjgl/PointerBuffer;)I+15
j  SungearEngine2D.Main.Resources$Cursors.load()V+66
j  SungearEngine2D.Main.Resources.load()V+9
j  SungearEngine2D.Main.Main$1.onInit()V+0
j  Core2D.Core2D.Core2D.initCore()V+82
j  Core2D.Core2D.Core2D.run()V+15
j  Core2D.Core2D.Core2D.create(Ljava/lang/String;Lorg/joml/Vector2i;[I[I)V+30
j  Core2D.Core2D.Core2D.start()V+12
j  SungearEngine2D.Main.Main.main([Ljava/lang/String;)V+41
v  ~StubRoutines::call_stub

siginfo: EXCEPTION_ACCESS_VIOLATION (0xc0000005), writing address 0x0000000000000010


Register to memory mapping:

RIP=0x00007ffba24e24ee glfw.dll
RAX=0x00007ffba41e1380 lwjgl.dll
RBX=0x0000000000000010 is an unknown value
RCX=0x0000000000000010 is an unknown value
RDX=0x00000020256ff020 is pointing into the stack for thread: 0x00000132fac26550
RSP=0x00000020256fef50 is pointing into the stack for thread: 0x00000132fac26550
RBP=0x00000020256ff010 is pointing into the stack for thread: 0x00000132fac26550
RSI=0x00000132a9217378 is pointing into metadata
RDI=0x0000000000000110 is an unknown value
R8 =0x0000000000000010 is an unknown value
R9 =0x00007ffba24e24e0 glfw.dll
R10=0x000001328ee8d5f2 is at code_begin+946 in an Interpreter codelet
method entry point (kind = native)  [0x000001328ee8d240, 0x000001328ee8dbc0]  2432 bytes
R11=0x000000062062ed70 is an oop: java.lang.Class 
{0x000000062062ed70} - klass: 'java/lang/Class'
 - ---- fields (total size 14 words):
 - private volatile transient 'classRedefinedCount' 'I' @12  0
 - private volatile transient 'cachedConstructor' 'Ljava/lang/reflect/Constructor;' @40  NULL (0)
 - private transient 'name' 'Ljava/lang/String;' @44  "org.lwjgl.system.JNI"{0x000000062062edf0} (c40c5dbe)
 - private transient 'module' 'Ljava/lang/Module;' @48  a 'java/lang/Module'{0x0000000620c696d8} (c418d2db)
 - private final 'classLoader' 'Ljava/lang/ClassLoader;' @52  a 'jdk/internal/loader/ClassLoaders$AppClassLoader'{0x0000000620c69518} (c418d2a3)
 - private transient 'classData' 'Ljava/lang/Object;' @56  NULL (0)
 - private transient 'packageName' 'Ljava/lang/String;' @60  "org.lwjgl.system"{0x0000000620bc0cb0} (c4178196)
 - private final 'componentType' 'Ljava/lang/Class;' @64  NULL (0)
 - private volatile transient 'reflectionData' 'Ljava/lang/ref/SoftReference;' @68  NULL (0)
 - private volatile transient 'genericInfo' 'Lsun/reflect/generics/repository/ClassRepository;' @72  NULL (0)
 - private volatile transient 'enumConstants' '[Ljava/lang/Object;' @76  NULL (0)
 - private volatile transient 'enumConstantDirectory' 'Ljava/util/Map;' @80  NULL (0)
 - private volatile transient 'annotationData' 'Ljava/lang/Class$AnnotationData;' @84  NULL (0)
 - private volatile transient 'annotationType' 'Lsun/reflect/annotation/AnnotationType;' @88  NULL (0)
 - transient 'classValueMap' 'Ljava/lang/ClassValue$ClassValueMap;' @92  NULL (0)
 - signature: Lorg/lwjgl/system/JNI;
 - fake entry for mirror: 'org/lwjgl/system/JNI'
 - fake entry for array: NULL
 - fake entry for oop_size: 14
 - fake entry for static_oop_field_count: 0
R12=0x0 is NULL
R13={method} {0x00000132a917fbb0} 'invokePI' '(JJ)I' in 'org/lwjgl/system/JNI'
R14=0x00000020256ff048 is pointing into the stack for thread: 0x00000132fac26550
R15=0x00000132fac26550 is a thread


Registers:
RAX=0x00007ffba41e1380, RBX=0x0000000000000010, RCX=0x0000000000000010, RDX=0x00000020256ff020
RSP=0x00000020256fef50, RBP=0x00000020256ff010, RSI=0x00000132a9217378, RDI=0x0000000000000110
R8 =0x0000000000000010, R9 =0x00007ffba24e24e0, R10=0x000001328ee8d5f2, R11=0x000000062062ed70
R12=0x0000000000000000, R13=0x00000132a917fba8, R14=0x00000020256ff048, R15=0x00000132fac26550
RIP=0x00007ffba24e24ee, EFLAGS=0x0000000000010202

Top of Stack: (sp=0x00000020256fef50)
0x00000020256fef50:   00000132a917fba8 00000132a917fba8
0x00000020256fef60:   00000132fac26550 00007ffb89a4a8c1
0x00000020256fef70:   00000132a917fba8 000001328ee8d621
0x00000020256fef80:   00000132a917fba8 00000020256ff098
0x00000020256fef90:   0000000000000110 000001328ee8d352
0x00000020256fefa0:   00000132a917fba8 00000132a9217378
0x00000020256fefb0:   3ff0000000000000 00000132fac26550
0x00000020256fefc0:   000001328ee8d2f6 00000020256fefc8
0x00000020256fefd0:   00000132a917fba8 00000020256ff048
0x00000020256fefe0:   00000132a91b6cd0 0000000000000000
0x00000020256feff0:   000000062062ed70 00000132a917fba8
0x00000020256ff000:   0000000000000000 00000020256ff030
0x00000020256ff010:   00000020256ff098 000001328ee89612
0x00000020256ff020:   000000062062ed70 000001328ee8af76
0x00000020256ff030:   00007ffba24e24e0 0000000000000000
0x00000020256ff040:   0000000000000010 0000000000000000 

Instructions: (pc=0x00007ffba24e24ee)
0x00007ffba24e23ee:   48 83 c4 28 c3 48 8b 15 b6 45 05 00 ff 15 a8 45
0x00007ffba24e23fe:   05 00 33 c0 48 83 c4 28 c3 b9 01 00 00 00 48 83
0x00007ffba24e240e:   c4 28 e9 ab fe ff ff 48 83 c4 28 c3 cc cc cc cc
0x00007ffba24e241e:   cc cc 40 53 48 83 ec 20 48 89 7c 24 38 48 8b d9
0x00007ffba24e242e:   48 c7 c7 ff ff ff ff 48 ff c7 80 3c 39 00 75 f7
0x00007ffba24e243e:   48 89 74 24 30 48 83 c7 01 74 36 48 8b 15 60 45
0x00007ffba24e244e:   05 00 48 8b cf ff 15 3f 45 05 00 48 8b f0 48 85
0x00007ffba24e245e:   c0 74 12 4c 8b c7 33 d2 48 8b c8 e8 02 2e 01 00
0x00007ffba24e246e:   48 8b c6 eb 0e 33 d2 b9 05 00 01 00 e8 b1 f9 ff
0x00007ffba24e247e:   ff 33 c0 48 8b 7c 24 38 48 8b d0 48 8b 74 24 30
0x00007ffba24e248e:   48 2b d3 0f b6 0b 88 0c 1a 48 8d 5b 01 84 c9 75
0x00007ffba24e249e:   f2 48 83 c4 20 5b c3 cc cc cc cc cc cc cc cc cc
0x00007ffba24e24ae:   cc cc e9 3f 95 01 00 cc cc cc cc cc cc cc cc cc
0x00007ffba24e24be:   cc cc e9 1b 95 01 00 cc cc cc cc cc cc cc cc cc
0x00007ffba24e24ce:   cc cc e9 27 95 01 00 cc cc cc cc cc cc cc cc cc
0x00007ffba24e24de:   cc cc 40 53 48 83 ec 20 48 8b d9 48 85 c9 74 07
0x00007ffba24e24ee:   48 c7 01 00 00 00 00 83 3d 94 44 05 00 00 74 1a
0x00007ffba24e24fe:   48 8d 0d 1f 5d 05 00 e8 36 8c 00 00 48 8b c8 48
0x00007ffba24e250e:   85 c0 75 0d 48 83 c4 20 5b c3 48 8d 0d 21 6e 05
0x00007ffba24e251e:   00 8b 41 08 c7 41 08 00 00 00 00 48 85 db 74 0b
0x00007ffba24e252e:   85 c0 74 07 48 83 c1 0c 48 89 0b 48 83 c4 20 5b
0x00007ffba24e253e:   c3 cc 48 85 c9 74 06 c7 01 03 00 00 00 48 85 d2
0x00007ffba24e254e:   74 06 c7 02 04 00 00 00 4d 85 c0 74 07 41 c7 00
0x00007ffba24e255e:   00 00 00 00 c3 cc cc cc cc cc cc cc cc cc cc cc
0x00007ffba24e256e:   cc cc 48 83 ec 28 83 3d 15 44 05 00 00 0f 85 39
0x00007ffba24e257e:   01 00 00 33 c0 48 8d 0d 2e 44 05 00 33 d2 48 89
0x00007ffba24e258e:   05 fd 43 05 00 41 b8 40 02 00 00 e8 d2 2c 01 00
0x00007ffba24e259e:   33 d2 48 8d 0d 79 46 05 00 41 b8 20 27 00 00 e8
0x00007ffba24e25ae:   be 2c 01 00 0f 10 05 47 2a 05 00 0f 10 0d 50 2a
0x00007ffba24e25be:   05 00 0f 11 05 31 46 05 00 f2 0f 10 05 51 2a 05
0x00007ffba24e25ce:   00 0f 11 0d 32 46 05 00 0f 10 0d 7b 71 05 00 f2
0x00007ffba24e25de:   0f 11 05 33 46 05 00 0f 10 05 7c 71 05 00 66 48 


Stack slot to memory mapping:
stack at sp + 0 slots: {method} {0x00000132a917fbb0} 'invokePI' '(JJ)I' in 'org/lwjgl/system/JNI'
stack at sp + 1 slots: {method} {0x00000132a917fbb0} 'invokePI' '(JJ)I' in 'org/lwjgl/system/JNI'
stack at sp + 2 slots: 0x00000132fac26550 is a thread
stack at sp + 3 slots: 0x00007ffb89a4a8c1 jvm.dll
stack at sp + 4 slots: {method} {0x00000132a917fbb0} 'invokePI' '(JJ)I' in 'org/lwjgl/system/JNI'
stack at sp + 5 slots: 0x000001328ee8d621 is at code_begin+993 in an Interpreter codelet
method entry point (kind = native)  [0x000001328ee8d240, 0x000001328ee8dbc0]  2432 bytes
stack at sp + 6 slots: {method} {0x00000132a917fbb0} 'invokePI' '(JJ)I' in 'org/lwjgl/system/JNI'
stack at sp + 7 slots: 0x00000020256ff098 is pointing into the stack for thread: 0x00000132fac26550


---------------  P R O C E S S  ---------------

Threads class SMR info:
_java_thread_list=0x00000132ad632730, length=16, elements={
0x00000132fac26550, 0x00000132fed5ef30, 0x00000132fed60540, 0x00000132fed74e50,
0x00000132fed78920, 0x00000132fed79a70, 0x00000132fed7cbd0, 0x00000132fed89ec0,
0x00000132fedae890, 0x00000132fedb9970, 0x00000132ff7cd2e0, 0x00000132ff7cf800,
0x00000132ff804200, 0x00000132ff806150, 0x00000132ff8e6e80, 0x00000132ae0f1950
}

Java Threads: ( => current thread )
=>0x00000132fac26550 JavaThread "main" [_thread_in_native, id=6336, stack(0x0000002025600000,0x0000002025700000)]
  0x00000132fed5ef30 JavaThread "Reference Handler" daemon [_thread_blocked, id=19740, stack(0x0000002025d00000,0x0000002025e00000)]
  0x00000132fed60540 JavaThread "Finalizer" daemon [_thread_blocked, id=19448, stack(0x0000002025e00000,0x0000002025f00000)]
  0x00000132fed74e50 JavaThread "Signal Dispatcher" daemon [_thread_blocked, id=16124, stack(0x0000002025f00000,0x0000002026000000)]
  0x00000132fed78920 JavaThread "Attach Listener" daemon [_thread_blocked, id=18348, stack(0x0000002026000000,0x0000002026100000)]
  0x00000132fed79a70 JavaThread "Service Thread" daemon [_thread_blocked, id=20200, stack(0x0000002026100000,0x0000002026200000)]
  0x00000132fed7cbd0 JavaThread "Monitor Deflation Thread" daemon [_thread_blocked, id=6380, stack(0x0000002026200000,0x0000002026300000)]
  0x00000132fed89ec0 JavaThread "C2 CompilerThread0" daemon [_thread_blocked, id=19940, stack(0x0000002026300000,0x0000002026400000)]
  0x00000132fedae890 JavaThread "C1 CompilerThread0" daemon [_thread_blocked, id=10788, stack(0x0000002026400000,0x0000002026500000)]
  0x00000132fedb9970 JavaThread "Sweeper thread" daemon [_thread_blocked, id=13432, stack(0x0000002026500000,0x0000002026600000)]
  0x00000132ff7cd2e0 JavaThread "C1 CompilerThread1" daemon [_thread_blocked, id=18752, stack(0x0000002026600000,0x0000002026700000)]
  0x00000132ff7cf800 JavaThread "C1 CompilerThread2" daemon [_thread_blocked, id=17484, stack(0x0000002026700000,0x0000002026800000)]
  0x00000132ff804200 JavaThread "Notification Thread" daemon [_thread_blocked, id=16684, stack(0x0000002026800000,0x0000002026900000)]
  0x00000132ff806150 JavaThread "Common-Cleaner" daemon [_thread_blocked, id=1548, stack(0x0000002026a00000,0x0000002026b00000)]
  0x00000132ff8e6e80 JavaThread "C1 CompilerThread3" daemon [_thread_blocked, id=16752, stack(0x0000002026c00000,0x0000002026d00000)]
  0x00000132ae0f1950 JavaThread "C2 CompilerThread1" daemon [_thread_blocked, id=14616, stack(0x0000002027500000,0x0000002027600000)]

Other Threads:
  0x00000132fed58780 VMThread "VM Thread" [stack: 0x0000002025c00000,0x0000002025d00000] [id=18936]
  0x00000132ff8046d0 WatcherThread [stack: 0x0000002026900000,0x0000002026a00000] [id=18980]
  0x00000132facd4cc0 GCTaskThread "GC Thread#0" [stack: 0x0000002025700000,0x0000002025800000] [id=9764]
  0x00000132face6b90 ConcurrentGCThread "G1 Main Marker" [stack: 0x0000002025800000,0x0000002025900000] [id=17624]
  0x00000132face7de0 ConcurrentGCThread "G1 Conc#0" [stack: 0x0000002025900000,0x0000002025a00000] [id=4316]
  0x00000132fec92fb0 ConcurrentGCThread "G1 Refine#0" [stack: 0x0000002025a00000,0x0000002025b00000] [id=16900]
  0x00000132fec939d0 ConcurrentGCThread "G1 Service" [stack: 0x0000002025b00000,0x0000002025c00000] [id=18772]

Threads with active compile tasks:

VM state: not at safepoint (normal execution)

VM Mutex/Monitor currently owned by a thread: None

Heap address: 0x0000000601000000, size: 8176 MB, Compressed Oops mode: Zero based, Oop shift amount: 3

CDS archive(s) mapped at: [0x0000000800000000-0x0000000800bc0000-0x0000000800bc0000), size 12320768, SharedBaseAddress: 0x0000000800000000, ArchiveRelocationMode: 0.
Compressed class space mapped at: 0x0000000800c00000-0x0000000840c00000, reserved size: 1073741824
Narrow klass base: 0x0000000800000000, Narrow klass shift: 0, Narrow klass range: 0x100000000

GC Precious Log:
 CPUs: 16 total, 16 available
 Memory: 32694M
 Large Page Support: Disabled
 NUMA Support: Disabled
 Compressed Oops: Enabled (Zero based)
 Heap Region Size: 4M
 Heap Min Capacity: 8M
 Heap Initial Capacity: 512M
 Heap Max Capacity: 8176M
 Pre-touch: Disabled
 Parallel Workers: 13
 Concurrent Workers: 3
 Concurrent Refinement Workers: 13
 Periodic GC: Disabled

Heap:
 garbage-first heap   total 524288K, used 20480K [0x0000000601000000, 0x0000000800000000)
  region size 4096K, 6 young (24576K), 0 survivors (0K)
 Metaspace       used 7540K, committed 7808K, reserved 1064960K
  class space    used 507K, committed 640K, reserved 1048576K

Heap Regions: E=young(eden), S=young(survivor), O=old, HS=humongous(starts), HC=humongous(continues), CS=collection set, F=free, OA=open archive, CA=closed archive, TAMS=top-at-mark-start (previous, next)
|   0|0x0000000601000000, 0x0000000601000000, 0x0000000601400000|  0%| F|  |TAMS 0x0000000601000000, 0x0000000601000000| Untracked 
|   1|0x0000000601400000, 0x0000000601400000, 0x0000000601800000|  0%| F|  |TAMS 0x0000000601400000, 0x0000000601400000| Untracked 
|   2|0x0000000601800000, 0x0000000601800000, 0x0000000601c00000|  0%| F|  |TAMS 0x0000000601800000, 0x0000000601800000| Untracked 
|   3|0x0000000601c00000, 0x0000000601c00000, 0x0000000602000000|  0%| F|  |TAMS 0x0000000601c00000, 0x0000000601c00000| Untracked 
|   4|0x0000000602000000, 0x0000000602000000, 0x0000000602400000|  0%| F|  |TAMS 0x0000000602000000, 0x0000000602000000| Untracked 
|   5|0x0000000602400000, 0x0000000602400000, 0x0000000602800000|  0%| F|  |TAMS 0x0000000602400000, 0x0000000602400000| Untracked 
|   6|0x0000000602800000, 0x0000000602800000, 0x0000000602c00000|  0%| F|  |TAMS 0x0000000602800000, 0x0000000602800000| Untracked 
|   7|0x0000000602c00000, 0x0000000602c00000, 0x0000000603000000|  0%| F|  |TAMS 0x0000000602c00000, 0x0000000602c00000| Untracked 
|   8|0x0000000603000000, 0x0000000603000000, 0x0000000603400000|  0%| F|  |TAMS 0x0000000603000000, 0x0000000603000000| Untracked 
|   9|0x0000000603400000, 0x0000000603400000, 0x0000000603800000|  0%| F|  |TAMS 0x0000000603400000, 0x0000000603400000| Untracked 
|  10|0x0000000603800000, 0x0000000603800000, 0x0000000603c00000|  0%| F|  |TAMS 0x0000000603800000, 0x0000000603800000| Untracked 
|  11|0x0000000603c00000, 0x0000000603c00000, 0x0000000604000000|  0%| F|  |TAMS 0x0000000603c00000, 0x0000000603c00000| Untracked 
|  12|0x0000000604000000, 0x0000000604000000, 0x0000000604400000|  0%| F|  |TAMS 0x0000000604000000, 0x0000000604000000| Untracked 
|  13|0x0000000604400000, 0x0000000604400000, 0x0000000604800000|  0%| F|  |TAMS 0x0000000604400000, 0x0000000604400000| Untracked 
|  14|0x0000000604800000, 0x0000000604800000, 0x0000000604c00000|  0%| F|  |TAMS 0x0000000604800000, 0x0000000604800000| Untracked 
|  15|0x0000000604c00000, 0x0000000604c00000, 0x0000000605000000|  0%| F|  |TAMS 0x0000000604c00000, 0x0000000604c00000| Untracked 
|  16|0x0000000605000000, 0x0000000605000000, 0x0000000605400000|  0%| F|  |TAMS 0x0000000605000000, 0x0000000605000000| Untracked 
|  17|0x0000000605400000, 0x0000000605400000, 0x0000000605800000|  0%| F|  |TAMS 0x0000000605400000, 0x0000000605400000| Untracked 
|  18|0x0000000605800000, 0x0000000605800000, 0x0000000605c00000|  0%| F|  |TAMS 0x0000000605800000, 0x0000000605800000| Untracked 
|  19|0x0000000605c00000, 0x0000000605c00000, 0x0000000606000000|  0%| F|  |TAMS 0x0000000605c00000, 0x0000000605c00000| Untracked 
|  20|0x0000000606000000, 0x0000000606000000, 0x0000000606400000|  0%| F|  |TAMS 0x0000000606000000, 0x0000000606000000| Untracked 
|  21|0x0000000606400000, 0x0000000606400000, 0x0000000606800000|  0%| F|  |TAMS 0x0000000606400000, 0x0000000606400000| Untracked 
|  22|0x0000000606800000, 0x0000000606800000, 0x0000000606c00000|  0%| F|  |TAMS 0x0000000606800000, 0x0000000606800000| Untracked 
|  23|0x0000000606c00000, 0x0000000606c00000, 0x0000000607000000|  0%| F|  |TAMS 0x0000000606c00000, 0x0000000606c00000| Untracked 
|  24|0x0000000607000000, 0x0000000607000000, 0x0000000607400000|  0%| F|  |TAMS 0x0000000607000000, 0x0000000607000000| Untracked 
|  25|0x0000000607400000, 0x0000000607400000, 0x0000000607800000|  0%| F|  |TAMS 0x0000000607400000, 0x0000000607400000| Untracked 
|  26|0x0000000607800000, 0x0000000607800000, 0x0000000607c00000|  0%| F|  |TAMS 0x0000000607800000, 0x0000000607800000| Untracked 
|  27|0x0000000607c00000, 0x0000000607c00000, 0x0000000608000000|  0%| F|  |TAMS 0x0000000607c00000, 0x0000000607c00000| Untracked 
|  28|0x0000000608000000, 0x0000000608000000, 0x0000000608400000|  0%| F|  |TAMS 0x0000000608000000, 0x0000000608000000| Untracked 
|  29|0x0000000608400000, 0x0000000608400000, 0x0000000608800000|  0%| F|  |TAMS 0x0000000608400000, 0x0000000608400000| Untracked 
|  30|0x0000000608800000, 0x0000000608800000, 0x0000000608c00000|  0%| F|  |TAMS 0x0000000608800000, 0x0000000608800000| Untracked 
|  31|0x0000000608c00000, 0x0000000608c00000, 0x0000000609000000|  0%| F|  |TAMS 0x0000000608c00000, 0x0000000608c00000| Untracked 
|  32|0x0000000609000000, 0x0000000609000000, 0x0000000609400000|  0%| F|  |TAMS 0x0000000609000000, 0x0000000609000000| Untracked 
|  33|0x0000000609400000, 0x0000000609400000, 0x0000000609800000|  0%| F|  |TAMS 0x0000000609400000, 0x0000000609400000| Untracked 
|  34|0x0000000609800000, 0x0000000609800000, 0x0000000609c00000|  0%| F|  |TAMS 0x0000000609800000, 0x0000000609800000| Untracked 
|  35|0x0000000609c00000, 0x0000000609c00000, 0x000000060a000000|  0%| F|  |TAMS 0x0000000609c00000, 0x0000000609c00000| Untracked 
|  36|0x000000060a000000, 0x000000060a000000, 0x000000060a400000|  0%| F|  |TAMS 0x000000060a000000, 0x000000060a000000| Untracked 
|  37|0x000000060a400000, 0x000000060a400000, 0x000000060a800000|  0%| F|  |TAMS 0x000000060a400000, 0x000000060a400000| Untracked 
|  38|0x000000060a800000, 0x000000060a800000, 0x000000060ac00000|  0%| F|  |TAMS 0x000000060a800000, 0x000000060a800000| Untracked 
|  39|0x000000060ac00000, 0x000000060ac00000, 0x000000060b000000|  0%| F|  |TAMS 0x000000060ac00000, 0x000000060ac00000| Untracked 
|  40|0x000000060b000000, 0x000000060b000000, 0x000000060b400000|  0%| F|  |TAMS 0x000000060b000000, 0x000000060b000000| Untracked 
|  41|0x000000060b400000, 0x000000060b400000, 0x000000060b800000|  0%| F|  |TAMS 0x000000060b400000, 0x000000060b400000| Untracked 
|  42|0x000000060b800000, 0x000000060b800000, 0x000000060bc00000|  0%| F|  |TAMS 0x000000060b800000, 0x000000060b800000| Untracked 
|  43|0x000000060bc00000, 0x000000060bc00000, 0x000000060c000000|  0%| F|  |TAMS 0x000000060bc00000, 0x000000060bc00000| Untracked 
|  44|0x000000060c000000, 0x000000060c000000, 0x000000060c400000|  0%| F|  |TAMS 0x000000060c000000, 0x000000060c000000| Untracked 
|  45|0x000000060c400000, 0x000000060c400000, 0x000000060c800000|  0%| F|  |TAMS 0x000000060c400000, 0x000000060c400000| Untracked 
|  46|0x000000060c800000, 0x000000060c800000, 0x000000060cc00000|  0%| F|  |TAMS 0x000000060c800000, 0x000000060c800000| Untracked 
|  47|0x000000060cc00000, 0x000000060cc00000, 0x000000060d000000|  0%| F|  |TAMS 0x000000060cc00000, 0x000000060cc00000| Untracked 
|  48|0x000000060d000000, 0x000000060d000000, 0x000000060d400000|  0%| F|  |TAMS 0x000000060d000000, 0x000000060d000000| Untracked 
|  49|0x000000060d400000, 0x000000060d400000, 0x000000060d800000|  0%| F|  |TAMS 0x000000060d400000, 0x000000060d400000| Untracked 
|  50|0x000000060d800000, 0x000000060d800000, 0x000000060dc00000|  0%| F|  |TAMS 0x000000060d800000, 0x000000060d800000| Untracked 
|  51|0x000000060dc00000, 0x000000060dc00000, 0x000000060e000000|  0%| F|  |TAMS 0x000000060dc00000, 0x000000060dc00000| Untracked 
|  52|0x000000060e000000, 0x000000060e000000, 0x000000060e400000|  0%| F|  |TAMS 0x000000060e000000, 0x000000060e000000| Untracked 
|  53|0x000000060e400000, 0x000000060e400000, 0x000000060e800000|  0%| F|  |TAMS 0x000000060e400000, 0x000000060e400000| Untracked 
|  54|0x000000060e800000, 0x000000060e800000, 0x000000060ec00000|  0%| F|  |TAMS 0x000000060e800000, 0x000000060e800000| Untracked 
|  55|0x000000060ec00000, 0x000000060ec00000, 0x000000060f000000|  0%| F|  |TAMS 0x000000060ec00000, 0x000000060ec00000| Untracked 
|  56|0x000000060f000000, 0x000000060f000000, 0x000000060f400000|  0%| F|  |TAMS 0x000000060f000000, 0x000000060f000000| Untracked 
|  57|0x000000060f400000, 0x000000060f400000, 0x000000060f800000|  0%| F|  |TAMS 0x000000060f400000, 0x000000060f400000| Untracked 
|  58|0x000000060f800000, 0x000000060f800000, 0x000000060fc00000|  0%| F|  |TAMS 0x000000060f800000, 0x000000060f800000| Untracked 
|  59|0x000000060fc00000, 0x000000060fc00000, 0x0000000610000000|  0%| F|  |TAMS 0x000000060fc00000, 0x000000060fc00000| Untracked 
|  60|0x0000000610000000, 0x0000000610000000, 0x0000000610400000|  0%| F|  |TAMS 0x0000000610000000, 0x0000000610000000| Untracked 
|  61|0x0000000610400000, 0x0000000610400000, 0x0000000610800000|  0%| F|  |TAMS 0x0000000610400000, 0x0000000610400000| Untracked 
|  62|0x0000000610800000, 0x0000000610800000, 0x0000000610c00000|  0%| F|  |TAMS 0x0000000610800000, 0x0000000610800000| Untracked 
|  63|0x0000000610c00000, 0x0000000610c00000, 0x0000000611000000|  0%| F|  |TAMS 0x0000000610c00000, 0x0000000610c00000| Untracked 
|  64|0x0000000611000000, 0x0000000611000000, 0x0000000611400000|  0%| F|  |TAMS 0x0000000611000000, 0x0000000611000000| Untracked 
|  65|0x0000000611400000, 0x0000000611400000, 0x0000000611800000|  0%| F|  |TAMS 0x0000000611400000, 0x0000000611400000| Untracked 
|  66|0x0000000611800000, 0x0000000611800000, 0x0000000611c00000|  0%| F|  |TAMS 0x0000000611800000, 0x0000000611800000| Untracked 
|  67|0x0000000611c00000, 0x0000000611c00000, 0x0000000612000000|  0%| F|  |TAMS 0x0000000611c00000, 0x0000000611c00000| Untracked 
|  68|0x0000000612000000, 0x0000000612000000, 0x0000000612400000|  0%| F|  |TAMS 0x0000000612000000, 0x0000000612000000| Untracked 
|  69|0x0000000612400000, 0x0000000612400000, 0x0000000612800000|  0%| F|  |TAMS 0x0000000612400000, 0x0000000612400000| Untracked 
|  70|0x0000000612800000, 0x0000000612800000, 0x0000000612c00000|  0%| F|  |TAMS 0x0000000612800000, 0x0000000612800000| Untracked 
|  71|0x0000000612c00000, 0x0000000612c00000, 0x0000000613000000|  0%| F|  |TAMS 0x0000000612c00000, 0x0000000612c00000| Untracked 
|  72|0x0000000613000000, 0x0000000613000000, 0x0000000613400000|  0%| F|  |TAMS 0x0000000613000000, 0x0000000613000000| Untracked 
|  73|0x0000000613400000, 0x0000000613400000, 0x0000000613800000|  0%| F|  |TAMS 0x0000000613400000, 0x0000000613400000| Untracked 
|  74|0x0000000613800000, 0x0000000613800000, 0x0000000613c00000|  0%| F|  |TAMS 0x0000000613800000, 0x0000000613800000| Untracked 
|  75|0x0000000613c00000, 0x0000000613c00000, 0x0000000614000000|  0%| F|  |TAMS 0x0000000613c00000, 0x0000000613c00000| Untracked 
|  76|0x0000000614000000, 0x0000000614000000, 0x0000000614400000|  0%| F|  |TAMS 0x0000000614000000, 0x0000000614000000| Untracked 
|  77|0x0000000614400000, 0x0000000614400000, 0x0000000614800000|  0%| F|  |TAMS 0x0000000614400000, 0x0000000614400000| Untracked 
|  78|0x0000000614800000, 0x0000000614800000, 0x0000000614c00000|  0%| F|  |TAMS 0x0000000614800000, 0x0000000614800000| Untracked 
|  79|0x0000000614c00000, 0x0000000614c00000, 0x0000000615000000|  0%| F|  |TAMS 0x0000000614c00000, 0x0000000614c00000| Untracked 
|  80|0x0000000615000000, 0x0000000615000000, 0x0000000615400000|  0%| F|  |TAMS 0x0000000615000000, 0x0000000615000000| Untracked 
|  81|0x0000000615400000, 0x0000000615400000, 0x0000000615800000|  0%| F|  |TAMS 0x0000000615400000, 0x0000000615400000| Untracked 
|  82|0x0000000615800000, 0x0000000615800000, 0x0000000615c00000|  0%| F|  |TAMS 0x0000000615800000, 0x0000000615800000| Untracked 
|  83|0x0000000615c00000, 0x0000000615c00000, 0x0000000616000000|  0%| F|  |TAMS 0x0000000615c00000, 0x0000000615c00000| Untracked 
|  84|0x0000000616000000, 0x0000000616000000, 0x0000000616400000|  0%| F|  |TAMS 0x0000000616000000, 0x0000000616000000| Untracked 
|  85|0x0000000616400000, 0x0000000616400000, 0x0000000616800000|  0%| F|  |TAMS 0x0000000616400000, 0x0000000616400000| Untracked 
|  86|0x0000000616800000, 0x0000000616800000, 0x0000000616c00000|  0%| F|  |TAMS 0x0000000616800000, 0x0000000616800000| Untracked 
|  87|0x0000000616c00000, 0x0000000616c00000, 0x0000000617000000|  0%| F|  |TAMS 0x0000000616c00000, 0x0000000616c00000| Untracked 
|  88|0x0000000617000000, 0x0000000617000000, 0x0000000617400000|  0%| F|  |TAMS 0x0000000617000000, 0x0000000617000000| Untracked 
|  89|0x0000000617400000, 0x0000000617400000, 0x0000000617800000|  0%| F|  |TAMS 0x0000000617400000, 0x0000000617400000| Untracked 
|  90|0x0000000617800000, 0x0000000617800000, 0x0000000617c00000|  0%| F|  |TAMS 0x0000000617800000, 0x0000000617800000| Untracked 
|  91|0x0000000617c00000, 0x0000000617c00000, 0x0000000618000000|  0%| F|  |TAMS 0x0000000617c00000, 0x0000000617c00000| Untracked 
|  92|0x0000000618000000, 0x0000000618000000, 0x0000000618400000|  0%| F|  |TAMS 0x0000000618000000, 0x0000000618000000| Untracked 
|  93|0x0000000618400000, 0x0000000618400000, 0x0000000618800000|  0%| F|  |TAMS 0x0000000618400000, 0x0000000618400000| Untracked 
|  94|0x0000000618800000, 0x0000000618800000, 0x0000000618c00000|  0%| F|  |TAMS 0x0000000618800000, 0x0000000618800000| Untracked 
|  95|0x0000000618c00000, 0x0000000618c00000, 0x0000000619000000|  0%| F|  |TAMS 0x0000000618c00000, 0x0000000618c00000| Untracked 
|  96|0x0000000619000000, 0x0000000619000000, 0x0000000619400000|  0%| F|  |TAMS 0x0000000619000000, 0x0000000619000000| Untracked 
|  97|0x0000000619400000, 0x0000000619400000, 0x0000000619800000|  0%| F|  |TAMS 0x0000000619400000, 0x0000000619400000| Untracked 
|  98|0x0000000619800000, 0x0000000619800000, 0x0000000619c00000|  0%| F|  |TAMS 0x0000000619800000, 0x0000000619800000| Untracked 
|  99|0x0000000619c00000, 0x0000000619c00000, 0x000000061a000000|  0%| F|  |TAMS 0x0000000619c00000, 0x0000000619c00000| Untracked 
| 100|0x000000061a000000, 0x000000061a000000, 0x000000061a400000|  0%| F|  |TAMS 0x000000061a000000, 0x000000061a000000| Untracked 
| 101|0x000000061a400000, 0x000000061a400000, 0x000000061a800000|  0%| F|  |TAMS 0x000000061a400000, 0x000000061a400000| Untracked 
| 102|0x000000061a800000, 0x000000061a800000, 0x000000061ac00000|  0%| F|  |TAMS 0x000000061a800000, 0x000000061a800000| Untracked 
| 103|0x000000061ac00000, 0x000000061ac00000, 0x000000061b000000|  0%| F|  |TAMS 0x000000061ac00000, 0x000000061ac00000| Untracked 
| 104|0x000000061b000000, 0x000000061b000000, 0x000000061b400000|  0%| F|  |TAMS 0x000000061b000000, 0x000000061b000000| Untracked 
| 105|0x000000061b400000, 0x000000061b400000, 0x000000061b800000|  0%| F|  |TAMS 0x000000061b400000, 0x000000061b400000| Untracked 
| 106|0x000000061b800000, 0x000000061b800000, 0x000000061bc00000|  0%| F|  |TAMS 0x000000061b800000, 0x000000061b800000| Untracked 
| 107|0x000000061bc00000, 0x000000061bc00000, 0x000000061c000000|  0%| F|  |TAMS 0x000000061bc00000, 0x000000061bc00000| Untracked 
| 108|0x000000061c000000, 0x000000061c000000, 0x000000061c400000|  0%| F|  |TAMS 0x000000061c000000, 0x000000061c000000| Untracked 
| 109|0x000000061c400000, 0x000000061c400000, 0x000000061c800000|  0%| F|  |TAMS 0x000000061c400000, 0x000000061c400000| Untracked 
| 110|0x000000061c800000, 0x000000061c800000, 0x000000061cc00000|  0%| F|  |TAMS 0x000000061c800000, 0x000000061c800000| Untracked 
| 111|0x000000061cc00000, 0x000000061cc00000, 0x000000061d000000|  0%| F|  |TAMS 0x000000061cc00000, 0x000000061cc00000| Untracked 
| 112|0x000000061d000000, 0x000000061d000000, 0x000000061d400000|  0%| F|  |TAMS 0x000000061d000000, 0x000000061d000000| Untracked 
| 113|0x000000061d400000, 0x000000061d400000, 0x000000061d800000|  0%| F|  |TAMS 0x000000061d400000, 0x000000061d400000| Untracked 
| 114|0x000000061d800000, 0x000000061d800000, 0x000000061dc00000|  0%| F|  |TAMS 0x000000061d800000, 0x000000061d800000| Untracked 
| 115|0x000000061dc00000, 0x000000061dc00000, 0x000000061e000000|  0%| F|  |TAMS 0x000000061dc00000, 0x000000061dc00000| Untracked 
| 116|0x000000061e000000, 0x000000061e000000, 0x000000061e400000|  0%| F|  |TAMS 0x000000061e000000, 0x000000061e000000| Untracked 
| 117|0x000000061e400000, 0x000000061e400000, 0x000000061e800000|  0%| F|  |TAMS 0x000000061e400000, 0x000000061e400000| Untracked 
| 118|0x000000061e800000, 0x000000061e800000, 0x000000061ec00000|  0%| F|  |TAMS 0x000000061e800000, 0x000000061e800000| Untracked 
| 119|0x000000061ec00000, 0x000000061ec00000, 0x000000061f000000|  0%| F|  |TAMS 0x000000061ec00000, 0x000000061ec00000| Untracked 
| 120|0x000000061f000000, 0x000000061f000000, 0x000000061f400000|  0%| F|  |TAMS 0x000000061f000000, 0x000000061f000000| Untracked 
| 121|0x000000061f400000, 0x000000061f400000, 0x000000061f800000|  0%| F|  |TAMS 0x000000061f400000, 0x000000061f400000| Untracked 
| 122|0x000000061f800000, 0x000000061f97cd58, 0x000000061fc00000| 37%| E|  |TAMS 0x000000061f800000, 0x000000061f800000| Complete 
| 123|0x000000061fc00000, 0x0000000620000000, 0x0000000620000000|100%| E|CS|TAMS 0x000000061fc00000, 0x000000061fc00000| Complete 
| 124|0x0000000620000000, 0x0000000620400000, 0x0000000620400000|100%| E|CS|TAMS 0x0000000620000000, 0x0000000620000000| Complete 
| 125|0x0000000620400000, 0x0000000620800000, 0x0000000620800000|100%| E|CS|TAMS 0x0000000620400000, 0x0000000620400000| Complete 
| 126|0x0000000620800000, 0x0000000620c00000, 0x0000000620c00000|100%| E|CS|TAMS 0x0000000620800000, 0x0000000620800000| Complete 
| 127|0x0000000620c00000, 0x0000000621000000, 0x0000000621000000|100%| E|CS|TAMS 0x0000000620c00000, 0x0000000620c00000| Complete 

Card table byte_map: [0x00000132fc590000,0x00000132fd590000] _byte_map_base: 0x00000132f9588000

Marking Bits (Prev, Next): (CMBitMap*) 0x00000132facd62e0, (CMBitMap*) 0x00000132facd6320
 Prev Bits: [0x0000013296a30000, 0x000001329e9f0000)
 Next Bits: [0x000001329e9f0000, 0x00000132a69b0000)

Polling page: 0x00000132fa400000

Metaspace:

Usage:
  Non-class:      6.87 MB used.
      Class:    507.69 KB used.
       Both:      7.36 MB used.

Virtual space:
  Non-class space:       16.00 MB reserved,       7.00 MB ( 44%) committed,  2 nodes.
      Class space:        1.00 GB reserved,     640.00 KB ( <1%) committed,  1 nodes.
             Both:        1.02 GB reserved,       7.63 MB ( <1%) committed. 

Chunk freelists:
   Non-Class:  3.27 MB
       Class:  3.36 MB
        Both:  6.62 MB

MaxMetaspaceSize: unlimited
CompressedClassSpaceSize: 1.00 GB
Initial GC threshold: 21.00 MB
Current GC threshold: 21.00 MB
CDS: on
MetaspaceReclaimPolicy: balanced
 - commit_granule_bytes: 65536.
 - commit_granule_words: 8192.
 - virtual_space_node_default_size: 1048576.
 - enlarge_chunks_in_place: 1.
 - new_chunks_are_fully_committed: 0.
 - uncommit_free_chunks: 1.
 - use_allocation_guard: 0.
 - handle_deallocations: 1.


Internal statistics:

num_allocs_failed_limit: 0.
num_arena_births: 206.
num_arena_deaths: 0.
num_vsnodes_births: 3.
num_vsnodes_deaths: 0.
num_space_committed: 120.
num_space_uncommitted: 0.
num_chunks_returned_to_freelist: 0.
num_chunks_taken_from_freelist: 447.
num_chunk_merges: 0.
num_chunk_splits: 293.
num_chunks_enlarged: 200.
num_purges: 0.
num_inconsistent_stats: 0.

CodeHeap 'non-profiled nmethods': size=119168Kb used=350Kb max_used=350Kb free=118817Kb
 bounds [0x000001328f5d0000, 0x000001328f840000, 0x0000013296a30000]
CodeHeap 'profiled nmethods': size=119104Kb used=2425Kb max_used=2425Kb free=116678Kb
 bounds [0x0000013287a30000, 0x0000013287ca0000, 0x000001328ee80000]
CodeHeap 'non-nmethods': size=7488Kb used=3303Kb max_used=3319Kb free=4184Kb
 bounds [0x000001328ee80000, 0x000001328f1c0000, 0x000001328f5d0000]
 total_blobs=2370 nmethods=1320 adapters=960
 compilation: enabled
              stopped_count=0, restarted_count=0
 full_count=0

Compilation events (20 events):
Event: 0.607 Thread 0x00000132fedae890 nmethod 1310 0x000001328f625510 code [0x000001328f6256a0, 0x000001328f625778]
Event: 0.607 Thread 0x00000132ff8e6e80 nmethod 1312 0x000001328f625810 code [0x000001328f6259a0, 0x000001328f625a78]
Event: 0.607 Thread 0x00000132ff8e6e80 1313       3       jdk.internal.misc.Unsafe::getAndAddLong (27 bytes)
Event: 0.607 Thread 0x00000132ff7cf800 1314       3       jdk.internal.misc.Unsafe::weakCompareAndSetLong (11 bytes)
Event: 0.607 Thread 0x00000132ff7cf800 nmethod 1314 0x0000013287c8a990 code [0x0000013287c8ab20, 0x0000013287c8ac58]
Event: 0.607 Thread 0x00000132ff8e6e80 nmethod 1313 0x0000013287c8ad10 code [0x0000013287c8aec0, 0x0000013287c8b108]
Event: 0.607 Thread 0x00000132ff8e6e80 1315       3       java.lang.StringCoding::implEncodeAsciiArray (47 bytes)
Event: 0.608 Thread 0x00000132ff8e6e80 nmethod 1315 0x0000013287c8b210 code [0x0000013287c8b3c0, 0x0000013287c8b618]
Event: 0.608 Thread 0x00000132ff7cf800 1317       3       sun.util.locale.provider.LocaleProviderAdapter::getAdapter (177 bytes)
Event: 0.608 Thread 0x00000132fed89ec0 nmethod 1278 0x000001328f625b10 code [0x000001328f625cc0, 0x000001328f6266f8]
Event: 0.608 Thread 0x00000132fed89ec0 1316   !   4       java.nio.DirectIntBufferU::get (34 bytes)
Event: 0.609 Thread 0x00000132ae0f1950 nmethod 1277 0x000001328f626c10 code [0x000001328f626da0, 0x000001328f627328]
Event: 0.609 Thread 0x00000132ff7cf800 nmethod 1317 0x0000013287c8b790 code [0x0000013287c8bb00, 0x0000013287c8d048]
Event: 0.609 Thread 0x00000132fed89ec0 nmethod 1316 0x000001328f627590 code [0x000001328f627700, 0x000001328f6277d8]
Event: 0.615 Thread 0x00000132ff7cf800 1318       3       sun.util.calendar.BaseCalendar::isLeapYear (5 bytes)
Event: 0.615 Thread 0x00000132ff8e6e80 1319       3       sun.util.calendar.CalendarUtils::isGregorianLeapYear (27 bytes)
Event: 0.615 Thread 0x00000132fedae890 1320       3       sun.util.calendar.BaseCalendar$Date::setCache (20 bytes)
Event: 0.615 Thread 0x00000132fedae890 nmethod 1320 0x0000013287c8d810 code [0x0000013287c8d9a0, 0x0000013287c8dab8]
Event: 0.615 Thread 0x00000132ff7cf800 nmethod 1318 0x0000013287c8db90 code [0x0000013287c8dd40, 0x0000013287c8dff8]
Event: 0.615 Thread 0x00000132ff8e6e80 nmethod 1319 0x0000013287c8e110 code [0x0000013287c8e2a0, 0x0000013287c8e4d8]

GC Heap History (0 events):
No events

Dll operation events (10 events):
Event: 0.003 Loaded shared library D:\jdks\corretto_17\bin\java.dll
Event: 0.009 Loaded shared library D:\jdks\corretto_17\bin\jsvml.dll
Event: 0.035 Loaded shared library D:\jdks\corretto_17\bin\net.dll
Event: 0.035 Loaded shared library D:\jdks\corretto_17\bin\nio.dll
Event: 0.039 Loaded shared library D:\jdks\corretto_17\bin\zip.dll
Event: 0.046 Loaded shared library D:\jdks\corretto_17\bin\verify.dll
Event: 0.069 Loaded shared library D:\jdks\corretto_17\bin\jimage.dll
Event: 0.174 Loaded shared library C:\Users\stuka\AppData\Local\Temp\lwjglstuka\3.3.1-SNAPSHOT\lwjgl.dll
Event: 0.365 Loaded shared library C:\Users\stuka\AppData\Local\Temp\lwjglstuka\3.3.1-SNAPSHOT\lwjgl_opengl.dll
Event: 0.511 Loaded shared library C:\Users\stuka\AppData\Local\Temp\lwjglstuka\3.3.1-SNAPSHOT\lwjgl_stb.dll

Deoptimization events (18 events):
Event: 0.184 Thread 0x00000132fac26550 DEOPT PACKING pc=0x0000013287a547e5 sp=0x00000020256fba50
Event: 0.184 Thread 0x00000132fac26550 DEOPT UNPACKING pc=0x000001328eed7143 sp=0x00000020256faea0 mode 0
Event: 0.369 Thread 0x00000132fac26550 Uncommon trap: trap_request=0xffffff54 fr.pc=0x000001328f60a9e0 relative=0x0000000000000060
Event: 0.369 Thread 0x00000132fac26550 Uncommon trap: reason=speculate_null_assert action=make_not_entrant pc=0x000001328f60a9e0 method=sun.misc.Unsafe.putLong(Ljava/lang/Object;JJ)V @ 7 c2
Event: 0.369 Thread 0x00000132fac26550 DEOPT PACKING pc=0x000001328f60a9e0 sp=0x00000020256fed70
Event: 0.369 Thread 0x00000132fac26550 DEOPT UNPACKING pc=0x000001328eed69a3 sp=0x00000020256fece8 mode 2
Event: 0.471 Thread 0x00000132fac26550 Uncommon trap: trap_request=0xffffff45 fr.pc=0x000001328f5f4940 relative=0x0000000000000340
Event: 0.471 Thread 0x00000132fac26550 Uncommon trap: reason=unstable_if action=reinterpret pc=0x000001328f5f4940 method=java.lang.StringUTF16.compress([CI[BII)I @ 20 c2
Event: 0.471 Thread 0x00000132fac26550 DEOPT PACKING pc=0x000001328f5f4940 sp=0x00000020256fed40
Event: 0.471 Thread 0x00000132fac26550 DEOPT UNPACKING pc=0x000001328eed69a3 sp=0x00000020256fecc0 mode 2
Event: 0.471 Thread 0x00000132fac26550 Uncommon trap: trap_request=0xffffff45 fr.pc=0x000001328f610334 relative=0x00000000000004f4
Event: 0.471 Thread 0x00000132fac26550 Uncommon trap: reason=unstable_if action=reinterpret pc=0x000001328f610334 method=java.lang.AbstractStringBuilder.putStringAt(ILjava/lang/String;II)V @ 8 c2
Event: 0.471 Thread 0x00000132fac26550 DEOPT PACKING pc=0x000001328f610334 sp=0x00000020256fefa0
Event: 0.471 Thread 0x00000132fac26550 DEOPT UNPACKING pc=0x000001328eed69a3 sp=0x00000020256fee28 mode 2
Event: 0.471 Thread 0x00000132fac26550 Uncommon trap: trap_request=0xffffff45 fr.pc=0x000001328f60f72c relative=0x00000000000004ec
Event: 0.471 Thread 0x00000132fac26550 Uncommon trap: reason=unstable_if action=reinterpret pc=0x000001328f60f72c method=java.lang.AbstractStringBuilder.putStringAt(ILjava/lang/String;II)V @ 8 c2
Event: 0.471 Thread 0x00000132fac26550 DEOPT PACKING pc=0x000001328f60f72c sp=0x00000020256fef30
Event: 0.471 Thread 0x00000132fac26550 DEOPT UNPACKING pc=0x000001328eed69a3 sp=0x00000020256fee20 mode 2

Classes unloaded (0 events):
No events

Classes redefined (0 events):
No events

Internal exceptions (20 events):
Event: 0.346 Thread 0x00000132fac26550 Exception <a 'java/lang/NoSuchMethodError'{0x000000062064e7c8}: 'void java.lang.invoke.DirectMethodHandle$Holder.invokeStatic(java.lang.Object, long)'> (0x000000062064e7c8) 
thrown [s\src\hotspot\share\interpreter\linkResolver.cpp, line 759]
Event: 0.364 Thread 0x00000132fac26550 Exception <a 'sun/nio/fs/WindowsException'{0x000000062069aff8}> (0x000000062069aff8) 
thrown [s\src\hotspot\share\prims\jni.cpp, line 516]
Event: 0.364 Thread 0x00000132fac26550 Exception <a 'sun/nio/fs/WindowsException'{0x000000062069b3a8}> (0x000000062069b3a8) 
thrown [s\src\hotspot\share\prims\jni.cpp, line 516]
Event: 0.366 Thread 0x00000132fac26550 Exception <a 'sun/nio/fs/WindowsException'{0x00000006206a2418}> (0x00000006206a2418) 
thrown [s\src\hotspot\share\prims\jni.cpp, line 516]
Event: 0.366 Thread 0x00000132fac26550 Exception <a 'sun/nio/fs/WindowsException'{0x00000006206a2700}> (0x00000006206a2700) 
thrown [s\src\hotspot\share\prims\jni.cpp, line 516]
Event: 0.441 Thread 0x00000132fac26550 Exception <a 'sun/nio/fs/WindowsException'{0x00000006202fc6c8}> (0x00000006202fc6c8) 
thrown [s\src\hotspot\share\prims\jni.cpp, line 516]
Event: 0.441 Thread 0x00000132fac26550 Exception <a 'sun/nio/fs/WindowsException'{0x00000006202fca50}> (0x00000006202fca50) 
thrown [s\src\hotspot\share\prims\jni.cpp, line 516]
Event: 0.459 Thread 0x00000132fac26550 Exception <a 'java/lang/NoSuchMethodError'{0x00000006203237d0}: 'java.lang.Object java.lang.invoke.DirectMethodHandle$Holder.newInvokeSpecial(java.lang.Object, long)'> (0x00000006203237d0) 
thrown [s\src\hotspot\share\interpreter\linkResolver.cpp, line 759]
Event: 0.468 Thread 0x00000132fac26550 Exception <a 'java/lang/NoSuchMethodError'{0x000000062039e210}: 'int java.lang.invoke.DirectMethodHandle$Holder.invokeStaticInit(java.lang.Object, java.lang.Object, java.lang.Object)'> (0x000000062039e210) 
thrown [s\src\hotspot\share\interpreter\linkResolver.cpp, line 759]
Event: 0.472 Thread 0x00000132fac26550 Exception <a 'java/lang/NoSuchMethodError'{0x00000006203f91f0}: 'void java.lang.invoke.DirectMethodHandle$Holder.invokeStaticInit(java.lang.Object, java.lang.Object)'> (0x00000006203f91f0) 
thrown [s\src\hotspot\share\interpreter\linkResolver.cpp, line 759]
Event: 0.510 Thread 0x00000132fac26550 Exception <a 'sun/nio/fs/WindowsException'{0x000000061feca7d0}> (0x000000061feca7d0) 
thrown [s\src\hotspot\share\prims\jni.cpp, line 516]
Event: 0.510 Thread 0x00000132fac26550 Exception <a 'sun/nio/fs/WindowsException'{0x000000061fecab58}> (0x000000061fecab58) 
thrown [s\src\hotspot\share\prims\jni.cpp, line 516]
Event: 0.516 Thread 0x00000132fac26550 Exception <a 'java/lang/NoSuchMethodError'{0x000000061ff23c28}: 'java.lang.Object java.lang.invoke.DirectMethodHandle$Holder.invokeSpecial(java.lang.Object, java.lang.Object, long, java.lang.Object, int, int, int, int, int)'> (0x000000061ff23c28) 
thrown [s\src\hotspot\share\interpreter\linkResolver.cpp, line 759]
Event: 0.516 Thread 0x00000132fac26550 Exception <a 'java/lang/NoSuchMethodError'{0x000000061ff277e8}: 'java.lang.Object java.lang.invoke.DelegatingMethodHandle$Holder.reinvoke_L(java.lang.Object, long, java.lang.Object, int, int, int, int, int)'> (0x000000061ff277e8) 
thrown [s\src\hotspot\share\interpreter\linkResolver.cpp, line 759]
Event: 0.531 Thread 0x00000132fac26550 Exception <a 'java/lang/NoSuchMethodError'{0x000000061ff7c338}: 'void java.lang.invoke.DirectMethodHandle$Holder.invokeStatic(java.lang.Object, java.lang.Object, java.lang.Object)'> (0x000000061ff7c338) 
thrown [s\src\hotspot\share\interpreter\linkResolver.cpp, line 759]
Event: 0.599 Thread 0x00000132fac26550 Exception <a 'java/lang/NoSuchMethodError'{0x000000061f8ddd20}: 'java.lang.Object java.lang.invoke.DirectMethodHandle$Holder.invokeStatic(java.lang.Object, int, java.lang.Object)'> (0x000000061f8ddd20) 
thrown [s\src\hotspot\share\interpreter\linkResolver.cpp, line 759]
Event: 0.600 Thread 0x00000132fac26550 Exception <a 'java/lang/NoSuchMethodError'{0x000000061f8ef230}: 'java.lang.Object java.lang.invoke.DirectMethodHandle$Holder.invokeSpecial(java.lang.Object, java.lang.Object, int, java.lang.Object, java.lang.Object)'> (0x000000061f8ef230) 
thrown [s\src\hotspot\share\interpreter\linkResolver.cpp, line 759]
Event: 0.601 Thread 0x00000132fac26550 Exception <a 'java/lang/NoSuchMethodError'{0x000000061f8fc818}: 'void java.lang.invoke.DirectMethodHandle$Holder.invokeStatic(java.lang.Object, int, java.lang.Object)'> (0x000000061f8fc818) 
thrown [s\src\hotspot\share\interpreter\linkResolver.cpp, line 759]
Event: 0.602 Thread 0x00000132fac26550 Exception <a 'java/lang/NoSuchMethodError'{0x000000061f9093a8}: 'void java.lang.invoke.DirectMethodHandle$Holder.invokeSpecial(java.lang.Object, java.lang.Object, int, java.lang.Object)'> (0x000000061f9093a8) 
thrown [s\src\hotspot\share\interpreter\linkResolver.cpp, line 759]
Event: 0.604 Thread 0x00000132fac26550 Exception <a 'java/lang/NoSuchMethodError'{0x000000061f91f428}: 'java.lang.Object java.lang.invoke.DirectMethodHandle$Holder.newInvokeSpecial(java.lang.Object, java.lang.Object, int, java.lang.Object, java.lang.Object)'> (0x000000061f91f428) 
thrown [s\src\hotspot\share\interpreter\linkResolver.cpp, line 759]

VM Operations (6 events):
Event: 0.040 Executing VM operation: HandshakeAllThreads
Event: 0.040 Executing VM operation: HandshakeAllThreads done
Event: 0.084 Executing VM operation: HandshakeAllThreads
Event: 0.084 Executing VM operation: HandshakeAllThreads done
Event: 0.099 Executing VM operation: HandshakeAllThreads
Event: 0.099 Executing VM operation: HandshakeAllThreads done

Events (20 events):
Event: 0.502 loading class java/util/concurrent/atomic/AtomicLongArray done
Event: 0.504 loading class java/io/SequenceInputStream
Event: 0.504 loading class java/io/SequenceInputStream done
Event: 0.521 loading class sun/net/ProgressMonitor
Event: 0.521 loading class sun/net/ProgressMonitor done
Event: 0.521 loading class sun/net/DefaultProgressMeteringPolicy
Event: 0.521 loading class sun/net/ProgressMeteringPolicy
Event: 0.521 loading class sun/net/ProgressMeteringPolicy done
Event: 0.521 loading class sun/net/DefaultProgressMeteringPolicy done
Event: 0.603 Thread 0x00000132ae0f1950 Thread added: 0x00000132ae0f1950
Event: 0.605 loading class java/util/stream/MatchOps$MatchKind
Event: 0.605 loading class java/util/stream/MatchOps$MatchKind done
Event: 0.605 loading class java/util/stream/MatchOps
Event: 0.605 loading class java/util/stream/MatchOps done
Event: 0.605 loading class java/util/stream/MatchOps$MatchOp
Event: 0.605 loading class java/util/stream/MatchOps$MatchOp done
Event: 0.605 loading class java/util/stream/MatchOps$BooleanTerminalSink
Event: 0.605 loading class java/util/stream/MatchOps$BooleanTerminalSink done
Event: 0.605 loading class java/util/stream/MatchOps$1MatchSink
Event: 0.605 loading class java/util/stream/MatchOps$1MatchSink done


Dynamic libraries:
0x00007ff7bf740000 - 0x00007ff7bf74d000 	D:\jdks\corretto_17\bin\java.exe
0x00007ffbf0f70000 - 0x00007ffbf1168000 	C:\Windows\SYSTEM32\ntdll.dll
0x00007ffbefa30000 - 0x00007ffbefaef000 	C:\Windows\System32\KERNEL32.DLL
0x00007ffbeeaf0000 - 0x00007ffbeedc2000 	C:\Windows\System32\KERNELBASE.dll
0x00007ffbee770000 - 0x00007ffbee870000 	C:\Windows\System32\ucrtbase.dll
0x00007ffbc08f0000 - 0x00007ffbc0907000 	D:\jdks\corretto_17\bin\jli.dll
0x00007ffbc0400000 - 0x00007ffbc0415000 	D:\jdks\corretto_17\bin\VCRUNTIME140.dll
0x00007ffbef560000 - 0x00007ffbef701000 	C:\Windows\System32\USER32.dll
0x00007ffbeee20000 - 0x00007ffbeee42000 	C:\Windows\System32\win32u.dll
0x00007ffbe3530000 - 0x00007ffbe37ca000 	C:\Windows\WinSxS\amd64_microsoft.windows.common-controls_6595b64144ccf1df_6.0.19041.1110_none_60b5254171f9507e\COMCTL32.dll
0x00007ffbef950000 - 0x00007ffbef97b000 	C:\Windows\System32\GDI32.dll
0x00007ffbf0d60000 - 0x00007ffbf0dfe000 	C:\Windows\System32\msvcrt.dll
0x00007ffbee660000 - 0x00007ffbee76f000 	C:\Windows\System32\gdi32full.dll
0x00007ffbee8a0000 - 0x00007ffbee93d000 	C:\Windows\System32\msvcp_win.dll
0x00007ffbef210000 - 0x00007ffbef242000 	C:\Windows\System32\IMM32.DLL
0x00007ffbc0280000 - 0x00007ffbc031b000 	D:\jdks\corretto_17\bin\msvcp140.dll
0x00007ffb896e0000 - 0x00007ffb8a2f8000 	D:\jdks\corretto_17\bin\server\jvm.dll
0x00007ffbef980000 - 0x00007ffbefa2e000 	C:\Windows\System32\ADVAPI32.dll
0x00007ffbefb60000 - 0x00007ffbefbfc000 	C:\Windows\System32\sechost.dll
0x00007ffbef0e0000 - 0x00007ffbef205000 	C:\Windows\System32\RPCRT4.dll
0x00007ffbe96c0000 - 0x00007ffbe96c9000 	C:\Windows\SYSTEM32\WSOCK32.dll
0x00007ffbe5d40000 - 0x00007ffbe5d67000 	C:\Windows\SYSTEM32\WINMM.dll
0x00007ffbe87a0000 - 0x00007ffbe87aa000 	C:\Windows\SYSTEM32\VERSION.dll
0x00007ffbefaf0000 - 0x00007ffbefb5b000 	C:\Windows\System32\WS2_32.dll
0x00007ffbec540000 - 0x00007ffbec552000 	C:\Windows\SYSTEM32\kernel.appcore.dll
0x00007ffbc4eb0000 - 0x00007ffbc4eba000 	D:\jdks\corretto_17\bin\jimage.dll
0x00007ffbe43a0000 - 0x00007ffbe4584000 	C:\Windows\SYSTEM32\DBGHELP.DLL
0x00007ffbdcf40000 - 0x00007ffbdcf75000 	C:\Windows\SYSTEM32\dbgcore.DLL
0x00007ffbee9f0000 - 0x00007ffbeea72000 	C:\Windows\System32\bcryptPrimitives.dll
0x00007ffbc0250000 - 0x00007ffbc0275000 	D:\jdks\corretto_17\bin\java.dll
0x00007ffbbff30000 - 0x00007ffbc0006000 	D:\jdks\corretto_17\bin\jsvml.dll
0x00007ffbf0120000 - 0x00007ffbf0865000 	C:\Windows\System32\SHELL32.dll
0x00007ffbec740000 - 0x00007ffbeced2000 	C:\Windows\SYSTEM32\windows.storage.dll
0x00007ffbefdc0000 - 0x00007ffbf0115000 	C:\Windows\System32\combase.dll
0x00007ffbee0c0000 - 0x00007ffbee0f0000 	C:\Windows\SYSTEM32\Wldp.dll
0x00007ffbefc00000 - 0x00007ffbefcad000 	C:\Windows\System32\SHCORE.dll
0x00007ffbefcb0000 - 0x00007ffbefd05000 	C:\Windows\System32\shlwapi.dll
0x00007ffbee5a0000 - 0x00007ffbee5bf000 	C:\Windows\SYSTEM32\profapi.dll
0x00007ffbc03e0000 - 0x00007ffbc03f9000 	D:\jdks\corretto_17\bin\net.dll
0x00007ffbe7df0000 - 0x00007ffbe7efc000 	C:\Windows\SYSTEM32\WINHTTP.dll
0x00007ffbeddb0000 - 0x00007ffbede1a000 	C:\Windows\system32\mswsock.dll
0x00007ffbc0230000 - 0x00007ffbc0245000 	D:\jdks\corretto_17\bin\nio.dll
0x00007ffbc0210000 - 0x00007ffbc0228000 	D:\jdks\corretto_17\bin\zip.dll
0x00007ffbbfda0000 - 0x00007ffbbfdb0000 	D:\jdks\corretto_17\bin\verify.dll
0x00007ffba41e0000 - 0x00007ffba4255000 	C:\Users\stuka\AppData\Local\Temp\lwjglstuka\3.3.1-SNAPSHOT\lwjgl.dll
0x00007ffba24e0000 - 0x00007ffba2541000 	C:\Users\stuka\AppData\Local\Temp\lwjglstuka\3.3.1-SNAPSHOT\glfw.dll
0x00007ffba4190000 - 0x00007ffba41d5000 	C:\Windows\SYSTEM32\dinput8.dll
0x00007ffbd95e0000 - 0x00007ffbd95f1000 	C:\Windows\SYSTEM32\xinput1_4.dll
0x00007ffbeedd0000 - 0x00007ffbeee1e000 	C:\Windows\System32\cfgmgr32.dll
0x00007ffbee410000 - 0x00007ffbee43c000 	C:\Windows\SYSTEM32\DEVOBJ.dll
0x00007ffbec360000 - 0x00007ffbec38f000 	C:\Windows\SYSTEM32\dwmapi.dll
0x00007ffbd99a0000 - 0x00007ffbd9af2000 	C:\Windows\SYSTEM32\inputhost.dll
0x00007ffbf0e60000 - 0x00007ffbf0f2d000 	C:\Windows\System32\OLEAUT32.dll
0x00007ffbeb150000 - 0x00007ffbeb2a4000 	C:\Windows\SYSTEM32\wintypes.dll
0x00007ffbe9f90000 - 0x00007ffbea086000 	C:\Windows\SYSTEM32\PROPSYS.dll
0x00007ffbebc60000 - 0x00007ffbebd52000 	C:\Windows\SYSTEM32\CoreMessaging.dll
0x00007ffbeb820000 - 0x00007ffbebb7e000 	C:\Windows\SYSTEM32\CoreUIComponents.dll
0x00007ffbed780000 - 0x00007ffbed7b3000 	C:\Windows\SYSTEM32\ntmarta.dll
0x00007ffbec020000 - 0x00007ffbec0be000 	C:\Windows\system32\uxtheme.dll
0x00007ffbeefb0000 - 0x00007ffbef0c5000 	C:\Windows\System32\MSCTF.dll
0x00007ffbc7d50000 - 0x00007ffbc7e75000 	C:\Windows\SYSTEM32\opengl32.dll
0x00007ffbdc680000 - 0x00007ffbdc6ac000 	C:\Windows\SYSTEM32\GLU32.dll
0x00007ffbefd10000 - 0x00007ffbefdb9000 	C:\Windows\System32\clbcatq.dll
0x00007ffb697c0000 - 0x00007ffb6d0f4000 	C:\Windows\System32\DriverStore\FileRepository\nv_dispi.inf_amd64_36f8a434e9b7b9f2\nvoglv64.dll
0x00007ffbf0870000 - 0x00007ffbf0cd8000 	C:\Windows\System32\SETUPAPI.dll
0x00007ffbee870000 - 0x00007ffbee897000 	C:\Windows\System32\bcrypt.dll
0x00007ffbef7b0000 - 0x00007ffbef8da000 	C:\Windows\System32\ole32.dll
0x00007ffbea0f0000 - 0x00007ffbea104000 	C:\Windows\SYSTEM32\WTSAPI32.dll
0x00007ffbee250000 - 0x00007ffbee262000 	C:\Windows\SYSTEM32\msasn1.dll
0x00007ffbe8440000 - 0x00007ffbe8471000 	C:\Windows\SYSTEM32\cryptnet.dll
0x00007ffbeee50000 - 0x00007ffbeefa6000 	C:\Windows\System32\CRYPT32.dll
0x00007ffbe8290000 - 0x00007ffbe83d8000 	C:\Windows\SYSTEM32\drvstore.dll
0x00007ffbedfc0000 - 0x00007ffbedfcc000 	C:\Windows\SYSTEM32\cryptbase.dll
0x00007ffbeea80000 - 0x00007ffbeeae9000 	C:\Windows\System32\WINTRUST.dll
0x00007ffbe7d00000 - 0x00007ffbe7d3b000 	C:\Windows\SYSTEM32\dxcore.dll
0x00007ffba5cf0000 - 0x00007ffba5fc1000 	C:\Windows\system32\nvspcap64.dll
0x00007ffbee070000 - 0x00007ffbee0bb000 	C:\Windows\SYSTEM32\powrprof.dll
0x00007ffbee030000 - 0x00007ffbee042000 	C:\Windows\SYSTEM32\UMPDC.dll
0x00007ffbeda30000 - 0x00007ffbeda94000 	C:\Windows\SYSTEM32\WINSTA.dll
0x00007ffbd9b00000 - 0x00007ffbd9bf9000 	C:\Windows\SYSTEM32\textinputframework.dll
0x00007ffba2480000 - 0x00007ffba24dd000 	C:\Users\stuka\AppData\Local\Temp\lwjglstuka\3.3.1-SNAPSHOT\lwjgl_opengl.dll
0x00007ffba1320000 - 0x00007ffba14b7000 	C:\Users\stuka\AppData\Local\Temp\lwjglstuka\3.3.1-SNAPSHOT\OpenAL.dll
0x00007ffbe8530000 - 0x00007ffbe85b5000 	C:\Windows\System32\MMDevApi.dll
0x00007ffbe85c0000 - 0x00007ffbe8742000 	C:\Windows\SYSTEM32\AUDIOSES.DLL
0x00007ffbec150000 - 0x00007ffbec164000 	C:\Windows\SYSTEM32\resourcepolicyclient.dll
0x00007ffba1290000 - 0x00007ffba1311000 	C:\Users\stuka\AppData\Local\Temp\lwjglstuka\3.3.1-SNAPSHOT\lwjgl_stb.dll

dbghelp: loaded successfully - version: 4.0.5 - missing functions: none
symbol engine: initialized successfully - sym options: 0x614 - pdb path: .;D:\jdks\corretto_17\bin;C:\Windows\SYSTEM32;C:\Windows\WinSxS\amd64_microsoft.windows.common-controls_6595b64144ccf1df_6.0.19041.1110_none_60b5254171f9507e;D:\jdks\corretto_17\bin\server;C:\Users\stuka\AppData\Local\Temp\lwjglstuka\3.3.1-SNAPSHOT;C:\Windows\System32\DriverStore\FileRepository\nv_dispi.inf_amd64_36f8a434e9b7b9f2

VM Arguments:
jvm_args: -Dfile.encoding=windows-1251 -Duser.country=RU -Duser.language=ru -Duser.variant 
java_command: SungearEngine2D.Main.Main
java_class_path (initial): D:\Pixelfield\SungearEngine2D\Engine\build\classes\java\main;D:\Pixelfield\SungearEngine2D\Engine\build\resources\main;D:\Pixelfield\SungearEngine2D\Core2D\build\libs\Core2D.jar;D:\Pixelfield\SungearEngine2D\Core2D\libs\commons-io-2.11.0.jar;D:\Pixelfield\SungearEngine2D\Core2D\libs\gson-2.9.0.jar;D:\Pixelfield\SungearEngine2D\Core2D\libs\jbox2d-library-2.1.2.2.jar;C:\Users\stuka\.gradle\caches\modules-2\files-2.1\org.joml\joml\1.10.5\22566d58af70ad3d72308bab63b8339906deb649\joml-1.10.5.jar;D:\Pixelfield\SungearEngine2D\Core2D\libs\lwjgl.jar;D:\Pixelfield\SungearEngine2D\Core2D\libs\lwjgl-glfw.jar;D:\Pixelfield\SungearEngine2D\Core2D\libs\lwjgl-glfw-natives-windows.jar;D:\Pixelfield\SungearEngine2D\Core2D\libs\lwjgl-glfw-sources.jar;D:\Pixelfield\SungearEngine2D\Core2D\libs\lwjgl-natives-windows.jar;D:\Pixelfield\SungearEngine2D\Core2D\libs\lwjgl-openal.jar;D:\Pixelfield\SungearEngine2D\Core2D\libs\lwjgl-openal-natives-windows.jar;D:\Pixelfield\SungearEngine2D\Core2D\libs\lwjgl-openal-sources.jar;D:\Pixelfield\SungearEngine2D\Core2D\libs\lwjgl-opengl.jar;D:\Pixelfield\SungearEngine2D\Core2D\libs\lwjgl-opengl-natives-windows.jar;D:\Pixelfield\SungearEngine2D\Core2D\libs\lwjgl-opengl-sources.jar;D:\Pixelfield\SungearEngine2D\Core2D\libs\lwjgl-sources.jar;D:\Pixelfield\SungearEngine2D\Core2D\libs\lwjgl-stb.jar;D:\Pixelfield\SungearEngine2D\Core2D\libs\lwjgl-stb-natives-windows.jar;D:\Pixelfield\SungearEngine2D\Core2D\libs\lwjgl-stb-sources.jar;D:\Pixelfield\SungearEngine2D\Core2D\libs\slf4j-api-2.0.0-alpha5.jar;D:\Pixelfield\SungearEngine2D\Core2D\libs\slf4j-simple-2.0.0-alpha5.jar;D:\Pixelfield\SungearEngine2D\Core2D\libs\slick.jar;D:\Pixelfield\SungearEngine2D\Core2D\libs\slick-util.jar;D:\Pixelfield\SungearEngine2D\common\build\libs\common.jar;D:\Pixelfield\SungearEngine2D\Engine\libs\imgui-app-1.84.1.3.jar
Launcher Type: SUN_STANDARD

[Global flags]
     intx CICompilerCount                          = 12                                        {product} {ergonomic}
     uint ConcGCThreads                            = 3                                         {product} {ergonomic}
     uint G1ConcRefinementThreads                  = 13                                        {product} {ergonomic}
   size_t G1HeapRegionSize                         = 4194304                                   {product} {ergonomic}
    uintx GCDrainStackTargetSize                   = 64                                        {product} {ergonomic}
   size_t InitialHeapSize                          = 536870912                                 {product} {ergonomic}
   size_t MarkStackSize                            = 4194304                                   {product} {ergonomic}
   size_t MaxHeapSize                              = 8573157376                                {product} {ergonomic}
   size_t MaxNewSize                               = 5142216704                                {product} {ergonomic}
   size_t MinHeapDeltaBytes                        = 4194304                                   {product} {ergonomic}
   size_t MinHeapSize                              = 8388608                                   {product} {ergonomic}
    uintx NonNMethodCodeHeapSize                   = 7602480                                {pd product} {ergonomic}
    uintx NonProfiledCodeHeapSize                  = 122027880                              {pd product} {ergonomic}
    uintx ProfiledCodeHeapSize                     = 122027880                              {pd product} {ergonomic}
    uintx ReservedCodeCacheSize                    = 251658240                              {pd product} {ergonomic}
     bool SegmentedCodeCache                       = true                                      {product} {ergonomic}
   size_t SoftMaxHeapSize                          = 8573157376                             {manageable} {ergonomic}
     bool UseCompressedClassPointers               = true                           {product lp64_product} {ergonomic}
     bool UseCompressedOops                        = true                           {product lp64_product} {ergonomic}
     bool UseG1GC                                  = true                                      {product} {ergonomic}
     bool UseLargePagesIndividualAllocation        = false                                  {pd product} {ergonomic}

Logging:
Log output configuration:
 #0: stdout all=warning uptime,level,tags
 #1: stderr all=off uptime,level,tags

Environment Variables:
JAVA_HOME=C:\Program Files\Java\jdk-17
PATH=C:\Program Files\Common Files\Oracle\Java\javapath;C:\Program Files (x86)\Common Files\Oracle\Java\javapath;C:\Windows\system32;C:\Windows;C:\Windows\System32\Wbem;C:\Windows\System32\WindowsPowerShell\v1.0\;C:\Windows\System32\OpenSSH\;C:\Program Files (x86)\NVIDIA Corporation\PhysX\Common;C:\Program Files\NVIDIA Corporation\NVIDIA NvDLISR;C:\Program Files\dotnet\;C:\Program Files\Java\jdk-17;D:\Python\Scripts\;D:\Python\;C:\Users\stuka\AppData\Local\Microsoft\WindowsApps;C:\Users\stuka\AppData\Local\JetBrains\Toolbox\scripts;C:\Users\stuka\AppData\Local\GitHubDesktop\bin;C:\Users\stuka\.dotnet\tools
USERNAME=stuka
OS=Windows_NT
PROCESSOR_IDENTIFIER=AMD64 Family 25 Model 33 Stepping 2, AuthenticAMD
TMP=C:\Users\stuka\AppData\Local\Temp
TEMP=C:\Users\stuka\AppData\Local\Temp



---------------  S Y S T E M  ---------------

OS:
 Windows 10 , 64 bit Build 19041 (10.0.19041.2546)
OS uptime: 0 days 22:37 hours

CPU: total 16 (initial active 16) (16 cores per cpu, 2 threads per core) family 25 model 33 stepping 2 microcode 0x0, cx8, cmov, fxsr, ht, mmx, 3dnowpref, sse, sse2, sse3, ssse3, sse4a, sse4.1, sse4.2, popcnt, lzcnt, tsc, tscinvbit, avx, avx2, aes, erms, clmul, bmi1, bmi2, adx, sha, fma, vzeroupper, clflush, clflushopt

Memory: 4k page, system-wide physical 32694M (20539M free)
TotalPageFile size 37558M (AvailPageFile size 21341M)
current process WorkingSet (physical memory assigned to process): 159M, peak: 160M
current process commit charge ("private bytes"): 814M, peak: 814M

vm_info: OpenJDK 64-Bit Server VM (17.0.6+10-LTS) for windows-amd64 JRE (17.0.6+10-LTS), built on Jan 13 2023 22:57:04 by "Administrator" with MS VC++ 15.9 (VS2017)

END.
