#
# A fatal error has been detected by the Java Runtime Environment:
#
#  EXCEPTION_ACCESS_VIOLATION (0xc0000005) at pc=0x00007ff987ae4bd3, pid=20988, tid=25432
#
# JRE version: OpenJDK Runtime Environment Corretto-17.0.6.10.1 (17.0.6+10) (build 17.0.6+10-LTS)
# Java VM: OpenJDK 64-Bit Server VM Corretto-17.0.6.10.1 (17.0.6+10-LTS, mixed mode, sharing, tiered, compressed oops, compressed class ptrs, g1 gc, windows-amd64)
# Problematic frame:
# C  [nvoglv64.dll+0x1564bd3]
#
# No core dump will be written. Minidumps are not enabled by default on client versions of Windows
#
# If you would like to submit a bug report, please visit:
#   https://github.com/corretto/corretto-17/issues/
# The crash happened outside the Java Virtual Machine in native code.
# See problematic frame for where to report the bug.
#

---------------  S U M M A R Y ------------

Command Line: -Dfile.encoding=windows-1251 -Duser.country=RU -Duser.language=ru -Duser.variant SungearEngine2D.Main.Main

Host: AMD Ryzen 7 5800X 8-Core Processor             , 16 cores, 31G,  Windows 10 , 64 bit Build 19041 (10.0.19041.2546)
Time: Fri Mar 10 23:01:16 2023 RTZ 2 (s 10 , 64 bit Build 19041 (10.0.19041.2546) elapsed time: 9.771442 seconds (0d 0h 0m 9s)

---------------  T H R E A D  ---------------

Current thread (0x000002269a027240):  JavaThread "main" [_thread_in_native, id=25432, stack(0x000000a2e6300000,0x000000a2e6400000)]

Stack: [0x000000a2e6300000,0x000000a2e6400000],  sp=0x000000a2e63febd0,  free space=1018k
Native frames: (J=compiled Java code, j=interpreted, Vv=VM code, C=native code)
C  [nvoglv64.dll+0x1564bd3]

Java frames: (J=compiled Java code, j=interpreted, Vv=VM code)
j  org.lwjgl.opengl.GL11C.nglDrawElements(IIIJ)V+0
j  org.lwjgl.opengl.GL11C.glDrawElements(IIIJ)V+4
j  Core2D.ECS.System.Systems.CamerasManagerSystem.lambda$update$2([Ljava/lang/Object;)V+7
j  Core2D.ECS.System.Systems.CamerasManagerSystem$$Lambda$225+0x0000000800d016b0.accept(Ljava/lang/Object;)V+4
J 2355 c2 Core2D.Graphics.OpenGL.OpenGL.glCall(Ljava/util/function/Consumer;)V (44 bytes) @ 0x00000226aafbaae0 [0x00000226aafba9a0+0x0000000000000140]
j  Core2D.ECS.System.Systems.CamerasManagerSystem.update(LCore2D/ECS/System/ComponentsQuery;)V+549
J 2352 c2 Core2D.ECS.ECSWorld.update()V (72 bytes) @ 0x00000226aafb8be0 [0x00000226aafb8ac0+0x0000000000000120]
j  Core2D.Scene2D.SceneManager.updateCurrentScene2D()V+17
j  Core2D.Graphics.Graphics.draw()V+84
j  Core2D.Core2D.Core2D.run()V+32
j  Core2D.Core2D.Core2D.create(Ljava/lang/String;Lorg/joml/Vector2i;[I[I)V+30
j  Core2D.Core2D.Core2D.start()V+12
j  SungearEngine2D.Main.Main.main([Ljava/lang/String;)V+41
v  ~StubRoutines::call_stub

siginfo: EXCEPTION_ACCESS_VIOLATION (0xc0000005), reading address 0x0000000000000000


Register to memory mapping:

RIP=0x00007ff987ae4bd3 nvoglv64.dll
RAX=0x0 is NULL
RBX=0x00000226ceb11744 points into unknown readable memory: ec 01 00 00
RCX=0x00000226ceb11760 points into unknown readable memory: 0x8000000020010d2a | 2a 0d 01 20 00 00 00 80
RDX=0x0000000000000008 is an unknown value
RSP=0x000000a2e63febd0 is pointing into the stack for thread: 0x000002269a027240
RBP=0x0000000000000003 is an unknown value
RSI=0x0 is NULL
RDI=0x0 is NULL
R8 =0x00000226cc1f0910 points into unknown readable memory: 0x0000000000002000 | 00 20 00 00 00 00 00 00
R9 =0x0000000000000006 is an unknown value
R10=0x00000226cc1f0910 points into unknown readable memory: 0x0000000000002000 | 00 20 00 00 00 00 00 00
R11=0x00000226cc2024ac points into unknown readable memory: 40 00 40 3a
R12=0x000000000000064b is an unknown value
R13=0x00000226cf0c0000 points into unknown readable memory: 0x00000226ca72bdd0 | d0 bd 72 ca 26 02 00 00
R14=0x0 is NULL
R15=0x0 is NULL


Registers:
RAX=0x0000000000000000, RBX=0x00000226ceb11744, RCX=0x00000226ceb11760, RDX=0x0000000000000008
RSP=0x000000a2e63febd0, RBP=0x0000000000000003, RSI=0x0000000000000000, RDI=0x0000000000000000
R8 =0x00000226cc1f0910, R9 =0x0000000000000006, R10=0x00000226cc1f0910, R11=0x00000226cc2024ac
R12=0x000000000000064b, R13=0x00000226cf0c0000, R14=0x0000000000000000, R15=0x0000000000000000
RIP=0x00007ff987ae4bd3, EFLAGS=0x0000000000010246

Top of Stack: (sp=0x000000a2e63febd0)
0x000000a2e63febd0:   000000a2e63fec80 0000000000000000
0x000000a2e63febe0:   0000000000000000 0000000000000000
0x000000a2e63febf0:   00000226cf118318 0000000000000000
0x000000a2e63fec00:   0000000000000004 0000000000000000
0x000000a2e63fec10:   00000000ffffffff 00007ff987adb4fe
0x000000a2e63fec20:   0000000000000006 0000000000000000
0x000000a2e63fec30:   00000226cf0c0000 00007ff900000000
0x000000a2e63fec40:   0000000000000000 0000000000000000
0x000000a2e63fec50:   0000000000002000 00000000873a7f48
0x000000a2e63fec60:   00000226cc1f0910 00000226cc1f0910
0x000000a2e63fec70:   0000022600000000 0000000000000001
0x000000a2e63fec80:   0000000000000006 00007ff987ab0af5
0x000000a2e63fec90:   00000226cf0c0000 00000226cc347510
0x000000a2e63feca0:   00000226cc1f0910 0000000000000000
0x000000a2e63fecb0:   00007ff987537030 0000000000000000
0x000000a2e63fecc0:   00000226cf0c0000 0000000000000000 

Instructions: (pc=0x00007ff987ae4bd3)
0x00007ff987ae4ad3:   00 00 49 8b 8d 80 c1 04 00 41 8d 50 0a e8 db 13
0x00007ff987ae4ae3:   f7 ff 49 8b 9d 80 c1 04 00 48 8b 9b 80 00 00 00
0x00007ff987ae4af3:   41 83 bd 08 f0 07 00 00 74 19 b8 64 0e 01 00 0f
0x00007ff987ae4b03:   ba e8 1d 89 03 41 8b 85 08 f0 07 00 89 43 04 48
0x00007ff987ae4b13:   83 c3 08 8b 7c 24 78 b8 86 05 01 00 0f ba e8 1d
0x00007ff987ae4b23:   89 6b 04 89 03 41 bc 7a 05 01 00 48 83 c3 08 41
0x00007ff987ae4b33:   f6 c6 01 74 1c 41 8b c4 0f ba e8 1d 89 03 0f b7
0x00007ff987ae4b43:   06 48 83 c6 02 03 c7 89 43 04 48 83 c3 08 41 ff
0x00007ff987ae4b53:   ce 41 d1 fe bd 4b 06 00 00 0f 84 a1 00 00 00 44
0x00007ff987ae4b63:   8b e5 66 66 66 0f 1f 84 00 00 00 00 00 4d 8b 85
0x00007ff987ae4b73:   80 c1 04 00 45 3b f4 41 8b ee 41 0f 4f ec 8d 55
0x00007ff987ae4b83:   05 48 63 c2 48 8d 0c 83 49 3b 88 88 00 00 00 72
0x00007ff987ae4b93:   24 49 89 98 80 00 00 00 45 33 c0 49 8b 8d 80 c1
0x00007ff987ae4ba3:   04 00 e8 16 13 f7 ff 49 8b 9d 80 c1 04 00 48 8b
0x00007ff987ae4bb3:   9b 80 00 00 00 8b c5 25 ff 1f 00 00 c1 e0 10 0d
0x00007ff987ae4bc3:   7c 05 00 60 89 03 48 83 c3 04 44 2b f5 0f b7 c7
0x00007ff987ae4bd3:   66 03 06 66 89 03 0f b7 46 02 48 83 c6 04 66 03
0x00007ff987ae4be3:   c7 66 89 43 02 48 83 c3 04 83 ed 01 75 df 45 85
0x00007ff987ae4bf3:   f6 0f 85 76 ff ff ff 41 8b ec 41 bc 7a 05 01 00
0x00007ff987ae4c03:   4c 8b 74 24 28 41 f6 c7 01 74 17 41 0f ba ec 1d
0x00007ff987ae4c13:   44 89 23 0f b7 06 03 c7 89 43 04 48 83 c3 08 41
0x00007ff987ae4c23:   ff cf 41 d1 ff 4c 8b 64 24 38 74 76 90 4d 8b 85
0x00007ff987ae4c33:   80 c1 04 00 44 3b fd 41 8b f7 0f 4f f5 8d 56 05
0x00007ff987ae4c43:   48 63 c2 48 8d 0c 83 49 3b 88 88 00 00 00 72 24
0x00007ff987ae4c53:   49 89 98 80 00 00 00 45 33 c0 49 8b 8d 80 c1 04
0x00007ff987ae4c63:   00 e8 57 12 f7 ff 49 8b 9d 80 c1 04 00 48 8b 9b
0x00007ff987ae4c73:   80 00 00 00 8b c6 25 ff 1f 00 00 c1 e0 10 0d 7c
0x00007ff987ae4c83:   05 00 60 89 03 48 83 c3 04 44 2b fe 90 66 89 3b
0x00007ff987ae4c93:   66 89 7b 02 48 83 c3 04 83 ee 01 75 f0 45 85 ff
0x00007ff987ae4ca3:   75 8b 4c 8b 7c 24 20 b8 2a 0d 01 00 48 8b 7c 24
0x00007ff987ae4cb3:   60 0f ba e8 1d 48 8b 74 24 58 48 8b 6c 24 50 89
0x00007ff987ae4cc3:   43 04 c7 03 85 05 00 80 c7 43 08 00 00 00 80 41 


Stack slot to memory mapping:
stack at sp + 0 slots: 0x000000a2e63fec80 is pointing into the stack for thread: 0x000002269a027240
stack at sp + 1 slots: 0x0 is NULL
stack at sp + 2 slots: 0x0 is NULL
stack at sp + 3 slots: 0x0 is NULL
stack at sp + 4 slots: 0x00000226cf118318 points into unknown readable memory: 0x0000000000000000 | 00 00 00 00 00 00 00 00
stack at sp + 5 slots: 0x0 is NULL
stack at sp + 6 slots: 0x0000000000000004 is an unknown value
stack at sp + 7 slots: 0x0 is NULL


---------------  P R O C E S S  ---------------

Threads class SMR info:
_java_thread_list=0x00000226ccfd42b0, length=14, elements={
0x000002269a027240, 0x00000226c8a11f00, 0x00000226c8a12d70, 0x00000226c8a29390,
0x00000226c8a2cd60, 0x00000226c8a2d710, 0x00000226c8a2e0c0, 0x00000226c8a2fdb0,
0x00000226c8a3bd60, 0x00000226c8a3e760, 0x00000226c9495e20, 0x00000226c949a8c0,
0x00000226ca0df4b0, 0x00000226da094130
}

Java Threads: ( => current thread )
=>0x000002269a027240 JavaThread "main" [_thread_in_native, id=25432, stack(0x000000a2e6300000,0x000000a2e6400000)]
  0x00000226c8a11f00 JavaThread "Reference Handler" daemon [_thread_blocked, id=18648, stack(0x000000a2e6a00000,0x000000a2e6b00000)]
  0x00000226c8a12d70 JavaThread "Finalizer" daemon [_thread_blocked, id=10712, stack(0x000000a2e6b00000,0x000000a2e6c00000)]
  0x00000226c8a29390 JavaThread "Signal Dispatcher" daemon [_thread_blocked, id=3268, stack(0x000000a2e6c00000,0x000000a2e6d00000)]
  0x00000226c8a2cd60 JavaThread "Attach Listener" daemon [_thread_blocked, id=5312, stack(0x000000a2e6d00000,0x000000a2e6e00000)]
  0x00000226c8a2d710 JavaThread "Service Thread" daemon [_thread_blocked, id=23096, stack(0x000000a2e6e00000,0x000000a2e6f00000)]
  0x00000226c8a2e0c0 JavaThread "Monitor Deflation Thread" daemon [_thread_blocked, id=22604, stack(0x000000a2e6f00000,0x000000a2e7000000)]
  0x00000226c8a2fdb0 JavaThread "C2 CompilerThread0" daemon [_thread_blocked, id=16532, stack(0x000000a2e7000000,0x000000a2e7100000)]
  0x00000226c8a3bd60 JavaThread "C1 CompilerThread0" daemon [_thread_blocked, id=7600, stack(0x000000a2e7100000,0x000000a2e7200000)]
  0x00000226c8a3e760 JavaThread "Sweeper thread" daemon [_thread_blocked, id=1820, stack(0x000000a2e7200000,0x000000a2e7300000)]
  0x00000226c9495e20 JavaThread "Notification Thread" daemon [_thread_blocked, id=11420, stack(0x000000a2e7500000,0x000000a2e7600000)]
  0x00000226c949a8c0 JavaThread "Common-Cleaner" daemon [_thread_blocked, id=11880, stack(0x000000a2e7700000,0x000000a2e7800000)]
  0x00000226ca0df4b0 JavaThread "Thread-0" [_thread_blocked, id=23692, stack(0x000000a2e8c00000,0x000000a2e8d00000)]
  0x00000226da094130 JavaThread "C1 CompilerThread1" daemon [_thread_blocked, id=18684, stack(0x000000a2e7300000,0x000000a2e7400000)]

Other Threads:
  0x00000226c8a0e300 VMThread "VM Thread" [stack: 0x000000a2e6900000,0x000000a2e6a00000] [id=14640]
  0x000002269a0f9f70 WatcherThread [stack: 0x000000a2e7600000,0x000000a2e7700000] [id=13072]
  0x000002269a0d4bd0 GCTaskThread "GC Thread#0" [stack: 0x000000a2e6400000,0x000000a2e6500000] [id=2440]
  0x00000226ccac7ad0 GCTaskThread "GC Thread#1" [stack: 0x000000a2e8300000,0x000000a2e8400000] [id=26248]
  0x00000226ccc19930 GCTaskThread "GC Thread#2" [stack: 0x000000a2e8400000,0x000000a2e8500000] [id=1284]
  0x00000226ccc176b0 GCTaskThread "GC Thread#3" [stack: 0x000000a2e8500000,0x000000a2e8600000] [id=23252]
  0x00000226ccc17d70 GCTaskThread "GC Thread#4" [stack: 0x000000a2e8600000,0x000000a2e8700000] [id=12644]
  0x00000226ccb25740 GCTaskThread "GC Thread#5" [stack: 0x000000a2e8700000,0x000000a2e8800000] [id=14500]
  0x00000226ccb7f910 GCTaskThread "GC Thread#6" [stack: 0x000000a2e8800000,0x000000a2e8900000] [id=21240]
  0x00000226ccae6b70 GCTaskThread "GC Thread#7" [stack: 0x000000a2e8900000,0x000000a2e8a00000] [id=25072]
  0x00000226ccae6e20 GCTaskThread "GC Thread#8" [stack: 0x000000a2e8a00000,0x000000a2e8b00000] [id=24480]
  0x00000226ccc13480 GCTaskThread "GC Thread#9" [stack: 0x000000a2e8b00000,0x000000a2e8c00000] [id=7912]
  0x00000226cd01de70 GCTaskThread "GC Thread#10" [stack: 0x000000a2e8e00000,0x000000a2e8f00000] [id=23368]
  0x00000226cc95f670 GCTaskThread "GC Thread#11" [stack: 0x000000a2e7400000,0x000000a2e7500000] [id=24184]
  0x000002269a0e5a90 ConcurrentGCThread "G1 Main Marker" [stack: 0x000000a2e6500000,0x000000a2e6600000] [id=7700]
  0x000002269a0e6ce0 ConcurrentGCThread "G1 Conc#0" [stack: 0x000000a2e6600000,0x000000a2e6700000] [id=5840]
  0x000002269a0fe890 ConcurrentGCThread "G1 Refine#0" [stack: 0x000000a2e6700000,0x000000a2e6800000] [id=5316]
  0x00000226c89452c0 ConcurrentGCThread "G1 Service" [stack: 0x000000a2e6800000,0x000000a2e6900000] [id=24968]

Threads with active compile tasks:

VM state: not at safepoint (normal execution)

VM Mutex/Monitor currently owned by a thread:  ([mutex/lock_event])
[0x000002269a0202c0] Uncommit_lock - owner thread: 0x00000226c89452c0

Heap address: 0x0000000601000000, size: 8176 MB, Compressed Oops mode: Zero based, Oop shift amount: 3

CDS archive(s) mapped at: [0x0000000800000000-0x0000000800bc0000-0x0000000800bc0000), size 12320768, SharedBaseAddress: 0x0000000800000000, ArchiveRelocationMode: 0.
Compressed class space mapped at: 0x0000000800c00000-0x0000000840c00000, reserved size: 1073741824
Narrow klass base: 0x0000000800000000, Narrow klass shift: 0, Narrow klass range: 0x100000000

GC Precious Log:
 CPUs: 16 total, 16 available
 Memory: 32694M
 Large Page Support: Disabled
 NUMA Support: Disabled
 Compressed Oops: Enabled (Zero based)
 Heap Region Size: 4M
 Heap Min Capacity: 8M
 Heap Initial Capacity: 512M
 Heap Max Capacity: 8176M
 Pre-touch: Disabled
 Parallel Workers: 13
 Concurrent Workers: 3
 Concurrent Refinement Workers: 13
 Periodic GC: Disabled

Heap:
 garbage-first heap   total 28672K, used 4293K [0x0000000601000000, 0x0000000800000000)
  region size 4096K, 1 young (4096K), 0 survivors (0K)
 Metaspace       used 12906K, committed 13120K, reserved 1064960K
  class space    used 921K, committed 1024K, reserved 1048576K

Heap Regions: E=young(eden), S=young(survivor), O=old, HS=humongous(starts), HC=humongous(continues), CS=collection set, F=free, OA=open archive, CA=closed archive, TAMS=top-at-mark-start (previous, next)
|   0|0x0000000601000000, 0x000000060139eb20, 0x0000000601400000| 90%| O|  |TAMS 0x0000000601000000, 0x0000000601000000| Untracked 
|   1|0x0000000601400000, 0x0000000601492a00, 0x0000000601800000| 14%| O|  |TAMS 0x0000000601400000, 0x0000000601400000| Untracked 
|   2|0x0000000601800000, 0x0000000601800000, 0x0000000601c00000|  0%| F|  |TAMS 0x0000000601800000, 0x0000000601800000| Untracked 
|   3|0x0000000601c00000, 0x0000000601c00000, 0x0000000602000000|  0%| F|  |TAMS 0x0000000601c00000, 0x0000000601c00000| Untracked 
|   4|0x0000000602000000, 0x0000000602000000, 0x0000000602400000|  0%| F|  |TAMS 0x0000000602000000, 0x0000000602000000| Untracked 
|   5|0x0000000602400000, 0x0000000602400000, 0x0000000602800000|  0%| F|  |TAMS 0x0000000602400000, 0x0000000602400000| Untracked 
|   6|0x0000000602800000, 0x0000000602b04df8, 0x0000000602c00000| 75%| E|  |TAMS 0x0000000602800000, 0x0000000602800000| Complete 

Card table byte_map: [0x00000226b42d0000,0x00000226b52d0000] _byte_map_base: 0x00000226b12c8000

Marking Bits (Prev, Next): (CMBitMap*) 0x000002269a0d5220, (CMBitMap*) 0x000002269a0d51e0
 Prev Bits: [0x00000226be290000, 0x00000226c6250000)
 Next Bits: [0x00000226b62d0000, 0x00000226be290000)

Polling page: 0x00000226a32e0000

Metaspace:

Usage:
  Non-class:     11.70 MB used.
      Class:    921.18 KB used.
       Both:     12.60 MB used.

Virtual space:
  Non-class space:       16.00 MB reserved,      11.81 MB ( 74%) committed,  2 nodes.
      Class space:        1.00 GB reserved,       1.00 MB ( <1%) committed,  1 nodes.
             Both:        1.02 GB reserved,      12.81 MB (  1%) committed. 

Chunk freelists:
   Non-Class:  3.64 MB
       Class:  2.94 MB
        Both:  6.58 MB

MaxMetaspaceSize: unlimited
CompressedClassSpaceSize: 1.00 GB
Initial GC threshold: 21.00 MB
Current GC threshold: 21.00 MB
CDS: on
MetaspaceReclaimPolicy: balanced
 - commit_granule_bytes: 65536.
 - commit_granule_words: 8192.
 - virtual_space_node_default_size: 1048576.
 - enlarge_chunks_in_place: 1.
 - new_chunks_are_fully_committed: 0.
 - uncommit_free_chunks: 1.
 - use_allocation_guard: 0.
 - handle_deallocations: 1.


Internal statistics:

num_allocs_failed_limit: 0.
num_arena_births: 248.
num_arena_deaths: 0.
num_vsnodes_births: 3.
num_vsnodes_deaths: 0.
num_space_committed: 203.
num_space_uncommitted: 0.
num_chunks_returned_to_freelist: 0.
num_chunks_taken_from_freelist: 652.
num_chunk_merges: 0.
num_chunk_splits: 442.
num_chunks_enlarged: 327.
num_purges: 0.
num_inconsistent_stats: 0.

CodeHeap 'non-profiled nmethods': size=119168Kb used=1922Kb max_used=1922Kb free=117245Kb
 bounds [0x00000226aaea0000, 0x00000226ab110000, 0x00000226b2300000]
CodeHeap 'profiled nmethods': size=119104Kb used=5311Kb max_used=5311Kb free=113792Kb
 bounds [0x00000226a3300000, 0x00000226a3830000, 0x00000226aa750000]
CodeHeap 'non-nmethods': size=7488Kb used=2358Kb max_used=3508Kb free=5129Kb
 bounds [0x00000226aa750000, 0x00000226aaac0000, 0x00000226aaea0000]
 total_blobs=4185 nmethods=2900 adapters=1197
 compilation: enabled
              stopped_count=0, restarted_count=0
 full_count=0

Compilation events (20 events):
Event: 9.757 Thread 0x00000226da094130 nmethod 2890 0x00000226a381fe90 code [0x00000226a38201c0, 0x00000226a38212b8]
Event: 9.757 Thread 0x00000226da094130 2892       3       java.lang.invoke.ConstantCallSite::<init> (17 bytes)
Event: 9.757 Thread 0x00000226da094130 nmethod 2892 0x00000226a3821e90 code [0x00000226a3822080, 0x00000226a3822688]
Event: 9.757 Thread 0x00000226da094130 2893       1       org.joml.Matrix4f::properties (5 bytes)
Event: 9.757 Thread 0x00000226da094130 nmethod 2893 0x00000226ab080890 code [0x00000226ab080a20, 0x00000226ab080af8]
Event: 9.757 Thread 0x00000226da094130 2894       3       java.nio.DirectIntBufferU::<init> (51 bytes)
Event: 9.758 Thread 0x00000226da094130 nmethod 2894 0x00000226a3822910 code [0x00000226a3822ae0, 0x00000226a3822ed8]
Event: 9.758 Thread 0x00000226da094130 2895       3       java.nio.IntBuffer::<init> (14 bytes)
Event: 9.758 Thread 0x00000226da094130 nmethod 2895 0x00000226a3823010 code [0x00000226a38231c0, 0x00000226a3823308]
Event: 9.758 Thread 0x00000226da094130 2896       3       java.nio.IntBuffer::<init> (24 bytes)
Event: 9.758 Thread 0x00000226da094130 nmethod 2896 0x00000226a3823410 code [0x00000226a38235c0, 0x00000226a3823768]
Event: 9.758 Thread 0x00000226da094130 2897       3       java.nio.IntBuffer::limit (6 bytes)
Event: 9.758 Thread 0x00000226da094130 nmethod 2897 0x00000226a3823810 code [0x00000226a38239c0, 0x00000226a3823b68]
Event: 9.758 Thread 0x00000226da094130 2898       3       java.nio.IntBuffer::limit (8 bytes)
Event: 9.758 Thread 0x00000226da094130 nmethod 2898 0x00000226a3823c10 code [0x00000226a3823da0, 0x00000226a3823ee8]
Event: 9.758 Thread 0x00000226da094130 2899       3       java.nio.IntBuffer::position (6 bytes)
Event: 9.758 Thread 0x00000226da094130 nmethod 2899 0x00000226a3823f90 code [0x00000226a3824140, 0x00000226a38242e8]
Event: 9.758 Thread 0x00000226da094130 2900       3       java.nio.IntBuffer::position (8 bytes)
Event: 9.758 Thread 0x00000226da094130 nmethod 2900 0x00000226a3824390 code [0x00000226a3824520, 0x00000226a3824668]
Event: 9.759 Thread 0x00000226c8a3bd60 nmethod 2891 0x00000226a3824710 code [0x00000226a3824fa0, 0x00000226a382c8d8]

GC Heap History (20 events):
Event: 3.234 GC heap before
{Heap before GC invocations=5 (full 3):
 garbage-first heap   total 16384K, used 3830K [0x0000000601000000, 0x0000000800000000)
  region size 4096K, 2 young (8192K), 1 survivors (4096K)
 Metaspace       used 9479K, committed 9792K, reserved 1064960K
  class space    used 689K, committed 832K, reserved 1048576K
}
Event: 3.235 GC heap after
{Heap after GC invocations=6 (full 3):
 garbage-first heap   total 16384K, used 3834K [0x0000000601000000, 0x0000000800000000)
  region size 4096K, 1 young (4096K), 1 survivors (4096K)
 Metaspace       used 9479K, committed 9792K, reserved 1064960K
  class space    used 689K, committed 832K, reserved 1048576K
}
Event: 3.262 GC heap before
{Heap before GC invocations=6 (full 3):
 garbage-first heap   total 16384K, used 3834K [0x0000000601000000, 0x0000000800000000)
  region size 4096K, 2 young (8192K), 1 survivors (4096K)
 Metaspace       used 9485K, committed 9792K, reserved 1064960K
  class space    used 689K, committed 832K, reserved 1048576K
}
Event: 3.262 GC heap after
{Heap after GC invocations=7 (full 3):
 garbage-first heap   total 16384K, used 3834K [0x0000000601000000, 0x0000000800000000)
  region size 4096K, 1 young (4096K), 1 survivors (4096K)
 Metaspace       used 9485K, committed 9792K, reserved 1064960K
  class space    used 689K, committed 832K, reserved 1048576K
}
Event: 3.288 GC heap before
{Heap before GC invocations=7 (full 3):
 garbage-first heap   total 16384K, used 3834K [0x0000000601000000, 0x0000000800000000)
  region size 4096K, 2 young (8192K), 1 survivors (4096K)
 Metaspace       used 9491K, committed 9792K, reserved 1064960K
  class space    used 689K, committed 832K, reserved 1048576K
}
Event: 3.289 GC heap after
{Heap after GC invocations=8 (full 3):
 garbage-first heap   total 270336K, used 3839K [0x0000000601000000, 0x0000000800000000)
  region size 4096K, 1 young (4096K), 1 survivors (4096K)
 Metaspace       used 9491K, committed 9792K, reserved 1064960K
  class space    used 689K, committed 832K, reserved 1048576K
}
Event: 4.094 GC heap before
{Heap before GC invocations=8 (full 3):
 garbage-first heap   total 270336K, used 159487K [0x0000000601000000, 0x0000000800000000)
  region size 4096K, 39 young (159744K), 1 survivors (4096K)
 Metaspace       used 9861K, committed 10112K, reserved 1064960K
  class space    used 691K, committed 832K, reserved 1048576K
}
Event: 4.094 GC heap after
{Heap after GC invocations=9 (full 3):
 garbage-first heap   total 270336K, used 3851K [0x0000000601000000, 0x0000000800000000)
  region size 4096K, 1 young (4096K), 1 survivors (4096K)
 Metaspace       used 9861K, committed 10112K, reserved 1064960K
  class space    used 691K, committed 832K, reserved 1048576K
}
Event: 4.772 GC heap before
{Heap before GC invocations=9 (full 3):
 garbage-first heap   total 270336K, used 159499K [0x0000000601000000, 0x0000000800000000)
  region size 4096K, 39 young (159744K), 1 survivors (4096K)
 Metaspace       used 9866K, committed 10112K, reserved 1064960K
  class space    used 692K, committed 832K, reserved 1048576K
}
Event: 4.772 GC heap after
{Heap after GC invocations=10 (full 3):
 garbage-first heap   total 270336K, used 3850K [0x0000000601000000, 0x0000000800000000)
  region size 4096K, 1 young (4096K), 1 survivors (4096K)
 Metaspace       used 9866K, committed 10112K, reserved 1064960K
  class space    used 692K, committed 832K, reserved 1048576K
}
Event: 5.476 GC heap before
{Heap before GC invocations=10 (full 3):
 garbage-first heap   total 270336K, used 159498K [0x0000000601000000, 0x0000000800000000)
  region size 4096K, 39 young (159744K), 1 survivors (4096K)
 Metaspace       used 9866K, committed 10112K, reserved 1064960K
  class space    used 692K, committed 832K, reserved 1048576K
}
Event: 5.477 GC heap after
{Heap after GC invocations=11 (full 3):
 garbage-first heap   total 270336K, used 3852K [0x0000000601000000, 0x0000000800000000)
  region size 4096K, 1 young (4096K), 1 survivors (4096K)
 Metaspace       used 9866K, committed 10112K, reserved 1064960K
  class space    used 692K, committed 832K, reserved 1048576K
}
Event: 6.202 GC heap before
{Heap before GC invocations=11 (full 3):
 garbage-first heap   total 270336K, used 237324K [0x0000000601000000, 0x0000000800000000)
  region size 4096K, 39 young (159744K), 1 survivors (4096K)
 Metaspace       used 10362K, committed 10624K, reserved 1064960K
  class space    used 759K, committed 896K, reserved 1048576K
}
Event: 6.203 GC heap after
{Heap after GC invocations=12 (full 3):
 garbage-first heap   total 270336K, used 87949K [0x0000000601000000, 0x0000000800000000)
  region size 4096K, 1 young (4096K), 1 survivors (4096K)
 Metaspace       used 10362K, committed 10624K, reserved 1064960K
  class space    used 759K, committed 896K, reserved 1048576K
}
Event: 6.723 GC heap before
{Heap before GC invocations=12 (full 3):
 garbage-first heap   total 270336K, used 259981K [0x0000000601000000, 0x0000000800000000)
  region size 4096K, 33 young (135168K), 1 survivors (4096K)
 Metaspace       used 10449K, committed 10688K, reserved 1064960K
  class space    used 764K, committed 896K, reserved 1048576K
}
Event: 6.724 GC heap after
{Heap after GC invocations=13 (full 3):
 garbage-first heap   total 270336K, used 4015K [0x0000000601000000, 0x0000000800000000)
  region size 4096K, 1 young (4096K), 1 survivors (4096K)
 Metaspace       used 10449K, committed 10688K, reserved 1064960K
  class space    used 764K, committed 896K, reserved 1048576K
}
Event: 9.692 GC heap before
{Heap before GC invocations=13 (full 3):
 garbage-first heap   total 270336K, used 85935K [0x0000000601000000, 0x0000000800000000)
  region size 4096K, 22 young (90112K), 1 survivors (4096K)
 Metaspace       used 11270K, committed 11520K, reserved 1064960K
  class space    used 856K, committed 960K, reserved 1048576K
}
Event: 9.698 GC heap after
{Heap after GC invocations=14 (full 4):
 garbage-first heap   total 81920K, used 4298K [0x0000000601000000, 0x0000000800000000)
  region size 4096K, 0 young (0K), 0 survivors (0K)
 Metaspace       used 11270K, committed 11520K, reserved 1064960K
  class space    used 856K, committed 960K, reserved 1048576K
}
Event: 9.699 GC heap before
{Heap before GC invocations=14 (full 4):
 garbage-first heap   total 81920K, used 4298K [0x0000000601000000, 0x0000000800000000)
  region size 4096K, 1 young (4096K), 0 survivors (0K)
 Metaspace       used 11272K, committed 11520K, reserved 1064960K
  class space    used 856K, committed 960K, reserved 1048576K
}
Event: 9.705 GC heap after
{Heap after GC invocations=15 (full 5):
 garbage-first heap   total 28672K, used 4293K [0x0000000601000000, 0x0000000800000000)
  region size 4096K, 0 young (0K), 0 survivors (0K)
 Metaspace       used 11272K, committed 11520K, reserved 1064960K
  class space    used 856K, committed 960K, reserved 1048576K
}

Dll operation events (12 events):
Event: 0.003 Loaded shared library D:\jdks\corretto_17\bin\java.dll
Event: 0.009 Loaded shared library D:\jdks\corretto_17\bin\jsvml.dll
Event: 0.036 Loaded shared library D:\jdks\corretto_17\bin\net.dll
Event: 0.037 Loaded shared library D:\jdks\corretto_17\bin\nio.dll
Event: 0.040 Loaded shared library D:\jdks\corretto_17\bin\zip.dll
Event: 0.046 Loaded shared library D:\jdks\corretto_17\bin\verify.dll
Event: 0.076 Loaded shared library D:\jdks\corretto_17\bin\jimage.dll
Event: 0.158 Loaded shared library C:\Users\stuka\AppData\Local\Temp\lwjglstuka\3.3.1-SNAPSHOT\lwjgl.dll
Event: 0.344 Loaded shared library C:\Users\stuka\AppData\Local\Temp\lwjglstuka\3.3.1-SNAPSHOT\lwjgl_opengl.dll
Event: 0.495 Loaded shared library C:\Users\stuka\AppData\Local\Temp\lwjglstuka\3.3.1-SNAPSHOT\lwjgl_stb.dll
Event: 0.665 Loaded shared library C:\Users\stuka\AppData\Local\Temp\imgui-java-natives_1678478467781\imgui-java64.dll
Event: 3.060 Loaded shared library D:\jdks\corretto_17\bin\awt.dll

Deoptimization events (20 events):
Event: 9.757 Thread 0x000002269a027240 Uncommon trap: trap_request=0xffffffde fr.pc=0x00000226ab045360 relative=0x0000000000000060
Event: 9.757 Thread 0x000002269a027240 Uncommon trap: reason=class_check action=maybe_recompile pc=0x00000226ab045360 method=java.util.stream.Sink$ChainedReference.end()V @ 4 c2
Event: 9.757 Thread 0x000002269a027240 DEOPT PACKING pc=0x00000226ab045360 sp=0x000000a2e63fec40
Event: 9.757 Thread 0x000002269a027240 DEOPT UNPACKING pc=0x00000226aa7a69a3 sp=0x000000a2e63febd0 mode 2
Event: 9.757 Thread 0x000002269a027240 Uncommon trap: trap_request=0xffffffde fr.pc=0x00000226ab040cf0 relative=0x0000000000001af0
Event: 9.757 Thread 0x000002269a027240 Uncommon trap: reason=class_check action=maybe_recompile pc=0x00000226ab040cf0 method=java.util.stream.ReduceOps$ReduceOp.evaluateSequential(Ljava/util/stream/PipelineHelper;Ljava/util/Spliterator;)Ljava/lang/Object; @ 2 c2
Event: 9.757 Thread 0x000002269a027240 DEOPT PACKING pc=0x00000226ab040cf0 sp=0x000000a2e63fecf0
Event: 9.757 Thread 0x000002269a027240 DEOPT UNPACKING pc=0x00000226aa7a69a3 sp=0x000000a2e63fed10 mode 2
Event: 9.758 Thread 0x000002269a027240 Uncommon trap: trap_request=0xffffffc6 fr.pc=0x00000226ab024cbc relative=0x000000000000019c
Event: 9.758 Thread 0x000002269a027240 Uncommon trap: reason=bimorphic_or_optimized_type_check action=maybe_recompile pc=0x00000226ab024cbc method=java.util.stream.AbstractPipeline.<init>(Ljava/util/stream/AbstractPipeline;I)V @ 66 c2
Event: 9.758 Thread 0x000002269a027240 DEOPT PACKING pc=0x00000226ab024cbc sp=0x000000a2e63fee90
Event: 9.758 Thread 0x000002269a027240 DEOPT UNPACKING pc=0x00000226aa7a69a3 sp=0x000000a2e63fee58 mode 2
Event: 9.758 Thread 0x000002269a027240 Uncommon trap: trap_request=0xffffffde fr.pc=0x00000226ab027010 relative=0x0000000000000710
Event: 9.758 Thread 0x000002269a027240 Uncommon trap: reason=class_check action=maybe_recompile pc=0x00000226ab027010 method=java.util.stream.FindOps$FindOp.evaluateSequential(Ljava/util/stream/PipelineHelper;Ljava/util/Spliterator;)Ljava/lang/Object; @ 5 c2
Event: 9.758 Thread 0x000002269a027240 DEOPT PACKING pc=0x00000226ab027010 sp=0x000000a2e63fefa0
Event: 9.758 Thread 0x000002269a027240 DEOPT UNPACKING pc=0x00000226aa7a69a3 sp=0x000000a2e63fef10 mode 2
Event: 9.758 Thread 0x000002269a027240 Uncommon trap: trap_request=0xffffffde fr.pc=0x00000226ab045360 relative=0x0000000000000060
Event: 9.758 Thread 0x000002269a027240 Uncommon trap: reason=class_check action=maybe_recompile pc=0x00000226ab045360 method=java.util.stream.Sink$ChainedReference.end()V @ 4 c2
Event: 9.758 Thread 0x000002269a027240 DEOPT PACKING pc=0x00000226ab045360 sp=0x000000a2e63feda0
Event: 9.758 Thread 0x000002269a027240 DEOPT UNPACKING pc=0x00000226aa7a69a3 sp=0x000000a2e63fed30 mode 2

Classes unloaded (0 events):
No events

Classes redefined (0 events):
No events

Internal exceptions (20 events):
Event: 0.495 Thread 0x000002269a027240 Exception <a 'sun/nio/fs/WindowsException'{0x000000061fe9dcd0}> (0x000000061fe9dcd0) 
thrown [s\src\hotspot\share\prims\jni.cpp, line 516]
Event: 0.495 Thread 0x000002269a027240 Exception <a 'sun/nio/fs/WindowsException'{0x000000061fe9e058}> (0x000000061fe9e058) 
thrown [s\src\hotspot\share\prims\jni.cpp, line 516]
Event: 0.500 Thread 0x000002269a027240 Exception <a 'java/lang/NoSuchMethodError'{0x000000061fed7458}: 'void java.lang.invoke.DirectMethodHandle$Holder.invokeStatic(java.lang.Object, java.lang.Object, java.lang.Object)'> (0x000000061fed7458) 
thrown [s\src\hotspot\share\interpreter\linkResolver.cpp, line 759]
Event: 0.561 Thread 0x000002269a027240 Exception <a 'java/lang/NoSuchMethodError'{0x000000061ffe42b0}: 'java.lang.Object java.lang.invoke.DirectMethodHandle$Holder.invokeStatic(java.lang.Object, int, java.lang.Object)'> (0x000000061ffe42b0) 
thrown [s\src\hotspot\share\interpreter\linkResolver.cpp, line 759]
Event: 0.562 Thread 0x000002269a027240 Exception <a 'java/lang/NoSuchMethodError'{0x000000061fff5a10}: 'java.lang.Object java.lang.invoke.DirectMethodHandle$Holder.invokeSpecial(java.lang.Object, java.lang.Object, int, java.lang.Object, java.lang.Object)'> (0x000000061fff5a10) 
thrown [s\src\hotspot\share\interpreter\linkResolver.cpp, line 759]
Event: 0.564 Thread 0x000002269a027240 Exception <a 'java/lang/NoSuchMethodError'{0x000000061f803688}: 'void java.lang.invoke.DirectMethodHandle$Holder.invokeStatic(java.lang.Object, int, java.lang.Object)'> (0x000000061f803688) 
thrown [s\src\hotspot\share\interpreter\linkResolver.cpp, line 759]
Event: 0.565 Thread 0x000002269a027240 Exception <a 'java/lang/NoSuchMethodError'{0x000000061f80ffd0}: 'void java.lang.invoke.DirectMethodHandle$Holder.invokeSpecial(java.lang.Object, java.lang.Object, int, java.lang.Object)'> (0x000000061f80ffd0) 
thrown [s\src\hotspot\share\interpreter\linkResolver.cpp, line 759]
Event: 0.567 Thread 0x000002269a027240 Exception <a 'java/lang/NoSuchMethodError'{0x000000061f826050}: 'java.lang.Object java.lang.invoke.DirectMethodHandle$Holder.newInvokeSpecial(java.lang.Object, java.lang.Object, int, java.lang.Object, java.lang.Object)'> (0x000000061f826050) 
thrown [s\src\hotspot\share\interpreter\linkResolver.cpp, line 759]
Event: 0.602 Thread 0x000002269a027240 Exception <a 'java/lang/NoSuchMethodError'{0x0000000605cc5768}: 'java.lang.Object java.lang.invoke.Invokers$Holder.invokeExact_MT(java.lang.Object, java.lang.Object, java.lang.Object, java.lang.Object, java.lang.Object, java.lang.Object)'> (0x0000000605cc5768) 
thrown [s\src\hotspot\share\interpreter\linkResolver.cpp, line 759]
Event: 0.617 Thread 0x000002269a027240 Exception <a 'sun/nio/fs/WindowsException'{0x0000000605db60a8}> (0x0000000605db60a8) 
thrown [s\src\hotspot\share\prims\jni.cpp, line 516]
Event: 0.681 Thread 0x000002269a027240 Exception <a 'java/lang/NoSuchMethodError'{0x0000000605ed4438}: 'void java.lang.invoke.DirectMethodHandle$Holder.invokeVirtual(java.lang.Object, java.lang.Object, long, double, double)'> (0x0000000605ed4438) 
thrown [s\src\hotspot\share\interpreter\linkResolver.cpp, line 759]
Event: 0.682 Thread 0x000002269a027240 Exception <a 'java/lang/NoSuchMethodError'{0x0000000605ed9fb8}: 'void java.lang.invoke.DirectMethodHandle$Holder.invokeVirtual(java.lang.Object, java.lang.Object, long, int, int, int, int)'> (0x0000000605ed9fb8) 
thrown [s\src\hotspot\share\interpreter\linkResolver.cpp, line 759]
Event: 3.019 Thread 0x000002269a027240 Exception <a 'java/lang/NoSuchMethodError'{0x00000006055e2b18}: 'void java.lang.invoke.DirectMethodHandle$Holder.invokeSpecial(java.lang.Object, java.lang.Object, java.lang.Object, java.lang.Object, java.lang.Object)'> (0x00000006055e2b18) 
thrown [s\src\hotspot\share\interpreter\linkResolver.cpp, line 759]
Event: 3.024 Thread 0x000002269a027240 Exception <a 'java/lang/NoSuchMethodError'{0x000000060501c1c0}: 'void java.lang.invoke.DirectMethodHandle$Holder.invokeStatic(java.lang.Object, java.lang.Object, java.lang.Object, java.lang.Object)'> (0x000000060501c1c0) 
thrown [s\src\hotspot\share\interpreter\linkResolver.cpp, line 759]
Event: 3.057 Thread 0x000002269a027240 Exception <a 'java/lang/ClassNotFoundException'{0x0000000601c84fa0}: sun/awt/resources/spi/awtProvider> (0x0000000601c84fa0) 
thrown [s\src\hotspot\share\classfile\systemDictionary.cpp, line 256]
Event: 3.061 Thread 0x000002269a027240 Exception <a 'java/io/FileNotFoundException'{0x0000000601c94cc8}> (0x0000000601c94cc8) 
thrown [s\src\hotspot\share\prims\jni.cpp, line 516]
Event: 3.061 Thread 0x000002269a027240 Exception <a 'java/io/FileNotFoundException'{0x0000000601c96460}> (0x0000000601c96460) 
thrown [s\src\hotspot\share\prims\jni.cpp, line 516]
Event: 7.024 Thread 0x000002269a027240 Exception <a 'java/lang/NoSuchMethodError'{0x000000061122b1f8}: 'java.lang.Object java.lang.invoke.DirectMethodHandle$Holder.invokeInterface(java.lang.Object, java.lang.Object)'> (0x000000061122b1f8) 
thrown [s\src\hotspot\share\interpreter\linkResolver.cpp, line 759]
Event: 9.708 Thread 0x000002269a027240 Exception <a 'java/lang/NoSuchMethodError'{0x000000060281e5a0}: 'java.lang.Object java.lang.invoke.DirectMethodHandle$Holder.invokeStatic(java.lang.Object, int, java.lang.Object, java.lang.Object)'> (0x000000060281e5a0) 
thrown [s\src\hotspot\share\interpreter\linkResolver.cpp, line 759]
Event: 9.708 Thread 0x000002269a027240 Exception <a 'java/lang/NoSuchMethodError'{0x0000000602824dd8}: 'java.lang.Object java.lang.invoke.DirectMethodHandle$Holder.newInvokeSpecial(java.lang.Object, int, java.lang.Object)'> (0x0000000602824dd8) 
thrown [s\src\hotspot\share\interpreter\linkResolver.cpp, line 759]

VM Operations (20 events):
Event: 5.476 Executing VM operation: G1CollectForAllocation
Event: 5.477 Executing VM operation: G1CollectForAllocation done
Event: 6.127 Executing VM operation: HandshakeAllThreads
Event: 6.127 Executing VM operation: HandshakeAllThreads done
Event: 6.202 Executing VM operation: G1TryInitiateConcMark
Event: 6.203 Executing VM operation: G1TryInitiateConcMark done
Event: 6.723 Executing VM operation: G1CollectForAllocation
Event: 6.724 Executing VM operation: G1CollectForAllocation done
Event: 7.510 Executing VM operation: HandshakeAllThreads
Event: 7.510 Executing VM operation: HandshakeAllThreads done
Event: 8.515 Executing VM operation: Cleanup
Event: 8.515 Executing VM operation: Cleanup done
Event: 9.518 Executing VM operation: Cleanup
Event: 9.518 Executing VM operation: Cleanup done
Event: 9.675 Executing VM operation: HandshakeAllThreads
Event: 9.675 Executing VM operation: HandshakeAllThreads done
Event: 9.692 Executing VM operation: G1CollectFull
Event: 9.698 Executing VM operation: G1CollectFull done
Event: 9.699 Executing VM operation: G1CollectFull
Event: 9.705 Executing VM operation: G1CollectFull done

Events (20 events):
Event: 9.672 loading class java/lang/SecurityException
Event: 9.672 loading class java/lang/SecurityException done
Event: 9.673 loading class java/util/concurrent/LinkedBlockingQueue
Event: 9.674 loading class java/util/concurrent/BlockingQueue
Event: 9.674 loading class java/util/concurrent/BlockingQueue done
Event: 9.674 loading class java/util/AbstractQueue
Event: 9.674 loading class java/util/AbstractQueue done
Event: 9.674 loading class java/util/concurrent/LinkedBlockingQueue done
Event: 9.674 loading class java/util/concurrent/locks/AbstractQueuedSynchronizer$ConditionObject
Event: 9.674 loading class java/util/concurrent/locks/Condition
Event: 9.674 loading class java/util/concurrent/locks/Condition done
Event: 9.674 loading class java/util/concurrent/locks/AbstractQueuedSynchronizer$ConditionObject done
Event: 9.674 loading class java/util/concurrent/LinkedBlockingQueue$Node
Event: 9.674 loading class java/util/concurrent/LinkedBlockingQueue$Node done
Event: 9.674 loading class java/lang/InheritableThreadLocal
Event: 9.674 loading class java/lang/InheritableThreadLocal done
Event: 9.676 loading class java/util/LinkedHashMap$LinkedKeySet
Event: 9.676 loading class java/util/LinkedHashMap$LinkedKeySet done
Event: 9.676 loading class java/util/LinkedHashMap$LinkedKeyIterator
Event: 9.676 loading class java/util/LinkedHashMap$LinkedKeyIterator done


Dynamic libraries:
0x00007ff616e90000 - 0x00007ff616e9d000 	D:\jdks\corretto_17\bin\java.exe
0x00007ffa48e90000 - 0x00007ffa49088000 	C:\Windows\SYSTEM32\ntdll.dll
0x00007ffa48610000 - 0x00007ffa486cf000 	C:\Windows\System32\KERNEL32.DLL
0x00007ffa46bf0000 - 0x00007ffa46ec2000 	C:\Windows\System32\KERNELBASE.dll
0x00007ffa46960000 - 0x00007ffa46a60000 	C:\Windows\System32\ucrtbase.dll
0x00007ff9eccc0000 - 0x00007ff9eccd7000 	D:\jdks\corretto_17\bin\jli.dll
0x00007ff9ec190000 - 0x00007ff9ec1a5000 	D:\jdks\corretto_17\bin\VCRUNTIME140.dll
0x00007ffa472a0000 - 0x00007ffa47441000 	C:\Windows\System32\USER32.dll
0x00007ffa467a0000 - 0x00007ffa467c2000 	C:\Windows\System32\win32u.dll
0x00007ffa33c90000 - 0x00007ffa33f2a000 	C:\Windows\WinSxS\amd64_microsoft.windows.common-controls_6595b64144ccf1df_6.0.19041.1110_none_60b5254171f9507e\COMCTL32.dll
0x00007ffa486d0000 - 0x00007ffa486fb000 	C:\Windows\System32\GDI32.dll
0x00007ffa46620000 - 0x00007ffa4672f000 	C:\Windows\System32\gdi32full.dll
0x00007ffa47450000 - 0x00007ffa474ee000 	C:\Windows\System32\msvcrt.dll
0x00007ffa46580000 - 0x00007ffa4661d000 	C:\Windows\System32\msvcp_win.dll
0x00007ffa47260000 - 0x00007ffa47292000 	C:\Windows\System32\IMM32.DLL
0x00007ff99b510000 - 0x00007ff99b5ab000 	D:\jdks\corretto_17\bin\msvcp140.dll
0x00007ff99a8f0000 - 0x00007ff99b508000 	D:\jdks\corretto_17\bin\server\jvm.dll
0x00007ffa47b80000 - 0x00007ffa47c2e000 	C:\Windows\System32\ADVAPI32.dll
0x00007ffa48100000 - 0x00007ffa4819c000 	C:\Windows\System32\sechost.dll
0x00007ffa47670000 - 0x00007ffa47795000 	C:\Windows\System32\RPCRT4.dll
0x00007ffa3dc00000 - 0x00007ffa3dc09000 	C:\Windows\SYSTEM32\WSOCK32.dll
0x00007ffa3c450000 - 0x00007ffa3c477000 	C:\Windows\SYSTEM32\WINMM.dll
0x00007ffa40f00000 - 0x00007ffa40f0a000 	C:\Windows\SYSTEM32\VERSION.dll
0x00007ffa47c30000 - 0x00007ffa47c9b000 	C:\Windows\System32\WS2_32.dll
0x00007ffa44460000 - 0x00007ffa44472000 	C:\Windows\SYSTEM32\kernel.appcore.dll
0x00007ffa2d590000 - 0x00007ffa2d59a000 	D:\jdks\corretto_17\bin\jimage.dll
0x00007ffa3ae40000 - 0x00007ffa3b024000 	C:\Windows\SYSTEM32\DBGHELP.DLL
0x00007ffa30790000 - 0x00007ffa307c5000 	C:\Windows\SYSTEM32\dbgcore.DLL
0x00007ffa46b60000 - 0x00007ffa46be2000 	C:\Windows\System32\bcryptPrimitives.dll
0x00007ff9e16b0000 - 0x00007ff9e16d5000 	D:\jdks\corretto_17\bin\java.dll
0x00007ff99a810000 - 0x00007ff99a8e6000 	D:\jdks\corretto_17\bin\jsvml.dll
0x00007ffa48700000 - 0x00007ffa48e45000 	C:\Windows\System32\SHELL32.dll
0x00007ffa44660000 - 0x00007ffa44df2000 	C:\Windows\SYSTEM32\windows.storage.dll
0x00007ffa47cc0000 - 0x00007ffa48015000 	C:\Windows\System32\combase.dll
0x00007ffa45f70000 - 0x00007ffa45fa0000 	C:\Windows\SYSTEM32\Wldp.dll
0x00007ffa47a00000 - 0x00007ffa47aad000 	C:\Windows\System32\SHCORE.dll
0x00007ffa46fc0000 - 0x00007ffa47015000 	C:\Windows\System32\shlwapi.dll
0x00007ffa464c0000 - 0x00007ffa464df000 	C:\Windows\SYSTEM32\profapi.dll
0x00007ff9eb4b0000 - 0x00007ff9eb4c9000 	D:\jdks\corretto_17\bin\net.dll
0x00007ffa3fca0000 - 0x00007ffa3fdac000 	C:\Windows\SYSTEM32\WINHTTP.dll
0x00007ffa45c60000 - 0x00007ffa45cca000 	C:\Windows\system32\mswsock.dll
0x00007ff9dc0f0000 - 0x00007ff9dc105000 	D:\jdks\corretto_17\bin\nio.dll
0x00007ff9d9670000 - 0x00007ff9d9688000 	D:\jdks\corretto_17\bin\zip.dll
0x00007ffa267b0000 - 0x00007ffa267c0000 	D:\jdks\corretto_17\bin\verify.dll
0x00007ffa02c50000 - 0x00007ffa02cc5000 	C:\Users\stuka\AppData\Local\Temp\lwjglstuka\3.3.1-SNAPSHOT\lwjgl.dll
0x00007ff9eb890000 - 0x00007ff9eb8f1000 	C:\Users\stuka\AppData\Local\Temp\lwjglstuka\3.3.1-SNAPSHOT\glfw.dll
0x00007ffa02c00000 - 0x00007ffa02c45000 	C:\Windows\SYSTEM32\dinput8.dll
0x00007ffa39930000 - 0x00007ffa39941000 	C:\Windows\SYSTEM32\xinput1_4.dll
0x00007ffa46a60000 - 0x00007ffa46aae000 	C:\Windows\System32\cfgmgr32.dll
0x00007ffa46330000 - 0x00007ffa4635c000 	C:\Windows\SYSTEM32\DEVOBJ.dll
0x00007ffa44070000 - 0x00007ffa4409f000 	C:\Windows\SYSTEM32\dwmapi.dll
0x00007ffa392e0000 - 0x00007ffa39432000 	C:\Windows\SYSTEM32\inputhost.dll
0x00007ffa47ab0000 - 0x00007ffa47b7d000 	C:\Windows\System32\OLEAUT32.dll
0x00007ffa43aa0000 - 0x00007ffa43b92000 	C:\Windows\SYSTEM32\CoreMessaging.dll
0x00007ffa42f20000 - 0x00007ffa43074000 	C:\Windows\SYSTEM32\wintypes.dll
0x00007ffa41eb0000 - 0x00007ffa41fa6000 	C:\Windows\SYSTEM32\PROPSYS.dll
0x00007ffa43740000 - 0x00007ffa43a9e000 	C:\Windows\SYSTEM32\CoreUIComponents.dll
0x00007ffa456a0000 - 0x00007ffa456d3000 	C:\Windows\SYSTEM32\ntmarta.dll
0x00007ffa43ef0000 - 0x00007ffa43f8e000 	C:\Windows\system32\uxtheme.dll
0x00007ffa47550000 - 0x00007ffa47665000 	C:\Windows\System32\MSCTF.dll
0x00007ffa221f0000 - 0x00007ffa22315000 	C:\Windows\SYSTEM32\opengl32.dll
0x00007ffa3e890000 - 0x00007ffa3e8bc000 	C:\Windows\SYSTEM32\GLU32.dll
0x00007ffa478f0000 - 0x00007ffa47999000 	C:\Windows\System32\clbcatq.dll
0x00007ff986580000 - 0x00007ff98a1d8000 	C:\Windows\System32\DriverStore\FileRepository\nv_dispi.inf_amd64_abf7e4e84f20581c\nvoglv64.dll
0x00007ffa481a0000 - 0x00007ffa48608000 	C:\Windows\System32\SETUPAPI.dll
0x00007ffa467d0000 - 0x00007ffa467f7000 	C:\Windows\System32\bcrypt.dll
0x00007ffa477b0000 - 0x00007ffa478da000 	C:\Windows\System32\ole32.dll
0x00007ffa42010000 - 0x00007ffa42024000 	C:\Windows\SYSTEM32\WTSAPI32.dll
0x00007ffa46120000 - 0x00007ffa46132000 	C:\Windows\SYSTEM32\msasn1.dll
0x00007ffa40660000 - 0x00007ffa40691000 	C:\Windows\SYSTEM32\cryptnet.dll
0x00007ffa46800000 - 0x00007ffa46956000 	C:\Windows\System32\CRYPT32.dll
0x00007ffa40370000 - 0x00007ffa404b8000 	C:\Windows\SYSTEM32\drvstore.dll
0x00007ffa45ee0000 - 0x00007ffa45eec000 	C:\Windows\SYSTEM32\cryptbase.dll
0x00007ffa46730000 - 0x00007ffa46799000 	C:\Windows\System32\WINTRUST.dll
0x00007ffa3ec20000 - 0x00007ffa3ec5b000 	C:\Windows\SYSTEM32\dxcore.dll
0x00007ff9eefc0000 - 0x00007ff9ef291000 	C:\Windows\system32\nvspcap64.dll
0x00007ffa46140000 - 0x00007ffa4618b000 	C:\Windows\SYSTEM32\powrprof.dll
0x00007ffa46100000 - 0x00007ffa46112000 	C:\Windows\SYSTEM32\UMPDC.dll
0x00007ffa45e50000 - 0x00007ffa45eb4000 	C:\Windows\SYSTEM32\WINSTA.dll
0x00007ffa3ab80000 - 0x00007ffa3ac79000 	C:\Windows\SYSTEM32\textinputframework.dll
0x00007ff9eb7c0000 - 0x00007ff9eb81d000 	C:\Users\stuka\AppData\Local\Temp\lwjglstuka\3.3.1-SNAPSHOT\lwjgl_opengl.dll
0x00007ff9904e0000 - 0x00007ff990677000 	C:\Users\stuka\AppData\Local\Temp\lwjglstuka\3.3.1-SNAPSHOT\OpenAL.dll
0x00007ffa406c0000 - 0x00007ffa40745000 	C:\Windows\System32\MMDevApi.dll
0x00007ffa3feb0000 - 0x00007ffa40032000 	C:\Windows\SYSTEM32\AUDIOSES.DLL
0x00007ffa44180000 - 0x00007ffa44194000 	C:\Windows\SYSTEM32\resourcepolicyclient.dll
0x00007ff99a120000 - 0x00007ff99a1a1000 	C:\Users\stuka\AppData\Local\Temp\lwjglstuka\3.3.1-SNAPSHOT\lwjgl_stb.dll
0x0000000064a00000 - 0x000000006580f000 	C:\Users\stuka\AppData\Local\Temp\imgui-java-natives_1678478467781\imgui-java64.dll
0x00007ff990330000 - 0x00007ff9904d8000 	D:\jdks\corretto_17\bin\awt.dll
0x00007ffa43db0000 - 0x00007ffa43e40000 	C:\Windows\SYSTEM32\apphelp.dll

dbghelp: loaded successfully - version: 4.0.5 - missing functions: none
symbol engine: initialized successfully - sym options: 0x614 - pdb path: .;D:\jdks\corretto_17\bin;C:\Windows\SYSTEM32;C:\Windows\WinSxS\amd64_microsoft.windows.common-controls_6595b64144ccf1df_6.0.19041.1110_none_60b5254171f9507e;D:\jdks\corretto_17\bin\server;C:\Users\stuka\AppData\Local\Temp\lwjglstuka\3.3.1-SNAPSHOT;C:\Windows\System32\DriverStore\FileRepository\nv_dispi.inf_amd64_abf7e4e84f20581c;C:\Users\stuka\AppData\Local\Temp\imgui-java-natives_1678478467781

VM Arguments:
jvm_args: -Dfile.encoding=windows-1251 -Duser.country=RU -Duser.language=ru -Duser.variant 
java_command: SungearEngine2D.Main.Main
java_class_path (initial): D:\Pixelfield\SungearEngine2D_cm\refactored\Engine\build\classes\java\main;D:\Pixelfield\SungearEngine2D_cm\refactored\Engine\build\resources\main;D:\Pixelfield\SungearEngine2D_cm\refactored\Core2D\build\libs\Core2D.jar;D:\Pixelfield\SungearEngine2D_cm\refactored\Core2D\libs\commons-io-2.11.0.jar;D:\Pixelfield\SungearEngine2D_cm\refactored\Core2D\libs\gson-2.9.0.jar;D:\Pixelfield\SungearEngine2D_cm\refactored\Core2D\libs\jbox2d-library-2.1.2.2.jar;C:\Users\stuka\.gradle\caches\modules-2\files-2.1\org.joml\joml\1.10.5\22566d58af70ad3d72308bab63b8339906deb649\joml-1.10.5.jar;D:\Pixelfield\SungearEngine2D_cm\refactored\Core2D\libs\lwjgl.jar;D:\Pixelfield\SungearEngine2D_cm\refactored\Core2D\libs\lwjgl-glfw.jar;D:\Pixelfield\SungearEngine2D_cm\refactored\Core2D\libs\lwjgl-glfw-natives-windows.jar;D:\Pixelfield\SungearEngine2D_cm\refactored\Core2D\libs\lwjgl-glfw-sources.jar;D:\Pixelfield\SungearEngine2D_cm\refactored\Core2D\libs\lwjgl-natives-windows.jar;D:\Pixelfield\SungearEngine2D_cm\refactored\Core2D\libs\lwjgl-openal.jar;D:\Pixelfield\SungearEngine2D_cm\refactored\Core2D\libs\lwjgl-openal-natives-windows.jar;D:\Pixelfield\SungearEngine2D_cm\refactored\Core2D\libs\lwjgl-openal-sources.jar;D:\Pixelfield\SungearEngine2D_cm\refactored\Core2D\libs\lwjgl-opengl.jar;D:\Pixelfield\SungearEngine2D_cm\refactored\Core2D\libs\lwjgl-opengl-natives-windows.jar;D:\Pixelfield\SungearEngine2D_cm\refactored\Core2D\libs\lwjgl-opengl-sources.jar;D:\Pixelfield\SungearEngine2D_cm\refactored\Core2D\libs\lwjgl-sources.jar;D:\Pixelfield\SungearEngine2D_cm\refactored\Core2D\libs\lwjgl-stb.jar;D:\Pixelfield\SungearEngine2D_cm\refactored\Core2D\libs\lwjgl-stb-natives-windows.jar;D:\Pixelfield\SungearEngine2D_cm\refactored\Core2D\libs\lwjgl-stb-sources.jar;D:\Pixelfield\SungearEngine2D_cm\refactored\Core2D\libs\slf4j-api-2.0.0-alpha5.jar;D:\Pixelfield\SungearEngine2D_cm\refactored\Core2D\libs\slf4j-simple-2.0.0-alpha5.jar;D:\Pixelfield\SungearEngine2D_cm\refactored
Launcher Type: SUN_STANDARD

[Global flags]
     intx CICompilerCount                          = 12                                        {product} {ergonomic}
     uint ConcGCThreads                            = 3                                         {product} {ergonomic}
     uint G1ConcRefinementThreads                  = 13                                        {product} {ergonomic}
   size_t G1HeapRegionSize                         = 4194304                                   {product} {ergonomic}
    uintx GCDrainStackTargetSize                   = 64                                        {product} {ergonomic}
   size_t InitialHeapSize                          = 536870912                                 {product} {ergonomic}
   size_t MarkStackSize                            = 4194304                                   {product} {ergonomic}
   size_t MaxHeapSize                              = 8573157376                                {product} {ergonomic}
   size_t MaxNewSize                               = 5142216704                                {product} {ergonomic}
   size_t MinHeapDeltaBytes                        = 4194304                                   {product} {ergonomic}
   size_t MinHeapSize                              = 8388608                                   {product} {ergonomic}
    uintx NonNMethodCodeHeapSize                   = 7602480                                {pd product} {ergonomic}
    uintx NonProfiledCodeHeapSize                  = 122027880                              {pd product} {ergonomic}
    uintx ProfiledCodeHeapSize                     = 122027880                              {pd product} {ergonomic}
    uintx ReservedCodeCacheSize                    = 251658240                              {pd product} {ergonomic}
     bool SegmentedCodeCache                       = true                                      {product} {ergonomic}
   size_t SoftMaxHeapSize                          = 8573157376                             {manageable} {ergonomic}
     bool UseCompressedClassPointers               = true                           {product lp64_product} {ergonomic}
     bool UseCompressedOops                        = true                           {product lp64_product} {ergonomic}
     bool UseG1GC                                  = true                                      {product} {ergonomic}
     bool UseLargePagesIndividualAllocation        = false                                  {pd product} {ergonomic}

Logging:
Log output configuration:
 #0: stdout all=warning uptime,level,tags
 #1: stderr all=off uptime,level,tags

Environment Variables:
JAVA_HOME=C:\Program Files\Java\jdk-17
PATH=C:\Program Files\Common Files\Oracle\Java\javapath;C:\Program Files (x86)\Common Files\Oracle\Java\javapath;C:\Windows\system32;C:\Windows;C:\Windows\System32\Wbem;C:\Windows\System32\WindowsPowerShell\v1.0\;C:\Windows\System32\OpenSSH\;C:\Program Files (x86)\NVIDIA Corporation\PhysX\Common;C:\Program Files\NVIDIA Corporation\NVIDIA NvDLISR;C:\Program Files\dotnet\;C:\Program Files\Java\jdk-17;C:\Program Files (x86)\Microsoft SQL Server\160\DTS\Binn\;C:\Program Files\Azure Data Studio\bin;C:\Program Files (x86)\Microsoft SQL Server\160\Tools\Binn\;C:\Program Files\Microsoft SQL Server\160\Tools\Binn\;C:\Program Files\Microsoft SQL Server\Client SDK\ODBC\170\Tools\Binn\;C:\Program Files\Microsoft SQL Server\160\DTS\Binn\;D:\Python\Scripts\;D:\Python\;C:\Users\stuka\AppData\Local\Microsoft\WindowsApps;C:\Users\stuka\AppData\Local\JetBrains\Toolbox\scripts;C:\Users\stuka\AppData\Local\GitHubDesktop\bin;C:\Users\stuka\.dotnet\tools
USERNAME=stuka
OS=Windows_NT
PROCESSOR_IDENTIFIER=AMD64 Family 25 Model 33 Stepping 2, AuthenticAMD
TMP=C:\Users\stuka\AppData\Local\Temp
TEMP=C:\Users\stuka\AppData\Local\Temp



---------------  S Y S T E M  ---------------

OS:
 Windows 10 , 64 bit Build 19041 (10.0.19041.2546)
OS uptime: 3 days 0:30 hours

CPU: total 16 (initial active 16) (16 cores per cpu, 2 threads per core) family 25 model 33 stepping 2 microcode 0x0, cx8, cmov, fxsr, ht, mmx, 3dnowpref, sse, sse2, sse3, ssse3, sse4a, sse4.1, sse4.2, popcnt, lzcnt, tsc, tscinvbit, avx, avx2, aes, erms, clmul, bmi1, bmi2, adx, sha, fma, vzeroupper, clflush, clflushopt

Memory: 4k page, system-wide physical 32694M (16292M free)
TotalPageFile size 37558M (AvailPageFile size 15558M)
current process WorkingSet (physical memory assigned to process): 400M, peak: 519M
current process commit charge ("private bytes"): 639M, peak: 835M

vm_info: OpenJDK 64-Bit Server VM (17.0.6+10-LTS) for windows-amd64 JRE (17.0.6+10-LTS), built on Jan 13 2023 22:57:04 by "Administrator" with MS VC++ 15.9 (VS2017)

END.
