#
# A fatal error has been detected by the Java Runtime Environment:
#
#  EXCEPTION_ACCESS_VIOLATION (0xc0000005) at pc=0x0000026f602c8b4b, pid=21384, tid=5592
#
# JRE version: OpenJDK Runtime Environment Corretto-17.0.6.10.1 (17.0.6+10) (build 17.0.6+10-LTS)
# Java VM: OpenJDK 64-Bit Server VM Corretto-17.0.6.10.1 (17.0.6+10-LTS, mixed mode, sharing, tiered, compressed oops, compressed class ptrs, g1 gc, windows-amd64)
# Problematic frame:
# J 911 c1 org.lwjgl.system.MemoryUtil.memGetAddress(J)J (31 bytes) @ 0x0000026f602c8b4b [0x0000026f602c8a40+0x000000000000010b]
#
# No core dump will be written. Minidumps are not enabled by default on client versions of Windows
#
# If you would like to submit a bug report, please visit:
#   https://github.com/corretto/corretto-17/issues/
#

---------------  S U M M A R Y ------------

Command Line: -Dfile.encoding=windows-1251 -Duser.country=RU -Duser.language=ru -Duser.variant SungearEngine2D.Main.Main

Host: AMD Ryzen 7 5800X 8-Core Processor             , 16 cores, 31G,  Windows 10 , 64 bit Build 19041 (10.0.19041.2546)
Time: Sun Mar 19 02:10:05 2023 RTZ 2 (s 10 , 64 bit Build 19041 (10.0.19041.2546) elapsed time: 0.458692 seconds (0d 0h 0m 0s)

---------------  T H R E A D  ---------------

Current thread (0x0000026f56e8a890):  JavaThread "main" [_thread_in_Java, id=5592, stack(0x000000e23f000000,0x000000e23f100000)]

Stack: [0x000000e23f000000,0x000000e23f100000],  sp=0x000000e23f0ff240,  free space=1020k
Native frames: (J=compiled Java code, j=interpreted, Vv=VM code, C=native code)
C  0x0000026f602c8b4b


siginfo: EXCEPTION_ACCESS_VIOLATION (0xc0000005), reading address 0xffffffffffffffff


Register to memory mapping:

RIP=0x0000026f602c8b4b is at entry_point+267 in (nmethod*)0x0000026f602c8890
RAX=0x0 is NULL
RBX={method} {0x0000026f7ec72590} 'memGetAddress' '(J)J' in 'org/lwjgl/system/MemoryUtil'
RCX=0x0000026f7ecba720 is pointing into metadata
RDX=0x6f697461746f6e9e is an unknown value
RSP=0x000000e23f0ff240 is pointing into the stack for thread: 0x0000026f56e8a890
RBP=0x000000e23f0ff310 is pointing into the stack for thread: 0x0000026f56e8a890
RSI=0x000000000000575a is an unknown value
RDI=0x6f697461746f6e6e is an unknown value
R8 =0x0000000000000002 is an unknown value
R9 =0x0000000000000002 is an unknown value
R10=0x00007ffb3d0427b0 jvm.dll
R11=0x0000026f602c8a40 is at entry_point+0 in (nmethod*)0x0000026f602c8890
R12=0x0 is NULL
R13=0x000000e23f0ff2b8 is pointing into the stack for thread: 0x0000026f56e8a890
R14=0x000000e23f0ff328 is pointing into the stack for thread: 0x0000026f56e8a890
R15=0x0000026f56e8a890 is a thread


Registers:
RAX=0x0000000000000000, RBX=0x0000026f7ec72588, RCX=0x0000026f7ecba720, RDX=0x6f697461746f6e9e
RSP=0x000000e23f0ff240, RBP=0x000000e23f0ff310, RSI=0x000000000000575a, RDI=0x6f697461746f6e6e
R8 =0x0000000000000002, R9 =0x0000000000000002, R10=0x00007ffb3d0427b0, R11=0x0000026f602c8a40
R12=0x0000000000000000, R13=0x000000e23f0ff2b8, R14=0x000000e23f0ff328, R15=0x0000026f56e8a890
RIP=0x0000026f602c8b4b, EFLAGS=0x0000000000010206

Top of Stack: (sp=0x000000e23f0ff240)
0x000000e23f0ff240:   0000000620c0c8e0 00007ffb3cae2ff9
0x000000e23f0ff250:   0000026f7ecb3260 0000026f56e8a890
0x000000e23f0ff260:   0000026f56e8a890 00007ffb3c84a8c1
0x000000e23f0ff270:   000000e23f0ff328 6f697461746f6e6e
0x000000e23f0ff280:   000000e23f0ff310 0000026f675aa519
0x000000e23f0ff290:   6f697461746f6e6e 00000000000000b8
0x000000e23f0ff2a0:   000000e23f0ff310 0000026f675995cd
0x000000e23f0ff2b0:   0000026f675995cd 6f697461746f6e9e
0x000000e23f0ff2c0:   0000000000000000 000000e23f0ff2c8
0x000000e23f0ff2d0:   0000026f7ecb3246 000000e23f0ff328
0x000000e23f0ff2e0:   0000026f7ecba720 0000000000000000
0x000000e23f0ff2f0:   000000062050d988 0000026f7ecb3260
0x000000e23f0ff300:   000000e23f0ff2b8 000000e23f0ff320
0x000000e23f0ff310:   000000e23f0ff378 0000026f675995cd
0x000000e23f0ff320:   6f697461746f6e6e 0000000000000000
0x000000e23f0ff330:   000000e23f0ff330 0000026f7ecb75d4 

Instructions: (pc=0x0000026f602c8b4b)
0x0000026f602c8a4b:   60 48 b8 88 af db 7e 6f 02 00 00 8b b0 cc 00 00
0x0000026f602c8a5b:   00 83 c6 02 89 b0 cc 00 00 00 81 e6 fe 07 00 00
0x0000026f602c8a6b:   83 fe 00 0f 84 01 01 00 00 48 b8 88 af db 7e 6f
0x0000026f602c8a7b:   02 00 00 ff 80 20 01 00 00 48 b8 88 af db 7e 6f
0x0000026f602c8a8b:   02 00 00 48 8d 80 68 01 00 00 48 be 00 00 00 00
0x0000026f602c8a9b:   00 00 00 00 48 85 f6 75 07 48 83 48 08 01 eb 52
0x0000026f602c8aab:   8b 76 08 49 ba 00 00 00 00 08 00 00 00 49 03 f2
0x0000026f602c8abb:   48 33 70 08 48 f7 c6 fc ff ff ff 74 35 48 f7 c6
0x0000026f602c8acb:   02 00 00 00 75 2c 48 81 78 08 00 00 00 00 74 1e
0x0000026f602c8adb:   48 81 78 08 01 00 00 00 74 14 48 33 70 08 48 f7
0x0000026f602c8aeb:   c6 fc ff ff ff 74 0b 48 83 48 08 02 eb 04 48 89
0x0000026f602c8afb:   70 08 48 b8 70 ba 4a 20 06 00 00 00 48 be 88 af
0x0000026f602c8b0b:   db 7e 6f 02 00 00 48 83 86 30 01 00 00 01 48 b8
0x0000026f602c8b1b:   60 cc 9c 7e 6f 02 00 00 8b b0 cc 00 00 00 83 c6
0x0000026f602c8b2b:   02 89 b0 cc 00 00 00 81 e6 fe ff 1f 00 83 fe 00
0x0000026f602c8b3b:   0f 84 55 00 00 00 48 b8 00 00 00 00 00 00 00 00
0x0000026f602c8b4b:   48 8b 34 10 48 b8 88 af db 7e 6f 02 00 00 ff 80
0x0000026f602c8b5b:   80 01 00 00 48 8b c6 48 83 c4 60 5d 49 3b a7 40
0x0000026f602c8b6b:   03 00 00 0f 87 40 00 00 00 c3 49 ba 88 25 c7 7e
0x0000026f602c8b7b:   6f 02 00 00 4c 89 54 24 08 48 c7 04 24 ff ff ff
0x0000026f602c8b8b:   ff e8 ef 26 3c 07 e9 de fe ff ff 49 ba 98 42 9a
0x0000026f602c8b9b:   7e 6f 02 00 00 4c 89 54 24 08 48 c7 04 24 ff ff
0x0000026f602c8bab:   ff ff e8 ce 26 3c 07 eb 8d 49 ba 67 8b 2c 60 6f
0x0000026f602c8bbb:   02 00 00 4d 89 97 58 03 00 00 e9 36 ee 31 07 90
0x0000026f602c8bcb:   90 49 8b 87 d0 03 00 00 49 c7 87 d0 03 00 00 00
0x0000026f602c8bdb:   00 00 00 49 c7 87 d8 03 00 00 00 00 00 00 48 83
0x0000026f602c8beb:   c4 60 5d e9 0d ea 32 07 f4 f4 f4 f4 f4 f4 f4 f4
0x0000026f602c8bfb:   f4 f4 f4 f4 f4 e8 7b ea 3b 07 48 b9 d8 16 dd 3c
0x0000026f602c8c0b:   fb 7f 00 00 48 83 e4 f0 49 ba c0 2b a6 3c fb 7f
0x0000026f602c8c1b:   00 00 41 ff d2 f4 49 ba 21 8c 2c 60 6f 02 00 00
0x0000026f602c8c2b:   41 52 e9 6e e0 31 07 f4 f4 f4 f4 f4 f4 e8 98 c6
0x0000026f602c8c3b:   20 06 00 00 00 88 25 c7 7e 6f 02 00 00 98 42 9a 


Stack slot to memory mapping:
stack at sp + 0 slots: 0x0000000620c0c8e0 is an oop: jdk.internal.misc.Unsafe 
{0x0000000620c0c8e0} - klass: 'jdk/internal/misc/Unsafe'
 - ---- fields (total size 2 words):
stack at sp + 1 slots: 0x00007ffb3cae2ff9 jvm.dll
stack at sp + 2 slots: {method} {0x0000026f7ecb3268} 'nuser_data' '(J)J' in 'org/lwjgl/system/libffi/FFIClosure'
stack at sp + 3 slots: 0x0000026f56e8a890 is a thread
stack at sp + 4 slots: 0x0000026f56e8a890 is a thread
stack at sp + 5 slots: 0x00007ffb3c84a8c1 jvm.dll
stack at sp + 6 slots: 0x000000e23f0ff328 is pointing into the stack for thread: 0x0000026f56e8a890
stack at sp + 7 slots: 0x6f697461746f6e6e is an unknown value

--------------------------------------------------------------------------------
[Constant Pool (empty)]

--------------------------------------------------------------------------------

[MachCode]
  0x0000026f602c8a40: 8984 2400 | 90ff ff55 | 4883 ec60 | 48b8 88af | db7e 6f02 | 0000 8bb0 | cc00 0000 | 83c6 0289 
  0x0000026f602c8a60: b0cc 0000 | 0081 e6fe | 0700 0083 | fe00 0f84 | 0101 0000 | 48b8 88af | db7e 6f02 | 0000 ff80 
  0x0000026f602c8a80: 2001 0000 | 48b8 88af | db7e 6f02 | 0000 488d | 8068 0100 | 0048 be00 | 0000 0000 | 0000 0048 
  0x0000026f602c8aa0: 85f6 7507 | 4883 4808 | 01eb 528b | 7608 49ba | 0000 0000 | 0800 0000 | 4903 f248 | 3370 0848 
  0x0000026f602c8ac0: f7c6 fcff | ffff 7435 | 48f7 c602 | 0000 0075 | 2c48 8178 | 0800 0000 | 0074 1e48 | 8178 0801 
  0x0000026f602c8ae0: 0000 0074 | 1448 3370 | 0848 f7c6 | fcff ffff | 740b 4883 | 4808 02eb | 0448 8970 | 0848 b870 
  0x0000026f602c8b00: ba4a 2006 | 0000 0048 | be88 afdb | 7e6f 0200 | 0048 8386 | 3001 0000 | 0148 b860 | cc9c 7e6f 
  0x0000026f602c8b20: 0200 008b | b0cc 0000 | 0083 c602 | 89b0 cc00 | 0000 81e6 | feff 1f00 | 83fe 000f | 8455 0000 
  0x0000026f602c8b40: 0048 b800 | 0000 0000 | 0000 0048 | 8b34 1048 | b888 afdb | 7e6f 0200 | 00ff 8080 | 0100 0048 
  0x0000026f602c8b60: 8bc6 4883 | c460 5d49 | 3ba7 4003 | 0000 0f87 | 4000 0000 | c349 ba88 | 25c7 7e6f | 0200 004c 
  0x0000026f602c8b80: 8954 2408 | 48c7 0424 | ffff ffff | e8ef 263c | 07e9 defe | ffff 49ba | 9842 9a7e | 6f02 0000 
  0x0000026f602c8ba0: 4c89 5424 | 0848 c704 | 24ff ffff | ffe8 ce26 | 3c07 eb8d | 49ba 678b | 2c60 6f02 | 0000 4d89 
  0x0000026f602c8bc0: 9758 0300 | 00e9 36ee | 3107 9090 | 498b 87d0 | 0300 0049 | c787 d003 | 0000 0000 | 0000 49c7 
  0x0000026f602c8be0: 87d8 0300 | 0000 0000 | 0048 83c4 | 605d e90d | ea32 07f4 | f4f4 f4f4 | f4f4 f4f4 | f4f4 f4f4 
  0x0000026f602c8c00: e87b ea3b | 0748 b9d8 | 16dd 3cfb | 7f00 0048 | 83e4 f049 | bac0 2ba6 | 3cfb 7f00 | 0041 ffd2 
  0x0000026f602c8c20: f449 ba21 | 8c2c 606f | 0200 0041 | 52e9 6ee0 | 3107 f4f4 | f4f4 f4f4 
[/MachCode]
--------------------------------------------------------------------------------


---------------  P R O C E S S  ---------------

Threads class SMR info:
_java_thread_list=0x0000026f7d78eb00, length=15, elements={
0x0000026f56e8a890, 0x0000026f7d774080, 0x0000026f7d774c30, 0x0000026f7d78a540,
0x0000026f7d78d420, 0x0000026f7d78dfe0, 0x0000026f7d78ffb0, 0x0000026f7d794660,
0x0000026f7d79d520, 0x0000026f7d7a66e0, 0x0000026f7e2cf900, 0x0000026f7e2d6230,
0x0000026f7e2fadb0, 0x0000026f7e2fb280, 0x0000026f7f161d60
}

Java Threads: ( => current thread )
=>0x0000026f56e8a890 JavaThread "main" [_thread_in_Java, id=5592, stack(0x000000e23f000000,0x000000e23f100000)]
  0x0000026f7d774080 JavaThread "Reference Handler" daemon [_thread_blocked, id=38144, stack(0x000000e23f700000,0x000000e23f800000)]
  0x0000026f7d774c30 JavaThread "Finalizer" daemon [_thread_blocked, id=25728, stack(0x000000e23f800000,0x000000e23f900000)]
  0x0000026f7d78a540 JavaThread "Signal Dispatcher" daemon [_thread_blocked, id=41080, stack(0x000000e23f900000,0x000000e23fa00000)]
  0x0000026f7d78d420 JavaThread "Attach Listener" daemon [_thread_blocked, id=23128, stack(0x000000e23fa00000,0x000000e23fb00000)]
  0x0000026f7d78dfe0 JavaThread "Service Thread" daemon [_thread_blocked, id=25128, stack(0x000000e23fb00000,0x000000e23fc00000)]
  0x0000026f7d78ffb0 JavaThread "Monitor Deflation Thread" daemon [_thread_blocked, id=43692, stack(0x000000e23fc00000,0x000000e23fd00000)]
  0x0000026f7d794660 JavaThread "C2 CompilerThread0" daemon [_thread_blocked, id=40448, stack(0x000000e23fd00000,0x000000e23fe00000)]
  0x0000026f7d79d520 JavaThread "C1 CompilerThread0" daemon [_thread_blocked, id=25336, stack(0x000000e23fe00000,0x000000e23ff00000)]
  0x0000026f7d7a66e0 JavaThread "Sweeper thread" daemon [_thread_blocked, id=41016, stack(0x000000e23ff00000,0x000000e240000000)]
  0x0000026f7e2cf900 JavaThread "C1 CompilerThread1" daemon [_thread_blocked, id=36860, stack(0x000000e240000000,0x000000e240100000)]
  0x0000026f7e2d6230 JavaThread "C1 CompilerThread2" daemon [_thread_blocked, id=30816, stack(0x000000e240100000,0x000000e240200000)]
  0x0000026f7e2fadb0 JavaThread "Notification Thread" daemon [_thread_blocked, id=25444, stack(0x000000e240200000,0x000000e240300000)]
  0x0000026f7e2fb280 JavaThread "Common-Cleaner" daemon [_thread_blocked, id=15508, stack(0x000000e240400000,0x000000e240500000)]
  0x0000026f7f161d60 JavaThread "C1 CompilerThread3" daemon [_thread_blocked, id=26796, stack(0x000000e240600000,0x000000e240700000)]

Other Threads:
  0x0000026f7d7701e0 VMThread "VM Thread" [stack: 0x000000e23f600000,0x000000e23f700000] [id=16836]
  0x0000026f7d5e5f20 WatcherThread [stack: 0x000000e240300000,0x000000e240400000] [id=22108]
  0x0000026f56f3d460 GCTaskThread "GC Thread#0" [stack: 0x000000e23f100000,0x000000e23f200000] [id=36600]
  0x0000026f56f4f1d0 ConcurrentGCThread "G1 Main Marker" [stack: 0x000000e23f200000,0x000000e23f300000] [id=6788]
  0x0000026f56f502c0 ConcurrentGCThread "G1 Conc#0" [stack: 0x000000e23f300000,0x000000e23f400000] [id=27300]
  0x0000026f7d6aadf0 ConcurrentGCThread "G1 Refine#0" [stack: 0x000000e23f400000,0x000000e23f500000] [id=17904]
  0x0000026f7d6ab6b0 ConcurrentGCThread "G1 Service" [stack: 0x000000e23f500000,0x000000e23f600000] [id=10588]

Threads with active compile tasks:

VM state: not at safepoint (normal execution)

VM Mutex/Monitor currently owned by a thread: None

Heap address: 0x0000000601000000, size: 8176 MB, Compressed Oops mode: Zero based, Oop shift amount: 3

CDS archive(s) mapped at: [0x0000000800000000-0x0000000800bc0000-0x0000000800bc0000), size 12320768, SharedBaseAddress: 0x0000000800000000, ArchiveRelocationMode: 0.
Compressed class space mapped at: 0x0000000800c00000-0x0000000840c00000, reserved size: 1073741824
Narrow klass base: 0x0000000800000000, Narrow klass shift: 0, Narrow klass range: 0x100000000

GC Precious Log:
 CPUs: 16 total, 16 available
 Memory: 32694M
 Large Page Support: Disabled
 NUMA Support: Disabled
 Compressed Oops: Enabled (Zero based)
 Heap Region Size: 4M
 Heap Min Capacity: 8M
 Heap Initial Capacity: 512M
 Heap Max Capacity: 8176M
 Pre-touch: Disabled
 Parallel Workers: 13
 Concurrent Workers: 3
 Concurrent Refinement Workers: 13
 Periodic GC: Disabled

Heap:
 garbage-first heap   total 524288K, used 12288K [0x0000000601000000, 0x0000000800000000)
  region size 4096K, 4 young (16384K), 0 survivors (0K)
 Metaspace       used 5587K, committed 5824K, reserved 1056768K
  class space    used 325K, committed 448K, reserved 1048576K

Heap Regions: E=young(eden), S=young(survivor), O=old, HS=humongous(starts), HC=humongous(continues), CS=collection set, F=free, OA=open archive, CA=closed archive, TAMS=top-at-mark-start (previous, next)
|   0|0x0000000601000000, 0x0000000601000000, 0x0000000601400000|  0%| F|  |TAMS 0x0000000601000000, 0x0000000601000000| Untracked 
|   1|0x0000000601400000, 0x0000000601400000, 0x0000000601800000|  0%| F|  |TAMS 0x0000000601400000, 0x0000000601400000| Untracked 
|   2|0x0000000601800000, 0x0000000601800000, 0x0000000601c00000|  0%| F|  |TAMS 0x0000000601800000, 0x0000000601800000| Untracked 
|   3|0x0000000601c00000, 0x0000000601c00000, 0x0000000602000000|  0%| F|  |TAMS 0x0000000601c00000, 0x0000000601c00000| Untracked 
|   4|0x0000000602000000, 0x0000000602000000, 0x0000000602400000|  0%| F|  |TAMS 0x0000000602000000, 0x0000000602000000| Untracked 
|   5|0x0000000602400000, 0x0000000602400000, 0x0000000602800000|  0%| F|  |TAMS 0x0000000602400000, 0x0000000602400000| Untracked 
|   6|0x0000000602800000, 0x0000000602800000, 0x0000000602c00000|  0%| F|  |TAMS 0x0000000602800000, 0x0000000602800000| Untracked 
|   7|0x0000000602c00000, 0x0000000602c00000, 0x0000000603000000|  0%| F|  |TAMS 0x0000000602c00000, 0x0000000602c00000| Untracked 
|   8|0x0000000603000000, 0x0000000603000000, 0x0000000603400000|  0%| F|  |TAMS 0x0000000603000000, 0x0000000603000000| Untracked 
|   9|0x0000000603400000, 0x0000000603400000, 0x0000000603800000|  0%| F|  |TAMS 0x0000000603400000, 0x0000000603400000| Untracked 
|  10|0x0000000603800000, 0x0000000603800000, 0x0000000603c00000|  0%| F|  |TAMS 0x0000000603800000, 0x0000000603800000| Untracked 
|  11|0x0000000603c00000, 0x0000000603c00000, 0x0000000604000000|  0%| F|  |TAMS 0x0000000603c00000, 0x0000000603c00000| Untracked 
|  12|0x0000000604000000, 0x0000000604000000, 0x0000000604400000|  0%| F|  |TAMS 0x0000000604000000, 0x0000000604000000| Untracked 
|  13|0x0000000604400000, 0x0000000604400000, 0x0000000604800000|  0%| F|  |TAMS 0x0000000604400000, 0x0000000604400000| Untracked 
|  14|0x0000000604800000, 0x0000000604800000, 0x0000000604c00000|  0%| F|  |TAMS 0x0000000604800000, 0x0000000604800000| Untracked 
|  15|0x0000000604c00000, 0x0000000604c00000, 0x0000000605000000|  0%| F|  |TAMS 0x0000000604c00000, 0x0000000604c00000| Untracked 
|  16|0x0000000605000000, 0x0000000605000000, 0x0000000605400000|  0%| F|  |TAMS 0x0000000605000000, 0x0000000605000000| Untracked 
|  17|0x0000000605400000, 0x0000000605400000, 0x0000000605800000|  0%| F|  |TAMS 0x0000000605400000, 0x0000000605400000| Untracked 
|  18|0x0000000605800000, 0x0000000605800000, 0x0000000605c00000|  0%| F|  |TAMS 0x0000000605800000, 0x0000000605800000| Untracked 
|  19|0x0000000605c00000, 0x0000000605c00000, 0x0000000606000000|  0%| F|  |TAMS 0x0000000605c00000, 0x0000000605c00000| Untracked 
|  20|0x0000000606000000, 0x0000000606000000, 0x0000000606400000|  0%| F|  |TAMS 0x0000000606000000, 0x0000000606000000| Untracked 
|  21|0x0000000606400000, 0x0000000606400000, 0x0000000606800000|  0%| F|  |TAMS 0x0000000606400000, 0x0000000606400000| Untracked 
|  22|0x0000000606800000, 0x0000000606800000, 0x0000000606c00000|  0%| F|  |TAMS 0x0000000606800000, 0x0000000606800000| Untracked 
|  23|0x0000000606c00000, 0x0000000606c00000, 0x0000000607000000|  0%| F|  |TAMS 0x0000000606c00000, 0x0000000606c00000| Untracked 
|  24|0x0000000607000000, 0x0000000607000000, 0x0000000607400000|  0%| F|  |TAMS 0x0000000607000000, 0x0000000607000000| Untracked 
|  25|0x0000000607400000, 0x0000000607400000, 0x0000000607800000|  0%| F|  |TAMS 0x0000000607400000, 0x0000000607400000| Untracked 
|  26|0x0000000607800000, 0x0000000607800000, 0x0000000607c00000|  0%| F|  |TAMS 0x0000000607800000, 0x0000000607800000| Untracked 
|  27|0x0000000607c00000, 0x0000000607c00000, 0x0000000608000000|  0%| F|  |TAMS 0x0000000607c00000, 0x0000000607c00000| Untracked 
|  28|0x0000000608000000, 0x0000000608000000, 0x0000000608400000|  0%| F|  |TAMS 0x0000000608000000, 0x0000000608000000| Untracked 
|  29|0x0000000608400000, 0x0000000608400000, 0x0000000608800000|  0%| F|  |TAMS 0x0000000608400000, 0x0000000608400000| Untracked 
|  30|0x0000000608800000, 0x0000000608800000, 0x0000000608c00000|  0%| F|  |TAMS 0x0000000608800000, 0x0000000608800000| Untracked 
|  31|0x0000000608c00000, 0x0000000608c00000, 0x0000000609000000|  0%| F|  |TAMS 0x0000000608c00000, 0x0000000608c00000| Untracked 
|  32|0x0000000609000000, 0x0000000609000000, 0x0000000609400000|  0%| F|  |TAMS 0x0000000609000000, 0x0000000609000000| Untracked 
|  33|0x0000000609400000, 0x0000000609400000, 0x0000000609800000|  0%| F|  |TAMS 0x0000000609400000, 0x0000000609400000| Untracked 
|  34|0x0000000609800000, 0x0000000609800000, 0x0000000609c00000|  0%| F|  |TAMS 0x0000000609800000, 0x0000000609800000| Untracked 
|  35|0x0000000609c00000, 0x0000000609c00000, 0x000000060a000000|  0%| F|  |TAMS 0x0000000609c00000, 0x0000000609c00000| Untracked 
|  36|0x000000060a000000, 0x000000060a000000, 0x000000060a400000|  0%| F|  |TAMS 0x000000060a000000, 0x000000060a000000| Untracked 
|  37|0x000000060a400000, 0x000000060a400000, 0x000000060a800000|  0%| F|  |TAMS 0x000000060a400000, 0x000000060a400000| Untracked 
|  38|0x000000060a800000, 0x000000060a800000, 0x000000060ac00000|  0%| F|  |TAMS 0x000000060a800000, 0x000000060a800000| Untracked 
|  39|0x000000060ac00000, 0x000000060ac00000, 0x000000060b000000|  0%| F|  |TAMS 0x000000060ac00000, 0x000000060ac00000| Untracked 
|  40|0x000000060b000000, 0x000000060b000000, 0x000000060b400000|  0%| F|  |TAMS 0x000000060b000000, 0x000000060b000000| Untracked 
|  41|0x000000060b400000, 0x000000060b400000, 0x000000060b800000|  0%| F|  |TAMS 0x000000060b400000, 0x000000060b400000| Untracked 
|  42|0x000000060b800000, 0x000000060b800000, 0x000000060bc00000|  0%| F|  |TAMS 0x000000060b800000, 0x000000060b800000| Untracked 
|  43|0x000000060bc00000, 0x000000060bc00000, 0x000000060c000000|  0%| F|  |TAMS 0x000000060bc00000, 0x000000060bc00000| Untracked 
|  44|0x000000060c000000, 0x000000060c000000, 0x000000060c400000|  0%| F|  |TAMS 0x000000060c000000, 0x000000060c000000| Untracked 
|  45|0x000000060c400000, 0x000000060c400000, 0x000000060c800000|  0%| F|  |TAMS 0x000000060c400000, 0x000000060c400000| Untracked 
|  46|0x000000060c800000, 0x000000060c800000, 0x000000060cc00000|  0%| F|  |TAMS 0x000000060c800000, 0x000000060c800000| Untracked 
|  47|0x000000060cc00000, 0x000000060cc00000, 0x000000060d000000|  0%| F|  |TAMS 0x000000060cc00000, 0x000000060cc00000| Untracked 
|  48|0x000000060d000000, 0x000000060d000000, 0x000000060d400000|  0%| F|  |TAMS 0x000000060d000000, 0x000000060d000000| Untracked 
|  49|0x000000060d400000, 0x000000060d400000, 0x000000060d800000|  0%| F|  |TAMS 0x000000060d400000, 0x000000060d400000| Untracked 
|  50|0x000000060d800000, 0x000000060d800000, 0x000000060dc00000|  0%| F|  |TAMS 0x000000060d800000, 0x000000060d800000| Untracked 
|  51|0x000000060dc00000, 0x000000060dc00000, 0x000000060e000000|  0%| F|  |TAMS 0x000000060dc00000, 0x000000060dc00000| Untracked 
|  52|0x000000060e000000, 0x000000060e000000, 0x000000060e400000|  0%| F|  |TAMS 0x000000060e000000, 0x000000060e000000| Untracked 
|  53|0x000000060e400000, 0x000000060e400000, 0x000000060e800000|  0%| F|  |TAMS 0x000000060e400000, 0x000000060e400000| Untracked 
|  54|0x000000060e800000, 0x000000060e800000, 0x000000060ec00000|  0%| F|  |TAMS 0x000000060e800000, 0x000000060e800000| Untracked 
|  55|0x000000060ec00000, 0x000000060ec00000, 0x000000060f000000|  0%| F|  |TAMS 0x000000060ec00000, 0x000000060ec00000| Untracked 
|  56|0x000000060f000000, 0x000000060f000000, 0x000000060f400000|  0%| F|  |TAMS 0x000000060f000000, 0x000000060f000000| Untracked 
|  57|0x000000060f400000, 0x000000060f400000, 0x000000060f800000|  0%| F|  |TAMS 0x000000060f400000, 0x000000060f400000| Untracked 
|  58|0x000000060f800000, 0x000000060f800000, 0x000000060fc00000|  0%| F|  |TAMS 0x000000060f800000, 0x000000060f800000| Untracked 
|  59|0x000000060fc00000, 0x000000060fc00000, 0x0000000610000000|  0%| F|  |TAMS 0x000000060fc00000, 0x000000060fc00000| Untracked 
|  60|0x0000000610000000, 0x0000000610000000, 0x0000000610400000|  0%| F|  |TAMS 0x0000000610000000, 0x0000000610000000| Untracked 
|  61|0x0000000610400000, 0x0000000610400000, 0x0000000610800000|  0%| F|  |TAMS 0x0000000610400000, 0x0000000610400000| Untracked 
|  62|0x0000000610800000, 0x0000000610800000, 0x0000000610c00000|  0%| F|  |TAMS 0x0000000610800000, 0x0000000610800000| Untracked 
|  63|0x0000000610c00000, 0x0000000610c00000, 0x0000000611000000|  0%| F|  |TAMS 0x0000000610c00000, 0x0000000610c00000| Untracked 
|  64|0x0000000611000000, 0x0000000611000000, 0x0000000611400000|  0%| F|  |TAMS 0x0000000611000000, 0x0000000611000000| Untracked 
|  65|0x0000000611400000, 0x0000000611400000, 0x0000000611800000|  0%| F|  |TAMS 0x0000000611400000, 0x0000000611400000| Untracked 
|  66|0x0000000611800000, 0x0000000611800000, 0x0000000611c00000|  0%| F|  |TAMS 0x0000000611800000, 0x0000000611800000| Untracked 
|  67|0x0000000611c00000, 0x0000000611c00000, 0x0000000612000000|  0%| F|  |TAMS 0x0000000611c00000, 0x0000000611c00000| Untracked 
|  68|0x0000000612000000, 0x0000000612000000, 0x0000000612400000|  0%| F|  |TAMS 0x0000000612000000, 0x0000000612000000| Untracked 
|  69|0x0000000612400000, 0x0000000612400000, 0x0000000612800000|  0%| F|  |TAMS 0x0000000612400000, 0x0000000612400000| Untracked 
|  70|0x0000000612800000, 0x0000000612800000, 0x0000000612c00000|  0%| F|  |TAMS 0x0000000612800000, 0x0000000612800000| Untracked 
|  71|0x0000000612c00000, 0x0000000612c00000, 0x0000000613000000|  0%| F|  |TAMS 0x0000000612c00000, 0x0000000612c00000| Untracked 
|  72|0x0000000613000000, 0x0000000613000000, 0x0000000613400000|  0%| F|  |TAMS 0x0000000613000000, 0x0000000613000000| Untracked 
|  73|0x0000000613400000, 0x0000000613400000, 0x0000000613800000|  0%| F|  |TAMS 0x0000000613400000, 0x0000000613400000| Untracked 
|  74|0x0000000613800000, 0x0000000613800000, 0x0000000613c00000|  0%| F|  |TAMS 0x0000000613800000, 0x0000000613800000| Untracked 
|  75|0x0000000613c00000, 0x0000000613c00000, 0x0000000614000000|  0%| F|  |TAMS 0x0000000613c00000, 0x0000000613c00000| Untracked 
|  76|0x0000000614000000, 0x0000000614000000, 0x0000000614400000|  0%| F|  |TAMS 0x0000000614000000, 0x0000000614000000| Untracked 
|  77|0x0000000614400000, 0x0000000614400000, 0x0000000614800000|  0%| F|  |TAMS 0x0000000614400000, 0x0000000614400000| Untracked 
|  78|0x0000000614800000, 0x0000000614800000, 0x0000000614c00000|  0%| F|  |TAMS 0x0000000614800000, 0x0000000614800000| Untracked 
|  79|0x0000000614c00000, 0x0000000614c00000, 0x0000000615000000|  0%| F|  |TAMS 0x0000000614c00000, 0x0000000614c00000| Untracked 
|  80|0x0000000615000000, 0x0000000615000000, 0x0000000615400000|  0%| F|  |TAMS 0x0000000615000000, 0x0000000615000000| Untracked 
|  81|0x0000000615400000, 0x0000000615400000, 0x0000000615800000|  0%| F|  |TAMS 0x0000000615400000, 0x0000000615400000| Untracked 
|  82|0x0000000615800000, 0x0000000615800000, 0x0000000615c00000|  0%| F|  |TAMS 0x0000000615800000, 0x0000000615800000| Untracked 
|  83|0x0000000615c00000, 0x0000000615c00000, 0x0000000616000000|  0%| F|  |TAMS 0x0000000615c00000, 0x0000000615c00000| Untracked 
|  84|0x0000000616000000, 0x0000000616000000, 0x0000000616400000|  0%| F|  |TAMS 0x0000000616000000, 0x0000000616000000| Untracked 
|  85|0x0000000616400000, 0x0000000616400000, 0x0000000616800000|  0%| F|  |TAMS 0x0000000616400000, 0x0000000616400000| Untracked 
|  86|0x0000000616800000, 0x0000000616800000, 0x0000000616c00000|  0%| F|  |TAMS 0x0000000616800000, 0x0000000616800000| Untracked 
|  87|0x0000000616c00000, 0x0000000616c00000, 0x0000000617000000|  0%| F|  |TAMS 0x0000000616c00000, 0x0000000616c00000| Untracked 
|  88|0x0000000617000000, 0x0000000617000000, 0x0000000617400000|  0%| F|  |TAMS 0x0000000617000000, 0x0000000617000000| Untracked 
|  89|0x0000000617400000, 0x0000000617400000, 0x0000000617800000|  0%| F|  |TAMS 0x0000000617400000, 0x0000000617400000| Untracked 
|  90|0x0000000617800000, 0x0000000617800000, 0x0000000617c00000|  0%| F|  |TAMS 0x0000000617800000, 0x0000000617800000| Untracked 
|  91|0x0000000617c00000, 0x0000000617c00000, 0x0000000618000000|  0%| F|  |TAMS 0x0000000617c00000, 0x0000000617c00000| Untracked 
|  92|0x0000000618000000, 0x0000000618000000, 0x0000000618400000|  0%| F|  |TAMS 0x0000000618000000, 0x0000000618000000| Untracked 
|  93|0x0000000618400000, 0x0000000618400000, 0x0000000618800000|  0%| F|  |TAMS 0x0000000618400000, 0x0000000618400000| Untracked 
|  94|0x0000000618800000, 0x0000000618800000, 0x0000000618c00000|  0%| F|  |TAMS 0x0000000618800000, 0x0000000618800000| Untracked 
|  95|0x0000000618c00000, 0x0000000618c00000, 0x0000000619000000|  0%| F|  |TAMS 0x0000000618c00000, 0x0000000618c00000| Untracked 
|  96|0x0000000619000000, 0x0000000619000000, 0x0000000619400000|  0%| F|  |TAMS 0x0000000619000000, 0x0000000619000000| Untracked 
|  97|0x0000000619400000, 0x0000000619400000, 0x0000000619800000|  0%| F|  |TAMS 0x0000000619400000, 0x0000000619400000| Untracked 
|  98|0x0000000619800000, 0x0000000619800000, 0x0000000619c00000|  0%| F|  |TAMS 0x0000000619800000, 0x0000000619800000| Untracked 
|  99|0x0000000619c00000, 0x0000000619c00000, 0x000000061a000000|  0%| F|  |TAMS 0x0000000619c00000, 0x0000000619c00000| Untracked 
| 100|0x000000061a000000, 0x000000061a000000, 0x000000061a400000|  0%| F|  |TAMS 0x000000061a000000, 0x000000061a000000| Untracked 
| 101|0x000000061a400000, 0x000000061a400000, 0x000000061a800000|  0%| F|  |TAMS 0x000000061a400000, 0x000000061a400000| Untracked 
| 102|0x000000061a800000, 0x000000061a800000, 0x000000061ac00000|  0%| F|  |TAMS 0x000000061a800000, 0x000000061a800000| Untracked 
| 103|0x000000061ac00000, 0x000000061ac00000, 0x000000061b000000|  0%| F|  |TAMS 0x000000061ac00000, 0x000000061ac00000| Untracked 
| 104|0x000000061b000000, 0x000000061b000000, 0x000000061b400000|  0%| F|  |TAMS 0x000000061b000000, 0x000000061b000000| Untracked 
| 105|0x000000061b400000, 0x000000061b400000, 0x000000061b800000|  0%| F|  |TAMS 0x000000061b400000, 0x000000061b400000| Untracked 
| 106|0x000000061b800000, 0x000000061b800000, 0x000000061bc00000|  0%| F|  |TAMS 0x000000061b800000, 0x000000061b800000| Untracked 
| 107|0x000000061bc00000, 0x000000061bc00000, 0x000000061c000000|  0%| F|  |TAMS 0x000000061bc00000, 0x000000061bc00000| Untracked 
| 108|0x000000061c000000, 0x000000061c000000, 0x000000061c400000|  0%| F|  |TAMS 0x000000061c000000, 0x000000061c000000| Untracked 
| 109|0x000000061c400000, 0x000000061c400000, 0x000000061c800000|  0%| F|  |TAMS 0x000000061c400000, 0x000000061c400000| Untracked 
| 110|0x000000061c800000, 0x000000061c800000, 0x000000061cc00000|  0%| F|  |TAMS 0x000000061c800000, 0x000000061c800000| Untracked 
| 111|0x000000061cc00000, 0x000000061cc00000, 0x000000061d000000|  0%| F|  |TAMS 0x000000061cc00000, 0x000000061cc00000| Untracked 
| 112|0x000000061d000000, 0x000000061d000000, 0x000000061d400000|  0%| F|  |TAMS 0x000000061d000000, 0x000000061d000000| Untracked 
| 113|0x000000061d400000, 0x000000061d400000, 0x000000061d800000|  0%| F|  |TAMS 0x000000061d400000, 0x000000061d400000| Untracked 
| 114|0x000000061d800000, 0x000000061d800000, 0x000000061dc00000|  0%| F|  |TAMS 0x000000061d800000, 0x000000061d800000| Untracked 
| 115|0x000000061dc00000, 0x000000061dc00000, 0x000000061e000000|  0%| F|  |TAMS 0x000000061dc00000, 0x000000061dc00000| Untracked 
| 116|0x000000061e000000, 0x000000061e000000, 0x000000061e400000|  0%| F|  |TAMS 0x000000061e000000, 0x000000061e000000| Untracked 
| 117|0x000000061e400000, 0x000000061e400000, 0x000000061e800000|  0%| F|  |TAMS 0x000000061e400000, 0x000000061e400000| Untracked 
| 118|0x000000061e800000, 0x000000061e800000, 0x000000061ec00000|  0%| F|  |TAMS 0x000000061e800000, 0x000000061e800000| Untracked 
| 119|0x000000061ec00000, 0x000000061ec00000, 0x000000061f000000|  0%| F|  |TAMS 0x000000061ec00000, 0x000000061ec00000| Untracked 
| 120|0x000000061f000000, 0x000000061f000000, 0x000000061f400000|  0%| F|  |TAMS 0x000000061f000000, 0x000000061f000000| Untracked 
| 121|0x000000061f400000, 0x000000061f400000, 0x000000061f800000|  0%| F|  |TAMS 0x000000061f400000, 0x000000061f400000| Untracked 
| 122|0x000000061f800000, 0x000000061f800000, 0x000000061fc00000|  0%| F|  |TAMS 0x000000061f800000, 0x000000061f800000| Untracked 
| 123|0x000000061fc00000, 0x000000061fc00000, 0x0000000620000000|  0%| F|  |TAMS 0x000000061fc00000, 0x000000061fc00000| Untracked 
| 124|0x0000000620000000, 0x0000000620356a88, 0x0000000620400000| 83%| E|  |TAMS 0x0000000620000000, 0x0000000620000000| Complete 
| 125|0x0000000620400000, 0x0000000620800000, 0x0000000620800000|100%| E|CS|TAMS 0x0000000620400000, 0x0000000620400000| Complete 
| 126|0x0000000620800000, 0x0000000620c00000, 0x0000000620c00000|100%| E|CS|TAMS 0x0000000620800000, 0x0000000620800000| Complete 
| 127|0x0000000620c00000, 0x0000000621000000, 0x0000000621000000|100%| E|CS|TAMS 0x0000000620c00000, 0x0000000620c00000| Complete 

Card table byte_map: [0x0000026f71100000,0x0000026f72100000] _byte_map_base: 0x0000026f6e0f8000

Marking Bits (Prev, Next): (CMBitMap*) 0x0000026f56f3e920, (CMBitMap*) 0x0000026f56f3e960
 Prev Bits: [0x0000026f73100000, 0x0000026f7b0c0000)
 Next Bits: [0x0000026f00000000, 0x0000026f07fc0000)

Polling page: 0x0000026f56c50000

Metaspace:

Usage:
  Non-class:      5.14 MB used.
      Class:    325.77 KB used.
       Both:      5.46 MB used.

Virtual space:
  Non-class space:        8.00 MB reserved,       5.25 MB ( 66%) committed,  1 nodes.
      Class space:        1.00 GB reserved,     448.00 KB ( <1%) committed,  1 nodes.
             Both:        1.01 GB reserved,       5.69 MB ( <1%) committed. 

Chunk freelists:
   Non-Class:  702.00 KB
       Class:  3.54 MB
        Both:  4.23 MB

MaxMetaspaceSize: unlimited
CompressedClassSpaceSize: 1.00 GB
Initial GC threshold: 21.00 MB
Current GC threshold: 21.00 MB
CDS: on
MetaspaceReclaimPolicy: balanced
 - commit_granule_bytes: 65536.
 - commit_granule_words: 8192.
 - virtual_space_node_default_size: 1048576.
 - enlarge_chunks_in_place: 1.
 - new_chunks_are_fully_committed: 0.
 - uncommit_free_chunks: 1.
 - use_allocation_guard: 0.
 - handle_deallocations: 1.


Internal statistics:

num_allocs_failed_limit: 0.
num_arena_births: 132.
num_arena_deaths: 0.
num_vsnodes_births: 2.
num_vsnodes_deaths: 0.
num_space_committed: 89.
num_space_uncommitted: 0.
num_chunks_returned_to_freelist: 0.
num_chunks_taken_from_freelist: 284.
num_chunk_merges: 0.
num_chunk_splits: 192.
num_chunks_enlarged: 139.
num_purges: 0.
num_inconsistent_stats: 0.

CodeHeap 'non-profiled nmethods': size=119168Kb used=271Kb max_used=271Kb free=118896Kb
 bounds [0x0000026f67ce0000, 0x0000026f67f50000, 0x0000026f6f140000]
CodeHeap 'profiled nmethods': size=119104Kb used=1745Kb max_used=1745Kb free=117358Kb
 bounds [0x0000026f60140000, 0x0000026f603b0000, 0x0000026f67590000]
CodeHeap 'non-nmethods': size=7488Kb used=3262Kb max_used=3274Kb free=4225Kb
 bounds [0x0000026f67590000, 0x0000026f678d0000, 0x0000026f67ce0000]
 total_blobs=2000 nmethods=1004 adapters=906
 compilation: enabled
              stopped_count=0, restarted_count=0
 full_count=0

Compilation events (20 events):
Event: 0.445 Thread 0x0000026f7f161d60  993       3       java.lang.Module::isNamed (13 bytes)
Event: 0.445 Thread 0x0000026f7f161d60 nmethod 993 0x0000026f602f2510 code [0x0000026f602f26a0, 0x0000026f602f2818]
Event: 0.446 Thread 0x0000026f7f161d60  994       3       java.lang.invoke.MemberName::getModifiers (8 bytes)
Event: 0.446 Thread 0x0000026f7e2cf900  995       1       java.lang.invoke.InfoFromMemberName::getReferenceKind (5 bytes)
Event: 0.446 Thread 0x0000026f7f161d60 nmethod 994 0x0000026f602f2890 code [0x0000026f602f2a20, 0x0000026f602f2b38]
Event: 0.446 Thread 0x0000026f7e2cf900 nmethod 995 0x0000026f67d22b10 code [0x0000026f67d22ca0, 0x0000026f67d22d78]
Event: 0.448 Thread 0x0000026f7f161d60  996       3       java.util.ArrayDeque::elementAt (4 bytes)
Event: 0.448 Thread 0x0000026f7f161d60 nmethod 996 0x0000026f602f2c10 code [0x0000026f602f2da0, 0x0000026f602f2eb8]
Event: 0.448 Thread 0x0000026f7d79d520  997       3       java.lang.ref.Reference::clear (5 bytes)
Event: 0.448 Thread 0x0000026f7d79d520 nmethod 997 0x0000026f602f2f90 code [0x0000026f602f3120, 0x0000026f602f3268]
Event: 0.449 Thread 0x0000026f7d79d520  999       3       jdk.internal.org.objectweb.asm.MethodWriter::visitInsn (115 bytes)
Event: 0.449 Thread 0x0000026f7f161d60 1000       3       jdk.internal.org.objectweb.asm.Type::getDescriptor (93 bytes)
Event: 0.449 Thread 0x0000026f7e2cf900 1001       1       sun.util.calendar.CalendarDate::getYear (5 bytes)
Event: 0.449 Thread 0x0000026f7e2d6230 1002       1       java.util.Calendar::getFirstDayOfWeek (5 bytes)
Event: 0.449 Thread 0x0000026f7d79d520 nmethod 999 0x0000026f602f3310 code [0x0000026f602f34e0, 0x0000026f602f38e8]
Event: 0.449 Thread 0x0000026f7d79d520 1003       1       java.util.Calendar::getMinimalDaysInFirstWeek (5 bytes)
Event: 0.449 Thread 0x0000026f7e2cf900 nmethod 1001 0x0000026f67d23210 code [0x0000026f67d233a0, 0x0000026f67d23478]
Event: 0.449 Thread 0x0000026f7e2d6230 nmethod 1002 0x0000026f67d23510 code [0x0000026f67d236a0, 0x0000026f67d23778]
Event: 0.449 Thread 0x0000026f7d79d520 nmethod 1003 0x0000026f67d23810 code [0x0000026f67d239a0, 0x0000026f67d23a78]
Event: 0.449 Thread 0x0000026f7f161d60 nmethod 1000 0x0000026f602f3a90 code [0x0000026f602f3d00, 0x0000026f602f44a8]

GC Heap History (0 events):
No events

Dll operation events (9 events):
Event: 0.003 Loaded shared library D:\jdks\corretto_17\bin\java.dll
Event: 0.009 Loaded shared library D:\jdks\corretto_17\bin\jsvml.dll
Event: 0.035 Loaded shared library D:\jdks\corretto_17\bin\net.dll
Event: 0.036 Loaded shared library D:\jdks\corretto_17\bin\nio.dll
Event: 0.039 Loaded shared library D:\jdks\corretto_17\bin\zip.dll
Event: 0.045 Loaded shared library D:\jdks\corretto_17\bin\verify.dll
Event: 0.072 Loaded shared library D:\jdks\corretto_17\bin\jimage.dll
Event: 0.152 Loaded shared library C:\Users\stuka\AppData\Local\Temp\lwjglstuka\3.3.1-SNAPSHOT\lwjgl.dll
Event: 0.328 Loaded shared library C:\Users\stuka\AppData\Local\Temp\lwjglstuka\3.3.1-SNAPSHOT\lwjgl_opengl.dll

Deoptimization events (8 events):
Event: 0.102 Thread 0x0000026f56e8a890 DEOPT PACKING pc=0x0000026f60158be7 sp=0x000000e23f0fd5d0
Event: 0.102 Thread 0x0000026f56e8a890 DEOPT UNPACKING pc=0x0000026f675e7143 sp=0x000000e23f0fc9f0 mode 0
Event: 0.165 Thread 0x0000026f56e8a890 DEOPT PACKING pc=0x0000026f601641e5 sp=0x000000e23f0fc700
Event: 0.165 Thread 0x0000026f56e8a890 DEOPT UNPACKING pc=0x0000026f675e7143 sp=0x000000e23f0fbb50 mode 0
Event: 0.331 Thread 0x0000026f56e8a890 Uncommon trap: trap_request=0xffffff54 fr.pc=0x0000026f67d19ae0 relative=0x0000000000000060
Event: 0.331 Thread 0x0000026f56e8a890 Uncommon trap: reason=speculate_null_assert action=make_not_entrant pc=0x0000026f67d19ae0 method=sun.misc.Unsafe.putLong(Ljava/lang/Object;JJ)V @ 7 c2
Event: 0.331 Thread 0x0000026f56e8a890 DEOPT PACKING pc=0x0000026f67d19ae0 sp=0x000000e23f0ff160
Event: 0.331 Thread 0x0000026f56e8a890 DEOPT UNPACKING pc=0x0000026f675e69a3 sp=0x000000e23f0ff0d8 mode 2

Classes unloaded (0 events):
No events

Classes redefined (0 events):
No events

Internal exceptions (20 events):
Event: 0.137 Thread 0x0000026f56e8a890 Exception <a 'java/lang/NoSuchMethodError'{0x0000000620448218}: 'int java.lang.invoke.DirectMethodHandle$Holder.invokeSpecial(java.lang.Object, java.lang.Object, java.lang.Object)'> (0x0000000620448218) 
thrown [s\src\hotspot\share\interpreter\linkResolver.cpp, line 759]
Event: 0.151 Thread 0x0000026f56e8a890 Exception <a 'sun/nio/fs/WindowsException'{0x00000006204a2988}> (0x00000006204a2988) 
thrown [s\src\hotspot\share\prims\jni.cpp, line 516]
Event: 0.151 Thread 0x0000026f56e8a890 Exception <a 'sun/nio/fs/WindowsException'{0x00000006204a2ee0}> (0x00000006204a2ee0) 
thrown [s\src\hotspot\share\prims\jni.cpp, line 516]
Event: 0.156 Thread 0x0000026f56e8a890 Exception <a 'java/lang/NoSuchMethodError'{0x00000006204cb388}: 'int java.lang.invoke.DirectMethodHandle$Holder.invokeStaticInit(java.lang.Object, java.lang.Object, int, long)'> (0x00000006204cb388) 
thrown [s\src\hotspot\share\interpreter\linkResolver.cpp, line 759]
Event: 0.157 Thread 0x0000026f56e8a890 Exception <a 'java/lang/NoSuchMethodError'{0x00000006204d0bb0}: 'java.lang.Object java.lang.invoke.DirectMethodHandle$Holder.newInvokeSpecial(java.lang.Object, java.lang.Object, int)'> (0x00000006204d0bb0) 
thrown [s\src\hotspot\share\interpreter\linkResolver.cpp, line 759]
Event: 0.158 Thread 0x0000026f56e8a890 Exception <a 'java/lang/NoSuchMethodError'{0x00000006204df830}: 'int java.lang.invoke.DirectMethodHandle$Holder.invokeStaticInit(java.lang.Object, java.lang.Object, long, long)'> (0x00000006204df830) 
thrown [s\src\hotspot\share\interpreter\linkResolver.cpp, line 759]
Event: 0.158 Thread 0x0000026f56e8a890 Exception <a 'java/lang/NoSuchMethodError'{0x00000006204e55b8}: 'java.lang.Object java.lang.invoke.DirectMethodHandle$Holder.newInvokeSpecial(java.lang.Object, java.lang.Object, long)'> (0x00000006204e55b8) 
thrown [s\src\hotspot\share\interpreter\linkResolver.cpp, line 759]
Event: 0.159 Thread 0x0000026f56e8a890 Exception <a 'java/lang/NoSuchMethodError'{0x00000006204e8e80}: 'java.lang.Object java.lang.invoke.Invokers$Holder.linkToTargetMethod(java.lang.Object, long, java.lang.Object)'> (0x00000006204e8e80) 
thrown [s\src\hotspot\share\interpreter\linkResolver.cpp, line 759]
Event: 0.159 Thread 0x0000026f56e8a890 Exception <a 'java/lang/NoSuchMethodError'{0x00000006204f0350}: 'int java.lang.invoke.DirectMethodHandle$Holder.invokeStaticInit(java.lang.Object, java.lang.Object, java.lang.Object, long)'> (0x00000006204f0350) 
thrown [s\src\hotspot\share\interpreter\linkResolver.cpp, line 759]
Event: 0.171 Thread 0x0000026f56e8a890 Exception <a 'sun/nio/fs/WindowsException'{0x0000000620591298}> (0x0000000620591298) 
thrown [s\src\hotspot\share\prims\jni.cpp, line 516]
Event: 0.172 Thread 0x0000026f56e8a890 Exception <a 'sun/nio/fs/WindowsException'{0x0000000620591608}> (0x0000000620591608) 
thrown [s\src\hotspot\share\prims\jni.cpp, line 516]
Event: 0.306 Thread 0x0000026f56e8a890 Exception <a 'java/lang/NoSuchMethodError'{0x00000006205eee50}: 'void java.lang.invoke.DirectMethodHandle$Holder.invokeStatic(java.lang.Object, long, int)'> (0x00000006205eee50) 
thrown [s\src\hotspot\share\interpreter\linkResolver.cpp, line 759]
Event: 0.308 Thread 0x0000026f56e8a890 Exception <a 'java/lang/NoSuchMethodError'{0x00000006205fb660}: 'void java.lang.invoke.DirectMethodHandle$Holder.invokeStatic(java.lang.Object, long)'> (0x00000006205fb660) 
thrown [s\src\hotspot\share\interpreter\linkResolver.cpp, line 759]
Event: 0.327 Thread 0x0000026f56e8a890 Exception <a 'sun/nio/fs/WindowsException'{0x0000000620648010}> (0x0000000620648010) 
thrown [s\src\hotspot\share\prims\jni.cpp, line 516]
Event: 0.327 Thread 0x0000026f56e8a890 Exception <a 'sun/nio/fs/WindowsException'{0x00000006206483c0}> (0x00000006206483c0) 
thrown [s\src\hotspot\share\prims\jni.cpp, line 516]
Event: 0.329 Thread 0x0000026f56e8a890 Exception <a 'sun/nio/fs/WindowsException'{0x000000062064f430}> (0x000000062064f430) 
thrown [s\src\hotspot\share\prims\jni.cpp, line 516]
Event: 0.329 Thread 0x0000026f56e8a890 Exception <a 'sun/nio/fs/WindowsException'{0x000000062064f718}> (0x000000062064f718) 
thrown [s\src\hotspot\share\prims\jni.cpp, line 516]
Event: 0.417 Thread 0x0000026f56e8a890 Exception <a 'sun/nio/fs/WindowsException'{0x00000006202a6958}> (0x00000006202a6958) 
thrown [s\src\hotspot\share\prims\jni.cpp, line 516]
Event: 0.417 Thread 0x0000026f56e8a890 Exception <a 'sun/nio/fs/WindowsException'{0x00000006202a6ce0}> (0x00000006202a6ce0) 
thrown [s\src\hotspot\share\prims\jni.cpp, line 516]
Event: 0.444 Thread 0x0000026f56e8a890 Exception <a 'java/lang/NoSuchMethodError'{0x00000006202cd2d0}: 'java.lang.Object java.lang.invoke.DirectMethodHandle$Holder.newInvokeSpecial(java.lang.Object, long)'> (0x00000006202cd2d0) 
thrown [s\src\hotspot\share\interpreter\linkResolver.cpp, line 759]

VM Operations (4 events):
Event: 0.041 Executing VM operation: HandshakeAllThreads
Event: 0.041 Executing VM operation: HandshakeAllThreads done
Event: 0.068 Executing VM operation: HandshakeAllThreads
Event: 0.069 Executing VM operation: HandshakeAllThreads done

Events (20 events):
Event: 0.154 loading class java/nio/DirectFloatBufferU done
Event: 0.154 loading class java/nio/DirectDoubleBufferU
Event: 0.154 loading class java/nio/DirectDoubleBufferU done
Event: 0.154 loading class sun/misc/Unsafe
Event: 0.154 loading class sun/misc/Unsafe done
Event: 0.155 loading class jdk/internal/reflect/UnsafeQualifiedStaticObjectFieldAccessorImpl
Event: 0.155 loading class jdk/internal/reflect/UnsafeQualifiedStaticObjectFieldAccessorImpl done
Event: 0.156 loading class java/util/function/LongPredicate
Event: 0.156 loading class java/util/function/LongPredicate done
Event: 0.157 loading class jdk/internal/access/foreign/MemorySegmentProxy
Event: 0.157 loading class jdk/internal/access/foreign/MemorySegmentProxy done
Event: 0.160 loading class java/nio/InvalidMarkException
Event: 0.160 loading class java/nio/InvalidMarkException done
Event: 0.160 loading class java/nio/BufferUnderflowException
Event: 0.160 loading class java/nio/BufferUnderflowException done
Event: 0.174 loading class jdk/internal/reflect/UnsafeQualifiedStaticIntegerFieldAccessorImpl
Event: 0.174 loading class jdk/internal/reflect/UnsafeQualifiedStaticIntegerFieldAccessorImpl done
Event: 0.305 Thread 0x0000026f7f0bde20 Thread exited: 0x0000026f7f0bde20
Event: 0.327 loading class jdk/internal/misc/ScopedMemoryAccess$Scope
Event: 0.327 loading class jdk/internal/misc/ScopedMemoryAccess$Scope done


Dynamic libraries:
0x00007ff6817f0000 - 0x00007ff6817fd000 	D:\jdks\corretto_17\bin\java.exe
0x00007ffc52e50000 - 0x00007ffc53048000 	C:\Windows\SYSTEM32\ntdll.dll
0x00007ffc52c30000 - 0x00007ffc52cef000 	C:\Windows\System32\KERNEL32.DLL
0x00007ffc507d0000 - 0x00007ffc50aa2000 	C:\Windows\System32\KERNELBASE.dll
0x00007ffc50c40000 - 0x00007ffc50d40000 	C:\Windows\System32\ucrtbase.dll
0x00007ffbe46a0000 - 0x00007ffbe46b7000 	D:\jdks\corretto_17\bin\jli.dll
0x00007ffbe8fa0000 - 0x00007ffbe8fb5000 	D:\jdks\corretto_17\bin\VCRUNTIME140.dll
0x00007ffc529b0000 - 0x00007ffc52b51000 	C:\Windows\System32\USER32.dll
0x00007ffc50ab0000 - 0x00007ffc50ad2000 	C:\Windows\System32\win32u.dll
0x00007ffc471e0000 - 0x00007ffc4747a000 	C:\Windows\WinSxS\amd64_microsoft.windows.common-controls_6595b64144ccf1df_6.0.19041.1110_none_60b5254171f9507e\COMCTL32.dll
0x00007ffc52cf0000 - 0x00007ffc52d1b000 	C:\Windows\System32\GDI32.dll
0x00007ffc52840000 - 0x00007ffc528de000 	C:\Windows\System32\msvcrt.dll
0x00007ffc50540000 - 0x00007ffc5064f000 	C:\Windows\System32\gdi32full.dll
0x00007ffc50df0000 - 0x00007ffc50e8d000 	C:\Windows\System32\msvcp_win.dll
0x00007ffc52dd0000 - 0x00007ffc52e02000 	C:\Windows\System32\IMM32.DLL
0x00007ffb6b660000 - 0x00007ffb6b6fb000 	D:\jdks\corretto_17\bin\msvcp140.dll
0x00007ffb3c4e0000 - 0x00007ffb3d0f8000 	D:\jdks\corretto_17\bin\server\jvm.dll
0x00007ffc525d0000 - 0x00007ffc5267e000 	C:\Windows\System32\ADVAPI32.dll
0x00007ffc524d0000 - 0x00007ffc5256c000 	C:\Windows\System32\sechost.dll
0x00007ffc52710000 - 0x00007ffc52835000 	C:\Windows\System32\RPCRT4.dll
0x00007ffc49c50000 - 0x00007ffc49c77000 	C:\Windows\SYSTEM32\WINMM.dll
0x00007ffc285a0000 - 0x00007ffc285a9000 	C:\Windows\SYSTEM32\WSOCK32.dll
0x00007ffc4a7f0000 - 0x00007ffc4a7fa000 	C:\Windows\SYSTEM32\VERSION.dll
0x00007ffc52940000 - 0x00007ffc529ab000 	C:\Windows\System32\WS2_32.dll
0x00007ffc4e420000 - 0x00007ffc4e432000 	C:\Windows\SYSTEM32\kernel.appcore.dll
0x00007ffc05810000 - 0x00007ffc0581a000 	D:\jdks\corretto_17\bin\jimage.dll
0x00007ffc40f70000 - 0x00007ffc41154000 	C:\Windows\SYSTEM32\DBGHELP.DLL
0x00007ffc44a40000 - 0x00007ffc44a75000 	C:\Windows\SYSTEM32\dbgcore.DLL
0x00007ffc506c0000 - 0x00007ffc50742000 	C:\Windows\System32\bcryptPrimitives.dll
0x00007ffb72380000 - 0x00007ffb723a5000 	D:\jdks\corretto_17\bin\java.dll
0x00007ffb5b210000 - 0x00007ffb5b2e6000 	D:\jdks\corretto_17\bin\jsvml.dll
0x00007ffc51a90000 - 0x00007ffc521d5000 	C:\Windows\System32\SHELL32.dll
0x00007ffc4e620000 - 0x00007ffc4edb2000 	C:\Windows\SYSTEM32\windows.storage.dll
0x00007ffc50fd0000 - 0x00007ffc51325000 	C:\Windows\System32\combase.dll
0x00007ffc4ffa0000 - 0x00007ffc4ffd0000 	C:\Windows\SYSTEM32\Wldp.dll
0x00007ffc523c0000 - 0x00007ffc5246d000 	C:\Windows\System32\SHCORE.dll
0x00007ffc52470000 - 0x00007ffc524c5000 	C:\Windows\System32\shlwapi.dll
0x00007ffc50480000 - 0x00007ffc5049f000 	C:\Windows\SYSTEM32\profapi.dll
0x00007ffb73220000 - 0x00007ffb73239000 	D:\jdks\corretto_17\bin\net.dll
0x00007ffc49cc0000 - 0x00007ffc49dcc000 	C:\Windows\SYSTEM32\WINHTTP.dll
0x00007ffc4fc90000 - 0x00007ffc4fcfa000 	C:\Windows\system32\mswsock.dll
0x00007ffb72360000 - 0x00007ffb72375000 	D:\jdks\corretto_17\bin\nio.dll
0x00007ffb71160000 - 0x00007ffb71178000 	D:\jdks\corretto_17\bin\zip.dll
0x00007ffc031f0000 - 0x00007ffc03200000 	D:\jdks\corretto_17\bin\verify.dll
0x00007ffc32df0000 - 0x00007ffc32e65000 	C:\Users\stuka\AppData\Local\Temp\lwjglstuka\3.3.1-SNAPSHOT\lwjgl.dll
0x00007ffc2edb0000 - 0x00007ffc2ee11000 	C:\Users\stuka\AppData\Local\Temp\lwjglstuka\3.3.1-SNAPSHOT\glfw.dll
0x00007ffc411d0000 - 0x00007ffc41215000 	C:\Windows\SYSTEM32\dinput8.dll
0x00007ffc0ed00000 - 0x00007ffc0ed11000 	C:\Windows\SYSTEM32\xinput1_4.dll
0x00007ffc50780000 - 0x00007ffc507ce000 	C:\Windows\System32\cfgmgr32.dll
0x00007ffc502f0000 - 0x00007ffc5031c000 	C:\Windows\SYSTEM32\DEVOBJ.dll
0x00007ffc4e130000 - 0x00007ffc4e15f000 	C:\Windows\SYSTEM32\dwmapi.dll
0x00007ffc2f6a0000 - 0x00007ffc2f7f2000 	C:\Windows\SYSTEM32\inputhost.dll
0x00007ffc52b60000 - 0x00007ffc52c2d000 	C:\Windows\System32\OLEAUT32.dll
0x00007ffc4cd60000 - 0x00007ffc4ceb4000 	C:\Windows\SYSTEM32\wintypes.dll
0x00007ffc4d790000 - 0x00007ffc4d882000 	C:\Windows\SYSTEM32\CoreMessaging.dll
0x00007ffc4be70000 - 0x00007ffc4bf66000 	C:\Windows\SYSTEM32\PROPSYS.dll
0x00007ffc4d430000 - 0x00007ffc4d78e000 	C:\Windows\SYSTEM32\CoreUIComponents.dll
0x00007ffc4f660000 - 0x00007ffc4f693000 	C:\Windows\SYSTEM32\ntmarta.dll
0x00007ffc4df10000 - 0x00007ffc4dfae000 	C:\Windows\system32\uxtheme.dll
0x00007ffc521e0000 - 0x00007ffc522f5000 	C:\Windows\System32\MSCTF.dll
0x00007ffc28960000 - 0x00007ffc28a85000 	C:\Windows\SYSTEM32\opengl32.dll
0x00007ffc403b0000 - 0x00007ffc403dc000 	C:\Windows\SYSTEM32\GLU32.dll
0x00007ffc52310000 - 0x00007ffc523b9000 	C:\Windows\System32\clbcatq.dll
0x00007ffbd5890000 - 0x00007ffbd94e8000 	C:\Windows\System32\DriverStore\FileRepository\nv_dispi.inf_amd64_abf7e4e84f20581c\nvoglv64.dll
0x00007ffc51620000 - 0x00007ffc51a88000 	C:\Windows\System32\SETUPAPI.dll
0x00007ffc50750000 - 0x00007ffc50777000 	C:\Windows\System32\bcrypt.dll
0x00007ffc514e0000 - 0x00007ffc5160a000 	C:\Windows\System32\ole32.dll
0x00007ffc4cd40000 - 0x00007ffc4cd54000 	C:\Windows\SYSTEM32\WTSAPI32.dll
0x00007ffc50130000 - 0x00007ffc50142000 	C:\Windows\SYSTEM32\msasn1.dll
0x00007ffc4a790000 - 0x00007ffc4a7c1000 	C:\Windows\SYSTEM32\cryptnet.dll
0x00007ffc50ae0000 - 0x00007ffc50c36000 	C:\Windows\System32\CRYPT32.dll
0x00007ffc4a2a0000 - 0x00007ffc4a3e8000 	C:\Windows\SYSTEM32\drvstore.dll
0x00007ffc4fea0000 - 0x00007ffc4feac000 	C:\Windows\SYSTEM32\cryptbase.dll
0x00007ffc50650000 - 0x00007ffc506b9000 	C:\Windows\System32\WINTRUST.dll
0x00007ffc48870000 - 0x00007ffc488ab000 	C:\Windows\SYSTEM32\dxcore.dll
0x00007ffbf5530000 - 0x00007ffbf5801000 	C:\Windows\system32\nvspcap64.dll
0x00007ffc4ff50000 - 0x00007ffc4ff9b000 	C:\Windows\SYSTEM32\powrprof.dll
0x00007ffc4ff30000 - 0x00007ffc4ff42000 	C:\Windows\SYSTEM32\UMPDC.dll
0x00007ffc4fa20000 - 0x00007ffc4fa84000 	C:\Windows\SYSTEM32\WINSTA.dll
0x00007ffc2ff40000 - 0x00007ffc30039000 	C:\Windows\SYSTEM32\textinputframework.dll
0x00007ffc2ecf0000 - 0x00007ffc2ed4d000 	C:\Users\stuka\AppData\Local\Temp\lwjglstuka\3.3.1-SNAPSHOT\lwjgl_opengl.dll
0x00007ffc2c860000 - 0x00007ffc2c9f7000 	C:\Users\stuka\AppData\Local\Temp\lwjglstuka\3.3.1-SNAPSHOT\OpenAL.dll
0x00007ffc4a800000 - 0x00007ffc4a885000 	C:\Windows\System32\MMDevApi.dll
0x00007ffc4a4f0000 - 0x00007ffc4a672000 	C:\Windows\SYSTEM32\AUDIOSES.DLL
0x00007ffc4e030000 - 0x00007ffc4e044000 	C:\Windows\SYSTEM32\resourcepolicyclient.dll

dbghelp: loaded successfully - version: 4.0.5 - missing functions: none
symbol engine: initialized successfully - sym options: 0x614 - pdb path: .;D:\jdks\corretto_17\bin;C:\Windows\SYSTEM32;C:\Windows\WinSxS\amd64_microsoft.windows.common-controls_6595b64144ccf1df_6.0.19041.1110_none_60b5254171f9507e;D:\jdks\corretto_17\bin\server;C:\Users\stuka\AppData\Local\Temp\lwjglstuka\3.3.1-SNAPSHOT;C:\Windows\System32\DriverStore\FileRepository\nv_dispi.inf_amd64_abf7e4e84f20581c

VM Arguments:
jvm_args: -Dfile.encoding=windows-1251 -Duser.country=RU -Duser.language=ru -Duser.variant 
java_command: SungearEngine2D.Main.Main
java_class_path (initial): D:\Pixelfield\SungearEngine2D\Engine\build\classes\java\main;D:\Pixelfield\SungearEngine2D\Engine\build\resources\main;D:\Pixelfield\SungearEngine2D\Core2D\build\libs\Core2D.jar;D:\Pixelfield\SungearEngine2D\Core2D\libs\commons-io-2.11.0.jar;D:\Pixelfield\SungearEngine2D\Core2D\libs\gson-2.9.0.jar;D:\Pixelfield\SungearEngine2D\Core2D\libs\jbox2d-library-2.1.2.2.jar;C:\Users\stuka\.gradle\caches\modules-2\files-2.1\org.joml\joml\1.10.5\22566d58af70ad3d72308bab63b8339906deb649\joml-1.10.5.jar;D:\Pixelfield\SungearEngine2D\Core2D\libs\lwjgl.jar;D:\Pixelfield\SungearEngine2D\Core2D\libs\lwjgl-glfw.jar;D:\Pixelfield\SungearEngine2D\Core2D\libs\lwjgl-glfw-natives-windows.jar;D:\Pixelfield\SungearEngine2D\Core2D\libs\lwjgl-glfw-sources.jar;D:\Pixelfield\SungearEngine2D\Core2D\libs\lwjgl-natives-windows.jar;D:\Pixelfield\SungearEngine2D\Core2D\libs\lwjgl-openal.jar;D:\Pixelfield\SungearEngine2D\Core2D\libs\lwjgl-openal-natives-windows.jar;D:\Pixelfield\SungearEngine2D\Core2D\libs\lwjgl-openal-sources.jar;D:\Pixelfield\SungearEngine2D\Core2D\libs\lwjgl-opengl.jar;D:\Pixelfield\SungearEngine2D\Core2D\libs\lwjgl-opengl-natives-windows.jar;D:\Pixelfield\SungearEngine2D\Core2D\libs\lwjgl-opengl-sources.jar;D:\Pixelfield\SungearEngine2D\Core2D\libs\lwjgl-sources.jar;D:\Pixelfield\SungearEngine2D\Core2D\libs\lwjgl-stb.jar;D:\Pixelfield\SungearEngine2D\Core2D\libs\lwjgl-stb-natives-windows.jar;D:\Pixelfield\SungearEngine2D\Core2D\libs\lwjgl-stb-sources.jar;D:\Pixelfield\SungearEngine2D\Core2D\libs\slf4j-api-2.0.0-alpha5.jar;D:\Pixelfield\SungearEngine2D\Core2D\libs\slf4j-simple-2.0.0-alpha5.jar;D:\Pixelfield\SungearEngine2D\Core2D\libs\slick.jar;D:\Pixelfield\SungearEngine2D\Core2D\libs\slick-util.jar;D:\Pixelfield\SungearEngine2D\Core2D\libs\imgui-app-1.86.4.jar;D:\Pixelfield\SungearEngine2D\common\build\libs\common.jar
Launcher Type: SUN_STANDARD

[Global flags]
     intx CICompilerCount                          = 12                                        {product} {ergonomic}
     uint ConcGCThreads                            = 3                                         {product} {ergonomic}
     uint G1ConcRefinementThreads                  = 13                                        {product} {ergonomic}
   size_t G1HeapRegionSize                         = 4194304                                   {product} {ergonomic}
    uintx GCDrainStackTargetSize                   = 64                                        {product} {ergonomic}
   size_t InitialHeapSize                          = 536870912                                 {product} {ergonomic}
   size_t MarkStackSize                            = 4194304                                   {product} {ergonomic}
   size_t MaxHeapSize                              = 8573157376                                {product} {ergonomic}
   size_t MaxNewSize                               = 5142216704                                {product} {ergonomic}
   size_t MinHeapDeltaBytes                        = 4194304                                   {product} {ergonomic}
   size_t MinHeapSize                              = 8388608                                   {product} {ergonomic}
    uintx NonNMethodCodeHeapSize                   = 7602480                                {pd product} {ergonomic}
    uintx NonProfiledCodeHeapSize                  = 122027880                              {pd product} {ergonomic}
    uintx ProfiledCodeHeapSize                     = 122027880                              {pd product} {ergonomic}
    uintx ReservedCodeCacheSize                    = 251658240                              {pd product} {ergonomic}
     bool SegmentedCodeCache                       = true                                      {product} {ergonomic}
   size_t SoftMaxHeapSize                          = 8573157376                             {manageable} {ergonomic}
     bool UseCompressedClassPointers               = true                           {product lp64_product} {ergonomic}
     bool UseCompressedOops                        = true                           {product lp64_product} {ergonomic}
     bool UseG1GC                                  = true                                      {product} {ergonomic}
     bool UseLargePagesIndividualAllocation        = false                                  {pd product} {ergonomic}

Logging:
Log output configuration:
 #0: stdout all=warning uptime,level,tags
 #1: stderr all=off uptime,level,tags

Environment Variables:
JAVA_HOME=C:\Program Files\Java\jdk-17
PATH=C:\Program Files\Common Files\Oracle\Java\javapath;C:\Program Files (x86)\Common Files\Oracle\Java\javapath;C:\Windows\system32;C:\Windows;C:\Windows\System32\Wbem;C:\Windows\System32\WindowsPowerShell\v1.0\;C:\Windows\System32\OpenSSH\;C:\Program Files (x86)\NVIDIA Corporation\PhysX\Common;C:\Program Files\NVIDIA Corporation\NVIDIA NvDLISR;C:\Program Files\dotnet\;C:\Program Files\Java\jdk-17;C:\Program Files (x86)\Microsoft SQL Server\160\DTS\Binn\;C:\Program Files\Azure Data Studio\bin;C:\Program Files (x86)\Microsoft SQL Server\160\Tools\Binn\;C:\Program Files\Microsoft SQL Server\160\Tools\Binn\;C:\Program Files\Microsoft SQL Server\Client SDK\ODBC\170\Tools\Binn\;C:\Program Files\Microsoft SQL Server\160\DTS\Binn\;C:\Program Files\Microsoft SQL Server\150\Tools\Binn\;D:\Python\Scripts\;D:\Python\;C:\Users\stuka\AppData\Local\Microsoft\WindowsApps;C:\Users\stuka\AppData\Local\JetBrains\Toolbox\scripts;C:\Users\stuka\AppData\Local\GitHubDesktop\bin;C:\Users\stuka\.dotnet\tools
USERNAME=stuka
OS=Windows_NT
PROCESSOR_IDENTIFIER=AMD64 Family 25 Model 33 Stepping 2, AuthenticAMD
TMP=C:\Users\stuka\AppData\Local\Temp
TEMP=C:\Users\stuka\AppData\Local\Temp



---------------  S Y S T E M  ---------------

OS:
 Windows 10 , 64 bit Build 19041 (10.0.19041.2546)
OS uptime: 5 days 7:19 hours

CPU: total 16 (initial active 16) (16 cores per cpu, 2 threads per core) family 25 model 33 stepping 2 microcode 0x0, cx8, cmov, fxsr, ht, mmx, 3dnowpref, sse, sse2, sse3, ssse3, sse4a, sse4.1, sse4.2, popcnt, lzcnt, tsc, tscinvbit, avx, avx2, aes, erms, clmul, bmi1, bmi2, adx, sha, fma, vzeroupper, clflush, clflushopt

Memory: 4k page, system-wide physical 32694M (20021M free)
TotalPageFile size 37558M (AvailPageFile size 19476M)
current process WorkingSet (physical memory assigned to process): 106M, peak: 106M
current process commit charge ("private bytes"): 719M, peak: 719M

vm_info: OpenJDK 64-Bit Server VM (17.0.6+10-LTS) for windows-amd64 JRE (17.0.6+10-LTS), built on Jan 13 2023 22:57:04 by "Administrator" with MS VC++ 15.9 (VS2017)

END.
