#
# A fatal error has been detected by the Java Runtime Environment:
#
#  EXCEPTION_ACCESS_VIOLATION (0xc0000005) at pc=0x00007ff9c5082dc3, pid=10876, tid=8772
#
# JRE version: OpenJDK Runtime Environment Corretto-17.0.5.8.1 (17.0.5+8) (build 17.0.5+8-LTS)
# Java VM: OpenJDK 64-Bit Server VM Corretto-17.0.5.8.1 (17.0.5+8-LTS, mixed mode, sharing, tiered, compressed oops, compressed class ptrs, g1 gc, windows-amd64)
# Problematic frame:
# C  [ig7icd64.dll+0x92dc3]
#
# No core dump will be written. Minidumps are not enabled by default on client versions of Windows
#
# If you would like to submit a bug report, please visit:
#   https://github.com/corretto/corretto-17/issues/
# The crash happened outside the Java Virtual Machine in native code.
# See problematic frame for where to report the bug.
#

---------------  S U M M A R Y ------------

Command Line: --enable-preview -javaagent:D:\JetBrains\IntelliJ IDEA 2022.2.1\lib\idea_rt.jar=65463:D:\JetBrains\IntelliJ IDEA 2022.2.1\bin -Dfile.encoding=UTF-8 SungearEngine2D.Main.Main

Host: Intel(R) Core(TM) i5-3230M CPU @ 2.60GHz, 4 cores, 7G,  Windows 10 , 64 bit Build 19041 (10.0.19041.1889)
Time: Sun Oct 30 21:19:24 2022 RTZ 2 (s 10 , 64 bit Build 19041 (10.0.19041.1889) elapsed time: 14.311238 seconds (0d 0h 0m 14s)

---------------  T H R E A D  ---------------

Current thread (0x00000217045b1d50):  JavaThread "main" [_thread_in_native, id=8772, stack(0x0000006452300000,0x0000006452400000)]

Stack: [0x0000006452300000,0x0000006452400000],  sp=0x00000064523fec18,  free space=1019k
Native frames: (J=compiled Java code, j=interpreted, Vv=VM code, C=native code)
C  [ig7icd64.dll+0x92dc3]

Java frames: (J=compiled Java code, j=interpreted, Vv=VM code)
j  org.lwjgl.opengl.GL11C.nglDrawElements(IIIJ)V+0
j  org.lwjgl.opengl.GL11C.glDrawElements(IIIJ)V+4
j  org.lwjgl.opengl.GL11.glDrawElements(IIIJ)V+4
j  Core2D.Graphics.Renderer.render(LCore2D/Drawable/Object2D;)V+167
j  Core2D.Drawable.Object2D$$Lambda$85+0x0000000800c9d348.accept(Ljava/lang/Object;)V+8
j  Core2D.Drawable.Object2D.render()V+5
j  Core2D.Graphics.Renderer.render(LCore2D/Utils/WrappedObject;)V+26
j  Core2D.Graphics.Renderer.render(LCore2D/Layering/Layer;)V+29
j  Core2D.Graphics.Renderer.render(LCore2D/Layering/Layering;)V+31
j  Core2D.Scene2D.Scene2D.draw()V+7
J 2182 c1 SungearEngine2D.Main.GraphicsRenderer.draw()V (150 bytes) @ 0x000002170c9fb064 [0x000002170c9faa60+0x0000000000000604]
J 2276 c1 SungearEngine2D.Main.Main$1.onDrawFrame()V (63 bytes) @ 0x000002170ca2872c [0x000002170ca273c0+0x000000000000136c]
j  Core2D.Graphics.Graphics.draw()V+218
j  Core2D.Core2D.Core2D.run()V+32
j  Core2D.Core2D.Core2D.create(Ljava/lang/String;Lorg/joml/Vector2i;[I[I)V+30
j  Core2D.Core2D.Core2D.start()V+12
j  SungearEngine2D.Main.Main.main([Ljava/lang/String;)V+41
v  ~StubRoutines::call_stub

siginfo: EXCEPTION_ACCESS_VIOLATION (0xc0000005), reading address 0x0000000000000000


Register to memory mapping:

RIP=0x00007ff9c5082dc3 ig7icd64.dll
RAX=0x00000000000000ff is an unknown value
RBX=0x000000000000ffff is an unknown value
RCX=0x000002174b022000 points into unknown readable memory: 0x0000000000000000 | 00 00 00 00 00 00 00 00
RDX=0x0 is NULL
RSP=0x00000064523fec18 is pointing into the stack for thread: 0x00000217045b1d50
RBP=0x00000217271397c8 points into unknown readable memory: 0x000002172d046370 | 70 63 04 2d 17 02 00 00
RSI=0x00000064523feca0 is pointing into the stack for thread: 0x00000217045b1d50
RDI=0x0 is NULL
R8 =0x000000000000000c is an unknown value
R9 =0x00000064523feca0 is pointing into the stack for thread: 0x00000217045b1d50
R10=0x000002174b022000 points into unknown readable memory: 0x0000000000000000 | 00 00 00 00 00 00 00 00
R11=0x0000000000000006 is an unknown value
R12=0x000000000000000c is an unknown value
R13=0x0000000000060000 is an unknown value
R14=0x00000217271397a0 points into unknown readable memory: 0x000002174b022000 | 00 20 02 4b 17 02 00 00
R15=0x0000021723185450 points into unknown readable memory: 0x0000000000000000 | 00 00 00 00 00 00 00 00


Registers:
RAX=0x00000000000000ff, RBX=0x000000000000ffff, RCX=0x000002174b022000, RDX=0x0000000000000000
RSP=0x00000064523fec18, RBP=0x00000217271397c8, RSI=0x00000064523feca0, RDI=0x0000000000000000
R8 =0x000000000000000c, R9 =0x00000064523feca0, R10=0x000002174b022000, R11=0x0000000000000006
R12=0x000000000000000c, R13=0x0000000000060000, R14=0x00000217271397a0, R15=0x0000021723185450
RIP=0x00007ff9c5082dc3, EFLAGS=0x0000000000010206

Top of Stack: (sp=0x00000064523fec18)
0x00000064523fec18:   00007ff9c5084efc 000002174b022000
0x00000064523fec28:   00000217231691c0 0000000000000002
0x00000064523fec38:   0004010000000000 00000064523fecb0
0x00000064523fec48:   00360dca7ffd0004 00000064523fecb8
0x00000064523fec58:   00007ff9c52cbc30 00000217229d79e8
0x00000064523fec68:   0000000000000000 000000000000ffff
0x00000064523fec78:   0000000000000004 0000000000000004
0x00000064523fec88:   0000000000000006 0000021723185408
0x00000064523fec98:   00007ff9c508248e 00000217229d7900
0x00000064523feca8:   00000217231691c0 0000000000000004
0x00000064523fecb8:   00000217231691c0 0000000000000000
0x00000064523fecc8:   0000000000000004 0000000000000006
0x00000064523fecd8:   00007ff9c5294d18 00360dca7ffd0004
0x00000064523fece8:   00000217045b1d50 00000217231691c0
0x00000064523fecf8:   0000000000000004 0000000000000004
0x00000064523fed08:   0000000000000006 00000217231691c0 

Instructions: (pc=0x00007ff9c5082dc3)
0x00007ff9c5082cc3:   02 48 83 c2 10 49 83 c2 10 f3 41 0f 7f 42 f0 66
0x00007ff9c5082cd3:   0f f9 c3 66 0f ea c8 66 0f ee d0 48 ff c9 75 dd
0x00007ff9c5082ce3:   66 0f fd cb 66 0f fd d3 66 0f c5 c1 00 66 0f c5
0x00007ff9c5082cf3:   c9 01 66 44 0f c5 c1 06 66 3b d8 66 0f 46 c3 66
0x00007ff9c5082d03:   3b c1 66 0f 46 c8 66 0f c5 c1 02 66 3b c8 66 0f
0x00007ff9c5082d13:   46 c1 66 0f c5 c9 03 66 3b c1 66 0f 46 c8 66 0f
0x00007ff9c5082d23:   c5 c1 04 66 3b c8 66 0f 46 c1 66 0f c5 c9 05 66
0x00007ff9c5082d33:   3b c1 66 0f 46 c8 66 0f c5 c1 07 66 41 3b c8 66
0x00007ff9c5082d43:   44 0f 46 c1 66 0f c5 ca 01 66 44 3b c0 66 41 0f
0x00007ff9c5082d53:   46 c0 66 44 0f c5 c2 06 0f b7 d8 66 0f c5 c2 00
0x00007ff9c5082d63:   66 3b f8 66 0f 43 c7 66 3b c1 66 0f 43 c8 66 0f
0x00007ff9c5082d73:   c5 c2 02 66 3b c8 66 0f 43 c1 66 0f c5 ca 03 66
0x00007ff9c5082d83:   3b c1 66 0f 43 c8 66 0f c5 c2 04 66 3b c8 66 0f
0x00007ff9c5082d93:   43 c1 66 0f c5 ca 05 66 3b c1 66 0f 43 c8 66 0f
0x00007ff9c5082da3:   c5 c2 07 66 41 3b c8 66 44 0f 43 c1 66 44 3b c0
0x00007ff9c5082db3:   66 41 0f 43 c0 0f b7 f8 4d 85 db 74 2c 4c 2b d2
0x00007ff9c5082dc3:   0f b7 0a 48 8d 52 02 66 3b d9 0f b7 c1 66 41 89
0x00007ff9c5082dd3:   4c 12 fe 66 0f 46 c3 66 3b f9 66 0f 43 cf 0f b7
0x00007ff9c5082de3:   d8 0f b7 f9 49 ff cb 75 d7 48 8b 44 24 28 66 89
0x00007ff9c5082df3:   1e 48 8b 5c 24 08 48 8b 74 24 10 66 89 38 48 8b
0x00007ff9c5082e03:   7c 24 18 c3 cc cc cc cc cc cc cc cc cc 48 89 5c
0x00007ff9c5082e13:   24 18 57 48 83 ec 50 0f b6 c2 45 8b d8 48 89 6c
0x00007ff9c5082e23:   24 60 33 ed f6 d0 49 d1 eb 4c 8b d1 bf ff ff 00
0x00007ff9c5082e33:   00 0f b7 dd a8 01 0f 84 8d 02 00 00 83 bc 24 90
0x00007ff9c5082e43:   00 00 00 06 0f 8c 7f 02 00 00 0f 18 42 20 0f 18
0x00007ff9c5082e53:   42 40 49 83 fb 08 0f 82 6d 02 00 00 48 89 74 24
0x00007ff9c5082e63:   68 8d 72 0f 83 e6 f0 2b f2 48 d1 ee 74 44 48 85
0x00007ff9c5082e73:   f6 74 3c 4c 8b c6 0f 1f 80 00 00 00 00 0f b7 0a
0x00007ff9c5082e83:   49 83 c2 02 48 83 c2 02 66 41 89 4a fe 66 41 3b
0x00007ff9c5082e93:   c9 74 17 66 3b f9 0f b7 c1 66 0f 46 c7 66 3b d9
0x00007ff9c5082ea3:   66 0f 43 cb 0f b7 f8 0f b7 d9 49 ff c8 75 ce 4c
0x00007ff9c5082eb3:   2b de 48 8b 74 24 68 49 83 fb 08 0f 82 08 02 00 


Stack slot to memory mapping:
stack at sp + 0 slots: 0x00007ff9c5084efc ig7icd64.dll
stack at sp + 1 slots: 0x000002174b022000 points into unknown readable memory: 0x0000000000000000 | 00 00 00 00 00 00 00 00
stack at sp + 2 slots: 0x00000217231691c0 points into unknown readable memory: 0x00000217230c80c0 | c0 80 0c 23 17 02 00 00
stack at sp + 3 slots: 0x0000000000000002 is an unknown value
stack at sp + 4 slots: 0x0004010000000000 is an unknown value
stack at sp + 5 slots: 0x00000064523fecb0 is pointing into the stack for thread: 0x00000217045b1d50
stack at sp + 6 slots: 0x00360dca7ffd0004 is an unknown value
stack at sp + 7 slots: 0x00000064523fecb8 is pointing into the stack for thread: 0x00000217045b1d50


---------------  P R O C E S S  ---------------

Threads class SMR info:
_java_thread_list=0x0000021723729000, length=14, elements={
0x00000217045b1d50, 0x0000021722088090, 0x0000021722089040, 0x000002172209b990,
0x00000217220a3470, 0x00000217220a3e20, 0x00000217220adbf0, 0x00000217220b1e80,
0x00000217220b2920, 0x00000217220c6af0, 0x000002172206ffd0, 0x0000021722e25bb0,
0x0000021722e26080, 0x000002172ff9e8c0
}

Java Threads: ( => current thread )
=>0x00000217045b1d50 JavaThread "main" [_thread_in_native, id=8772, stack(0x0000006452300000,0x0000006452400000)]
  0x0000021722088090 JavaThread "Reference Handler" daemon [_thread_blocked, id=8668, stack(0x0000006452a00000,0x0000006452b00000)]
  0x0000021722089040 JavaThread "Finalizer" daemon [_thread_blocked, id=2216, stack(0x0000006452b00000,0x0000006452c00000)]
  0x000002172209b990 JavaThread "Signal Dispatcher" daemon [_thread_blocked, id=2564, stack(0x0000006452c00000,0x0000006452d00000)]
  0x00000217220a3470 JavaThread "Attach Listener" daemon [_thread_blocked, id=4356, stack(0x0000006452d00000,0x0000006452e00000)]
  0x00000217220a3e20 JavaThread "Service Thread" daemon [_thread_blocked, id=8420, stack(0x0000006452e00000,0x0000006452f00000)]
  0x00000217220adbf0 JavaThread "Monitor Deflation Thread" daemon [_thread_blocked, id=9472, stack(0x0000006452f00000,0x0000006453000000)]
  0x00000217220b1e80 JavaThread "C2 CompilerThread0" daemon [_thread_blocked, id=3836, stack(0x0000006453000000,0x0000006453100000)]
  0x00000217220b2920 JavaThread "C1 CompilerThread0" daemon [_thread_blocked, id=5880, stack(0x0000006453100000,0x0000006453200000)]
  0x00000217220c6af0 JavaThread "Sweeper thread" daemon [_thread_blocked, id=10256, stack(0x0000006453200000,0x0000006453300000)]
  0x000002172206ffd0 JavaThread "Common-Cleaner" daemon [_thread_blocked, id=6088, stack(0x0000006453300000,0x0000006453400000)]
  0x0000021722e25bb0 JavaThread "Monitor Ctrl-Break" daemon [_thread_in_native, id=10496, stack(0x0000006453400000,0x0000006453500000)]
  0x0000021722e26080 JavaThread "Notification Thread" daemon [_thread_blocked, id=9180, stack(0x0000006453500000,0x0000006453600000)]
  0x000002172ff9e8c0 JavaThread "Thread-0" [_thread_blocked, id=6808, stack(0x0000006454100000,0x0000006454200000)]

Other Threads:
  0x0000021722082bd0 VMThread "VM Thread" [stack: 0x0000006452900000,0x0000006452a00000] [id=5244]
  0x0000021722e20700 WatcherThread [stack: 0x0000006453600000,0x0000006453700000] [id=10512]
  0x000002170460e530 GCTaskThread "GC Thread#0" [stack: 0x0000006452400000,0x0000006452500000] [id=2064]
  0x00000217265b8300 GCTaskThread "GC Thread#1" [stack: 0x0000006453e00000,0x0000006453f00000] [id=1536]
  0x00000217266a3690 GCTaskThread "GC Thread#2" [stack: 0x0000006453f00000,0x0000006454000000] [id=1228]
  0x00000217234584b0 GCTaskThread "GC Thread#3" [stack: 0x0000006454000000,0x0000006454100000] [id=5732]
  0x000002170461f970 ConcurrentGCThread "G1 Main Marker" [stack: 0x0000006452500000,0x0000006452600000] [id=4220]
  0x0000021704620380 ConcurrentGCThread "G1 Conc#0" [stack: 0x0000006452600000,0x0000006452700000] [id=1700]
  0x0000021704688aa0 ConcurrentGCThread "G1 Refine#0" [stack: 0x0000006452700000,0x0000006452800000] [id=1016]
  0x0000021721f405e0 ConcurrentGCThread "G1 Service" [stack: 0x0000006452800000,0x0000006452900000] [id=3244]

Threads with active compile tasks:

VM state: not at safepoint (normal execution)

VM Mutex/Monitor currently owned by a thread: None

Heap address: 0x0000000081a00000, size: 2022 MB, Compressed Oops mode: 32-bit

CDS archive(s) mapped at: [0x0000000800000000-0x0000000800bc0000-0x0000000800bc0000), size 12320768, SharedBaseAddress: 0x0000000800000000, ArchiveRelocationMode: 0.
Compressed class space mapped at: 0x0000000800c00000-0x0000000840c00000, reserved size: 1073741824
Narrow klass base: 0x0000000800000000, Narrow klass shift: 0, Narrow klass range: 0x100000000

GC Precious Log:
 CPUs: 4 total, 4 available
 Memory: 8081M
 Large Page Support: Disabled
 NUMA Support: Disabled
 Compressed Oops: Enabled (32-bit)
 Heap Region Size: 1M
 Heap Min Capacity: 8M
 Heap Initial Capacity: 128M
 Heap Max Capacity: 2022M
 Pre-touch: Disabled
 Parallel Workers: 4
 Concurrent Workers: 1
 Concurrent Refinement Workers: 4
 Periodic GC: Disabled

Heap:
 garbage-first heap   total 178176K, used 54599K [0x0000000081a00000, 0x0000000100000000)
  region size 1024K, 3 young (3072K), 0 survivors (0K)
 Metaspace       used 11605K, committed 11776K, reserved 1064960K
  class space    used 815K, committed 896K, reserved 1048576K

Heap Regions: E=young(eden), S=young(survivor), O=old, HS=humongous(starts), HC=humongous(continues), CS=collection set, F=free, OA=open archive, CA=closed archive, TAMS=top-at-mark-start (previous, next)
|   0|0x0000000081a00000, 0x0000000081b00000, 0x0000000081b00000|100%| O|  |TAMS 0x0000000081b00000, 0x0000000081a00000| Untracked 
|   1|0x0000000081b00000, 0x0000000081c00000, 0x0000000081c00000|100%| O|  |TAMS 0x0000000081c00000, 0x0000000081b00000| Untracked 
|   2|0x0000000081c00000, 0x0000000081cfffc0, 0x0000000081d00000| 99%| O|  |TAMS 0x0000000081cfffc0, 0x0000000081c00000| Untracked 
|   3|0x0000000081d00000, 0x0000000081e00000, 0x0000000081e00000|100%| O|  |TAMS 0x0000000081e00000, 0x0000000081d00000| Untracked 
|   4|0x0000000081e00000, 0x0000000081effff8, 0x0000000081f00000| 99%| O|  |TAMS 0x0000000081effff8, 0x0000000081e00000| Untracked 
|   5|0x0000000081f00000, 0x0000000081fffff8, 0x0000000082000000| 99%| O|  |TAMS 0x0000000081fffff8, 0x0000000081f00000| Untracked 
|   6|0x0000000082000000, 0x0000000082100000, 0x0000000082100000|100%| O|  |TAMS 0x0000000082100000, 0x0000000082000000| Untracked 
|   7|0x0000000082100000, 0x0000000082200000, 0x0000000082200000|100%| O|  |TAMS 0x0000000082200000, 0x0000000082100000| Untracked 
|   8|0x0000000082200000, 0x00000000822cf560, 0x0000000082300000| 80%| O|  |TAMS 0x0000000082200000, 0x0000000082200000| Untracked 
|   9|0x0000000082300000, 0x0000000082400000, 0x0000000082400000|100%| O|  |TAMS 0x0000000082400000, 0x0000000082300000| Untracked 
|  10|0x0000000082400000, 0x00000000824fffc0, 0x0000000082500000| 99%| O|  |TAMS 0x00000000824fffc0, 0x0000000082400000| Untracked 
|  11|0x0000000082500000, 0x0000000082600000, 0x0000000082600000|100%| O|  |TAMS 0x0000000082600000, 0x0000000082500000| Untracked 
|  12|0x0000000082600000, 0x0000000082700000, 0x0000000082700000|100%| O|  |TAMS 0x0000000082700000, 0x0000000082600000| Untracked 
|  13|0x0000000082700000, 0x0000000082800000, 0x0000000082800000|100%| O|  |TAMS 0x0000000082800000, 0x0000000082700000| Untracked 
|  14|0x0000000082800000, 0x0000000082900000, 0x0000000082900000|100%| O|  |TAMS 0x0000000082900000, 0x0000000082800000| Untracked 
|  15|0x0000000082900000, 0x0000000082a00000, 0x0000000082a00000|100%| O|  |TAMS 0x0000000082a00000, 0x0000000082900000| Untracked 
|  16|0x0000000082a00000, 0x0000000082b00000, 0x0000000082b00000|100%| O|  |TAMS 0x0000000082b00000, 0x0000000082a00000| Untracked 
|  17|0x0000000082b00000, 0x0000000082c00000, 0x0000000082c00000|100%| O|  |TAMS 0x0000000082c00000, 0x0000000082b00000| Untracked 
|  18|0x0000000082c00000, 0x0000000082d00000, 0x0000000082d00000|100%| O|  |TAMS 0x0000000082d00000, 0x0000000082c00000| Untracked 
|  19|0x0000000082d00000, 0x0000000082e00000, 0x0000000082e00000|100%| O|  |TAMS 0x0000000082e00000, 0x0000000082d00000| Untracked 
|  20|0x0000000082e00000, 0x0000000082f00000, 0x0000000082f00000|100%| O|  |TAMS 0x0000000082f00000, 0x0000000082e00000| Untracked 
|  21|0x0000000082f00000, 0x0000000083000000, 0x0000000083000000|100%| O|  |TAMS 0x0000000083000000, 0x0000000082f00000| Untracked 
|  22|0x0000000083000000, 0x0000000083100000, 0x0000000083100000|100%| O|  |TAMS 0x0000000083100000, 0x0000000083000000| Untracked 
|  23|0x0000000083100000, 0x0000000083200000, 0x0000000083200000|100%| O|  |TAMS 0x0000000083200000, 0x0000000083100000| Untracked 
|  24|0x0000000083200000, 0x0000000083300000, 0x0000000083300000|100%| O|  |TAMS 0x0000000083300000, 0x0000000083200000| Untracked 
|  25|0x0000000083300000, 0x0000000083400000, 0x0000000083400000|100%| O|  |TAMS 0x0000000083400000, 0x0000000083300000| Untracked 
|  26|0x0000000083400000, 0x0000000083500000, 0x0000000083500000|100%| O|  |TAMS 0x0000000083500000, 0x0000000083400000| Untracked 
|  27|0x0000000083500000, 0x0000000083600000, 0x0000000083600000|100%| O|  |TAMS 0x0000000083600000, 0x0000000083500000| Untracked 
|  28|0x0000000083600000, 0x0000000083700000, 0x0000000083700000|100%| O|  |TAMS 0x0000000083700000, 0x0000000083600000| Untracked 
|  29|0x0000000083700000, 0x0000000083800000, 0x0000000083800000|100%| O|  |TAMS 0x0000000083800000, 0x0000000083700000| Untracked 
|  30|0x0000000083800000, 0x0000000083900000, 0x0000000083900000|100%| O|  |TAMS 0x0000000083900000, 0x0000000083800000| Untracked 
|  31|0x0000000083900000, 0x0000000083a00000, 0x0000000083a00000|100%| O|  |TAMS 0x0000000083a00000, 0x0000000083900000| Untracked 
|  32|0x0000000083a00000, 0x0000000083b00000, 0x0000000083b00000|100%| O|  |TAMS 0x0000000083b00000, 0x0000000083a00000| Untracked 
|  33|0x0000000083b00000, 0x0000000083c00000, 0x0000000083c00000|100%| O|  |TAMS 0x0000000083c00000, 0x0000000083b00000| Untracked 
|  34|0x0000000083c00000, 0x0000000083d00000, 0x0000000083d00000|100%| O|  |TAMS 0x0000000083d00000, 0x0000000083c00000| Untracked 
|  35|0x0000000083d00000, 0x0000000083e00000, 0x0000000083e00000|100%| O|  |TAMS 0x0000000083e00000, 0x0000000083d00000| Untracked 
|  36|0x0000000083e00000, 0x0000000083f00000, 0x0000000083f00000|100%| O|  |TAMS 0x0000000083f00000, 0x0000000083e00000| Untracked 
|  37|0x0000000083f00000, 0x0000000084000000, 0x0000000084000000|100%| O|  |TAMS 0x0000000084000000, 0x0000000083f00000| Untracked 
|  38|0x0000000084000000, 0x0000000084100000, 0x0000000084100000|100%| O|  |TAMS 0x0000000084100000, 0x0000000084000000| Untracked 
|  39|0x0000000084100000, 0x0000000084200000, 0x0000000084200000|100%| O|  |TAMS 0x0000000084200000, 0x0000000084100000| Untracked 
|  40|0x0000000084200000, 0x0000000084300000, 0x0000000084300000|100%| O|  |TAMS 0x0000000084300000, 0x0000000084200000| Untracked 
|  41|0x0000000084300000, 0x00000000843d42d8, 0x0000000084400000| 82%| O|  |TAMS 0x0000000084300000, 0x0000000084300000| Untracked 
|  42|0x0000000084400000, 0x0000000084500000, 0x0000000084500000|100%| O|  |TAMS 0x0000000084500000, 0x0000000084400000| Untracked 
|  43|0x0000000084500000, 0x0000000084600000, 0x0000000084600000|100%| O|  |TAMS 0x0000000084600000, 0x0000000084500000| Untracked 
|  44|0x0000000084600000, 0x0000000084700000, 0x0000000084700000|100%| O|  |TAMS 0x0000000084700000, 0x0000000084600000| Untracked 
|  45|0x0000000084700000, 0x0000000084800000, 0x0000000084800000|100%| O|  |TAMS 0x0000000084800000, 0x0000000084700000| Untracked 
|  46|0x0000000084800000, 0x0000000084900000, 0x0000000084900000|100%| O|  |TAMS 0x0000000084900000, 0x0000000084800000| Untracked 
|  47|0x0000000084900000, 0x0000000084a00000, 0x0000000084a00000|100%| O|  |TAMS 0x0000000084a00000, 0x0000000084900000| Untracked 
|  48|0x0000000084a00000, 0x0000000084afb058, 0x0000000084b00000| 98%| O|  |TAMS 0x0000000084a00000, 0x0000000084a00000| Untracked 
|  49|0x0000000084b00000, 0x0000000084bb3718, 0x0000000084c00000| 70%| O|  |TAMS 0x0000000084b00000, 0x0000000084b00000| Untracked 
|  50|0x0000000084c00000, 0x0000000084c00000, 0x0000000084d00000|  0%| F|  |TAMS 0x0000000084c00000, 0x0000000084c00000| Untracked 
|  51|0x0000000084d00000, 0x0000000084d00000, 0x0000000084e00000|  0%| F|  |TAMS 0x0000000084d00000, 0x0000000084d00000| Untracked 
|  52|0x0000000084e00000, 0x0000000084e00000, 0x0000000084f00000|  0%| F|  |TAMS 0x0000000084e00000, 0x0000000084e00000| Untracked 
|  53|0x0000000084f00000, 0x0000000084f00000, 0x0000000085000000|  0%| F|  |TAMS 0x0000000084f00000, 0x0000000084f00000| Untracked 
|  54|0x0000000085000000, 0x0000000085000000, 0x0000000085100000|  0%| F|  |TAMS 0x0000000085000000, 0x0000000085000000| Untracked 
|  55|0x0000000085100000, 0x0000000085100000, 0x0000000085200000|  0%| F|  |TAMS 0x0000000085100000, 0x0000000085100000| Untracked 
|  56|0x0000000085200000, 0x0000000085200000, 0x0000000085300000|  0%| F|  |TAMS 0x0000000085200000, 0x0000000085200000| Untracked 
|  57|0x0000000085300000, 0x0000000085300000, 0x0000000085400000|  0%| F|  |TAMS 0x0000000085300000, 0x0000000085300000| Untracked 
|  58|0x0000000085400000, 0x0000000085400000, 0x0000000085500000|  0%| F|  |TAMS 0x0000000085400000, 0x0000000085400000| Untracked 
|  59|0x0000000085500000, 0x0000000085500000, 0x0000000085600000|  0%| F|  |TAMS 0x0000000085500000, 0x0000000085500000| Untracked 
|  60|0x0000000085600000, 0x0000000085600000, 0x0000000085700000|  0%| F|  |TAMS 0x0000000085600000, 0x0000000085600000| Untracked 
|  61|0x0000000085700000, 0x0000000085700000, 0x0000000085800000|  0%| F|  |TAMS 0x0000000085700000, 0x0000000085700000| Untracked 
|  62|0x0000000085800000, 0x0000000085800000, 0x0000000085900000|  0%| F|  |TAMS 0x0000000085800000, 0x0000000085800000| Untracked 
|  63|0x0000000085900000, 0x0000000085900000, 0x0000000085a00000|  0%| F|  |TAMS 0x0000000085900000, 0x0000000085900000| Untracked 
|  64|0x0000000085a00000, 0x0000000085a00000, 0x0000000085b00000|  0%| F|  |TAMS 0x0000000085a00000, 0x0000000085a00000| Untracked 
|  65|0x0000000085b00000, 0x0000000085b00000, 0x0000000085c00000|  0%| F|  |TAMS 0x0000000085b00000, 0x0000000085b00000| Untracked 
|  66|0x0000000085c00000, 0x0000000085c00000, 0x0000000085d00000|  0%| F|  |TAMS 0x0000000085c00000, 0x0000000085c00000| Untracked 
|  67|0x0000000085d00000, 0x0000000085e00000, 0x0000000085e00000|100%| O|  |TAMS 0x0000000085e00000, 0x0000000085d00000| Untracked 
|  68|0x0000000085e00000, 0x0000000085f00000, 0x0000000085f00000|100%| O|  |TAMS 0x0000000085f00000, 0x0000000085e00000| Untracked 
|  69|0x0000000085f00000, 0x0000000085f00000, 0x0000000086000000|  0%| F|  |TAMS 0x0000000085f00000, 0x0000000085f00000| Untracked 
|  70|0x0000000086000000, 0x0000000086000000, 0x0000000086100000|  0%| F|  |TAMS 0x0000000086000000, 0x0000000086000000| Untracked 
|  71|0x0000000086100000, 0x0000000086100000, 0x0000000086200000|  0%| F|  |TAMS 0x0000000086100000, 0x0000000086100000| Untracked 
|  72|0x0000000086200000, 0x0000000086200000, 0x0000000086300000|  0%| F|  |TAMS 0x0000000086200000, 0x0000000086200000| Untracked 
|  73|0x0000000086300000, 0x0000000086300000, 0x0000000086400000|  0%| F|  |TAMS 0x0000000086300000, 0x0000000086300000| Untracked 
|  74|0x0000000086400000, 0x0000000086400000, 0x0000000086500000|  0%| F|  |TAMS 0x0000000086400000, 0x0000000086400000| Untracked 
|  75|0x0000000086500000, 0x0000000086500000, 0x0000000086600000|  0%| F|  |TAMS 0x0000000086500000, 0x0000000086500000| Untracked 
|  76|0x0000000086600000, 0x0000000086600000, 0x0000000086700000|  0%| F|  |TAMS 0x0000000086600000, 0x0000000086600000| Untracked 
|  77|0x0000000086700000, 0x0000000086700000, 0x0000000086800000|  0%| F|  |TAMS 0x0000000086700000, 0x0000000086700000| Untracked 
|  78|0x0000000086800000, 0x0000000086800000, 0x0000000086900000|  0%| F|  |TAMS 0x0000000086800000, 0x0000000086800000| Untracked 
|  79|0x0000000086900000, 0x0000000086900000, 0x0000000086a00000|  0%| F|  |TAMS 0x0000000086900000, 0x0000000086900000| Untracked 
|  80|0x0000000086a00000, 0x0000000086a00000, 0x0000000086b00000|  0%| F|  |TAMS 0x0000000086a00000, 0x0000000086a00000| Untracked 
|  81|0x0000000086b00000, 0x0000000086b00000, 0x0000000086c00000|  0%| F|  |TAMS 0x0000000086b00000, 0x0000000086b00000| Untracked 
|  82|0x0000000086c00000, 0x0000000086c00000, 0x0000000086d00000|  0%| F|  |TAMS 0x0000000086c00000, 0x0000000086c00000| Untracked 
|  83|0x0000000086d00000, 0x0000000086d00000, 0x0000000086e00000|  0%| F|  |TAMS 0x0000000086d00000, 0x0000000086d00000| Untracked 
|  84|0x0000000086e00000, 0x0000000086e00000, 0x0000000086f00000|  0%| F|  |TAMS 0x0000000086e00000, 0x0000000086e00000| Untracked 
|  85|0x0000000086f00000, 0x0000000086f00000, 0x0000000087000000|  0%| F|  |TAMS 0x0000000086f00000, 0x0000000086f00000| Untracked 
|  86|0x0000000087000000, 0x0000000087000000, 0x0000000087100000|  0%| F|  |TAMS 0x0000000087000000, 0x0000000087000000| Untracked 
|  87|0x0000000087100000, 0x0000000087100000, 0x0000000087200000|  0%| F|  |TAMS 0x0000000087100000, 0x0000000087100000| Untracked 
|  88|0x0000000087200000, 0x0000000087200000, 0x0000000087300000|  0%| F|  |TAMS 0x0000000087200000, 0x0000000087200000| Untracked 
|  89|0x0000000087300000, 0x0000000087300000, 0x0000000087400000|  0%| F|  |TAMS 0x0000000087300000, 0x0000000087300000| Untracked 
|  90|0x0000000087400000, 0x0000000087400000, 0x0000000087500000|  0%| F|  |TAMS 0x0000000087400000, 0x0000000087400000| Untracked 
|  91|0x0000000087500000, 0x0000000087500000, 0x0000000087600000|  0%| F|  |TAMS 0x0000000087500000, 0x0000000087500000| Untracked 
|  92|0x0000000087600000, 0x0000000087600000, 0x0000000087700000|  0%| F|  |TAMS 0x0000000087600000, 0x0000000087600000| Untracked 
|  93|0x0000000087700000, 0x0000000087700000, 0x0000000087800000|  0%| F|  |TAMS 0x0000000087700000, 0x0000000087700000| Untracked 
|  94|0x0000000087800000, 0x0000000087800000, 0x0000000087900000|  0%| F|  |TAMS 0x0000000087800000, 0x0000000087800000| Untracked 
|  95|0x0000000087900000, 0x0000000087900000, 0x0000000087a00000|  0%| F|  |TAMS 0x0000000087900000, 0x0000000087900000| Untracked 
|  96|0x0000000087a00000, 0x0000000087a00000, 0x0000000087b00000|  0%| F|  |TAMS 0x0000000087a00000, 0x0000000087a00000| Untracked 
|  97|0x0000000087b00000, 0x0000000087b00000, 0x0000000087c00000|  0%| F|  |TAMS 0x0000000087b00000, 0x0000000087b00000| Untracked 
|  98|0x0000000087c00000, 0x0000000087c00000, 0x0000000087d00000|  0%| F|  |TAMS 0x0000000087c00000, 0x0000000087c00000| Untracked 
|  99|0x0000000087d00000, 0x0000000087d00000, 0x0000000087e00000|  0%| F|  |TAMS 0x0000000087d00000, 0x0000000087d00000| Untracked 
| 100|0x0000000087e00000, 0x0000000087e00000, 0x0000000087f00000|  0%| F|  |TAMS 0x0000000087e00000, 0x0000000087e00000| Untracked 
| 101|0x0000000087f00000, 0x0000000087f00000, 0x0000000088000000|  0%| F|  |TAMS 0x0000000087f00000, 0x0000000087f00000| Untracked 
| 102|0x0000000088000000, 0x0000000088000000, 0x0000000088100000|  0%| F|  |TAMS 0x0000000088000000, 0x0000000088000000| Untracked 
| 103|0x0000000088100000, 0x0000000088100000, 0x0000000088200000|  0%| F|  |TAMS 0x0000000088100000, 0x0000000088100000| Untracked 
| 104|0x0000000088200000, 0x0000000088200000, 0x0000000088300000|  0%| F|  |TAMS 0x0000000088200000, 0x0000000088200000| Untracked 
| 105|0x0000000088300000, 0x0000000088300000, 0x0000000088400000|  0%| F|  |TAMS 0x0000000088300000, 0x0000000088300000| Untracked 
| 106|0x0000000088400000, 0x0000000088400000, 0x0000000088500000|  0%| F|  |TAMS 0x0000000088400000, 0x0000000088400000| Untracked 
| 107|0x0000000088500000, 0x0000000088500000, 0x0000000088600000|  0%| F|  |TAMS 0x0000000088500000, 0x0000000088500000| Untracked 
| 108|0x0000000088600000, 0x0000000088600000, 0x0000000088700000|  0%| F|  |TAMS 0x0000000088600000, 0x0000000088600000| Untracked 
| 109|0x0000000088700000, 0x0000000088700000, 0x0000000088800000|  0%| F|  |TAMS 0x0000000088700000, 0x0000000088700000| Untracked 
| 110|0x0000000088800000, 0x0000000088800000, 0x0000000088900000|  0%| F|  |TAMS 0x0000000088800000, 0x0000000088800000| Untracked 
| 111|0x0000000088900000, 0x0000000088900000, 0x0000000088a00000|  0%| F|  |TAMS 0x0000000088900000, 0x0000000088900000| Untracked 
| 112|0x0000000088a00000, 0x0000000088a00000, 0x0000000088b00000|  0%| F|  |TAMS 0x0000000088a00000, 0x0000000088a00000| Untracked 
| 113|0x0000000088b00000, 0x0000000088b00000, 0x0000000088c00000|  0%| F|  |TAMS 0x0000000088b00000, 0x0000000088b00000| Untracked 
| 114|0x0000000088c00000, 0x0000000088c00000, 0x0000000088d00000|  0%| F|  |TAMS 0x0000000088c00000, 0x0000000088c00000| Untracked 
| 115|0x0000000088d00000, 0x0000000088d00000, 0x0000000088e00000|  0%| F|  |TAMS 0x0000000088d00000, 0x0000000088d00000| Untracked 
| 116|0x0000000088e00000, 0x0000000088e00000, 0x0000000088f00000|  0%| F|  |TAMS 0x0000000088e00000, 0x0000000088e00000| Untracked 
| 117|0x0000000088f00000, 0x0000000088f00000, 0x0000000089000000|  0%| F|  |TAMS 0x0000000088f00000, 0x0000000088f00000| Untracked 
| 118|0x0000000089000000, 0x0000000089000000, 0x0000000089100000|  0%| F|  |TAMS 0x0000000089000000, 0x0000000089000000| Untracked 
| 119|0x0000000089100000, 0x0000000089100000, 0x0000000089200000|  0%| F|  |TAMS 0x0000000089100000, 0x0000000089100000| Untracked 
| 120|0x0000000089200000, 0x0000000089200000, 0x0000000089300000|  0%| F|  |TAMS 0x0000000089200000, 0x0000000089200000| Untracked 
| 121|0x0000000089300000, 0x0000000089300000, 0x0000000089400000|  0%| F|  |TAMS 0x0000000089300000, 0x0000000089300000| Untracked 
| 122|0x0000000089400000, 0x0000000089400000, 0x0000000089500000|  0%| F|  |TAMS 0x0000000089400000, 0x0000000089400000| Untracked 
| 123|0x0000000089500000, 0x0000000089500000, 0x0000000089600000|  0%| F|  |TAMS 0x0000000089500000, 0x0000000089500000| Untracked 
| 124|0x0000000089600000, 0x0000000089600000, 0x0000000089700000|  0%| F|  |TAMS 0x0000000089600000, 0x0000000089600000| Untracked 
| 125|0x0000000089700000, 0x0000000089700000, 0x0000000089800000|  0%| F|  |TAMS 0x0000000089700000, 0x0000000089700000| Untracked 
| 126|0x0000000089800000, 0x0000000089800000, 0x0000000089900000|  0%| F|  |TAMS 0x0000000089800000, 0x0000000089800000| Untracked 
| 127|0x0000000089900000, 0x0000000089900000, 0x0000000089a00000|  0%| F|  |TAMS 0x0000000089900000, 0x0000000089900000| Untracked 
| 128|0x0000000089a00000, 0x0000000089a00000, 0x0000000089b00000|  0%| F|  |TAMS 0x0000000089a00000, 0x0000000089a00000| Untracked 
| 129|0x0000000089b00000, 0x0000000089b00000, 0x0000000089c00000|  0%| F|  |TAMS 0x0000000089b00000, 0x0000000089b00000| Untracked 
| 130|0x0000000089c00000, 0x0000000089c00000, 0x0000000089d00000|  0%| F|  |TAMS 0x0000000089c00000, 0x0000000089c00000| Untracked 
| 131|0x0000000089d00000, 0x0000000089d00000, 0x0000000089e00000|  0%| F|  |TAMS 0x0000000089d00000, 0x0000000089d00000| Untracked 
| 132|0x0000000089e00000, 0x0000000089e00000, 0x0000000089f00000|  0%| F|  |TAMS 0x0000000089e00000, 0x0000000089e00000| Untracked 
| 133|0x0000000089f00000, 0x0000000089f00000, 0x000000008a000000|  0%| F|  |TAMS 0x0000000089f00000, 0x0000000089f00000| Untracked 
| 134|0x000000008a000000, 0x000000008a000000, 0x000000008a100000|  0%| F|  |TAMS 0x000000008a000000, 0x000000008a000000| Untracked 
| 135|0x000000008a100000, 0x000000008a100000, 0x000000008a200000|  0%| F|  |TAMS 0x000000008a100000, 0x000000008a100000| Untracked 
| 136|0x000000008a200000, 0x000000008a200000, 0x000000008a300000|  0%| F|  |TAMS 0x000000008a200000, 0x000000008a200000| Untracked 
| 137|0x000000008a300000, 0x000000008a300000, 0x000000008a400000|  0%| F|  |TAMS 0x000000008a300000, 0x000000008a300000| Untracked 
| 138|0x000000008a400000, 0x000000008a400000, 0x000000008a500000|  0%| F|  |TAMS 0x000000008a400000, 0x000000008a400000| Untracked 
| 139|0x000000008a500000, 0x000000008a500000, 0x000000008a600000|  0%| F|  |TAMS 0x000000008a500000, 0x000000008a500000| Untracked 
| 140|0x000000008a600000, 0x000000008a600000, 0x000000008a700000|  0%| F|  |TAMS 0x000000008a600000, 0x000000008a600000| Untracked 
| 141|0x000000008a700000, 0x000000008a700000, 0x000000008a800000|  0%| F|  |TAMS 0x000000008a700000, 0x000000008a700000| Untracked 
| 142|0x000000008a800000, 0x000000008a800000, 0x000000008a900000|  0%| F|  |TAMS 0x000000008a800000, 0x000000008a800000| Untracked 
| 143|0x000000008a900000, 0x000000008a900000, 0x000000008aa00000|  0%| F|  |TAMS 0x000000008a900000, 0x000000008a900000| Untracked 
| 144|0x000000008aa00000, 0x000000008aa00000, 0x000000008ab00000|  0%| F|  |TAMS 0x000000008aa00000, 0x000000008aa00000| Untracked 
| 145|0x000000008ab00000, 0x000000008ab00000, 0x000000008ac00000|  0%| F|  |TAMS 0x000000008ab00000, 0x000000008ab00000| Untracked 
| 146|0x000000008ac00000, 0x000000008ac00000, 0x000000008ad00000|  0%| F|  |TAMS 0x000000008ac00000, 0x000000008ac00000| Untracked 
| 147|0x000000008ad00000, 0x000000008ad00000, 0x000000008ae00000|  0%| F|  |TAMS 0x000000008ad00000, 0x000000008ad00000| Untracked 
| 148|0x000000008ae00000, 0x000000008ae00000, 0x000000008af00000|  0%| F|  |TAMS 0x000000008ae00000, 0x000000008ae00000| Untracked 
| 149|0x000000008af00000, 0x000000008af00000, 0x000000008b000000|  0%| F|  |TAMS 0x000000008af00000, 0x000000008af00000| Untracked 
| 150|0x000000008b000000, 0x000000008b000000, 0x000000008b100000|  0%| F|  |TAMS 0x000000008b000000, 0x000000008b000000| Untracked 
| 151|0x000000008b100000, 0x000000008b100000, 0x000000008b200000|  0%| F|  |TAMS 0x000000008b100000, 0x000000008b100000| Untracked 
| 152|0x000000008b200000, 0x000000008b200000, 0x000000008b300000|  0%| F|  |TAMS 0x000000008b200000, 0x000000008b200000| Untracked 
| 153|0x000000008b300000, 0x000000008b300000, 0x000000008b400000|  0%| F|  |TAMS 0x000000008b300000, 0x000000008b300000| Untracked 
| 154|0x000000008b400000, 0x000000008b400000, 0x000000008b500000|  0%| F|  |TAMS 0x000000008b400000, 0x000000008b400000| Untracked 
| 155|0x000000008b500000, 0x000000008b500000, 0x000000008b600000|  0%| F|  |TAMS 0x000000008b500000, 0x000000008b500000| Untracked 
| 156|0x000000008b600000, 0x000000008b600000, 0x000000008b700000|  0%| F|  |TAMS 0x000000008b600000, 0x000000008b600000| Untracked 
| 157|0x000000008b700000, 0x000000008b700000, 0x000000008b800000|  0%| F|  |TAMS 0x000000008b700000, 0x000000008b700000| Untracked 
| 158|0x000000008b800000, 0x000000008b800000, 0x000000008b900000|  0%| F|  |TAMS 0x000000008b800000, 0x000000008b800000| Untracked 
| 159|0x000000008b900000, 0x000000008b900000, 0x000000008ba00000|  0%| F|  |TAMS 0x000000008b900000, 0x000000008b900000| Untracked 
| 160|0x000000008ba00000, 0x000000008ba00000, 0x000000008bb00000|  0%| F|  |TAMS 0x000000008ba00000, 0x000000008ba00000| Untracked 
| 161|0x000000008bb00000, 0x000000008bb00000, 0x000000008bc00000|  0%| F|  |TAMS 0x000000008bb00000, 0x000000008bb00000| Untracked 
| 162|0x000000008bc00000, 0x000000008bc00000, 0x000000008bd00000|  0%| F|  |TAMS 0x000000008bc00000, 0x000000008bc00000| Untracked 
| 163|0x000000008bd00000, 0x000000008bd00000, 0x000000008be00000|  0%| F|  |TAMS 0x000000008bd00000, 0x000000008bd00000| Untracked 
| 164|0x000000008be00000, 0x000000008be00000, 0x000000008bf00000|  0%| F|  |TAMS 0x000000008be00000, 0x000000008be00000| Untracked 
| 165|0x000000008bf00000, 0x000000008bf00000, 0x000000008c000000|  0%| F|  |TAMS 0x000000008bf00000, 0x000000008bf00000| Untracked 
| 166|0x000000008c000000, 0x000000008c000000, 0x000000008c100000|  0%| F|  |TAMS 0x000000008c000000, 0x000000008c000000| Untracked 
| 167|0x000000008c100000, 0x000000008c100000, 0x000000008c200000|  0%| F|  |TAMS 0x000000008c100000, 0x000000008c100000| Untracked 
| 168|0x000000008c200000, 0x000000008c200000, 0x000000008c300000|  0%| F|  |TAMS 0x000000008c200000, 0x000000008c200000| Untracked 
| 169|0x000000008c300000, 0x000000008c300000, 0x000000008c400000|  0%| F|  |TAMS 0x000000008c300000, 0x000000008c300000| Untracked 
| 170|0x000000008c400000, 0x000000008c400000, 0x000000008c500000|  0%| F|  |TAMS 0x000000008c400000, 0x000000008c400000| Untracked 
| 171|0x000000008c500000, 0x000000008c583c10, 0x000000008c600000| 51%| E|  |TAMS 0x000000008c500000, 0x000000008c500000| Complete 
| 172|0x000000008c600000, 0x000000008c700000, 0x000000008c700000|100%| E|CS|TAMS 0x000000008c600000, 0x000000008c600000| Complete 
| 173|0x000000008c700000, 0x000000008c800000, 0x000000008c800000|100%| E|CS|TAMS 0x000000008c700000, 0x000000008c700000| Complete 

Card table byte_map: [0x000002171b4c0000,0x000002171b8c0000] _byte_map_base: 0x000002171b0b3000

Marking Bits (Prev, Next): (CMBitMap*) 0x000002170460eb40, (CMBitMap*) 0x000002170460eb80
 Prev Bits: [0x000002171bcc0000, 0x000002171dc58000)
 Next Bits: [0x000002171dc60000, 0x000002171fbf8000)

Polling page: 0x0000021702480000

Metaspace:

Usage:
  Non-class:     10.54 MB used.
      Class:    815.78 KB used.
       Both:     11.33 MB used.

Virtual space:
  Non-class space:       16.00 MB reserved,      10.63 MB ( 66%) committed,  2 nodes.
      Class space:        1.00 GB reserved,     896.00 KB ( <1%) committed,  1 nodes.
             Both:        1.02 GB reserved,      11.50 MB (  1%) committed. 

Chunk freelists:
   Non-Class:  960.00 KB
       Class:  2.94 MB
        Both:  3.88 MB

MaxMetaspaceSize: unlimited
CompressedClassSpaceSize: 1.00 GB
Initial GC threshold: 21.00 MB
Current GC threshold: 21.00 MB
CDS: on
MetaspaceReclaimPolicy: balanced
 - commit_granule_bytes: 65536.
 - commit_granule_words: 8192.
 - virtual_space_node_default_size: 1048576.
 - enlarge_chunks_in_place: 1.
 - new_chunks_are_fully_committed: 0.
 - uncommit_free_chunks: 1.
 - use_allocation_guard: 0.
 - handle_deallocations: 1.


Internal statistics:

num_allocs_failed_limit: 0.
num_arena_births: 194.
num_arena_deaths: 0.
num_vsnodes_births: 3.
num_vsnodes_deaths: 0.
num_space_committed: 182.
num_space_uncommitted: 0.
num_chunks_returned_to_freelist: 0.
num_chunks_taken_from_freelist: 535.
num_chunk_merges: 0.
num_chunk_splits: 366.
num_chunks_enlarged: 267.
num_purges: 0.
num_inconsistent_stats: 0.

CodeHeap 'non-profiled nmethods': size=120000Kb used=1691Kb max_used=1691Kb free=118308Kb
 bounds [0x0000021713b90000, 0x0000021713e00000, 0x000002171b0c0000]
CodeHeap 'profiled nmethods': size=120000Kb used=4775Kb max_used=4775Kb free=115224Kb
 bounds [0x000002170c660000, 0x000002170cb10000, 0x0000021713b90000]
CodeHeap 'non-nmethods': size=5760Kb used=1817Kb max_used=1829Kb free=3942Kb
 bounds [0x000002170c0c0000, 0x000002170c330000, 0x000002170c660000]
 total_blobs=3959 nmethods=2654 adapters=1217
 compilation: enabled
              stopped_count=0, restarted_count=0
 full_count=0

Compilation events (20 events):
Event: 14.108 Thread 0x00000217220b2920 nmethod 2648 0x000002170cb04790 code [0x000002170cb04c20, 0x000002170cb06ad8]
Event: 14.108 Thread 0x00000217220b2920 2649       3       java.lang.Class::arrayContentsEq (70 bytes)
Event: 14.109 Thread 0x00000217220b2920 nmethod 2649 0x000002170cb07690 code [0x000002170cb07860, 0x000002170cb07cd8]
Event: 14.109 Thread 0x00000217220b2920 2645       3       org.jbox2d.common.MathUtils::max (11 bytes)
Event: 14.109 Thread 0x00000217220b2920 nmethod 2645 0x000002170cb07e10 code [0x000002170cb07fa0, 0x000002170cb080d8]
Event: 14.109 Thread 0x00000217220b2920 2646       3       org.jbox2d.collision.broadphase.Pair::compareTo (9 bytes)
Event: 14.109 Thread 0x00000217220b2920 nmethod 2646 0x000002170cb08190 code [0x000002170cb08340, 0x000002170cb08588]
Event: 14.109 Thread 0x00000217220b2920 2647       3       org.jbox2d.collision.broadphase.Pair::compareTo (54 bytes)
Event: 14.109 Thread 0x00000217220b2920 nmethod 2647 0x000002170cb08690 code [0x000002170cb08840, 0x000002170cb08af8]
Event: 14.109 Thread 0x00000217220b2920 2643       3       org.jbox2d.common.Vec2::minToOut (55 bytes)
Event: 14.109 Thread 0x00000217220b2920 nmethod 2643 0x000002170cb08b90 code [0x000002170cb08d20, 0x000002170cb08f18]
Event: 14.109 Thread 0x00000217220b2920 2644       3       org.jbox2d.common.Vec2::maxToOut (55 bytes)
Event: 14.110 Thread 0x00000217220b2920 nmethod 2644 0x000002170cb09010 code [0x000002170cb091a0, 0x000002170cb093b8]
Event: 14.115 Thread 0x00000217220b1e80 nmethod 2650 0x0000021713d35a90 code [0x0000021713d35c60, 0x0000021713d36248]
Event: 14.149 Thread 0x00000217220b2920 2651  s    3       java.lang.StringBuffer::append (13 bytes)
Event: 14.149 Thread 0x00000217220b2920 nmethod 2651 0x000002170cb09490 code [0x000002170cb09640, 0x000002170cb09868]
Event: 14.160 Thread 0x00000217220b2920 2652       3       java.lang.AbstractStringBuilder::append (55 bytes)
Event: 14.160 Thread 0x00000217220b2920 nmethod 2652 0x000002170cb09910 code [0x000002170cb09ae0, 0x000002170cb09e18]
Event: 14.174 Thread 0x00000217220b1e80 2653       4       java.lang.CharacterDataLatin1::toUpperCase (53 bytes)
Event: 14.176 Thread 0x00000217220b1e80 nmethod 2653 0x0000021713d36710 code [0x0000021713d36880, 0x0000021713d36978]

GC Heap History (20 events):
Event: 6.246 GC heap before
{Heap before GC invocations=9 (full 1):
 garbage-first heap   total 78848K, used 48078K [0x0000000081a00000, 0x0000000100000000)
  region size 1024K, 18 young (18432K), 4 survivors (4096K)
 Metaspace       used 9025K, committed 9280K, reserved 1064960K
  class space    used 647K, committed 768K, reserved 1048576K
}
Event: 6.266 GC heap after
{Heap after GC invocations=10 (full 1):
 garbage-first heap   total 78848K, used 45017K [0x0000000081a00000, 0x0000000100000000)
  region size 1024K, 3 young (3072K), 3 survivors (3072K)
 Metaspace       used 9025K, committed 9280K, reserved 1064960K
  class space    used 647K, committed 768K, reserved 1048576K
}
Event: 6.732 GC heap before
{Heap before GC invocations=10 (full 1):
 garbage-first heap   total 78848K, used 53209K [0x0000000081a00000, 0x0000000100000000)
  region size 1024K, 11 young (11264K), 3 survivors (3072K)
 Metaspace       used 9025K, committed 9280K, reserved 1064960K
  class space    used 647K, committed 768K, reserved 1048576K
}
Event: 6.742 GC heap after
{Heap after GC invocations=11 (full 1):
 garbage-first heap   total 78848K, used 51673K [0x0000000081a00000, 0x0000000100000000)
  region size 1024K, 2 young (2048K), 2 survivors (2048K)
 Metaspace       used 9025K, committed 9280K, reserved 1064960K
  class space    used 647K, committed 768K, reserved 1048576K
}
Event: 6.866 GC heap before
{Heap before GC invocations=11 (full 1):
 garbage-first heap   total 92160K, used 53721K [0x0000000081a00000, 0x0000000100000000)
  region size 1024K, 5 young (5120K), 2 survivors (2048K)
 Metaspace       used 9050K, committed 9280K, reserved 1064960K
  class space    used 649K, committed 768K, reserved 1048576K
}
Event: 6.938 GC heap after
{Heap after GC invocations=12 (full 2):
 garbage-first heap   total 92160K, used 51513K [0x0000000081a00000, 0x0000000100000000)
  region size 1024K, 0 young (0K), 0 survivors (0K)
 Metaspace       used 9050K, committed 9280K, reserved 1064960K
  class space    used 649K, committed 768K, reserved 1048576K
}
Event: 6.938 GC heap before
{Heap before GC invocations=12 (full 2):
 garbage-first heap   total 92160K, used 51513K [0x0000000081a00000, 0x0000000100000000)
  region size 1024K, 0 young (0K), 0 survivors (0K)
 Metaspace       used 9050K, committed 9280K, reserved 1064960K
  class space    used 649K, committed 768K, reserved 1048576K
}
Event: 7.005 GC heap after
{Heap after GC invocations=13 (full 3):
 garbage-first heap   total 92160K, used 51513K [0x0000000081a00000, 0x0000000100000000)
  region size 1024K, 0 young (0K), 0 survivors (0K)
 Metaspace       used 9050K, committed 9280K, reserved 1064960K
  class space    used 649K, committed 768K, reserved 1048576K
}
Event: 7.632 GC heap before
{Heap before GC invocations=13 (full 3):
 garbage-first heap   total 92160K, used 61753K [0x0000000081a00000, 0x0000000100000000)
  region size 1024K, 10 young (10240K), 0 survivors (0K)
 Metaspace       used 9304K, committed 9536K, reserved 1064960K
  class space    used 671K, committed 768K, reserved 1048576K
}
Event: 7.635 GC heap after
{Heap after GC invocations=14 (full 3):
 garbage-first heap   total 267264K, used 51979K [0x0000000081a00000, 0x0000000100000000)
  region size 1024K, 1 young (1024K), 1 survivors (1024K)
 Metaspace       used 9304K, committed 9536K, reserved 1064960K
  class space    used 671K, committed 768K, reserved 1048576K
}
Event: 11.224 GC heap before
{Heap before GC invocations=15 (full 3):
 garbage-first heap   total 188416K, used 126731K [0x0000000081a00000, 0x0000000100000000)
  region size 1024K, 74 young (75776K), 1 survivors (1024K)
 Metaspace       used 9873K, committed 10112K, reserved 1064960K
  class space    used 717K, committed 832K, reserved 1048576K
}
Event: 11.225 GC heap after
{Heap after GC invocations=16 (full 3):
 garbage-first heap   total 188416K, used 51883K [0x0000000081a00000, 0x0000000100000000)
  region size 1024K, 1 young (1024K), 1 survivors (1024K)
 Metaspace       used 9873K, committed 10112K, reserved 1064960K
  class space    used 717K, committed 832K, reserved 1048576K
}
Event: 13.764 GC heap before
{Heap before GC invocations=16 (full 3):
 garbage-first heap   total 188416K, used 106155K [0x0000000081a00000, 0x0000000100000000)
  region size 1024K, 55 young (56320K), 1 survivors (1024K)
 Metaspace       used 9910K, committed 10112K, reserved 1064960K
  class space    used 718K, committed 832K, reserved 1048576K
}
Event: 13.811 GC heap after
{Heap after GC invocations=17 (full 4):
 garbage-first heap   total 178176K, used 51644K [0x0000000081a00000, 0x0000000100000000)
  region size 1024K, 0 young (0K), 0 survivors (0K)
 Metaspace       used 9910K, committed 10112K, reserved 1064960K
  class space    used 718K, committed 832K, reserved 1048576K
}
Event: 13.926 GC heap before
{Heap before GC invocations=17 (full 4):
 garbage-first heap   total 178176K, used 53692K [0x0000000081a00000, 0x0000000100000000)
  region size 1024K, 3 young (3072K), 0 survivors (0K)
 Metaspace       used 10472K, committed 10688K, reserved 1064960K
  class space    used 772K, committed 896K, reserved 1048576K
}
Event: 13.972 GC heap after
{Heap after GC invocations=18 (full 5):
 garbage-first heap   total 178176K, used 52257K [0x0000000081a00000, 0x0000000100000000)
  region size 1024K, 0 young (0K), 0 survivors (0K)
 Metaspace       used 10472K, committed 10688K, reserved 1064960K
  class space    used 772K, committed 896K, reserved 1048576K
}
Event: 13.983 GC heap before
{Heap before GC invocations=18 (full 5):
 garbage-first heap   total 178176K, used 52257K [0x0000000081a00000, 0x0000000100000000)
  region size 1024K, 1 young (1024K), 0 survivors (0K)
 Metaspace       used 10535K, committed 10752K, reserved 1064960K
  class space    used 779K, committed 896K, reserved 1048576K
}
Event: 14.030 GC heap after
{Heap after GC invocations=19 (full 6):
 garbage-first heap   total 178176K, used 52304K [0x0000000081a00000, 0x0000000100000000)
  region size 1024K, 0 young (0K), 0 survivors (0K)
 Metaspace       used 10535K, committed 10752K, reserved 1064960K
  class space    used 779K, committed 896K, reserved 1048576K
}
Event: 14.062 GC heap before
{Heap before GC invocations=19 (full 6):
 garbage-first heap   total 178176K, used 53328K [0x0000000081a00000, 0x0000000100000000)
  region size 1024K, 2 young (2048K), 0 survivors (0K)
 Metaspace       used 10572K, committed 10816K, reserved 1064960K
  class space    used 781K, committed 896K, reserved 1048576K
}
Event: 14.108 GC heap after
{Heap after GC invocations=20 (full 7):
 garbage-first heap   total 178176K, used 52551K [0x0000000081a00000, 0x0000000100000000)
  region size 1024K, 0 young (0K), 0 survivors (0K)
 Metaspace       used 10572K, committed 10816K, reserved 1064960K
  class space    used 781K, committed 896K, reserved 1048576K
}

Dll operation events (15 events):
Event: 0.011 Loaded shared library C:\Users\stuka\.jdks\corretto-17.0.5\bin\java.dll
Event: 0.026 Loaded shared library C:\Users\stuka\.jdks\corretto-17.0.5\bin\jsvml.dll
Event: 0.168 Loaded shared library C:\Users\stuka\.jdks\corretto-17.0.5\bin\zip.dll
Event: 0.172 Loaded shared library C:\Users\stuka\.jdks\corretto-17.0.5\bin\instrument.dll
Event: 0.182 Loaded shared library C:\Users\stuka\.jdks\corretto-17.0.5\bin\net.dll
Event: 0.185 Loaded shared library C:\Users\stuka\.jdks\corretto-17.0.5\bin\nio.dll
Event: 0.197 Loaded shared library C:\Users\stuka\.jdks\corretto-17.0.5\bin\zip.dll
Event: 0.221 Loaded shared library D:\JetBrains\IntelliJ IDEA 2022.2.1\bin\breakgen64.dll
Event: 0.232 Loaded shared library C:\Users\stuka\.jdks\corretto-17.0.5\bin\verify.dll
Event: 0.295 Loaded shared library C:\Users\stuka\.jdks\corretto-17.0.5\bin\jimage.dll
Event: 0.526 Loaded shared library C:\Users\stuka\AppData\Local\Temp\lwjglstuka\3.3.1-SNAPSHOT\lwjgl.dll
Event: 0.754 Loaded shared library C:\Users\stuka\AppData\Local\Temp\lwjglstuka\3.3.1-SNAPSHOT\lwjgl_opengl.dll
Event: 1.059 Loaded shared library C:\Users\stuka\AppData\Local\Temp\lwjglstuka\3.3.1-SNAPSHOT\lwjgl_stb.dll
Event: 2.676 Loaded shared library C:\Users\stuka\AppData\Local\Temp\imgui-java-natives_1667153951524\imgui-java64.dll
Event: 7.019 Loaded shared library C:\Users\stuka\.jdks\corretto-17.0.5\bin\awt.dll

Deoptimization events (20 events):
Event: 13.974 Thread 0x00000217045b1d50 Uncommon trap: trap_request=0xffffffc6 fr.pc=0x0000021713c94a88 relative=0x0000000000000228
Event: 13.974 Thread 0x00000217045b1d50 Uncommon trap: reason=bimorphic_or_optimized_type_check action=maybe_recompile pc=0x0000021713c94a88 method=java.util.regex.Pattern.lambda$union$3(Ljava/util/regex/Pattern$CharPredicate;Ljava/util/regex/Pattern$CharPredicate;I)Z @ 2 c2
Event: 13.974 Thread 0x00000217045b1d50 DEOPT PACKING pc=0x0000021713c94a88 sp=0x00000064523fd6c0
Event: 13.974 Thread 0x00000217045b1d50 DEOPT UNPACKING pc=0x000002170c1123a3 sp=0x00000064523fd510 mode 2
Event: 13.974 Thread 0x00000217045b1d50 Uncommon trap: trap_request=0xffffffc6 fr.pc=0x0000021713c94a88 relative=0x0000000000000228
Event: 13.974 Thread 0x00000217045b1d50 Uncommon trap: reason=bimorphic_or_optimized_type_check action=maybe_recompile pc=0x0000021713c94a88 method=java.util.regex.Pattern.lambda$union$3(Ljava/util/regex/Pattern$CharPredicate;Ljava/util/regex/Pattern$CharPredicate;I)Z @ 2 c2
Event: 13.974 Thread 0x00000217045b1d50 DEOPT PACKING pc=0x0000021713c94a88 sp=0x00000064523fd790
Event: 13.974 Thread 0x00000217045b1d50 DEOPT UNPACKING pc=0x000002170c1123a3 sp=0x00000064523fd5e0 mode 2
Event: 13.980 Thread 0x00000217045b1d50 Uncommon trap: trap_request=0xffffff45 fr.pc=0x0000021713c7c918 relative=0x00000000000002d8
Event: 13.980 Thread 0x00000217045b1d50 Uncommon trap: reason=unstable_if action=reinterpret pc=0x0000021713c7c918 method=java.lang.CharacterDataLatin1.digit(II)I @ 7 c2
Event: 13.980 Thread 0x00000217045b1d50 DEOPT PACKING pc=0x0000021713c7c918 sp=0x00000064523fe240
Event: 13.980 Thread 0x00000217045b1d50 DEOPT UNPACKING pc=0x000002170c1123a3 sp=0x00000064523fe078 mode 2
Event: 13.980 Thread 0x00000217045b1d50 Uncommon trap: trap_request=0xffffff45 fr.pc=0x0000021713c75834 relative=0x0000000000000094
Event: 13.980 Thread 0x00000217045b1d50 Uncommon trap: reason=unstable_if action=reinterpret pc=0x0000021713c75834 method=java.lang.CharacterDataLatin1.digit(II)I @ 7 c2
Event: 13.980 Thread 0x00000217045b1d50 DEOPT PACKING pc=0x0000021713c75834 sp=0x00000064523fe140
Event: 13.980 Thread 0x00000217045b1d50 DEOPT UNPACKING pc=0x000002170c1123a3 sp=0x00000064523fe0c0 mode 2
Event: 14.112 Thread 0x00000217045b1d50 Uncommon trap: trap_request=0xffffff45 fr.pc=0x0000021713c48a84 relative=0x0000000000000264
Event: 14.112 Thread 0x00000217045b1d50 Uncommon trap: reason=unstable_if action=reinterpret pc=0x0000021713c48a84 method=org.joml.Matrix4f.mul(Lorg/joml/Matrix4fc;Lorg/joml/Matrix4f;)Lorg/joml/Matrix4f; @ 23 c2
Event: 14.112 Thread 0x00000217045b1d50 DEOPT PACKING pc=0x0000021713c48a84 sp=0x00000064523fee80
Event: 14.112 Thread 0x00000217045b1d50 DEOPT UNPACKING pc=0x000002170c1123a3 sp=0x00000064523fedc0 mode 2

Classes unloaded (0 events):
No events

Classes redefined (0 events):
No events

Internal exceptions (20 events):
Event: 0.542 Thread 0x00000217045b1d50 Exception <a 'java/lang/NoSuchMethodError'{0x00000000893ab900}: 'java.lang.Object java.lang.invoke.DirectMethodHandle$Holder.newInvokeSpecial(java.lang.Object, java.lang.Object, long)'> (0x00000000893ab900) 
thrown [s\src\hotspot\share\interpreter\linkResolver.cpp, line 759]
Event: 0.542 Thread 0x00000217045b1d50 Exception <a 'java/lang/NoSuchMethodError'{0x00000000893af1c8}: 'java.lang.Object java.lang.invoke.Invokers$Holder.linkToTargetMethod(java.lang.Object, long, java.lang.Object)'> (0x00000000893af1c8) 
thrown [s\src\hotspot\share\interpreter\linkResolver.cpp, line 759]
Event: 0.544 Thread 0x00000217045b1d50 Exception <a 'java/lang/NoSuchMethodError'{0x00000000893b6698}: 'int java.lang.invoke.DirectMethodHandle$Holder.invokeStaticInit(java.lang.Object, java.lang.Object, java.lang.Object, long)'> (0x00000000893b6698) 
thrown [s\src\hotspot\share\interpreter\linkResolver.cpp, line 759]
Event: 0.578 Thread 0x00000217045b1d50 Exception <a 'sun/nio/fs/WindowsException'{0x0000000089250730}> (0x0000000089250730) 
thrown [s\src\hotspot\share\prims\jni.cpp, line 516]
Event: 0.578 Thread 0x00000217045b1d50 Exception <a 'sun/nio/fs/WindowsException'{0x0000000089250aa0}> (0x0000000089250aa0) 
thrown [s\src\hotspot\share\prims\jni.cpp, line 516]
Event: 0.752 Thread 0x00000217045b1d50 Exception <a 'sun/nio/fs/WindowsException'{0x00000000892e7370}> (0x00000000892e7370) 
thrown [s\src\hotspot\share\prims\jni.cpp, line 516]
Event: 0.752 Thread 0x00000217045b1d50 Exception <a 'sun/nio/fs/WindowsException'{0x00000000892e7720}> (0x00000000892e7720) 
thrown [s\src\hotspot\share\prims\jni.cpp, line 516]
Event: 0.757 Thread 0x00000217045b1d50 Exception <a 'sun/nio/fs/WindowsException'{0x00000000892ebc70}> (0x00000000892ebc70) 
thrown [s\src\hotspot\share\prims\jni.cpp, line 516]
Event: 0.757 Thread 0x00000217045b1d50 Exception <a 'sun/nio/fs/WindowsException'{0x00000000892ebf58}> (0x00000000892ebf58) 
thrown [s\src\hotspot\share\prims\jni.cpp, line 516]
Event: 1.042 Thread 0x00000217045b1d50 Exception <a 'java/lang/NoSuchMethodError'{0x0000000089904878}: 'void java.lang.invoke.DirectMethodHandle$Holder.invokeStaticInit(java.lang.Object, java.lang.Object)'> (0x0000000089904878) 
thrown [s\src\hotspot\share\interpreter\linkResolver.cpp, line 759]
Event: 1.057 Thread 0x00000217045b1d50 Exception <a 'sun/nio/fs/WindowsException'{0x0000000089934188}> (0x0000000089934188) 
thrown [s\src\hotspot\share\prims\jni.cpp, line 516]
Event: 1.057 Thread 0x00000217045b1d50 Exception <a 'sun/nio/fs/WindowsException'{0x0000000089934510}> (0x0000000089934510) 
thrown [s\src\hotspot\share\prims\jni.cpp, line 516]
Event: 1.838 Thread 0x00000217045b1d50 Exception <a 'sun/nio/fs/WindowsException'{0x00000000827b6c68}> (0x00000000827b6c68) 
thrown [s\src\hotspot\share\prims\jni.cpp, line 516]
Event: 2.711 Thread 0x00000217045b1d50 Exception <a 'java/lang/NoSuchMethodError'{0x00000000826a40c0}: 'void java.lang.invoke.DirectMethodHandle$Holder.invokeVirtual(java.lang.Object, java.lang.Object, long, double, double)'> (0x00000000826a40c0) 
thrown [s\src\hotspot\share\interpreter\linkResolver.cpp, line 759]
Event: 2.713 Thread 0x00000217045b1d50 Exception <a 'java/lang/NoSuchMethodError'{0x00000000826a9c40}: 'void java.lang.invoke.DirectMethodHandle$Holder.invokeVirtual(java.lang.Object, java.lang.Object, long, int, int, int, int)'> (0x00000000826a9c40) 
thrown [s\src\hotspot\share\interpreter\linkResolver.cpp, line 759]
Event: 7.014 Thread 0x00000217045b1d50 Exception <a 'java/lang/ClassNotFoundException'{0x0000000087348700}: sun/awt/resources/spi/awtProvider> (0x0000000087348700) 
thrown [s\src\hotspot\share\classfile\systemDictionary.cpp, line 256]
Event: 7.020 Thread 0x00000217045b1d50 Exception <a 'java/io/FileNotFoundException'{0x0000000087358590}> (0x0000000087358590) 
thrown [s\src\hotspot\share\prims\jni.cpp, line 516]
Event: 7.021 Thread 0x00000217045b1d50 Exception <a 'java/io/FileNotFoundException'{0x0000000087359d38}> (0x0000000087359d38) 
thrown [s\src\hotspot\share\prims\jni.cpp, line 516]
Event: 11.181 Thread 0x00000217045b1d50 Exception <a 'java/lang/NoSuchMethodError'{0x0000000088940330}: 'java.lang.Object java.lang.invoke.DirectMethodHandle$Holder.invokeInterface(java.lang.Object, java.lang.Object)'> (0x0000000088940330) 
thrown [s\src\hotspot\share\interpreter\linkResolver.cpp, line 759]
Event: 13.974 Thread 0x00000217045b1d50 Implicit null exception at 0x0000021713be1c0a to 0x0000021713be2374

VM Operations (20 events):
Event: 8.862 Executing VM operation: Cleanup
Event: 8.863 Executing VM operation: Cleanup done
Event: 9.871 Executing VM operation: Cleanup
Event: 9.871 Executing VM operation: Cleanup done
Event: 10.878 Executing VM operation: Cleanup
Event: 10.878 Executing VM operation: Cleanup done
Event: 11.223 Executing VM operation: G1CollectForAllocation
Event: 11.225 Executing VM operation: G1CollectForAllocation done
Event: 12.235 Executing VM operation: Cleanup
Event: 12.235 Executing VM operation: Cleanup done
Event: 13.242 Executing VM operation: Cleanup
Event: 13.242 Executing VM operation: Cleanup done
Event: 13.764 Executing VM operation: G1CollectFull
Event: 13.811 Executing VM operation: G1CollectFull done
Event: 13.926 Executing VM operation: G1CollectFull
Event: 13.972 Executing VM operation: G1CollectFull done
Event: 13.983 Executing VM operation: G1CollectFull
Event: 14.030 Executing VM operation: G1CollectFull done
Event: 14.062 Executing VM operation: G1CollectFull
Event: 14.108 Executing VM operation: G1CollectFull done

Events (20 events):
Event: 13.855 loading class java/net/URLClassLoader
Event: 13.856 loading class java/net/URLClassLoader done
Event: 13.856 loading class java/net/URLClassLoader$6
Event: 13.856 loading class java/net/URLClassLoader$6 done
Event: 13.856 loading class java/net/FactoryURLClassLoader
Event: 13.856 loading class java/net/FactoryURLClassLoader done
Event: 13.856 loading class java/net/URLClassLoader$1
Event: 13.856 loading class java/net/URLClassLoader$1 done
Event: 13.857 loading class java/io/FilePermission$1
Event: 13.857 loading class jdk/internal/access/JavaIOFilePermissionAccess
Event: 13.857 loading class jdk/internal/access/JavaIOFilePermissionAccess done
Event: 13.857 loading class java/io/FilePermission$1 done
Event: 13.858 loading class java/io/FilePermissionCollection
Event: 13.858 loading class java/io/FilePermissionCollection done
Event: 13.858 loading class java/io/FilePermissionCollection$1
Event: 13.858 loading class java/io/FilePermissionCollection$1 done
Event: 13.977 loading class jdk/internal/math/FDBigInteger
Event: 13.977 loading class jdk/internal/math/FDBigInteger done
Event: 13.981 loading class java/math/MathContext
Event: 13.981 loading class java/math/MathContext done


Dynamic libraries:
0x00007ff600160000 - 0x00007ff60016d000 	C:\Users\stuka\.jdks\corretto-17.0.5\bin\java.exe
0x00007ffa10f90000 - 0x00007ffa11188000 	C:\Windows\SYSTEM32\ntdll.dll
0x00007ffa0f560000 - 0x00007ffa0f61d000 	C:\Windows\System32\KERNEL32.DLL
0x00007ffa0ed10000 - 0x00007ffa0efe2000 	C:\Windows\System32\KERNELBASE.dll
0x00007ffa0eb70000 - 0x00007ffa0ec70000 	C:\Windows\System32\ucrtbase.dll
0x00007ff9ec220000 - 0x00007ff9ec237000 	C:\Users\stuka\.jdks\corretto-17.0.5\bin\jli.dll
0x00007ff9ee080000 - 0x00007ff9ee095000 	C:\Users\stuka\.jdks\corretto-17.0.5\bin\VCRUNTIME140.dll
0x00007ffa107e0000 - 0x00007ffa1097d000 	C:\Windows\System32\USER32.dll
0x00007ffa0e940000 - 0x00007ffa0e962000 	C:\Windows\System32\win32u.dll
0x00007ffa10e10000 - 0x00007ffa10e3b000 	C:\Windows\System32\GDI32.dll
0x00007ff9ff690000 - 0x00007ff9ff92a000 	C:\Windows\WinSxS\amd64_microsoft.windows.common-controls_6595b64144ccf1df_6.0.19041.1110_none_60b5254171f9507e\COMCTL32.dll
0x00007ffa0e970000 - 0x00007ffa0ea7f000 	C:\Windows\System32\gdi32full.dll
0x00007ffa0fed0000 - 0x00007ffa0ff6e000 	C:\Windows\System32\msvcrt.dll
0x00007ffa0ec70000 - 0x00007ffa0ed0d000 	C:\Windows\System32\msvcp_win.dll
0x00007ffa0f530000 - 0x00007ffa0f560000 	C:\Windows\System32\IMM32.DLL
0x00007ff9db460000 - 0x00007ff9db4fb000 	C:\Users\stuka\.jdks\corretto-17.0.5\bin\msvcp140.dll
0x00007ff9ba810000 - 0x00007ff9bb424000 	C:\Users\stuka\.jdks\corretto-17.0.5\bin\server\jvm.dll
0x00007ffa0ffe0000 - 0x00007ffa1008e000 	C:\Windows\System32\ADVAPI32.dll
0x00007ffa0f620000 - 0x00007ffa0f6bc000 	C:\Windows\System32\sechost.dll
0x00007ffa0f860000 - 0x00007ffa0f985000 	C:\Windows\System32\RPCRT4.dll
0x00007ff9f7070000 - 0x00007ff9f7079000 	C:\Windows\SYSTEM32\WSOCK32.dll
0x00007ffa0fda0000 - 0x00007ffa0fe0b000 	C:\Windows\System32\WS2_32.dll
0x00007ffa09a20000 - 0x00007ffa09a47000 	C:\Windows\SYSTEM32\WINMM.dll
0x00007ffa078e0000 - 0x00007ffa078ea000 	C:\Windows\SYSTEM32\VERSION.dll
0x00007ffa0c560000 - 0x00007ffa0c572000 	C:\Windows\SYSTEM32\kernel.appcore.dll
0x00007ff9fbdf0000 - 0x00007ff9fbdfa000 	C:\Users\stuka\.jdks\corretto-17.0.5\bin\jimage.dll
0x00007ffa01d80000 - 0x00007ffa01f64000 	C:\Windows\SYSTEM32\DBGHELP.DLL
0x00007ffa01d50000 - 0x00007ffa01d7c000 	C:\Windows\SYSTEM32\dbgcore.DLL
0x00007ffa0e6a0000 - 0x00007ffa0e722000 	C:\Windows\System32\bcryptPrimitives.dll
0x00007ffa04610000 - 0x00007ffa0461e000 	C:\Users\stuka\.jdks\corretto-17.0.5\bin\instrument.dll
0x00007ff9ebd80000 - 0x00007ff9ebda5000 	C:\Users\stuka\.jdks\corretto-17.0.5\bin\java.dll
0x00007ff9d9eb0000 - 0x00007ff9d9f86000 	C:\Users\stuka\.jdks\corretto-17.0.5\bin\jsvml.dll
0x00007ffa10090000 - 0x00007ffa107d3000 	C:\Windows\System32\SHELL32.dll
0x00007ffa0c760000 - 0x00007ffa0cef1000 	C:\Windows\SYSTEM32\windows.storage.dll
0x00007ffa10ab0000 - 0x00007ffa10e04000 	C:\Windows\System32\combase.dll
0x00007ffa0e090000 - 0x00007ffa0e0c0000 	C:\Windows\SYSTEM32\Wldp.dll
0x00007ffa0fe20000 - 0x00007ffa0fecd000 	C:\Windows\System32\SHCORE.dll
0x00007ffa0ff70000 - 0x00007ffa0ffc5000 	C:\Windows\System32\shlwapi.dll
0x00007ffa0e5e0000 - 0x00007ffa0e5ff000 	C:\Windows\SYSTEM32\profapi.dll
0x00007ff9e7050000 - 0x00007ff9e7068000 	C:\Users\stuka\.jdks\corretto-17.0.5\bin\zip.dll
0x00007ff9eb470000 - 0x00007ff9eb489000 	C:\Users\stuka\.jdks\corretto-17.0.5\bin\net.dll
0x00007ffa06d20000 - 0x00007ffa06e2d000 	C:\Windows\SYSTEM32\WINHTTP.dll
0x00007ffa0dd80000 - 0x00007ffa0ddea000 	C:\Windows\system32\mswsock.dll
0x00007ff9eb450000 - 0x00007ff9eb465000 	C:\Users\stuka\.jdks\corretto-17.0.5\bin\nio.dll
0x00007ff9ee140000 - 0x00007ff9ee15a000 	D:\JetBrains\IntelliJ IDEA 2022.2.1\bin\breakgen64.dll
0x00007ff9f6890000 - 0x00007ff9f68a0000 	C:\Users\stuka\.jdks\corretto-17.0.5\bin\verify.dll
0x00007ff9d6d30000 - 0x00007ff9d6da5000 	C:\Users\stuka\AppData\Local\Temp\lwjglstuka\3.3.1-SNAPSHOT\lwjgl.dll
0x00007ff9d6c20000 - 0x00007ff9d6c81000 	C:\Users\stuka\AppData\Local\Temp\lwjglstuka\3.3.1-SNAPSHOT\glfw.dll
0x00007ff9eaff0000 - 0x00007ff9eb035000 	C:\Windows\SYSTEM32\dinput8.dll
0x00007ff9ee120000 - 0x00007ff9ee131000 	C:\Windows\SYSTEM32\xinput1_4.dll
0x00007ffa0eaf0000 - 0x00007ffa0eb3e000 	C:\Windows\System32\cfgmgr32.dll
0x00007ffa0e3e0000 - 0x00007ffa0e40c000 	C:\Windows\SYSTEM32\DEVOBJ.dll
0x00007ffa0c170000 - 0x00007ffa0c19f000 	C:\Windows\SYSTEM32\dwmapi.dll
0x00007ff9fd8f0000 - 0x00007ff9fda42000 	C:\Windows\SYSTEM32\inputhost.dll
0x00007ffa0eff0000 - 0x00007ffa0f0bd000 	C:\Windows\System32\OLEAUT32.dll
0x00007ffa0bc60000 - 0x00007ffa0bd52000 	C:\Windows\SYSTEM32\CoreMessaging.dll
0x00007ffa09f00000 - 0x00007ffa09ff6000 	C:\Windows\SYSTEM32\PROPSYS.dll
0x00007ffa0a810000 - 0x00007ffa0a964000 	C:\Windows\SYSTEM32\wintypes.dll
0x00007ffa0b580000 - 0x00007ffa0b8de000 	C:\Windows\SYSTEM32\CoreUIComponents.dll
0x00007ffa0d7c0000 - 0x00007ffa0d7f3000 	C:\Windows\SYSTEM32\ntmarta.dll
0x00007ffa0c080000 - 0x00007ffa0c11e000 	C:\Windows\system32\uxtheme.dll
0x00007ffa0f6c0000 - 0x00007ffa0f7d5000 	C:\Windows\System32\MSCTF.dll
0x00007ff9f82e0000 - 0x00007ff9f8407000 	C:\Windows\SYSTEM32\opengl32.dll
0x00007ff9f9920000 - 0x00007ff9f994c000 	C:\Windows\SYSTEM32\GLU32.dll
0x00007ffa10e40000 - 0x00007ffa10eef000 	C:\Windows\System32\clbcatq.dll
0x00007ff9c4ff0000 - 0x00007ff9c5823000 	C:\Windows\SYSTEM32\ig7icd64.dll
0x00007ffa09570000 - 0x00007ffa09584000 	C:\Windows\SYSTEM32\WTSAPI32.dll
0x00007ffa02e20000 - 0x00007ffa0327f000 	C:\Windows\SYSTEM32\igdusc64.dll
0x00007ffa0e460000 - 0x00007ffa0e4ab000 	C:\Windows\SYSTEM32\powrprof.dll
0x00007ffa0e440000 - 0x00007ffa0e452000 	C:\Windows\SYSTEM32\UMPDC.dll
0x00007ffa0cf60000 - 0x00007ffa0d053000 	C:\Windows\SYSTEM32\dxgi.dll
0x00007ffa0a5a0000 - 0x00007ffa0a803000 	C:\Windows\SYSTEM32\d3d11.dll
0x00007ffa033b0000 - 0x00007ffa03f53000 	C:\Windows\SYSTEM32\igd10iumd64.dll
0x00007ffa0eb40000 - 0x00007ffa0eb67000 	C:\Windows\System32\bcrypt.dll
0x00007ffa10980000 - 0x00007ffa10aaa000 	C:\Windows\System32\ole32.dll
0x00007ffa0e100000 - 0x00007ffa0e127000 	C:\Windows\SYSTEM32\ncrypt.dll
0x00007ffa0bfc0000 - 0x00007ffa0c051000 	C:\Windows\SYSTEM32\apphelp.dll
0x00007ffa0e0c0000 - 0x00007ffa0e0fb000 	C:\Windows\SYSTEM32\NTASN1.dll
0x00007ffa04140000 - 0x00007ffa0417b000 	C:\Windows\SYSTEM32\dxcore.dll
0x00007ff9ff590000 - 0x00007ff9ff689000 	C:\Windows\SYSTEM32\textinputframework.dll
0x00007ff9d6bc0000 - 0x00007ff9d6c1d000 	C:\Users\stuka\AppData\Local\Temp\lwjglstuka\3.3.1-SNAPSHOT\lwjgl_opengl.dll
0x00007ff9d69f0000 - 0x00007ff9d6a71000 	C:\Users\stuka\AppData\Local\Temp\lwjglstuka\3.3.1-SNAPSHOT\lwjgl_stb.dll
0x0000000064a00000 - 0x000000006580f000 	C:\Users\stuka\AppData\Local\Temp\imgui-java-natives_1667153951524\imgui-java64.dll
0x00007ff9cf4d0000 - 0x00007ff9cf677000 	C:\Users\stuka\.jdks\corretto-17.0.5\bin\awt.dll

dbghelp: loaded successfully - version: 4.0.5 - missing functions: none
symbol engine: initialized successfully - sym options: 0x614 - pdb path: .;C:\Users\stuka\.jdks\corretto-17.0.5\bin;C:\Windows\SYSTEM32;C:\Windows\WinSxS\amd64_microsoft.windows.common-controls_6595b64144ccf1df_6.0.19041.1110_none_60b5254171f9507e;C:\Users\stuka\.jdks\corretto-17.0.5\bin\server;D:\JetBrains\IntelliJ IDEA 2022.2.1\bin;C:\Users\stuka\AppData\Local\Temp\lwjglstuka\3.3.1-SNAPSHOT;C:\Users\stuka\AppData\Local\Temp\imgui-java-natives_1667153951524

VM Arguments:
jvm_args: --enable-preview -javaagent:D:\JetBrains\IntelliJ IDEA 2022.2.1\lib\idea_rt.jar=65463:D:\JetBrains\IntelliJ IDEA 2022.2.1\bin -Dfile.encoding=UTF-8 
java_command: SungearEngine2D.Main.Main
java_class_path (initial): D:\Pixelfield\Java Projects\SungearEngine2D\Engine\out\production\SungearEngine2D;D:\Pixelfield\Java Projects\SungearEngine2D\Engine\libs\Core2D.jar;D:\Pixelfield\Java Projects\SungearEngine2D\Engine\libs\imgui-app-1.86.4.jar;D:\Pixelfield\Java Projects\SungearEngine2D\Engine\libs\lwjgl_util-2.0rc1.jar;D:\Pixelfield\Java Projects\SungearEngine2D\Engine\libs\imgui-app-1.84.1.3.jar;D:\Pixelfield\Java Projects\SungearEngine2D\Engine\libs\imgui-lwjgl3-1.86.4.jar;D:\Pixelfield\Java Projects\SungearEngine2D\Engine\libs\imgui-lwjgl3-1.84.1.3.jar;D:\Pixelfield\Java Projects\SungearEngine2D\Engine\libs\imgui-app-1.86.4-sources.jar;D:\Pixelfield\Java Projects\SungearEngine2D\Engine\libs\imgui-app-1.84.1.3-sources.jar;D:\Pixelfield\Java Projects\SungearEngine2D\Engine\libs\imgui-lwjgl3-1.86.4-sources.jar;D:\Pixelfield\Java Projects\SungearEngine2D\Engine\libs\imgui-lwjgl3-1.84.1.3-sources.jar
Launcher Type: SUN_STANDARD

[Global flags]
     intx CICompilerCount                          = 3                                         {product} {ergonomic}
     uint ConcGCThreads                            = 1                                         {product} {ergonomic}
     uint G1ConcRefinementThreads                  = 4                                         {product} {ergonomic}
   size_t G1HeapRegionSize                         = 1048576                                   {product} {ergonomic}
    uintx GCDrainStackTargetSize                   = 64                                        {product} {ergonomic}
   size_t InitialHeapSize                          = 134217728                                 {product} {ergonomic}
   size_t MarkStackSize                            = 4194304                                   {product} {ergonomic}
   size_t MaxHeapSize                              = 2120220672                                {product} {ergonomic}
   size_t MaxNewSize                               = 1271922688                                {product} {ergonomic}
   size_t MinHeapDeltaBytes                        = 1048576                                   {product} {ergonomic}
   size_t MinHeapSize                              = 8388608                                   {product} {ergonomic}
    uintx NonNMethodCodeHeapSize                   = 5832780                                {pd product} {ergonomic}
    uintx NonProfiledCodeHeapSize                  = 122912730                              {pd product} {ergonomic}
    uintx ProfiledCodeHeapSize                     = 122912730                              {pd product} {ergonomic}
    uintx ReservedCodeCacheSize                    = 251658240                              {pd product} {ergonomic}
     bool SegmentedCodeCache                       = true                                      {product} {ergonomic}
   size_t SoftMaxHeapSize                          = 2120220672                             {manageable} {ergonomic}
     bool UseCompressedClassPointers               = true                           {product lp64_product} {ergonomic}
     bool UseCompressedOops                        = true                           {product lp64_product} {ergonomic}
     bool UseG1GC                                  = true                                      {product} {ergonomic}
     bool UseLargePagesIndividualAllocation        = false                                  {pd product} {ergonomic}

Logging:
Log output configuration:
 #0: stdout all=warning uptime,level,tags
 #1: stderr all=off uptime,level,tags

Environment Variables:
PATH=C:\Program Files\Microsoft\jdk-11.0.12.7-hotspot\bin;C:\Windows\system32;C:\Windows;C:\Windows\System32\Wbem;C:\Windows\System32\WindowsPowerShell\v1.0\;C:\Windows\System32\OpenSSH\;C:\Program Files\Microsoft SQL Server\150\Tools\Binn\;C:\Program Files\Microsoft SQL Server\Client SDK\ODBC\170\Tools\Binn\;C:\Program Files\dotnet\;D:\CMake\bin;C:\Users\stuka\AppData\Local\Programs\Python\Python310\Scripts\;C:\Users\stuka\AppData\Local\Programs\Python\Python310\;C:\Users\stuka\AppData\Local\Microsoft\WindowsApps;D:\JetBrains\IntelliJ IDEA 2022.2.1\bin;;D:\JetBrains\PyCharm 2022.2.1\bin;;C:\Users\stuka\.dotnet\tools;C:\Users\stuka\AppData\Local\GitHubDesktop\bin
USERNAME=stuka
OS=Windows_NT
PROCESSOR_IDENTIFIER=Intel64 Family 6 Model 58 Stepping 9, GenuineIntel
TMP=C:\Users\stuka\AppData\Local\Temp
TEMP=C:\Users\stuka\AppData\Local\Temp



---------------  S Y S T E M  ---------------

OS:
 Windows 10 , 64 bit Build 19041 (10.0.19041.1889)
OS uptime: 2 days 0:46 hours

CPU: total 4 (initial active 4) (2 cores per cpu, 2 threads per core) family 6 model 58 stepping 9 microcode 0x21, cx8, cmov, fxsr, ht, mmx, sse, sse2, sse3, ssse3, sse4.1, sse4.2, popcnt, tsc, tscinvbit, avx, aes, erms, clmul, vzeroupper, clflush

Memory: 4k page, system-wide physical 8081M (711M free)
TotalPageFile size 12173M (AvailPageFile size 1791M)
current process WorkingSet (physical memory assigned to process): 822M, peak: 829M
current process commit charge ("private bytes"): 935M, peak: 1009M

vm_info: OpenJDK 64-Bit Server VM (17.0.5+8-LTS) for windows-amd64 JRE (17.0.5+8-LTS), built on Oct 13 2022 05:18:14 by "Administrator" with MS VC++ 15.9 (VS2017)

END.
