#
# A fatal error has been detected by the Java Runtime Environment:
#
#  EXCEPTION_ACCESS_VIOLATION (0xc0000005) at pc=0x00007ffe786f130a, pid=2308, tid=17200
#
# JRE version: OpenJDK Runtime Environment JBR-17.0.5+1-653.25-jcef (17.0.5+1) (build 17.0.5+1-b653.25)
# Java VM: OpenJDK 64-Bit Server VM JBR-17.0.5+1-653.25-jcef (17.0.5+1-b653.25, mixed mode, tiered, compressed oops, compressed class ptrs, g1 gc, windows-amd64)
# Problematic frame:
# V  [jvm.dll+0x34130a]
#
# No core dump will be written. Minidumps are not enabled by default on client versions of Windows
#
# If you would like to submit a bug report, please visit:
#   https://youtrack.jetbrains.com/issues/JBR
#

---------------  S U M M A R Y ------------

Command Line: -Dfile.encoding=windows-1251 -Duser.country=RU -Duser.language=ru -Duser.variant SungearEngine2D.Main.Main

Host: AMD Ryzen 7 5800X 8-Core Processor             , 16 cores, 31G,  Windows 10 , 64 bit Build 19041 (10.0.19041.2364)
Time: Sun Jan 29 01:00:11 2023 RTZ 2 (s 10 , 64 bit Build 19041 (10.0.19041.2364) elapsed time: 0.727156 seconds (0d 0h 0m 0s)

---------------  T H R E A D  ---------------

Current thread (0x0000013d3594bcc0):  JavaThread "main" [_thread_in_vm, id=17200, stack(0x000000175b800000,0x000000175b900000)]

Stack: [0x000000175b800000,0x000000175b900000],  sp=0x000000175b8fc930,  free space=1010k
Native frames: (J=compiled Java code, j=interpreted, Vv=VM code, C=native code)
V  [jvm.dll+0x34130a]
V  [jvm.dll+0x7ad81f]
V  [jvm.dll+0x7ae086]
V  [jvm.dll+0x7ae9f7]
V  [jvm.dll+0x7b0243]
V  [jvm.dll+0x1e9c0d]
V  [jvm.dll+0x1e860e]
V  [jvm.dll+0x1ed9c6]
V  [jvm.dll+0x1e335c]
V  [jvm.dll+0x5476bd]
V  [jvm.dll+0x7ba0a5]
V  [jvm.dll+0x7ba1be]
V  [jvm.dll+0x4115fa]
V  [jvm.dll+0x4177b9]
C  [java.dll+0x17ec]

Java frames: (J=compiled Java code, j=interpreted, Vv=VM code)
J 1050  java.lang.ClassLoader.defineClass1(Ljava/lang/ClassLoader;Ljava/lang/String;[BIILjava/security/ProtectionDomain;Ljava/lang/String;)Ljava/lang/Class; java.base@17.0.5 (0 bytes) @ 0x0000013d424604e3 [0x0000013d42460420+0x00000000000000c3]
J 1057 c1 java.lang.ClassLoader.defineClass(Ljava/lang/String;[BIILjava/security/ProtectionDomain;)Ljava/lang/Class; java.base@17.0.5 (43 bytes) @ 0x0000013d3b1aeb5c [0x0000013d3b1ae800+0x000000000000035c]
j  java.security.SecureClassLoader.defineClass(Ljava/lang/String;[BIILjava/security/CodeSource;)Ljava/lang/Class;+12 java.base@17.0.5
J 1081 c1 jdk.internal.loader.BuiltinClassLoader.defineClass(Ljava/lang/String;Ljdk/internal/loader/Resource;)Ljava/lang/Class; java.base@17.0.5 (121 bytes) @ 0x0000013d3b1bf774 [0x0000013d3b1be800+0x0000000000000f74]
J 979 c1 jdk.internal.loader.BuiltinClassLoader.findClassOnClassPathOrNull(Ljava/lang/String;)Ljava/lang/Class; java.base@17.0.5 (64 bytes) @ 0x0000013d3b1822e4 [0x0000013d3b181260+0x0000000000001084]
J 652 c1 jdk.internal.loader.BuiltinClassLoader.loadClassOrNull(Ljava/lang/String;Z)Ljava/lang/Class; java.base@17.0.5 (143 bytes) @ 0x0000013d3b0ec4d4 [0x0000013d3b0eb5c0+0x0000000000000f14]
J 904 c1 jdk.internal.loader.ClassLoaders$AppClassLoader.loadClass(Ljava/lang/String;Z)Ljava/lang/Class; java.base@17.0.5 (40 bytes) @ 0x0000013d3b15a90c [0x0000013d3b15a2e0+0x000000000000062c]
J 894 c1 java.lang.ClassLoader.loadClass(Ljava/lang/String;)Ljava/lang/Class; java.base@17.0.5 (7 bytes) @ 0x0000013d3b1550cc [0x0000013d3b154fc0+0x000000000000010c]
v  ~StubRoutines::call_stub
j  Core2D.ECS.Entity.createNewID()V+0
j  Core2D.ECS.Entity.<init>()V+131
j  Core2D.ECS.Entity.createAsCamera2D()LCore2D/ECS/Entity;+4
j  SungearEngine2D.Main.Main$1.onInit()V+3
j  Core2D.Core2D.Core2D.initCore()V+82
j  Core2D.Core2D.Core2D.run()V+15
j  Core2D.Core2D.Core2D.create(Ljava/lang/String;Lorg/joml/Vector2i;[I[I)V+30
j  Core2D.Core2D.Core2D.start()V+12
j  SungearEngine2D.Main.Main.main([Ljava/lang/String;)V+41
v  ~StubRoutines::call_stub

siginfo: EXCEPTION_ACCESS_VIOLATION (0xc0000005), reading address 0x0000013d000000f9


Register to memory mapping:

RIP=0x00007ffe786f130a jvm.dll
RAX=0x000000175b8fc960 is pointing into the stack for thread: 0x0000013d3594bcc0
RBX=0x0000013d00000001 is an unknown value
RCX=0x000000175b8fc960 is pointing into the stack for thread: 0x0000013d3594bcc0
RDX=4096 is a compressed pointer to class: 0x0000000800001000
Core2D.Audio.Audio {0x0000000800001008}
 - instance size:     8
 - klass size:        95
 - access:            public synchronized 
 - state:             fully_initialized
 - name:              'Core2D/Audio/Audio'
 - super:             'java/lang/Object'
 - sub:               
 - arrays:            NULL
 - methods:           Array<T>(0x0000013d61407aa0)
 - method ordering:   Array<T>(0x0000013d61000018)
 - default_methods:   Array<T>(0x0000000000000000)
 - local interfaces:  Array<T>(0x0000013d61000058)
 - trans. interfaces: Array<T>(0x0000013d61000058)
 - constants:         constant pool [459]/operands[161] {0x0000013d61406a90} for 'Core2D/Audio/Audio' cache=0x0000013d6140c908
 - class loader data:  loader data: 0x0000013d609832d0 for instance a 'jdk/internal/loader/ClassLoaders$AppClassLoader'{0x00000006024576c0}
 - source file:       'Audio.java'
 - class annotations:       Array<T>(0x0000000000000000)
 - class type annotations:  Array<T>(0x0000000000000000)
 - field annotations:       Array<T>(0x0000000000000000)
 - field type annotations:  Array<T>(0x0000000000000000)
 - inner classes:     Array<T>(0x0000013d6140a618)
 - nest members:     Array<T>(0x0000013d61407fe8)
 - permitted subclasses:     Array<T>(0x0000013d61000028)
 - java mirror:       a 'java/lang/Class'{0x00000006024d8870} = 'Core2D/Audio/Audio'
 - vtable length      30  (start addr: 0x00000008000011f0)
 - itable length      2 (start addr: 0x00000008000012e0)
 - ---- static fields (0 words):
 - ---- non-static fields (13 words):
 - public 'source' 'I' @12 
 - private 'maxDistance' 'F' @16 
 - private 'referenceDistance' 'F' @20 
 - private 'rolloffFactor' 'F' @24 
 - public 'volumePercent' 'F' @28 
 - private 'state' 'I' @32 
 - private 'currentSecond' 'F' @36 
 - private 'playing' 'Z' @40 
 - private 'paused' 'Z' @41 
 - private 'cyclic' 'Z' @42 
 - public 'path' 'Ljava/lang/String;' @44 
 - public 'name' 'Ljava/lang/String;' @48 
 - public 'audioInfo' 'LCore2D/Audio/AudioInfo;' @52 
 - private 'transform' 'LCore2D/Transform/Transform;' @56 
 - public 'audioType' 'LCore2D/Audio/Audio$AudioType;' @60 
 - non-static oop maps: 44-60 
RSP=0x000000175b8fc930 is pointing into the stack for thread: 0x0000013d3594bcc0
RBP=0x000000175b8fc979 is pointing into the stack for thread: 0x0000013d3594bcc0
RSI=0x7fffffffffffffff is an unknown value
RDI=0x00000000000005fe is an unknown value
R8 =0x0000000000000040 is an unknown value
R9 =0x00000000000003e8 is an unknown value
R10=0x0 is NULL
R11=0x361dc0400384045e is an unknown value
R12=0x0000000000000002 is an unknown value
R13=0x0000013d3595bcb0 points into unknown readable memory: 0x0000000000000000 | 00 00 00 00 00 00 00 00
R14=0x0 is NULL
R15=0x000000175b8fd338 is pointing into the stack for thread: 0x0000013d3594bcc0


Registers:
RAX=0x000000175b8fc960, RBX=0x0000013d00000001, RCX=0x000000175b8fc960, RDX=0x0000000000001000
RSP=0x000000175b8fc930, RBP=0x000000175b8fc979, RSI=0x7fffffffffffffff, RDI=0x00000000000005fe
R8 =0x0000000000000040, R9 =0x00000000000003e8, R10=0x0000000000000000, R11=0x361dc0400384045e
R12=0x0000000000000002, R13=0x0000013d3595bcb0, R14=0x0000000000000000, R15=0x000000175b8fd338
RIP=0x00007ffe786f130a, EFLAGS=0x0000000000010216

Top of Stack: (sp=0x000000175b8fc930)
0x000000175b8fc930:   c5b1c1db65230e89 b2b32c9255584033
0x000000175b8fc940:   984228ee228ad817 85727608cb338adc
0x000000175b8fc950:   3b86509500000644 0000013d00000001
0x000000175b8fc960:   0000000000000000 0000000000000000
0x000000175b8fc970:   0000000000000000 0000004000001000
0x000000175b8fc980:   2debbf4f000003e8 e479a74a3c9342cb
0x000000175b8fc990:   0000000000000000 0000013d3594bcc0
0x000000175b8fc9a0:   0000013d619bd6c0 eee284a7a0840100
0x000000175b8fc9b0:   0000000000000000 7ee60a2810626eda
0x000000175b8fc9c0:   c5c66d694307fe00 5681dd8b0000000f
0x000000175b8fc9d0:   0000000000000001 00007ffe78b5d81f
0x000000175b8fc9e0:   0000000000000000 0000013d60914670
0x000000175b8fc9f0:   0000013d5da3ae48 68f689da367568ac
0x000000175b8fca00:   0000013d60991360 9e778aa93c8627e4
0x000000175b8fca10:   1a5c8a16d4a7a732 97636e73dabb66dd
0x000000175b8fca20:   eba5b73919010a5a 2e49d72e987425d7 

Instructions: (pc=0x00007ffe786f130a)
0x00007ffe786f120a:   65 48 8b 04 25 58 00 00 00 48 83 c7 02 8b 0d 5b
0x00007ffe786f121a:   b6 88 00 48 8b 1c c8 b8 50 00 00 00 80 3c 18 00
0x00007ffe786f122a:   75 05 e8 af 94 55 00 ba 20 00 00 00 48 8d 4d 17
0x00007ffe786f123a:   48 8b 14 1a e8 1d 71 4b 00 33 c9 48 be ff ff ff
0x00007ffe786f124a:   ff ff ff ff 7f 89 4d 4f 48 8b 55 27 3b 4a 04 72
0x00007ffe786f125a:   04 33 db eb 0e 8d 41 01 89 45 4f 48 8b 42 10 48
0x00007ffe786f126a:   8b 1c c8 48 85 db 74 5a ba 00 10 00 00 48 8d 4d
0x00007ffe786f127a:   e7 41 b9 e8 03 00 00 41 b8 40 00 00 00 e8 44 fa
0x00007ffe786f128a:   41 00 48 8b 83 f8 00 00 00 a8 01 74 30 48 2b c7
0x00007ffe786f129a:   48 3b c6 76 28 8b 45 f7 3b 45 ff 73 0c ff c0 89
0x00007ffe786f12aa:   45 f7 e8 5f db cc ff eb 09 48 8d 4d e7 e8 44 fa
0x00007ffe786f12ba:   41 00 48 8b 83 f8 00 00 00 a8 01 75 d0 8b 4d 4f
0x00007ffe786f12ca:   eb 86 48 8d 4d 17 e8 db 70 4b 00 48 8d 4d d7 e8
0x00007ffe786f12da:   92 08 32 00 48 8b 5d df 48 85 db 74 70 66 0f 1f
0x00007ffe786f12ea:   84 00 00 00 00 00 ba 00 10 00 00 48 8d 4d e7 41
0x00007ffe786f12fa:   b9 e8 03 00 00 41 b8 40 00 00 00 e8 c6 f9 41 00
0x00007ffe786f130a:   48 8b 83 f8 00 00 00 a8 01 74 30 48 2b c7 48 3b
0x00007ffe786f131a:   c6 76 28 8b 45 f7 3b 45 ff 73 0c ff c0 89 45 f7
0x00007ffe786f132a:   e8 e1 da cc ff eb 09 48 8d 4d e7 e8 c6 f9 41 00
0x00007ffe786f133a:   48 8b 83 f8 00 00 00 a8 01 75 d0 48 8d 4d d7 e8
0x00007ffe786f134a:   c2 0f 32 00 48 8b 5d df 48 85 db 75 99 48 8d 4d
0x00007ffe786f135a:   d7 e8 c0 08 32 00 4c 8d 9c 24 a0 00 00 00 49 8b
0x00007ffe786f136a:   5b 10 49 8b 73 18 49 8b 7b 20 49 8b e3 5d c3 cc
0x00007ffe786f137a:   cc cc cc cc cc cc 48 8b 05 f1 1a 7e 00 8b 0d 87
0x00007ffe786f138a:   51 7f 00 48 83 f8 ff 0f 45 c8 48 8b 05 e5 1a 7e
0x00007ffe786f139a:   00 48 83 f8 ff 89 0d 6f 51 7f 00 8b 0d 6d 51 7f
0x00007ffe786f13aa:   00 0f 45 c8 48 8b 05 d3 1a 7e 00 48 83 f8 ff 89
0x00007ffe786f13ba:   0d 59 51 7f 00 8b 0d 57 51 7f 00 0f 45 c8 48 8b
0x00007ffe786f13ca:   05 c1 1a 7e 00 48 83 f8 ff 89 0d 43 51 7f 00 8b
0x00007ffe786f13da:   0d 41 51 7f 00 0f 45 c8 48 8b 05 af 1a 7e 00 48
0x00007ffe786f13ea:   83 f8 ff 89 0d 2d 51 7f 00 8b 0d 2b 51 7f 00 0f
0x00007ffe786f13fa:   45 c8 48 8b 05 9d 1a 7e 00 48 83 f8 ff 89 0d 17 


Stack slot to memory mapping:
stack at sp + 0 slots: 0xc5b1c1db65230e89 is an unknown value
stack at sp + 1 slots: 0xb2b32c9255584033 is an unknown value
stack at sp + 2 slots: 0x984228ee228ad817 is an unknown value
stack at sp + 3 slots: 0x85727608cb338adc is an unknown value
stack at sp + 4 slots: 0x3b86509500000644 is an unknown value
stack at sp + 5 slots: 0x0000013d00000001 is an unknown value
stack at sp + 6 slots: 0x0 is NULL
stack at sp + 7 slots: 0x0 is NULL


---------------  P R O C E S S  ---------------

Threads class SMR info:
_java_thread_list=0x0000013d619bd6c0, length=15, elements={
0x0000013d3594bcc0, 0x0000013d6094eeb0, 0x0000013d60950b40, 0x0000013d60957970,
0x0000013d609812f0, 0x0000013d60981ca0, 0x0000013d60984a70, 0x0000013d609a2a80,
0x0000013d609a3380, 0x0000013d609a6470, 0x0000013d60b0f390, 0x0000013d60b25390,
0x0000013d60b24050, 0x0000013d61a09a00, 0x0000013d61a0bf20
}

Java Threads: ( => current thread )
=>0x0000013d3594bcc0 JavaThread "main" [_thread_in_vm, id=17200, stack(0x000000175b800000,0x000000175b900000)]
  0x0000013d6094eeb0 JavaThread "Reference Handler" daemon [_thread_in_vm, id=11284, stack(0x000000175bf00000,0x000000175c000000)]
  0x0000013d60950b40 JavaThread "Finalizer" daemon [_thread_blocked, id=27952, stack(0x000000175c000000,0x000000175c100000)]
  0x0000013d60957970 JavaThread "Signal Dispatcher" daemon [_thread_blocked, id=15128, stack(0x000000175c100000,0x000000175c200000)]
  0x0000013d609812f0 JavaThread "Attach Listener" daemon [_thread_blocked, id=8680, stack(0x000000175c200000,0x000000175c300000)]
  0x0000013d60981ca0 JavaThread "Service Thread" daemon [_thread_blocked, id=21080, stack(0x000000175c300000,0x000000175c400000)]
  0x0000013d60984a70 JavaThread "Monitor Deflation Thread" daemon [_thread_blocked, id=22404, stack(0x000000175c400000,0x000000175c500000)]
  0x0000013d609a2a80 JavaThread "C2 CompilerThread0" daemon [_thread_blocked, id=19740, stack(0x000000175c500000,0x000000175c600000)]
  0x0000013d609a3380 JavaThread "C1 CompilerThread0" daemon [_thread_blocked, id=18728, stack(0x000000175c600000,0x000000175c700000)]
  0x0000013d609a6470 JavaThread "Sweeper thread" daemon [_thread_blocked, id=11808, stack(0x000000175c700000,0x000000175c800000)]
  0x0000013d60b0f390 JavaThread "C1 CompilerThread1" daemon [_thread_blocked, id=13200, stack(0x000000175c800000,0x000000175c900000)]
  0x0000013d60b25390 JavaThread "Notification Thread" daemon [_thread_blocked, id=15228, stack(0x000000175c900000,0x000000175ca00000)]
  0x0000013d60b24050 JavaThread "Common-Cleaner" daemon [_thread_blocked, id=23348, stack(0x000000175cb00000,0x000000175cc00000)]
  0x0000013d61a09a00 JavaThread "C1 CompilerThread2" daemon [_thread_blocked, id=23760, stack(0x000000175cc00000,0x000000175cd00000)]
  0x0000013d61a0bf20 JavaThread "C1 CompilerThread3" daemon [_thread_blocked, id=9008, stack(0x000000175cd00000,0x000000175ce00000)]

Other Threads:
  0x0000013d608fd390 VMThread "VM Thread" [stack: 0x000000175be00000,0x000000175bf00000] [id=13544]
  0x0000013d359d1950 WatcherThread [stack: 0x000000175ca00000,0x000000175cb00000] [id=19272]
  0x0000013d359b7230 GCTaskThread "GC Thread#0" [stack: 0x000000175b900000,0x000000175ba00000] [id=26052]
  0x0000013d6458a570 GCTaskThread "GC Thread#1" [stack: 0x000000175d800000,0x000000175d900000] [id=8548]
  0x0000013d6458a820 GCTaskThread "GC Thread#2" [stack: 0x000000175d900000,0x000000175da00000] [id=31132]
  0x0000013d6458aad0 GCTaskThread "GC Thread#3" [stack: 0x000000175da00000,0x000000175db00000] [id=31376]
  0x0000013d6458ad80 GCTaskThread "GC Thread#4" [stack: 0x000000175db00000,0x000000175dc00000] [id=30424]
  0x0000013d64584bc0 
[error occurred during error reporting (printing all threads), id 0xc0000005, EXCEPTION_ACCESS_VIOLATION (0xc0000005) at pc=0x0000000000000000]

VM state: not at safepoint (normal execution)

VM Mutex/Monitor currently owned by a thread: None

Heap address: 0x0000000601000000, size: 8176 MB, Compressed Oops mode: Zero based, Oop shift amount: 3

CDS archive(s) not mapped
Compressed class space mapped at: 0x0000000800000000-0x0000000840000000, reserved size: 1073741824
Narrow klass base: 0x0000000800000000, Narrow klass shift: 0, Narrow klass range: 0x40000000

GC Precious Log:
 CPUs: 16 total, 16 available
 Memory: 32694M
 Large Page Support: Disabled
 NUMA Support: Disabled
 Compressed Oops: Enabled (Zero based)
 Heap Region Size: 4M
 Heap Min Capacity: 8M
 Heap Initial Capacity: 512M
 Heap Max Capacity: 8176M
 Pre-touch: Disabled
 Parallel Workers: 13
 Concurrent Workers: 3
 Concurrent Refinement Workers: 13
 Periodic GC: Disabled

Heap:
 garbage-first heap   total 81920K, used 2991K [0x0000000601000000, 0x0000000800000000)
  region size 4096K, 1 young (4096K), 0 survivors (0K)
 Metaspace       used 15895K, committed 16192K, reserved 1064960K
  class space    used 1259K, committed 1408K, reserved 1048576K

Heap Regions: E=young(eden), S=young(survivor), O=old, HS=humongous(starts), HC=humongous(continues), CS=collection set, F=free, OA=open archive, CA=closed archive, TAMS=top-at-mark-start (previous, next)
|   0|0x0000000601000000, 0x0000000601005e90, 0x0000000601400000|  0%| O|  |TAMS 0x0000000601000000, 0x0000000601000000| Untracked 
|   1|0x0000000601400000, 0x000000060141ae68, 0x0000000601800000|  2%| O|  |TAMS 0x0000000601400000, 0x0000000601400000| Untracked 
|   2|0x0000000601800000, 0x0000000601835870, 0x0000000601c00000|  5%| O|  |TAMS 0x0000000601800000, 0x0000000601800000| Untracked 
|   3|0x0000000601c00000, 0x0000000601ce8458, 0x0000000602000000| 22%| O|  |TAMS 0x0000000601c00000, 0x0000000601c00000| Untracked 
|   4|0x0000000602000000, 0x00000006020718f8, 0x0000000602400000| 11%| O|  |TAMS 0x0000000602000000, 0x0000000602000000| Untracked 
|   5|0x0000000602400000, 0x000000060253b9e0, 0x0000000602800000| 30%| O|  |TAMS 0x0000000602400000, 0x0000000602400000| Untracked 
|   6|0x0000000602800000, 0x0000000602800000, 0x0000000602c00000|  0%| F|  |TAMS 0x0000000602800000, 0x0000000602800000| Untracked 
|   7|0x0000000602c00000, 0x0000000602c00000, 0x0000000603000000|  0%| F|  |TAMS 0x0000000602c00000, 0x0000000602c00000| Untracked 
|   8|0x0000000603000000, 0x0000000603000000, 0x0000000603400000|  0%| F|  |TAMS 0x0000000603000000, 0x0000000603000000| Untracked 
|   9|0x0000000603400000, 0x0000000603400000, 0x0000000603800000|  0%| F|  |TAMS 0x0000000603400000, 0x0000000603400000| Untracked 
|  10|0x0000000603800000, 0x0000000603800000, 0x0000000603c00000|  0%| F|  |TAMS 0x0000000603800000, 0x0000000603800000| Untracked 
|  11|0x0000000603c00000, 0x0000000603c00000, 0x0000000604000000|  0%| F|  |TAMS 0x0000000603c00000, 0x0000000603c00000| Untracked 
|  12|0x0000000604000000, 0x0000000604000000, 0x0000000604400000|  0%| F|  |TAMS 0x0000000604000000, 0x0000000604000000| Untracked 
|  13|0x0000000604400000, 0x0000000604400000, 0x0000000604800000|  0%| F|  |TAMS 0x0000000604400000, 0x0000000604400000| Untracked 
|  14|0x0000000604800000, 0x0000000604800000, 0x0000000604c00000|  0%| F|  |TAMS 0x0000000604800000, 0x0000000604800000| Untracked 
|  15|0x0000000604c00000, 0x0000000604c00000, 0x0000000605000000|  0%| F|  |TAMS 0x0000000604c00000, 0x0000000604c00000| Untracked 
|  16|0x0000000605000000, 0x0000000605000000, 0x0000000605400000|  0%| F|  |TAMS 0x0000000605000000, 0x0000000605000000| Untracked 
|  17|0x0000000605400000, 0x0000000605400000, 0x0000000605800000|  0%| F|  |TAMS 0x0000000605400000, 0x0000000605400000| Untracked 
|  18|0x0000000605800000, 0x0000000605800000, 0x0000000605c00000|  0%| F|  |TAMS 0x0000000605800000, 0x0000000605800000| Untracked 
|  19|0x0000000605c00000, 0x0000000605c589d0, 0x0000000606000000|  8%| E|  |TAMS 0x0000000605c00000, 0x0000000605c00000| Complete 

Card table byte_map: [0x0000013d4b840000,0x0000013d4c840000] _byte_map_base: 0x0000013d48838000

Marking Bits (Prev, Next): (CMBitMap*) 0x0000013d359b7880, (CMBitMap*) 0x0000013d359b7840
 Prev Bits: [0x0000013d55800000, 0x0000013d5d7c0000)
 Next Bits: [0x0000013d4d840000, 0x0000013d55800000)

Polling page: 0x0000013d359e0000

Metaspace:

Usage:
  Non-class:     14.29 MB used.
      Class:      1.23 MB used.
       Both:     15.52 MB used.

Virtual space:
  Non-class space:       16.00 MB reserved,      14.44 MB ( 90%) committed,  2 nodes.
      Class space:        1.00 GB reserved,       1.38 MB ( <1%) committed,  1 nodes.
             Both:        1.02 GB reserved,      15.81 MB (  2%) committed. 

Chunk freelists:
   Non-Class:  1.28 MB
       Class:  2.48 MB
        Both:  3.76 MB

MaxMetaspaceSize: unlimited
CompressedClassSpaceSize: 1.00 GB
Initial GC threshold: 21.00 MB
Current GC threshold: 26.19 MB
CDS: off
MetaspaceReclaimPolicy: balanced
 - commit_granule_bytes: 65536.
 - commit_granule_words: 8192.
 - virtual_space_node_default_size: 1048576.
 - enlarge_chunks_in_place: 1.
 - new_chunks_are_fully_committed: 0.
 - uncommit_free_chunks: 1.
 - use_allocation_guard: 0.
 - handle_deallocations: 1.


Internal statistics:

num_allocs_failed_limit: 0.
num_arena_births: 184.
num_arena_deaths: 0.
num_vsnodes_births: 3.
num_vsnodes_deaths: 0.
num_space_committed: 251.
num_space_uncommitted: 0.
num_chunks_returned_to_freelist: 0.
num_chunks_taken_from_freelist: 459.
num_chunk_merges: 0.
num_chunk_splits: 285.
num_chunks_enlarged: 189.
num_purges: 0.
num_inconsistent_stats: 0.

CodeHeap 'non-profiled nmethods': size=119168Kb used=308Kb max_used=308Kb free=118859Kb
 bounds [0x0000013d42420000, 0x0000013d42690000, 0x0000013d49880000]
CodeHeap 'profiled nmethods': size=119104Kb used=2255Kb max_used=2255Kb free=116848Kb
 bounds [0x0000013d3afd0000, 0x0000013d3b240000, 0x0000013d42420000]
CodeHeap 'non-nmethods': size=7488Kb used=3306Kb max_used=3322Kb free=4181Kb
 bounds [0x0000013d3a880000, 0x0000013d3abd0000, 0x0000013d3afd0000]
 total_blobs=2292 nmethods=1238 adapters=964
 compilation: enabled
              stopped_count=0, restarted_count=0
 full_count=0

Compilation events (20 events):
Event: 0.713 Thread 0x0000013d61a09a00 1228       3       java.lang.invoke.DirectMethodHandle::allocateInstance (16 bytes)
Event: 0.713 Thread 0x0000013d61a0bf20 1229       3       java.lang.invoke.DirectMethodHandle::constructorMethod (10 bytes)
Event: 0.713 Thread 0x0000013d61a0bf20 nmethod 1229 0x0000013d3b200c10 code [0x0000013d3b200da0, 0x0000013d3b200f98]
Event: 0.713 Thread 0x0000013d61a09a00 nmethod 1228 0x0000013d3b201090 code [0x0000013d3b201240, 0x0000013d3b201468]
Event: 0.713 Thread 0x0000013d61a0bf20 1230       3       java.lang.StringLatin1::inflate (10 bytes)
Event: 0.713 Thread 0x0000013d609a3380 1231       3       java.lang.StringUTF16::inflate (42 bytes)
Event: 0.713 Thread 0x0000013d61a0bf20 nmethod 1230 0x0000013d3b201590 code [0x0000013d3b201720, 0x0000013d3b201828]
Event: 0.714 Thread 0x0000013d609a3380 nmethod 1231 0x0000013d3b201910 code [0x0000013d3b201ae0, 0x0000013d3b201de8]
Event: 0.714 Thread 0x0000013d609a2a80 1232       4       jdk.internal.jimage.ImageLocation::readValue (61 bytes)
Event: 0.714 Thread 0x0000013d60b0f390 1233       1       java.nio.DirectByteBuffer::attachment (5 bytes)
Event: 0.714 Thread 0x0000013d60b0f390 nmethod 1233 0x0000013d4246c690 code [0x0000013d4246c820, 0x0000013d4246c8f8]
Event: 0.714 Thread 0x0000013d61a09a00 1234       3       java.lang.StringCoding::implEncodeAsciiArray (47 bytes)
Event: 0.715 Thread 0x0000013d61a09a00 nmethod 1234 0x0000013d3b202010 code [0x0000013d3b2021c0, 0x0000013d3b202418]
Event: 0.719 Thread 0x0000013d60b0f390 1236       3       jdk.internal.misc.Unsafe::getAndAddLong (27 bytes)
Event: 0.719 Thread 0x0000013d61a09a00 1237       3       jdk.internal.misc.Unsafe::weakCompareAndSetLong (11 bytes)
Event: 0.719 Thread 0x0000013d609a2a80 nmethod 1232 0x0000013d4246cd90 code [0x0000013d4246cf20, 0x0000013d4246d1f8]
Event: 0.719 Thread 0x0000013d61a09a00 nmethod 1237 0x0000013d3b202590 code [0x0000013d3b202720, 0x0000013d3b202858]
Event: 0.719 Thread 0x0000013d60b0f390 nmethod 1236 0x0000013d3b202910 code [0x0000013d3b202ac0, 0x0000013d3b202d08]
Event: 0.720 Thread 0x0000013d60b0f390 1238   !   3       jdk.internal.loader.URLClassPath$JarLoader::checkResource (78 bytes)
Event: 0.720 Thread 0x0000013d60b0f390 nmethod 1238 0x0000013d3b202e10 code [0x0000013d3b203060, 0x0000013d3b203aa8]

GC Heap History (2 events):
Event: 0.715 GC heap before
{Heap before GC invocations=0 (full 0):
 garbage-first heap   total 524288K, used 20480K [0x0000000601000000, 0x0000000800000000)
  region size 4096K, 6 young (24576K), 0 survivors (0K)
 Metaspace       used 15777K, committed 16064K, reserved 1064960K
  class space    used 1249K, committed 1408K, reserved 1048576K
}
Event: 0.719 GC heap after
{Heap after GC invocations=1 (full 1):
 garbage-first heap   total 81920K, used 2991K [0x0000000601000000, 0x0000000800000000)
  region size 4096K, 0 young (0K), 0 survivors (0K)
 Metaspace       used 15777K, committed 16064K, reserved 1064960K
  class space    used 1249K, committed 1408K, reserved 1048576K
}

Dll operation events (2 events):
Event: 0.004 Loaded shared library D:\Programming\JetBrains\apps\IDEA-U\ch-0\223.8617.56\jbr\bin\java.dll
Event: 0.078 Loaded shared library D:\Programming\JetBrains\apps\IDEA-U\ch-0\223.8617.56\jbr\bin\verify.dll

Deoptimization events (16 events):
Event: 0.505 Thread 0x0000013d3594bcc0 Uncommon trap: trap_request=0xffffff54 fr.pc=0x0000013d424570e0 relative=0x0000000000000060
Event: 0.505 Thread 0x0000013d3594bcc0 Uncommon trap: reason=speculate_null_assert action=make_not_entrant pc=0x0000013d424570e0 method=sun.misc.Unsafe.putLong(Ljava/lang/Object;JJ)V @ 7 c2
Event: 0.505 Thread 0x0000013d3594bcc0 DEOPT PACKING pc=0x0000013d424570e0 sp=0x000000175b8ff0e0
Event: 0.505 Thread 0x0000013d3594bcc0 DEOPT UNPACKING pc=0x0000013d3a8d23a3 sp=0x000000175b8ff058 mode 2
Event: 0.588 Thread 0x0000013d3594bcc0 Uncommon trap: trap_request=0xffffff45 fr.pc=0x0000013d424403c0 relative=0x0000000000000340
Event: 0.588 Thread 0x0000013d3594bcc0 Uncommon trap: reason=unstable_if action=reinterpret pc=0x0000013d424403c0 method=java.lang.StringUTF16.compress([CI[BII)I @ 20 c2
Event: 0.588 Thread 0x0000013d3594bcc0 DEOPT PACKING pc=0x0000013d424403c0 sp=0x000000175b8ff150
Event: 0.588 Thread 0x0000013d3594bcc0 DEOPT UNPACKING pc=0x0000013d3a8d23a3 sp=0x000000175b8ff0d0 mode 2
Event: 0.588 Thread 0x0000013d3594bcc0 Uncommon trap: trap_request=0xffffff45 fr.pc=0x0000013d4245a838 relative=0x0000000000000498
Event: 0.588 Thread 0x0000013d3594bcc0 Uncommon trap: reason=unstable_if action=reinterpret pc=0x0000013d4245a838 method=java.lang.AbstractStringBuilder.putStringAt(ILjava/lang/String;II)V @ 8 c2
Event: 0.588 Thread 0x0000013d3594bcc0 DEOPT PACKING pc=0x0000013d4245a838 sp=0x000000175b8ff370
Event: 0.588 Thread 0x0000013d3594bcc0 DEOPT UNPACKING pc=0x0000013d3a8d23a3 sp=0x000000175b8ff250 mode 2
Event: 0.588 Thread 0x0000013d3594bcc0 Uncommon trap: trap_request=0xffffff45 fr.pc=0x0000013d4245b354 relative=0x0000000000000134
Event: 0.588 Thread 0x0000013d3594bcc0 Uncommon trap: reason=unstable_if action=reinterpret pc=0x0000013d4245b354 method=java.lang.AbstractStringBuilder.putStringAt(ILjava/lang/String;II)V @ 8 c2
Event: 0.588 Thread 0x0000013d3594bcc0 DEOPT PACKING pc=0x0000013d4245b354 sp=0x000000175b8ff2f0
Event: 0.588 Thread 0x0000013d3594bcc0 DEOPT UNPACKING pc=0x0000013d3a8d23a3 sp=0x000000175b8ff238 mode 2

Classes unloaded (0 events):
No events

Classes redefined (0 events):
No events

Internal exceptions (20 events):
Event: 0.236 Thread 0x0000013d3594bcc0 Exception <a 'java/lang/NoSuchMethodError'{0x00000006204f9d58}: 'java.lang.Object java.lang.invoke.Invokers$Holder.linkToTargetMethod(java.lang.Object, long, java.lang.Object)'> (0x00000006204f9d58) 
thrown [s\src\hotspot\share\interpreter\linkResolver.cpp, line 771]
Event: 0.236 Thread 0x0000013d3594bcc0 Exception <a 'java/lang/NoSuchMethodError'{0x0000000620501540}: 'int java.lang.invoke.DirectMethodHandle$Holder.invokeStaticInit(java.lang.Object, java.lang.Object, java.lang.Object, long)'> (0x0000000620501540) 
thrown [s\src\hotspot\share\interpreter\linkResolver.cpp, line 771]
Event: 0.248 Thread 0x0000013d3594bcc0 Exception <a 'sun/nio/fs/WindowsException'{0x00000006205a0f48}> (0x00000006205a0f48) 
thrown [s\src\hotspot\share\prims\jni.cpp, line 517]
Event: 0.248 Thread 0x0000013d3594bcc0 Exception <a 'sun/nio/fs/WindowsException'{0x00000006205a12b8}> (0x00000006205a12b8) 
thrown [s\src\hotspot\share\prims\jni.cpp, line 517]
Event: 0.484 Thread 0x0000013d3594bcc0 Exception <a 'sun/nio/fs/WindowsException'{0x0000000620642ec8}> (0x0000000620642ec8) 
thrown [s\src\hotspot\share\prims\jni.cpp, line 517]
Event: 0.484 Thread 0x0000013d3594bcc0 Exception <a 'sun/nio/fs/WindowsException'{0x0000000620643278}> (0x0000000620643278) 
thrown [s\src\hotspot\share\prims\jni.cpp, line 517]
Event: 0.486 Thread 0x0000013d3594bcc0 Exception <a 'sun/nio/fs/WindowsException'{0x0000000620648568}> (0x0000000620648568) 
thrown [s\src\hotspot\share\prims\jni.cpp, line 517]
Event: 0.486 Thread 0x0000013d3594bcc0 Exception <a 'sun/nio/fs/WindowsException'{0x0000000620648850}> (0x0000000620648850) 
thrown [s\src\hotspot\share\prims\jni.cpp, line 517]
Event: 0.557 Thread 0x0000013d3594bcc0 Exception <a 'sun/nio/fs/WindowsException'{0x000000062029dc08}> (0x000000062029dc08) 
thrown [s\src\hotspot\share\prims\jni.cpp, line 517]
Event: 0.557 Thread 0x0000013d3594bcc0 Exception <a 'sun/nio/fs/WindowsException'{0x000000062029df90}> (0x000000062029df90) 
thrown [s\src\hotspot\share\prims\jni.cpp, line 517]
Event: 0.576 Thread 0x0000013d3594bcc0 Exception <a 'java/lang/NoSuchMethodError'{0x00000006202c3ba0}: 'java.lang.Object java.lang.invoke.DirectMethodHandle$Holder.newInvokeSpecial(java.lang.Object, long)'> (0x00000006202c3ba0) 
thrown [s\src\hotspot\share\interpreter\linkResolver.cpp, line 771]
Event: 0.585 Thread 0x0000013d3594bcc0 Exception <a 'java/lang/NoSuchMethodError'{0x000000062033e060}: 'int java.lang.invoke.DirectMethodHandle$Holder.invokeStaticInit(java.lang.Object, java.lang.Object, java.lang.Object)'> (0x000000062033e060) 
thrown [s\src\hotspot\share\interpreter\linkResolver.cpp, line 771]
Event: 0.589 Thread 0x0000013d3594bcc0 Exception <a 'java/lang/NoSuchMethodError'{0x0000000620399ee0}: 'void java.lang.invoke.DirectMethodHandle$Holder.invokeStaticInit(java.lang.Object, java.lang.Object)'> (0x0000000620399ee0) 
thrown [s\src\hotspot\share\interpreter\linkResolver.cpp, line 771]
Event: 0.629 Thread 0x0000013d3594bcc0 Exception <a 'sun/nio/fs/WindowsException'{0x000000061fe3ad68}> (0x000000061fe3ad68) 
thrown [s\src\hotspot\share\prims\jni.cpp, line 517]
Event: 0.629 Thread 0x0000013d3594bcc0 Exception <a 'sun/nio/fs/WindowsException'{0x000000061fe3b0f0}> (0x000000061fe3b0f0) 
thrown [s\src\hotspot\share\prims\jni.cpp, line 517]
Event: 0.634 Thread 0x0000013d3594bcc0 Exception <a 'java/lang/NoSuchMethodError'{0x000000061fe73a68}: 'void java.lang.invoke.DirectMethodHandle$Holder.invokeStatic(java.lang.Object, java.lang.Object, java.lang.Object, java.lang.Object)'> (0x000000061fe73a68) 
thrown [s\src\hotspot\share\interpreter\linkResolver.cpp, line 771]
Event: 0.635 Thread 0x0000013d3594bcc0 Exception <a 'java/lang/NoSuchMethodError'{0x000000061fe7aed0}: 'void java.lang.invoke.DirectMethodHandle$Holder.invokeStatic(java.lang.Object, java.lang.Object, java.lang.Object)'> (0x000000061fe7aed0) 
thrown [s\src\hotspot\share\interpreter\linkResolver.cpp, line 771]
Event: 0.707 Thread 0x0000013d3594bcc0 Exception <a 'java/lang/NoSuchMethodError'{0x000000061f8051b0}: 'java.lang.Object java.lang.invoke.DirectMethodHandle$Holder.invokeStatic(java.lang.Object, int, java.lang.Object)'> (0x000000061f8051b0) 
thrown [s\src\hotspot\share\interpreter\linkResolver.cpp, line 771]
Event: 0.709 Thread 0x0000013d3594bcc0 Exception <a 'java/lang/NoSuchMethodError'{0x000000061f823890}: 'void java.lang.invoke.DirectMethodHandle$Holder.invokeStatic(java.lang.Object, int, java.lang.Object)'> (0x000000061f823890) 
thrown [s\src\hotspot\share\interpreter\linkResolver.cpp, line 771]
Event: 0.711 Thread 0x0000013d3594bcc0 Exception <a 'java/lang/NoSuchMethodError'{0x000000061f8301d8}: 'void java.lang.invoke.DirectMethodHandle$Holder.invokeSpecial(java.lang.Object, java.lang.Object, int, java.lang.Object)'> (0x000000061f8301d8) 
thrown [s\src\hotspot\share\interpreter\linkResolver.cpp, line 771]

VM Operations (6 events):
Event: 0.073 Executing VM operation: HandshakeAllThreads
Event: 0.073 Executing VM operation: HandshakeAllThreads done
Event: 0.134 Executing VM operation: HandshakeAllThreads
Event: 0.134 Executing VM operation: HandshakeAllThreads done
Event: 0.715 Executing VM operation: G1CollectFull
Event: 0.719 Executing VM operation: G1CollectFull done

Events (20 events):
Event: 0.632 loading class sun/net/ProgressMeteringPolicy done
Event: 0.632 loading class sun/net/DefaultProgressMeteringPolicy done
Event: 0.640 loading class java/lang/invoke/BoundMethodHandle$Species_LLLLLLLLLL
Event: 0.640 loading class java/lang/invoke/BoundMethodHandle$Species_LLLLLLLLLL done
Event: 0.641 loading class jdk/internal/math/FloatingDecimal
Event: 0.641 loading class jdk/internal/math/FloatingDecimal done
Event: 0.641 loading class jdk/internal/math/FloatingDecimal$ExceptionalBinaryToASCIIBuffer
Event: 0.641 loading class jdk/internal/math/FloatingDecimal$BinaryToASCIIConverter
Event: 0.641 loading class jdk/internal/math/FloatingDecimal$BinaryToASCIIConverter done
Event: 0.641 loading class jdk/internal/math/FloatingDecimal$ExceptionalBinaryToASCIIBuffer done
Event: 0.641 loading class jdk/internal/math/FloatingDecimal$BinaryToASCIIBuffer
Event: 0.642 loading class jdk/internal/math/FloatingDecimal$BinaryToASCIIBuffer done
Event: 0.642 loading class jdk/internal/math/FloatingDecimal$1
Event: 0.642 loading class jdk/internal/math/FloatingDecimal$1 done
Event: 0.642 loading class jdk/internal/math/FloatingDecimal$PreparedASCIIToBinaryBuffer
Event: 0.642 loading class jdk/internal/math/FloatingDecimal$ASCIIToBinaryConverter
Event: 0.642 loading class jdk/internal/math/FloatingDecimal$ASCIIToBinaryConverter done
Event: 0.642 loading class jdk/internal/math/FloatingDecimal$PreparedASCIIToBinaryBuffer done
Event: 0.642 loading class jdk/internal/math/FDBigInteger
Event: 0.642 loading class jdk/internal/math/FDBigInteger done


Dynamic libraries:
0x00007ff706b60000 - 0x00007ff706b6a000 	D:\Programming\JetBrains\apps\IDEA-U\ch-0\223.8617.56\jbr\bin\java.exe
0x00007ffed9490000 - 0x00007ffed9688000 	C:\Windows\SYSTEM32\ntdll.dll
0x00007ffed7f30000 - 0x00007ffed7fef000 	C:\Windows\System32\KERNEL32.DLL
0x00007ffed6f50000 - 0x00007ffed7222000 	C:\Windows\System32\KERNELBASE.dll
0x00007ffed43a0000 - 0x00007ffed4431000 	C:\Windows\SYSTEM32\apphelp.dll
0x00007ffebad70000 - 0x00007ffebaddc000 	C:\Windows\SYSTEM32\AcGenral.DLL
0x00007ffed74d0000 - 0x00007ffed756e000 	C:\Windows\System32\msvcrt.dll
0x00007ffed8240000 - 0x00007ffed82dc000 	C:\Windows\System32\sechost.dll
0x00007ffed85c0000 - 0x00007ffed86e5000 	C:\Windows\System32\RPCRT4.dll
0x00007ffed8420000 - 0x00007ffed8475000 	C:\Windows\System32\SHLWAPI.dll
0x00007ffed75b0000 - 0x00007ffed7751000 	C:\Windows\System32\USER32.dll
0x00007ffed6b80000 - 0x00007ffed6ba2000 	C:\Windows\System32\win32u.dll
0x00007ffed9390000 - 0x00007ffed93bb000 	C:\Windows\System32\GDI32.dll
0x00007ffed73c0000 - 0x00007ffed74cf000 	C:\Windows\System32\gdi32full.dll
0x00007ffed7230000 - 0x00007ffed72cd000 	C:\Windows\System32\msvcp_win.dll
0x00007ffed6bb0000 - 0x00007ffed6cb0000 	C:\Windows\System32\ucrtbase.dll
0x00007ffed8110000 - 0x00007ffed823a000 	C:\Windows\System32\ole32.dll
0x00007ffed8fd0000 - 0x00007ffed9325000 	C:\Windows\System32\combase.dll
0x00007ffed8800000 - 0x00007ffed8f44000 	C:\Windows\System32\SHELL32.dll
0x00007ffed8750000 - 0x00007ffed87fe000 	C:\Windows\System32\ADVAPI32.dll
0x00007ffed6a80000 - 0x00007ffed6aae000 	C:\Windows\SYSTEM32\USERENV.dll
0x00007ffec5550000 - 0x00007ffec556d000 	C:\Windows\SYSTEM32\MPR.dll
0x00007ffed6a40000 - 0x00007ffed6a72000 	C:\Windows\SYSTEM32\SspiCli.dll
0x00007ffed7570000 - 0x00007ffed75a2000 	C:\Windows\System32\IMM32.DLL
0x00007ffecd990000 - 0x00007ffecd9a7000 	D:\Programming\JetBrains\apps\IDEA-U\ch-0\223.8617.56\jbr\bin\jli.dll
0x00007ffece1e0000 - 0x00007ffece1fb000 	D:\Programming\JetBrains\apps\IDEA-U\ch-0\223.8617.56\jbr\bin\VCRUNTIME140.dll
0x00007ffecb890000 - 0x00007ffecbb2a000 	C:\Windows\WinSxS\amd64_microsoft.windows.common-controls_6595b64144ccf1df_6.0.19041.1110_none_60b5254171f9507e\COMCTL32.dll
0x00007ffed2100000 - 0x00007ffed210c000 	D:\Programming\JetBrains\apps\IDEA-U\ch-0\223.8617.56\jbr\bin\vcruntime140_1.dll
0x00007ffeaeca0000 - 0x00007ffeaed2d000 	D:\Programming\JetBrains\apps\IDEA-U\ch-0\223.8617.56\jbr\bin\msvcp140.dll
0x00007ffe783b0000 - 0x00007ffe7901b000 	D:\Programming\JetBrains\apps\IDEA-U\ch-0\223.8617.56\jbr\bin\server\jvm.dll
0x00007ffeb8b90000 - 0x00007ffeb8b99000 	C:\Windows\SYSTEM32\WSOCK32.dll
0x00007ffece260000 - 0x00007ffece287000 	C:\Windows\SYSTEM32\WINMM.dll
0x00007ffed0de0000 - 0x00007ffed0dea000 	C:\Windows\SYSTEM32\VERSION.dll
0x00007ffed82f0000 - 0x00007ffed835b000 	C:\Windows\System32\WS2_32.dll
0x00007ffed4a60000 - 0x00007ffed4a72000 	C:\Windows\SYSTEM32\kernel.appcore.dll
0x00007ffecdb80000 - 0x00007ffecdb8a000 	D:\Programming\JetBrains\apps\IDEA-U\ch-0\223.8617.56\jbr\bin\jimage.dll
0x00007ffecc700000 - 0x00007ffecc8e4000 	C:\Windows\SYSTEM32\DBGHELP.DLL
0x00007ffec5120000 - 0x00007ffec5155000 	C:\Windows\SYSTEM32\dbgcore.DLL
0x00007ffed6ec0000 - 0x00007ffed6f42000 	C:\Windows\System32\bcryptPrimitives.dll
0x00007ffecdb50000 - 0x00007ffecdb75000 	D:\Programming\JetBrains\apps\IDEA-U\ch-0\223.8617.56\jbr\bin\java.dll
0x00007ffecdb30000 - 0x00007ffecdb48000 	D:\Programming\JetBrains\apps\IDEA-U\ch-0\223.8617.56\jbr\bin\zip.dll
0x00007ffed4c60000 - 0x00007ffed53f2000 	C:\Windows\SYSTEM32\windows.storage.dll
0x00007ffed65e0000 - 0x00007ffed6610000 	C:\Windows\SYSTEM32\Wldp.dll
0x00007ffed8360000 - 0x00007ffed840d000 	C:\Windows\System32\SHCORE.dll
0x00007ffed6ac0000 - 0x00007ffed6adf000 	C:\Windows\SYSTEM32\profapi.dll
0x00007ffecdb10000 - 0x00007ffecdb29000 	D:\Programming\JetBrains\apps\IDEA-U\ch-0\223.8617.56\jbr\bin\net.dll
0x00007ffed0250000 - 0x00007ffed035c000 	C:\Windows\SYSTEM32\WINHTTP.dll
0x00007ffed62d0000 - 0x00007ffed633a000 	C:\Windows\system32\mswsock.dll
0x00007ffecdaf0000 - 0x00007ffecdb06000 	D:\Programming\JetBrains\apps\IDEA-U\ch-0\223.8617.56\jbr\bin\nio.dll
0x00007ffecdae0000 - 0x00007ffecdaf0000 	D:\Programming\JetBrains\apps\IDEA-U\ch-0\223.8617.56\jbr\bin\verify.dll
0x00007ffea2ef0000 - 0x00007ffea2f65000 	C:\Users\stuka\AppData\Local\Temp\lwjglstuka\3.3.1-SNAPSHOT\lwjgl.dll
0x00007ffea8480000 - 0x00007ffea84e1000 	C:\Users\stuka\AppData\Local\Temp\lwjglstuka\3.3.1-SNAPSHOT\glfw.dll
0x00007ffec5ad0000 - 0x00007ffec5b15000 	C:\Windows\SYSTEM32\dinput8.dll
0x00007ffead5c0000 - 0x00007ffead5d1000 	C:\Windows\SYSTEM32\xinput1_4.dll
0x00007ffed72d0000 - 0x00007ffed731e000 	C:\Windows\System32\cfgmgr32.dll
0x00007ffed6930000 - 0x00007ffed695c000 	C:\Windows\SYSTEM32\DEVOBJ.dll
0x00007ffed4770000 - 0x00007ffed479f000 	C:\Windows\SYSTEM32\dwmapi.dll
0x00007ffec4500000 - 0x00007ffec4652000 	C:\Windows\SYSTEM32\inputhost.dll
0x00007ffed7760000 - 0x00007ffed782d000 	C:\Windows\System32\OLEAUT32.dll
0x00007ffed4090000 - 0x00007ffed4182000 	C:\Windows\SYSTEM32\CoreMessaging.dll
0x00007ffed24a0000 - 0x00007ffed2596000 	C:\Windows\SYSTEM32\PROPSYS.dll
0x00007ffed3660000 - 0x00007ffed37b4000 	C:\Windows\SYSTEM32\wintypes.dll
0x00007ffed3d30000 - 0x00007ffed408e000 	C:\Windows\SYSTEM32\CoreUIComponents.dll
0x00007ffed5ca0000 - 0x00007ffed5cd3000 	C:\Windows\SYSTEM32\ntmarta.dll
0x00007ffed4540000 - 0x00007ffed45de000 	C:\Windows\system32\uxtheme.dll
0x00007ffed84a0000 - 0x00007ffed85b5000 	C:\Windows\System32\MSCTF.dll
0x00007ffeaafd0000 - 0x00007ffeab0f5000 	C:\Windows\SYSTEM32\opengl32.dll
0x00007ffecbf70000 - 0x00007ffecbf9c000 	C:\Windows\SYSTEM32\GLU32.dll
0x00007ffed8000000 - 0x00007ffed80af000 	C:\Windows\System32\clbcatq.dll
0x00007ffe529f0000 - 0x00007ffe56324000 	C:\Windows\System32\DriverStore\FileRepository\nv_dispi.inf_amd64_d1bd230cd08e7436\nvoglv64.dll
0x00007ffed7ac0000 - 0x00007ffed7f28000 	C:\Windows\System32\SETUPAPI.dll
0x00007ffed7390000 - 0x00007ffed73b7000 	C:\Windows\System32\bcrypt.dll
0x00007ffed26b0000 - 0x00007ffed26c4000 	C:\Windows\SYSTEM32\WTSAPI32.dll
0x00007ffed6770000 - 0x00007ffed6782000 	C:\Windows\SYSTEM32\msasn1.dll
0x00007ffed09d0000 - 0x00007ffed0a01000 	C:\Windows\SYSTEM32\cryptnet.dll
0x00007ffed6d60000 - 0x00007ffed6eb6000 	C:\Windows\System32\CRYPT32.dll
0x00007ffed0a40000 - 0x00007ffed0b88000 	C:\Windows\SYSTEM32\drvstore.dll
0x00007ffed64e0000 - 0x00007ffed64ec000 	C:\Windows\SYSTEM32\cryptbase.dll
0x00007ffed7320000 - 0x00007ffed7389000 	C:\Windows\System32\WINTRUST.dll
0x00007ffed0990000 - 0x00007ffed09cb000 	C:\Windows\SYSTEM32\dxcore.dll
0x00007ffea4e80000 - 0x00007ffea514f000 	C:\Windows\system32\nvspcap64.dll
0x00007ffed6590000 - 0x00007ffed65db000 	C:\Windows\SYSTEM32\powrprof.dll
0x00007ffed6570000 - 0x00007ffed6582000 	C:\Windows\SYSTEM32\UMPDC.dll
0x00007ffed5f90000 - 0x00007ffed5ff4000 	C:\Windows\SYSTEM32\WINSTA.dll
0x00007ffe7f0f0000 - 0x00007ffe7f188000 	C:\ProgramData\FPSMonitor\hooks\fps-mon64.dll
0x00007ffec9f70000 - 0x00007ffeca069000 	C:\Windows\SYSTEM32\textinputframework.dll
0x00007ffea2e90000 - 0x00007ffea2eed000 	C:\Users\stuka\AppData\Local\Temp\lwjglstuka\3.3.1-SNAPSHOT\lwjgl_opengl.dll
0x00007ffe77370000 - 0x00007ffe77507000 	C:\Users\stuka\AppData\Local\Temp\lwjglstuka\3.3.1-SNAPSHOT\OpenAL.dll
0x00007ffed0c40000 - 0x00007ffed0cc5000 	C:\Windows\System32\MMDevApi.dll
0x00007ffed0760000 - 0x00007ffed08e2000 	C:\Windows\SYSTEM32\AUDIOSES.DLL
0x00007ffed4670000 - 0x00007ffed4684000 	C:\Windows\SYSTEM32\resourcepolicyclient.dll
0x00007ffe97710000 - 0x00007ffe97791000 	C:\Users\stuka\AppData\Local\Temp\lwjglstuka\3.3.1-SNAPSHOT\lwjgl_stb.dll

dbghelp: loaded successfully - version: 4.0.5 - missing functions: none
symbol engine: initialized successfully - sym options: 0x614 - pdb path: .;D:\Programming\JetBrains\apps\IDEA-U\ch-0\223.8617.56\jbr\bin;C:\Windows\SYSTEM32;C:\Windows\WinSxS\amd64_microsoft.windows.common-controls_6595b64144ccf1df_6.0.19041.1110_none_60b5254171f9507e;D:\Programming\JetBrains\apps\IDEA-U\ch-0\223.8617.56\jbr\bin\server;C:\Users\stuka\AppData\Local\Temp\lwjglstuka\3.3.1-SNAPSHOT;C:\Windows\System32\DriverStore\FileRepository\nv_dispi.inf_amd64_d1bd230cd08e7436;C:\ProgramData\FPSMonitor\hooks

VM Arguments:
jvm_args: -Dfile.encoding=windows-1251 -Duser.country=RU -Duser.language=ru -Duser.variant 
java_command: SungearEngine2D.Main.Main
java_class_path (initial): D:\Pixelfield\SungearEngine2D\Engine\build\classes\java\main;D:\Pixelfield\SungearEngine2D\Engine\build\resources\main;D:\Pixelfield\SungearEngine2D\Engine\libs\Core2D.jar;D:\Pixelfield\SungearEngine2D\Engine\libs\imgui-app-1.84.1.3.jar
Launcher Type: SUN_STANDARD

[Global flags]
     intx CICompilerCount                          = 12                                        {product} {ergonomic}
     uint ConcGCThreads                            = 3                                         {product} {ergonomic}
     uint G1ConcRefinementThreads                  = 13                                        {product} {ergonomic}
   size_t G1HeapRegionSize                         = 4194304                                   {product} {ergonomic}
    uintx GCDrainStackTargetSize                   = 64                                        {product} {ergonomic}
   size_t InitialHeapSize                          = 536870912                                 {product} {ergonomic}
   size_t MarkStackSize                            = 4194304                                   {product} {ergonomic}
   size_t MaxHeapSize                              = 8573157376                                {product} {ergonomic}
   size_t MaxNewSize                               = 5142216704                                {product} {ergonomic}
   size_t MinHeapDeltaBytes                        = 4194304                                   {product} {ergonomic}
   size_t MinHeapSize                              = 8388608                                   {product} {ergonomic}
    uintx NonNMethodCodeHeapSize                   = 7602480                                {pd product} {ergonomic}
    uintx NonProfiledCodeHeapSize                  = 122027880                              {pd product} {ergonomic}
    uintx ProfiledCodeHeapSize                     = 122027880                              {pd product} {ergonomic}
    uintx ReservedCodeCacheSize                    = 251658240                              {pd product} {ergonomic}
     bool SegmentedCodeCache                       = true                                      {product} {ergonomic}
   size_t SoftMaxHeapSize                          = 8573157376                             {manageable} {ergonomic}
     bool UseCompressedClassPointers               = true                           {product lp64_product} {ergonomic}
     bool UseCompressedOops                        = true                           {product lp64_product} {ergonomic}
     bool UseG1GC                                  = true                                      {product} {ergonomic}
     bool UseLargePagesIndividualAllocation        = false                                  {pd product} {ergonomic}

Logging:
Log output configuration:
 #0: stdout all=warning uptime,level,tags
 #1: stderr all=off uptime,level,tags

Environment Variables:
JAVA_HOME=C:\Program Files\Java\jdk-17
PATH=C:\Program Files\Common Files\Oracle\Java\javapath;C:\Program Files (x86)\Common Files\Oracle\Java\javapath;C:\Windows\system32;C:\Windows;C:\Windows\System32\Wbem;C:\Windows\System32\WindowsPowerShell\v1.0\;C:\Windows\System32\OpenSSH\;C:\Program Files (x86)\NVIDIA Corporation\PhysX\Common;C:\Program Files\NVIDIA Corporation\NVIDIA NvDLISR;C:\Program Files\dotnet\;C:\Program Files\Java\jdk-17;D:\Python\Scripts\;D:\Python\;C:\Users\stuka\AppData\Local\Microsoft\WindowsApps;C:\Users\stuka\AppData\Local\JetBrains\Toolbox\scripts;C:\Users\stuka\AppData\Local\GitHubDesktop\bin;C:\Users\stuka\.dotnet\tools
USERNAME=stuka
OS=Windows_NT
PROCESSOR_IDENTIFIER=AMD64 Family 25 Model 33 Stepping 2, AuthenticAMD
TMP=C:\Users\stuka\AppData\Local\Temp
TEMP=C:\Users\stuka\AppData\Local\Temp



---------------  S Y S T E M  ---------------

OS:
 Windows 10 , 64 bit Build 19041 (10.0.19041.2364)
OS uptime: 1 days 2:47 hours

CPU: total 16 (initial active 16) (16 cores per cpu, 2 threads per core) family 25 model 33 stepping 2 microcode 0x0, cx8, cmov, fxsr, ht, mmx, 3dnowpref, sse, sse2, sse3, ssse3, sse4a, sse4.1, sse4.2, popcnt, lzcnt, tsc, tscinvbit, avx, avx2, aes, erms, clmul, bmi1, bmi2, adx, sha, fma, vzeroupper, clflush, clflushopt

Memory: 4k page, system-wide physical 32694M (19658M free)
TotalPageFile size 37558M (AvailPageFile size 20639M)
current process WorkingSet (physical memory assigned to process): 152M, peak: 178M
current process commit charge ("private bytes"): 364M, peak: 831M

vm_info: OpenJDK 64-Bit Server VM (17.0.5+1-b653.25) for windows-amd64 JRE (17.0.5+1-b653.25), built on 2023-01-04 by "builduser" with MS VC++ 16.10 / 16.11 (VS2019)

END.
