#
# A fatal error has been detected by the Java Runtime Environment:
#
#  EXCEPTION_ACCESS_VIOLATION (0xc0000005) at pc=0x0000000059a091b4, pid=9428, tid=11496
#
# JRE version: OpenJDK Runtime Environment Zulu15.36+13-CA (15.0.5+3) (build 15.0.5+3-MTS)
# Java VM: OpenJDK 64-Bit Server VM Zulu15.36+13-CA (15.0.5+3-MTS, mixed mode, sharing, tiered, compressed oops, g1 gc, windows-amd64)
# Problematic frame:
# C  [nvoglv64.DLL+0xd591b4]
#
# No core dump will be written. Minidumps are not enabled by default on client versions of Windows
#
# If you would like to submit a bug report, please visit:
#   http://www.azul.com/support/
# The crash happened outside the Java Virtual Machine in native code.
# See problematic frame for where to report the bug.
#

---------------  S U M M A R Y ------------

Command Line: -javaagent:D:\IntelliJ IDEA 2021.3.3 Ultimate\lib\idea_rt.jar=54480:D:\IntelliJ IDEA 2021.3.3 Ultimate\bin -Dfile.encoding=UTF-8 SungearEngine2D.Main.Main

Host: Intel(R) Pentium(R) CPU G3220 @ 3.00GHz, 2 cores, 7G,  Windows 10 , 64 bit Build 19041 (10.0.19041.1645)
Time: Tue May 10 19:29:41 2022 RTZ 2 (ÁËÏ‡) elapsed time: 3.477191 seconds (0d 0h 0m 3s)

---------------  T H R E A D  ---------------

Current thread (0x0000017c40a6f0f0):  JavaThread "main" [_thread_in_native, id=11496, stack(0x0000006390b00000,0x0000006390c00000)]

Stack: [0x0000006390b00000,0x0000006390c00000],  sp=0x0000006390bfefa8,  free space=1019k
Native frames: (J=compiled Java code, j=interpreted, Vv=VM code, C=native code)
C  [nvoglv64.DLL+0xd591b4]

Java frames: (J=compiled Java code, j=interpreted, Vv=VM code)
j  org.lwjgl.opengl.GL31C.nglDrawElementsInstanced(IIIJI)V+0
j  org.lwjgl.opengl.GL31C.glDrawElementsInstanced(IIIJI)V+6
j  Core2D.Instancing.Primitives.LinesInstancing.Draw()V+113
j  SungearEngine2D.Grid.Grid.Draw()V+3
j  SungearEngine2D.Main.Main$1.onDrawFrame()V+9
j  Core2D.Core2D.Graphics.Draw()V+46
j  Core2D.Core2D.Core2D.Run()V+42
j  Core2D.Core2D.Core2D.Start(Ljava/lang/String;)V+27
j  SungearEngine2D.Main.Main.main([Ljava/lang/String;)V+18
v  ~StubRoutines::call_stub

siginfo: EXCEPTION_ACCESS_VIOLATION (0xc0000005), reading address 0x0000000000000000


Register to memory mapping:

RIP=0x0000000059a091b4 nvoglv64.DLL
RAX=0x0000000059a091b4 nvoglv64.DLL
RBX=0x0000017c6afdf080 points into unknown readable memory: 0x0000000000000000 | 00 00 00 00 00 00 00 00
RCX=0x0000017c6e96de24 points into unknown readable memory: 00 00 00 00
RDX=0x0 is NULL
RSP=0x0000006390bfefa8 is pointing into the stack for thread: 0x0000017c40a6f0f0
RBP=0x0000000000000004 is an unknown value
RSI=0x0000000000000002 is an unknown value
RDI=0x0000000000000024 is an unknown value
R8 =0x0000000000000004 is an unknown value
R9 =0x0000000058cb0000 nvoglv64.DLL
R10=0x0000017c6e96de24 points into unknown readable memory: 00 00 00 00
R11=0x0000017c6e96de24 points into unknown readable memory: 00 00 00 00
R12=0x0 is NULL
R13={method} {0x0000017c61249098} 'nglDrawElementsInstanced' '(IIIJI)V' in 'org/lwjgl/opengl/GL31C'
R14=0x0000000000001403 is an unknown value
R15=0x0000000000000001 is an unknown value


Registers:
RAX=0x0000000059a091b4, RBX=0x0000017c6afdf080, RCX=0x0000017c6e96de24, RDX=0x0000000000000000
RSP=0x0000006390bfefa8, RBP=0x0000000000000004, RSI=0x0000000000000002, RDI=0x0000000000000024
R8 =0x0000000000000004, R9 =0x0000000058cb0000, R10=0x0000017c6e96de24, R11=0x0000017c6e96de24
R12=0x0000000000000000, R13=0x0000017c61249090, R14=0x0000000000001403, R15=0x0000000000000001
RIP=0x0000000059a091b4, EFLAGS=0x0000000000010206

Top of Stack: (sp=0x0000006390bfefa8)
0x0000006390bfefa8:   000000005927d0bb 0000017c4a7aa1aa
0x0000006390bfefb8:   0000017c4a7aee17 0000000000000100
0x0000006390bfefc8:   0000017c61249090 0000017c40a6f0f0
0x0000006390bfefd8:   0000006390bff0d8 0000000000000000
0x0000006390bfefe8:   0000017c4a7aefc2 0000006390bff090
0x0000006390bfeff8:   0000017c4a7aa1aa 0000017c61249090
0x0000006390bff008:   0000000000000148 0000017c000003ea
0x0000006390bff018:   0000000000000000 0000017c000003ea
0x0000006390bff028:   0000000000000148 0000017c4a7aa1aa
0x0000006390bff038:   00007ffcb8b8a8fc 0000017c4a7aec76
0x0000006390bff048:   0000006390bff048 0000017c61249090
0x0000006390bff058:   0000006390bff0d8 0000017c61300040
0x0000006390bff068:   0000000000000000 00000000899da4d8
0x0000006390bff078:   0000017c61249090 0000000000000000
0x0000006390bff088:   0000006390bff0b0 0000006390bff128
0x0000006390bff098:   0000017c4a7aa1aa 00000000899da4d8 

Instructions: (pc=0x0000000059a091b4)
0x0000000059a090b4:   f6 c1 01 74 0b 8a 04 0a 49 ff c8 88 01 48 ff c1
0x0000000059a090c4:   f6 c1 02 74 0f 66 8b 04 0a 49 83 e8 02 66 89 01
0x0000000059a090d4:   48 83 c1 02 f6 c1 04 74 0d 8b 04 0a 49 83 e8 04
0x0000000059a090e4:   89 01 48 83 c1 04 4d 8b c8 49 c1 e9 05 0f 85 d9
0x0000000059a090f4:   01 00 00 4d 8b c8 49 c1 e9 03 74 14 48 8b 04 0a
0x0000000059a09104:   48 89 01 48 83 c1 08 49 ff c9 75 f0 49 83 e0 07
0x0000000059a09114:   4d 85 c0 75 07 49 8b c3 c3 0f 1f 00 48 8d 14 0a
0x0000000059a09124:   4c 8b d1 eb 03 4d 8b d3 4c 8d 0d cd 6e 2a ff 43
0x0000000059a09134:   8b 84 81 40 91 d5 00 49 03 c1 ff e0 84 91 d5 00
0x0000000059a09144:   88 91 d5 00 93 91 d5 00 9f 91 d5 00 b4 91 d5 00
0x0000000059a09154:   bd 91 d5 00 cf 91 d5 00 e2 91 d5 00 fe 91 d5 00
0x0000000059a09164:   08 92 d5 00 1b 92 d5 00 2f 92 d5 00 4c 92 d5 00
0x0000000059a09174:   5d 92 d5 00 77 92 d5 00 92 92 d5 00 b6 92 d5 00
0x0000000059a09184:   49 8b c3 c3 48 0f b6 02 41 88 02 49 8b c3 c3 48
0x0000000059a09194:   0f b7 02 66 41 89 02 49 8b c3 c3 48 0f b6 02 48
0x0000000059a091a4:   0f b7 4a 01 41 88 02 66 41 89 4a 01 49 8b c3 c3
0x0000000059a091b4:   8b 02 41 89 02 49 8b c3 c3 48 0f b6 02 8b 4a 01
0x0000000059a091c4:   41 88 02 41 89 4a 01 49 8b c3 c3 48 0f b7 02 8b
0x0000000059a091d4:   4a 02 66 41 89 02 41 89 4a 02 49 8b c3 c3 48 0f
0x0000000059a091e4:   b6 02 48 0f b7 4a 01 8b 52 03 41 88 02 66 41 89
0x0000000059a091f4:   4a 01 41 89 52 03 49 8b c3 c3 48 8b 02 49 89 02
0x0000000059a09204:   49 8b c3 c3 48 0f b6 02 48 8b 4a 01 41 88 02 49
0x0000000059a09214:   89 4a 01 49 8b c3 c3 48 0f b7 02 48 8b 4a 02 66
0x0000000059a09224:   41 89 02 49 89 4a 02 49 8b c3 c3 48 0f b6 02 48
0x0000000059a09234:   0f b7 4a 01 48 8b 52 03 41 88 02 66 41 89 4a 01
0x0000000059a09244:   49 89 52 03 49 8b c3 c3 8b 02 48 8b 4a 04 41 89
0x0000000059a09254:   02 49 89 4a 04 49 8b c3 c3 48 0f b6 02 8b 4a 01
0x0000000059a09264:   48 8b 52 05 41 88 02 41 89 4a 01 49 89 52 05 49
0x0000000059a09274:   8b c3 c3 48 0f b7 02 8b 4a 02 48 8b 52 06 66 41
0x0000000059a09284:   89 02 41 89 4a 02 49 89 52 06 49 8b c3 c3 4c 0f
0x0000000059a09294:   b6 02 48 0f b7 42 01 8b 4a 03 48 8b 52 07 45 88
0x0000000059a092a4:   02 66 41 89 42 01 41 89 4a 03 49 89 52 07 49 8b 


Stack slot to memory mapping:
stack at sp + 0 slots: 0x000000005927d0bb nvoglv64.DLL
stack at sp + 1 slots: 0x0000017c4a7aa1aa is at code_begin+2346 in an Interpreter codelet
invoke return entry points  [0x0000017c4a7a9880, 0x0000017c4a7aa280]  2560 bytes
stack at sp + 2 slots: 0x0000017c4a7aee17 is at code_begin+599 in an Interpreter codelet
method entry point (kind = native)  [0x0000017c4a7aebc0, 0x0000017c4a7af620]  2656 bytes
stack at sp + 3 slots: 0x0000000000000100 is an unknown value
stack at sp + 4 slots: {method} {0x0000017c61249098} 'nglDrawElementsInstanced' '(IIIJI)V' in 'org/lwjgl/opengl/GL31C'
stack at sp + 5 slots: 0x0000017c40a6f0f0 is a thread
stack at sp + 6 slots: 0x0000006390bff0d8 is pointing into the stack for thread: 0x0000017c40a6f0f0
stack at sp + 7 slots: 0x0 is NULL


---------------  P R O C E S S  ---------------

Threads class SMR info:
_java_thread_list=0x0000017c615818e0, length=12, elements={
0x0000017c40a6f0f0, 0x0000017c60a81e90, 0x0000017c60a85a80, 0x0000017c60aa0810,
0x0000017c60aa42e0, 0x0000017c60aa4d90, 0x0000017c60aa5c20, 0x0000017c60b0b240,
0x0000017c60b0dff0, 0x0000017c60a6eef0, 0x0000017c614f8a60, 0x0000017c614f8f30
}

Java Threads: ( => current thread )
=>0x0000017c40a6f0f0 JavaThread "main" [_thread_in_native, id=11496, stack(0x0000006390b00000,0x0000006390c00000)]
  0x0000017c60a81e90 JavaThread "Reference Handler" daemon [_thread_blocked, id=13116, stack(0x0000006391200000,0x0000006391300000)]
  0x0000017c60a85a80 JavaThread "Finalizer" daemon [_thread_blocked, id=10384, stack(0x0000006391300000,0x0000006391400000)]
  0x0000017c60aa0810 JavaThread "Signal Dispatcher" daemon [_thread_blocked, id=18752, stack(0x0000006391400000,0x0000006391500000)]
  0x0000017c60aa42e0 JavaThread "Attach Listener" daemon [_thread_blocked, id=10764, stack(0x0000006391500000,0x0000006391600000)]
  0x0000017c60aa4d90 JavaThread "Service Thread" daemon [_thread_blocked, id=18524, stack(0x0000006391600000,0x0000006391700000)]
  0x0000017c60aa5c20 JavaThread "C2 CompilerThread0" daemon [_thread_blocked, id=1820, stack(0x0000006391700000,0x0000006391800000)]
  0x0000017c60b0b240 JavaThread "C1 CompilerThread0" daemon [_thread_blocked, id=15608, stack(0x0000006391800000,0x0000006391900000)]
  0x0000017c60b0dff0 JavaThread "Sweeper thread" daemon [_thread_blocked, id=19436, stack(0x0000006391900000,0x0000006391a00000)]
  0x0000017c60a6eef0 JavaThread "Common-Cleaner" daemon [_thread_blocked, id=11800, stack(0x0000006391a00000,0x0000006391b00000)]
  0x0000017c614f8a60 JavaThread "Monitor Ctrl-Break" daemon [_thread_in_native, id=18260, stack(0x0000006391b00000,0x0000006391c00000)]
  0x0000017c614f8f30 JavaThread "Notification Thread" daemon [_thread_blocked, id=21316, stack(0x0000006391c00000,0x0000006391d00000)]

Other Threads:
  0x0000017c60a7d5f0 VMThread "VM Thread" [stack: 0x0000006391100000,0x0000006391200000] [id=3000]
  0x0000017c40a70220 WatcherThread [stack: 0x0000006391d00000,0x0000006391e00000] [id=18372]
  0x0000017c40aafad0 GCTaskThread "GC Thread#0" [stack: 0x0000006390c00000,0x0000006390d00000] [id=20776]
  0x0000017c6154f450 GCTaskThread "GC Thread#1" [stack: 0x0000006391e00000,0x0000006391f00000] [id=14320]
  0x0000017c40ac08e0 ConcurrentGCThread "G1 Main Marker" [stack: 0x0000006390d00000,0x0000006390e00000] [id=19004]
  0x0000017c40ac25b0 ConcurrentGCThread "G1 Conc#0" [stack: 0x0000006390e00000,0x0000006390f00000] [id=8560]
  0x0000017c40b30290 ConcurrentGCThread "G1 Refine#0" [stack: 0x0000006390f00000,0x0000006391000000] [id=11548]
  0x0000017c615c0bf0 ConcurrentGCThread "G1 Refine#1" [stack: 0x0000006391f00000,0x0000006392000000] [id=21492]
  0x0000017c40b30e90 ConcurrentGCThread "G1 Young RemSet Sampling" [stack: 0x0000006391000000,0x0000006391100000] [id=18504]

Threads with active compile tasks:

VM state: not at safepoint (normal execution)

VM Mutex/Monitor currently owned by a thread: None

Heap address: 0x0000000081a00000, size: 2022 MB, Compressed Oops mode: 32-bit
CDS archive(s) mapped at: [0x0000000800000000-0x0000000800b50000-0x0000000800b50000), size 11862016, SharedBaseAddress: 0x0000000800000000, ArchiveRelocationMode: 0.
Compressed class space mapped at: 0x0000000800b50000-0x0000000840b50000, size: 1073741824
Narrow klass base: 0x0000000800000000, Narrow klass shift: 3, Narrow klass range: 0x100000000

GC Precious Log:
 CPUs: 2 total, 2 available
 Memory: 8087M
 Large Page Support: Disabled
 NUMA Support: Disabled
 Compressed Oops: Enabled (32-bit)
 Heap Region Size: 1M
 Heap Min Capacity: 8M
 Heap Initial Capacity: 128M
 Heap Max Capacity: 2022M
 Pre-touch: Disabled
 Parallel Workers: 2
 Concurrent Workers: 1
 Concurrent Refinement Workers: 2
 Periodic GC: Disabled

Heap:
 garbage-first heap   total 131072K, used 11397K [0x0000000081a00000, 0x0000000100000000)
  region size 1024K, 11 young (11264K), 1 survivors (1024K)
 Metaspace       used 9054K, capacity 10927K, committed 11008K, reserved 1058816K
  class space    used 545K, capacity 740K, committed 768K, reserved 1048576K

Heap Regions: E=young(eden), S=young(survivor), O=old, HS=humongous(starts), HC=humongous(continues), CS=collection set, F=free, OA=open archive, CA=closed archive, TAMS=top-at-mark-start (previous, next)
|   0|0x0000000081a00000, 0x0000000081b00000, 0x0000000081b00000|100%| O|  |TAMS 0x0000000081a00000, 0x0000000081a00000| Untracked 
|   1|0x0000000081b00000, 0x0000000081c00000, 0x0000000081c00000|100%| O|  |TAMS 0x0000000081b00000, 0x0000000081b00000| Untracked 
|   2|0x0000000081c00000, 0x0000000081c52200, 0x0000000081d00000| 32%| O|  |TAMS 0x0000000081c00000, 0x0000000081c00000| Untracked 
|   3|0x0000000081d00000, 0x0000000081d00000, 0x0000000081e00000|  0%| F|  |TAMS 0x0000000081d00000, 0x0000000081d00000| Untracked 
|   4|0x0000000081e00000, 0x0000000081e00000, 0x0000000081f00000|  0%| F|  |TAMS 0x0000000081e00000, 0x0000000081e00000| Untracked 
|   5|0x0000000081f00000, 0x0000000081f00000, 0x0000000082000000|  0%| F|  |TAMS 0x0000000081f00000, 0x0000000081f00000| Untracked 
|   6|0x0000000082000000, 0x0000000082000000, 0x0000000082100000|  0%| F|  |TAMS 0x0000000082000000, 0x0000000082000000| Untracked 
|   7|0x0000000082100000, 0x0000000082100000, 0x0000000082200000|  0%| F|  |TAMS 0x0000000082100000, 0x0000000082100000| Untracked 
|   8|0x0000000082200000, 0x0000000082200000, 0x0000000082300000|  0%| F|  |TAMS 0x0000000082200000, 0x0000000082200000| Untracked 
|   9|0x0000000082300000, 0x0000000082300000, 0x0000000082400000|  0%| F|  |TAMS 0x0000000082300000, 0x0000000082300000| Untracked 
|  10|0x0000000082400000, 0x0000000082400000, 0x0000000082500000|  0%| F|  |TAMS 0x0000000082400000, 0x0000000082400000| Untracked 
|  11|0x0000000082500000, 0x0000000082500000, 0x0000000082600000|  0%| F|  |TAMS 0x0000000082500000, 0x0000000082500000| Untracked 
|  12|0x0000000082600000, 0x0000000082600000, 0x0000000082700000|  0%| F|  |TAMS 0x0000000082600000, 0x0000000082600000| Untracked 
|  13|0x0000000082700000, 0x0000000082700000, 0x0000000082800000|  0%| F|  |TAMS 0x0000000082700000, 0x0000000082700000| Untracked 
|  14|0x0000000082800000, 0x0000000082800000, 0x0000000082900000|  0%| F|  |TAMS 0x0000000082800000, 0x0000000082800000| Untracked 
|  15|0x0000000082900000, 0x0000000082900000, 0x0000000082a00000|  0%| F|  |TAMS 0x0000000082900000, 0x0000000082900000| Untracked 
|  16|0x0000000082a00000, 0x0000000082a00000, 0x0000000082b00000|  0%| F|  |TAMS 0x0000000082a00000, 0x0000000082a00000| Untracked 
|  17|0x0000000082b00000, 0x0000000082b00000, 0x0000000082c00000|  0%| F|  |TAMS 0x0000000082b00000, 0x0000000082b00000| Untracked 
|  18|0x0000000082c00000, 0x0000000082c00000, 0x0000000082d00000|  0%| F|  |TAMS 0x0000000082c00000, 0x0000000082c00000| Untracked 
|  19|0x0000000082d00000, 0x0000000082d00000, 0x0000000082e00000|  0%| F|  |TAMS 0x0000000082d00000, 0x0000000082d00000| Untracked 
|  20|0x0000000082e00000, 0x0000000082e00000, 0x0000000082f00000|  0%| F|  |TAMS 0x0000000082e00000, 0x0000000082e00000| Untracked 
|  21|0x0000000082f00000, 0x0000000082f00000, 0x0000000083000000|  0%| F|  |TAMS 0x0000000082f00000, 0x0000000082f00000| Untracked 
|  22|0x0000000083000000, 0x0000000083000000, 0x0000000083100000|  0%| F|  |TAMS 0x0000000083000000, 0x0000000083000000| Untracked 
|  23|0x0000000083100000, 0x0000000083100000, 0x0000000083200000|  0%| F|  |TAMS 0x0000000083100000, 0x0000000083100000| Untracked 
|  24|0x0000000083200000, 0x0000000083200000, 0x0000000083300000|  0%| F|  |TAMS 0x0000000083200000, 0x0000000083200000| Untracked 
|  25|0x0000000083300000, 0x0000000083300000, 0x0000000083400000|  0%| F|  |TAMS 0x0000000083300000, 0x0000000083300000| Untracked 
|  26|0x0000000083400000, 0x0000000083400000, 0x0000000083500000|  0%| F|  |TAMS 0x0000000083400000, 0x0000000083400000| Untracked 
|  27|0x0000000083500000, 0x0000000083500000, 0x0000000083600000|  0%| F|  |TAMS 0x0000000083500000, 0x0000000083500000| Untracked 
|  28|0x0000000083600000, 0x0000000083600000, 0x0000000083700000|  0%| F|  |TAMS 0x0000000083600000, 0x0000000083600000| Untracked 
|  29|0x0000000083700000, 0x0000000083700000, 0x0000000083800000|  0%| F|  |TAMS 0x0000000083700000, 0x0000000083700000| Untracked 
|  30|0x0000000083800000, 0x0000000083800000, 0x0000000083900000|  0%| F|  |TAMS 0x0000000083800000, 0x0000000083800000| Untracked 
|  31|0x0000000083900000, 0x0000000083900000, 0x0000000083a00000|  0%| F|  |TAMS 0x0000000083900000, 0x0000000083900000| Untracked 
|  32|0x0000000083a00000, 0x0000000083a00000, 0x0000000083b00000|  0%| F|  |TAMS 0x0000000083a00000, 0x0000000083a00000| Untracked 
|  33|0x0000000083b00000, 0x0000000083b00000, 0x0000000083c00000|  0%| F|  |TAMS 0x0000000083b00000, 0x0000000083b00000| Untracked 
|  34|0x0000000083c00000, 0x0000000083c00000, 0x0000000083d00000|  0%| F|  |TAMS 0x0000000083c00000, 0x0000000083c00000| Untracked 
|  35|0x0000000083d00000, 0x0000000083d00000, 0x0000000083e00000|  0%| F|  |TAMS 0x0000000083d00000, 0x0000000083d00000| Untracked 
|  36|0x0000000083e00000, 0x0000000083e00000, 0x0000000083f00000|  0%| F|  |TAMS 0x0000000083e00000, 0x0000000083e00000| Untracked 
|  37|0x0000000083f00000, 0x0000000083f00000, 0x0000000084000000|  0%| F|  |TAMS 0x0000000083f00000, 0x0000000083f00000| Untracked 
|  38|0x0000000084000000, 0x0000000084000000, 0x0000000084100000|  0%| F|  |TAMS 0x0000000084000000, 0x0000000084000000| Untracked 
|  39|0x0000000084100000, 0x0000000084100000, 0x0000000084200000|  0%| F|  |TAMS 0x0000000084100000, 0x0000000084100000| Untracked 
|  40|0x0000000084200000, 0x0000000084200000, 0x0000000084300000|  0%| F|  |TAMS 0x0000000084200000, 0x0000000084200000| Untracked 
|  41|0x0000000084300000, 0x0000000084300000, 0x0000000084400000|  0%| F|  |TAMS 0x0000000084300000, 0x0000000084300000| Untracked 
|  42|0x0000000084400000, 0x0000000084400000, 0x0000000084500000|  0%| F|  |TAMS 0x0000000084400000, 0x0000000084400000| Untracked 
|  43|0x0000000084500000, 0x0000000084500000, 0x0000000084600000|  0%| F|  |TAMS 0x0000000084500000, 0x0000000084500000| Untracked 
|  44|0x0000000084600000, 0x0000000084600000, 0x0000000084700000|  0%| F|  |TAMS 0x0000000084600000, 0x0000000084600000| Untracked 
|  45|0x0000000084700000, 0x0000000084700000, 0x0000000084800000|  0%| F|  |TAMS 0x0000000084700000, 0x0000000084700000| Untracked 
|  46|0x0000000084800000, 0x0000000084800000, 0x0000000084900000|  0%| F|  |TAMS 0x0000000084800000, 0x0000000084800000| Untracked 
|  47|0x0000000084900000, 0x0000000084900000, 0x0000000084a00000|  0%| F|  |TAMS 0x0000000084900000, 0x0000000084900000| Untracked 
|  48|0x0000000084a00000, 0x0000000084a00000, 0x0000000084b00000|  0%| F|  |TAMS 0x0000000084a00000, 0x0000000084a00000| Untracked 
|  49|0x0000000084b00000, 0x0000000084b00000, 0x0000000084c00000|  0%| F|  |TAMS 0x0000000084b00000, 0x0000000084b00000| Untracked 
|  50|0x0000000084c00000, 0x0000000084c00000, 0x0000000084d00000|  0%| F|  |TAMS 0x0000000084c00000, 0x0000000084c00000| Untracked 
|  51|0x0000000084d00000, 0x0000000084d00000, 0x0000000084e00000|  0%| F|  |TAMS 0x0000000084d00000, 0x0000000084d00000| Untracked 
|  52|0x0000000084e00000, 0x0000000084e00000, 0x0000000084f00000|  0%| F|  |TAMS 0x0000000084e00000, 0x0000000084e00000| Untracked 
|  53|0x0000000084f00000, 0x0000000084f00000, 0x0000000085000000|  0%| F|  |TAMS 0x0000000084f00000, 0x0000000084f00000| Untracked 
|  54|0x0000000085000000, 0x0000000085000000, 0x0000000085100000|  0%| F|  |TAMS 0x0000000085000000, 0x0000000085000000| Untracked 
|  55|0x0000000085100000, 0x0000000085100000, 0x0000000085200000|  0%| F|  |TAMS 0x0000000085100000, 0x0000000085100000| Untracked 
|  56|0x0000000085200000, 0x0000000085200000, 0x0000000085300000|  0%| F|  |TAMS 0x0000000085200000, 0x0000000085200000| Untracked 
|  57|0x0000000085300000, 0x0000000085300000, 0x0000000085400000|  0%| F|  |TAMS 0x0000000085300000, 0x0000000085300000| Untracked 
|  58|0x0000000085400000, 0x0000000085400000, 0x0000000085500000|  0%| F|  |TAMS 0x0000000085400000, 0x0000000085400000| Untracked 
|  59|0x0000000085500000, 0x0000000085500000, 0x0000000085600000|  0%| F|  |TAMS 0x0000000085500000, 0x0000000085500000| Untracked 
|  60|0x0000000085600000, 0x0000000085600000, 0x0000000085700000|  0%| F|  |TAMS 0x0000000085600000, 0x0000000085600000| Untracked 
|  61|0x0000000085700000, 0x0000000085700000, 0x0000000085800000|  0%| F|  |TAMS 0x0000000085700000, 0x0000000085700000| Untracked 
|  62|0x0000000085800000, 0x0000000085800000, 0x0000000085900000|  0%| F|  |TAMS 0x0000000085800000, 0x0000000085800000| Untracked 
|  63|0x0000000085900000, 0x0000000085900000, 0x0000000085a00000|  0%| F|  |TAMS 0x0000000085900000, 0x0000000085900000| Untracked 
|  64|0x0000000085a00000, 0x0000000085a00000, 0x0000000085b00000|  0%| F|  |TAMS 0x0000000085a00000, 0x0000000085a00000| Untracked 
|  65|0x0000000085b00000, 0x0000000085b00000, 0x0000000085c00000|  0%| F|  |TAMS 0x0000000085b00000, 0x0000000085b00000| Untracked 
|  66|0x0000000085c00000, 0x0000000085c00000, 0x0000000085d00000|  0%| F|  |TAMS 0x0000000085c00000, 0x0000000085c00000| Untracked 
|  67|0x0000000085d00000, 0x0000000085d00000, 0x0000000085e00000|  0%| F|  |TAMS 0x0000000085d00000, 0x0000000085d00000| Untracked 
|  68|0x0000000085e00000, 0x0000000085e00000, 0x0000000085f00000|  0%| F|  |TAMS 0x0000000085e00000, 0x0000000085e00000| Untracked 
|  69|0x0000000085f00000, 0x0000000085f00000, 0x0000000086000000|  0%| F|  |TAMS 0x0000000085f00000, 0x0000000085f00000| Untracked 
|  70|0x0000000086000000, 0x0000000086000000, 0x0000000086100000|  0%| F|  |TAMS 0x0000000086000000, 0x0000000086000000| Untracked 
|  71|0x0000000086100000, 0x0000000086100000, 0x0000000086200000|  0%| F|  |TAMS 0x0000000086100000, 0x0000000086100000| Untracked 
|  72|0x0000000086200000, 0x0000000086200000, 0x0000000086300000|  0%| F|  |TAMS 0x0000000086200000, 0x0000000086200000| Untracked 
|  73|0x0000000086300000, 0x0000000086300000, 0x0000000086400000|  0%| F|  |TAMS 0x0000000086300000, 0x0000000086300000| Untracked 
|  74|0x0000000086400000, 0x0000000086400000, 0x0000000086500000|  0%| F|  |TAMS 0x0000000086400000, 0x0000000086400000| Untracked 
|  75|0x0000000086500000, 0x0000000086500000, 0x0000000086600000|  0%| F|  |TAMS 0x0000000086500000, 0x0000000086500000| Untracked 
|  76|0x0000000086600000, 0x0000000086600000, 0x0000000086700000|  0%| F|  |TAMS 0x0000000086600000, 0x0000000086600000| Untracked 
|  77|0x0000000086700000, 0x0000000086700000, 0x0000000086800000|  0%| F|  |TAMS 0x0000000086700000, 0x0000000086700000| Untracked 
|  78|0x0000000086800000, 0x0000000086800000, 0x0000000086900000|  0%| F|  |TAMS 0x0000000086800000, 0x0000000086800000| Untracked 
|  79|0x0000000086900000, 0x0000000086900000, 0x0000000086a00000|  0%| F|  |TAMS 0x0000000086900000, 0x0000000086900000| Untracked 
|  80|0x0000000086a00000, 0x0000000086a00000, 0x0000000086b00000|  0%| F|  |TAMS 0x0000000086a00000, 0x0000000086a00000| Untracked 
|  81|0x0000000086b00000, 0x0000000086b00000, 0x0000000086c00000|  0%| F|  |TAMS 0x0000000086b00000, 0x0000000086b00000| Untracked 
|  82|0x0000000086c00000, 0x0000000086c00000, 0x0000000086d00000|  0%| F|  |TAMS 0x0000000086c00000, 0x0000000086c00000| Untracked 
|  83|0x0000000086d00000, 0x0000000086d00000, 0x0000000086e00000|  0%| F|  |TAMS 0x0000000086d00000, 0x0000000086d00000| Untracked 
|  84|0x0000000086e00000, 0x0000000086e00000, 0x0000000086f00000|  0%| F|  |TAMS 0x0000000086e00000, 0x0000000086e00000| Untracked 
|  85|0x0000000086f00000, 0x0000000086f00000, 0x0000000087000000|  0%| F|  |TAMS 0x0000000086f00000, 0x0000000086f00000| Untracked 
|  86|0x0000000087000000, 0x0000000087000000, 0x0000000087100000|  0%| F|  |TAMS 0x0000000087000000, 0x0000000087000000| Untracked 
|  87|0x0000000087100000, 0x0000000087100000, 0x0000000087200000|  0%| F|  |TAMS 0x0000000087100000, 0x0000000087100000| Untracked 
|  88|0x0000000087200000, 0x0000000087200000, 0x0000000087300000|  0%| F|  |TAMS 0x0000000087200000, 0x0000000087200000| Untracked 
|  89|0x0000000087300000, 0x0000000087300000, 0x0000000087400000|  0%| F|  |TAMS 0x0000000087300000, 0x0000000087300000| Untracked 
|  90|0x0000000087400000, 0x0000000087400000, 0x0000000087500000|  0%| F|  |TAMS 0x0000000087400000, 0x0000000087400000| Untracked 
|  91|0x0000000087500000, 0x0000000087500000, 0x0000000087600000|  0%| F|  |TAMS 0x0000000087500000, 0x0000000087500000| Untracked 
|  92|0x0000000087600000, 0x0000000087600000, 0x0000000087700000|  0%| F|  |TAMS 0x0000000087600000, 0x0000000087600000| Untracked 
|  93|0x0000000087700000, 0x0000000087700000, 0x0000000087800000|  0%| F|  |TAMS 0x0000000087700000, 0x0000000087700000| Untracked 
|  94|0x0000000087800000, 0x0000000087800000, 0x0000000087900000|  0%| F|  |TAMS 0x0000000087800000, 0x0000000087800000| Untracked 
|  95|0x0000000087900000, 0x0000000087900000, 0x0000000087a00000|  0%| F|  |TAMS 0x0000000087900000, 0x0000000087900000| Untracked 
|  96|0x0000000087a00000, 0x0000000087a00000, 0x0000000087b00000|  0%| F|  |TAMS 0x0000000087a00000, 0x0000000087a00000| Untracked 
|  97|0x0000000087b00000, 0x0000000087b00000, 0x0000000087c00000|  0%| F|  |TAMS 0x0000000087b00000, 0x0000000087b00000| Untracked 
|  98|0x0000000087c00000, 0x0000000087c00000, 0x0000000087d00000|  0%| F|  |TAMS 0x0000000087c00000, 0x0000000087c00000| Untracked 
|  99|0x0000000087d00000, 0x0000000087d00000, 0x0000000087e00000|  0%| F|  |TAMS 0x0000000087d00000, 0x0000000087d00000| Untracked 
| 100|0x0000000087e00000, 0x0000000087e00000, 0x0000000087f00000|  0%| F|  |TAMS 0x0000000087e00000, 0x0000000087e00000| Untracked 
| 101|0x0000000087f00000, 0x0000000087f00000, 0x0000000088000000|  0%| F|  |TAMS 0x0000000087f00000, 0x0000000087f00000| Untracked 
| 102|0x0000000088000000, 0x0000000088000000, 0x0000000088100000|  0%| F|  |TAMS 0x0000000088000000, 0x0000000088000000| Untracked 
| 103|0x0000000088100000, 0x0000000088100000, 0x0000000088200000|  0%| F|  |TAMS 0x0000000088100000, 0x0000000088100000| Untracked 
| 104|0x0000000088200000, 0x0000000088200000, 0x0000000088300000|  0%| F|  |TAMS 0x0000000088200000, 0x0000000088200000| Untracked 
| 105|0x0000000088300000, 0x0000000088300000, 0x0000000088400000|  0%| F|  |TAMS 0x0000000088300000, 0x0000000088300000| Untracked 
| 106|0x0000000088400000, 0x0000000088400000, 0x0000000088500000|  0%| F|  |TAMS 0x0000000088400000, 0x0000000088400000| Untracked 
| 107|0x0000000088500000, 0x0000000088500000, 0x0000000088600000|  0%| F|  |TAMS 0x0000000088500000, 0x0000000088500000| Untracked 
| 108|0x0000000088600000, 0x0000000088600000, 0x0000000088700000|  0%| F|  |TAMS 0x0000000088600000, 0x0000000088600000| Untracked 
| 109|0x0000000088700000, 0x0000000088700000, 0x0000000088800000|  0%| F|  |TAMS 0x0000000088700000, 0x0000000088700000| Untracked 
| 110|0x0000000088800000, 0x0000000088800000, 0x0000000088900000|  0%| F|  |TAMS 0x0000000088800000, 0x0000000088800000| Untracked 
| 111|0x0000000088900000, 0x0000000088900000, 0x0000000088a00000|  0%| F|  |TAMS 0x0000000088900000, 0x0000000088900000| Untracked 
| 112|0x0000000088a00000, 0x0000000088a00000, 0x0000000088b00000|  0%| F|  |TAMS 0x0000000088a00000, 0x0000000088a00000| Untracked 
| 113|0x0000000088b00000, 0x0000000088b00000, 0x0000000088c00000|  0%| F|  |TAMS 0x0000000088b00000, 0x0000000088b00000| Untracked 
| 114|0x0000000088c00000, 0x0000000088c00000, 0x0000000088d00000|  0%| F|  |TAMS 0x0000000088c00000, 0x0000000088c00000| Untracked 
| 115|0x0000000088d00000, 0x0000000088d00000, 0x0000000088e00000|  0%| F|  |TAMS 0x0000000088d00000, 0x0000000088d00000| Untracked 
| 116|0x0000000088e00000, 0x0000000088e00000, 0x0000000088f00000|  0%| F|  |TAMS 0x0000000088e00000, 0x0000000088e00000| Untracked 
| 117|0x0000000088f00000, 0x0000000088fd2368, 0x0000000089000000| 82%| E|  |TAMS 0x0000000088f00000, 0x0000000088f00000| Complete 
| 118|0x0000000089000000, 0x0000000089100000, 0x0000000089100000|100%| E|CS|TAMS 0x0000000089000000, 0x0000000089000000| Complete 
| 119|0x0000000089100000, 0x0000000089200000, 0x0000000089200000|100%| E|CS|TAMS 0x0000000089100000, 0x0000000089100000| Complete 
| 120|0x0000000089200000, 0x0000000089300000, 0x0000000089300000|100%| E|CS|TAMS 0x0000000089200000, 0x0000000089200000| Complete 
| 121|0x0000000089300000, 0x0000000089400000, 0x0000000089400000|100%| E|CS|TAMS 0x0000000089300000, 0x0000000089300000| Complete 
| 122|0x0000000089400000, 0x00000000894cf2a0, 0x0000000089500000| 80%| S|CS|TAMS 0x0000000089400000, 0x0000000089400000| Complete 
| 123|0x0000000089500000, 0x0000000089600000, 0x0000000089600000|100%| E|CS|TAMS 0x0000000089500000, 0x0000000089500000| Complete 
| 124|0x0000000089600000, 0x0000000089700000, 0x0000000089700000|100%| E|  |TAMS 0x0000000089600000, 0x0000000089600000| Complete 
| 125|0x0000000089700000, 0x0000000089800000, 0x0000000089800000|100%| E|CS|TAMS 0x0000000089700000, 0x0000000089700000| Complete 
| 126|0x0000000089800000, 0x0000000089900000, 0x0000000089900000|100%| E|CS|TAMS 0x0000000089800000, 0x0000000089800000| Complete 
| 127|0x0000000089900000, 0x0000000089a00000, 0x0000000089a00000|100%| E|CS|TAMS 0x0000000089900000, 0x0000000089900000| Complete 

Card table byte_map: [0x0000017c59fa0000,0x0000017c5a3a0000] _byte_map_base: 0x0000017c59b93000

Marking Bits (Prev, Next): (CMBitMap*) 0x0000017c40ab02c0, (CMBitMap*) 0x0000017c40ab0300
 Prev Bits: [0x0000017c5a7a0000, 0x0000017c5c738000)
 Next Bits: [0x0000017c5c740000, 0x0000017c5e6d8000)

Polling page: 0x0000017c40920000

Metaspace:

Usage:
  Non-class:      9.95 MB capacity,     8.31 MB ( 84%) used,     1.63 MB ( 16%) free+waste,    13.25 KB ( <1%) overhead. 
      Class:    740.00 KB capacity,   545.65 KB ( 74%) used,   189.85 KB ( 26%) free+waste,     4.50 KB ( <1%) overhead. 
       Both:     10.67 MB capacity,     8.84 MB ( 83%) used,     1.81 MB ( 17%) free+waste,    17.75 KB ( <1%) overhead. 

Virtual space:
  Non-class space:       10.00 MB reserved,      10.00 MB (100%) committed 
      Class space:        1.00 GB reserved,     768.00 KB ( <1%) committed 
             Both:        1.01 GB reserved,      10.75 MB (  1%) committed 

Chunk freelists:
   Non-Class:  53.00 KB
       Class:  28.00 KB
        Both:  81.00 KB

MaxMetaspaceSize: 17179869184.00 GB
CompressedClassSpaceSize: 1.00 GB

CodeHeap 'non-profiled nmethods': size=120064Kb used=406Kb max_used=406Kb free=119657Kb
 bounds [0x0000017c52260000, 0x0000017c524d0000, 0x0000017c597a0000]
CodeHeap 'profiled nmethods': size=120000Kb used=2173Kb max_used=2173Kb free=117826Kb
 bounds [0x0000017c4ad30000, 0x0000017c4afa0000, 0x0000017c52260000]
CodeHeap 'non-nmethods': size=5696Kb used=1798Kb max_used=1812Kb free=3897Kb
 bounds [0x0000017c4a7a0000, 0x0000017c4aa10000, 0x0000017c4ad30000]
 total_blobs=2584 nmethods=1327 adapters=1171
 compilation: enabled
              stopped_count=0, restarted_count=0
 full_count=0

Compilation events (20 events):
Event: 3.380 Thread 0x0000017c60b0b240 1319       1       Core2D.Primitives.Line2D::getTransform (5 bytes)
Event: 3.380 Thread 0x0000017c60b0b240 nmethod 1319 0x0000017c522c4b10 code [0x0000017c522c4ca0, 0x0000017c522c4d58]
Event: 3.380 Thread 0x0000017c60b0b240 1320       1       Core2D.Object2D.Transform::getModelMatrix (5 bytes)
Event: 3.380 Thread 0x0000017c60b0b240 nmethod 1320 0x0000017c522c4e10 code [0x0000017c522c4fa0, 0x0000017c522c5058]
Event: 3.380 Thread 0x0000017c60b0b240 1321       1       Core2D.Primitives.Line2D::getColor (5 bytes)
Event: 3.380 Thread 0x0000017c60b0b240 nmethod 1321 0x0000017c522c5110 code [0x0000017c522c52a0, 0x0000017c522c5358]
Event: 3.380 Thread 0x0000017c60b0b240 1322       3       org.joml.Matrix4f::get (11 bytes)
Event: 3.380 Thread 0x0000017c60b0b240 nmethod 1322 0x0000017c4af4be90 code [0x0000017c4af4c040, 0x0000017c4af4c228]
Event: 3.380 Thread 0x0000017c60b0b240 1323       3       org.joml.MemUtil$MemUtilNIO::copy (155 bytes)
Event: 3.380 Thread 0x0000017c60b0b240 nmethod 1323 0x0000017c4af4c310 code [0x0000017c4af4c4e0, 0x0000017c4af4ca18]
Event: 3.381 Thread 0x0000017c60aa5c20 1324       4       java.util.ArrayList::get (15 bytes)
Event: 3.381 Thread 0x0000017c60aa5c20 nmethod 1324 0x0000017c522c5410 code [0x0000017c522c55a0, 0x0000017c522c5678]
Event: 3.384 Thread 0x0000017c60b0b240 1325       3       java.net.URLStreamHandler::toExternalForm (156 bytes)
Event: 3.385 Thread 0x0000017c60b0b240 nmethod 1325 0x0000017c4af4cc90 code [0x0000017c4af4d0a0, 0x0000017c4af4e838]
Event: 3.385 Thread 0x0000017c60b0b240 1327       3       java.util.ArrayDeque::add (7 bytes)
Event: 3.385 Thread 0x0000017c60b0b240 nmethod 1327 0x0000017c4af4ef90 code [0x0000017c4af4f140, 0x0000017c4af4f288]
Event: 3.385 Thread 0x0000017c60b0b240 1326       3       java.util.zip.ZipFile$ZipFileInflaterInputStream::<init> (14 bytes)
Event: 3.385 Thread 0x0000017c60b0b240 nmethod 1326 0x0000017c4af4f310 code [0x0000017c4af4f4c0, 0x0000017c4af4f658]
Event: 3.387 Thread 0x0000017c60aa5c20 1328       4       org.joml.Vector4f::get (60 bytes)
Event: 3.387 Thread 0x0000017c60aa5c20 nmethod 1328 0x0000017c522c5790 code [0x0000017c522c5900, 0x0000017c522c59b8]

GC Heap History (4 events):
Event: 0.566 GC heap before
{Heap before GC invocations=0 (full 0):
 garbage-first heap   total 131072K, used 6144K [0x0000000081a00000, 0x0000000100000000)
  region size 1024K, 6 young (6144K), 0 survivors (0K)
 Metaspace       used 2671K, capacity 5484K, committed 5632K, reserved 1056768K
  class space    used 255K, capacity 500K, committed 512K, reserved 1048576K
}
Event: 0.577 GC heap after
{Heap after GC invocations=1 (full 0):
 garbage-first heap   total 131072K, used 2245K [0x0000000081a00000, 0x0000000100000000)
  region size 1024K, 1 young (1024K), 1 survivors (1024K)
 Metaspace       used 2671K, capacity 5484K, committed 5632K, reserved 1056768K
  class space    used 255K, capacity 500K, committed 512K, reserved 1048576K
}
Event: 2.403 GC heap before
{Heap before GC invocations=1 (full 0):
 garbage-first heap   total 131072K, used 6341K [0x0000000081a00000, 0x0000000100000000)
  region size 1024K, 6 young (6144K), 1 survivors (1024K)
 Metaspace       used 5525K, capacity 7655K, committed 7808K, reserved 1056768K
  class space    used 394K, capacity 589K, committed 640K, reserved 1048576K
}
Event: 2.407 GC heap after
{Heap after GC invocations=2 (full 0):
 garbage-first heap   total 131072K, used 3205K [0x0000000081a00000, 0x0000000100000000)
  region size 1024K, 1 young (1024K), 1 survivors (1024K)
 Metaspace       used 5525K, capacity 7655K, committed 7808K, reserved 1056768K
  class space    used 394K, capacity 589K, committed 640K, reserved 1048576K
}

Deoptimization events (20 events):
Event: 2.977 Thread 0x0000017c40a6f0f0 Uncommon trap: trap_request=0xffffffbe fr.pc=0x0000017c522bb1ec relative=0x000000000000044c
Event: 2.977 Thread 0x0000017c40a6f0f0 Uncommon trap: reason=profile_predicate action=maybe_recompile pc=0x0000017c522bb1ec method=org.lwjgl.system.MemoryUtil.encodeUTF8Unsafe(Ljava/lang/CharSequence;ZJ)I @ 18 c2
Event: 2.977 Thread 0x0000017c40a6f0f0 DEOPT PACKING pc=0x0000017c522bb1ec sp=0x0000006390bfed60
Event: 2.977 Thread 0x0000017c40a6f0f0 DEOPT UNPACKING pc=0x0000017c4a7ee129 sp=0x0000006390bfecf0 mode 2
Event: 2.977 Thread 0x0000017c40a6f0f0 Uncommon trap: trap_request=0xffffffbe fr.pc=0x0000017c522ba4fc relative=0x000000000000045c
Event: 2.977 Thread 0x0000017c40a6f0f0 Uncommon trap: reason=profile_predicate action=maybe_recompile pc=0x0000017c522ba4fc method=org.lwjgl.system.MemoryUtil.memLengthUTF8(Ljava/lang/CharSequence;Z)I @ 25 c2
Event: 2.977 Thread 0x0000017c40a6f0f0 DEOPT PACKING pc=0x0000017c522ba4fc sp=0x0000006390bfed80
Event: 2.977 Thread 0x0000017c40a6f0f0 DEOPT UNPACKING pc=0x0000017c4a7ee129 sp=0x0000006390bfed08 mode 2
Event: 2.977 Thread 0x0000017c40a6f0f0 Uncommon trap: trap_request=0xffffffbe fr.pc=0x0000017c522bb1ec relative=0x000000000000044c
Event: 2.977 Thread 0x0000017c40a6f0f0 Uncommon trap: reason=profile_predicate action=maybe_recompile pc=0x0000017c522bb1ec method=org.lwjgl.system.MemoryUtil.encodeUTF8Unsafe(Ljava/lang/CharSequence;ZJ)I @ 18 c2
Event: 2.977 Thread 0x0000017c40a6f0f0 DEOPT PACKING pc=0x0000017c522bb1ec sp=0x0000006390bfed60
Event: 2.977 Thread 0x0000017c40a6f0f0 DEOPT UNPACKING pc=0x0000017c4a7ee129 sp=0x0000006390bfecf0 mode 2
Event: 2.978 Thread 0x0000017c40a6f0f0 Uncommon trap: trap_request=0xffffffbe fr.pc=0x0000017c522ba4fc relative=0x000000000000045c
Event: 2.978 Thread 0x0000017c40a6f0f0 Uncommon trap: reason=profile_predicate action=maybe_recompile pc=0x0000017c522ba4fc method=org.lwjgl.system.MemoryUtil.memLengthUTF8(Ljava/lang/CharSequence;Z)I @ 25 c2
Event: 2.978 Thread 0x0000017c40a6f0f0 DEOPT PACKING pc=0x0000017c522ba4fc sp=0x0000006390bfed70
Event: 2.978 Thread 0x0000017c40a6f0f0 DEOPT UNPACKING pc=0x0000017c4a7ee129 sp=0x0000006390bfece8 mode 2
Event: 2.978 Thread 0x0000017c40a6f0f0 Uncommon trap: trap_request=0xffffffbe fr.pc=0x0000017c522bb1ec relative=0x000000000000044c
Event: 2.978 Thread 0x0000017c40a6f0f0 Uncommon trap: reason=profile_predicate action=maybe_recompile pc=0x0000017c522bb1ec method=org.lwjgl.system.MemoryUtil.encodeUTF8Unsafe(Ljava/lang/CharSequence;ZJ)I @ 18 c2
Event: 2.978 Thread 0x0000017c40a6f0f0 DEOPT PACKING pc=0x0000017c522bb1ec sp=0x0000006390bfed60
Event: 2.978 Thread 0x0000017c40a6f0f0 DEOPT UNPACKING pc=0x0000017c4a7ee129 sp=0x0000006390bfecd0 mode 2

Classes unloaded (0 events):
No events

Classes redefined (0 events):
No events

Internal exceptions (20 events):
Event: 0.596 Thread 0x0000017c40a6f0f0 Exception <a 'java/lang/NoSuchMethodError'{0x0000000089948210}: 'java.lang.Object java.lang.invoke.DirectMethodHandle$Holder.invokeStatic(java.lang.Object, java.lang.Object, int)'> (0x0000000089948210) 
thrown [./src/hotspot/share/interpreter/linkResolver.cpp, line 782]
Event: 0.605 Thread 0x0000017c40a6f0f0 Exception <a 'java/lang/NoSuchMethodError'{0x0000000089954358}: 'void java.lang.invoke.DelegatingMethodHandle$Holder.delegate(java.lang.Object, java.lang.Object, int, java.lang.Object)'> (0x0000000089954358) 
thrown [./src/hotspot/share/interpreter/linkResolver.cpp, line 782]
Event: 0.606 Thread 0x0000017c40a6f0f0 Exception <a 'java/lang/NoSuchMethodError'{0x0000000089958978}: 'int java.lang.invoke.DirectMethodHandle$Holder.invokeSpecial(java.lang.Object, java.lang.Object, java.lang.Object)'> (0x0000000089958978) 
thrown [./src/hotspot/share/interpreter/linkResolver.cpp, line 782]
Event: 0.679 Thread 0x0000017c40a6f0f0 Exception <a 'sun/nio/fs/WindowsException'{0x00000000899bacf0}> (0x00000000899bacf0) 
thrown [./src/hotspot/share/prims/jni.cpp, line 578]
Event: 0.680 Thread 0x0000017c40a6f0f0 Exception <a 'sun/nio/fs/WindowsException'{0x00000000899bb4a0}> (0x00000000899bb4a0) 
thrown [./src/hotspot/share/prims/jni.cpp, line 578]
Event: 0.718 Thread 0x0000017c40a6f0f0 Exception <a 'java/lang/NoSuchMethodError'{0x00000000899e9c20}: 'int java.lang.invoke.DirectMethodHandle$Holder.invokeStaticInit(java.lang.Object, java.lang.Object, int, long)'> (0x00000000899e9c20) 
thrown [./src/hotspot/share/interpreter/linkResolver.cpp, line 782]
Event: 0.721 Thread 0x0000017c40a6f0f0 Exception <a 'java/lang/NoSuchMethodError'{0x00000000899ef6f0}: 'java.lang.Object java.lang.invoke.DirectMethodHandle$Holder.newInvokeSpecial(java.lang.Object, java.lang.Object, int)'> (0x00000000899ef6f0) 
thrown [./src/hotspot/share/interpreter/linkResolver.cpp, line 782]
Event: 0.724 Thread 0x0000017c40a6f0f0 Exception <a 'java/lang/NoSuchMethodError'{0x00000000899fe0a0}: 'int java.lang.invoke.DirectMethodHandle$Holder.invokeStaticInit(java.lang.Object, java.lang.Object, long, long)'> (0x00000000899fe0a0) 
thrown [./src/hotspot/share/interpreter/linkResolver.cpp, line 782]
Event: 0.725 Thread 0x0000017c40a6f0f0 Exception <a 'java/lang/NoSuchMethodError'{0x0000000089804da0}: 'java.lang.Object java.lang.invoke.DirectMethodHandle$Holder.newInvokeSpecial(java.lang.Object, java.lang.Object, long)'> (0x0000000089804da0) 
thrown [./src/hotspot/share/interpreter/linkResolver.cpp, line 782]
Event: 0.733 Thread 0x0000017c40a6f0f0 Exception <a 'java/lang/NoSuchMethodError'{0x0000000089808ee8}: 'java.lang.Object java.lang.invoke.Invokers$Holder.linkToTargetMethod(java.lang.Object, long, java.lang.Object)'> (0x0000000089808ee8) 
thrown [./src/hotspot/share/interpreter/linkResolver.cpp, line 782]
Event: 0.735 Thread 0x0000017c40a6f0f0 Exception <a 'java/lang/NoSuchMethodError'{0x00000000898108c8}: 'int java.lang.invoke.DirectMethodHandle$Holder.invokeStaticInit(java.lang.Object, java.lang.Object, java.lang.Object, long)'> (0x00000000898108c8) 
thrown [./src/hotspot/share/interpreter/linkResolver.cpp, line 782]
Event: 0.765 Thread 0x0000017c40a6f0f0 Exception <a 'sun/nio/fs/WindowsException'{0x00000000898b1b58}> (0x00000000898b1b58) 
thrown [./src/hotspot/share/prims/jni.cpp, line 578]
Event: 0.766 Thread 0x0000017c40a6f0f0 Exception <a 'sun/nio/fs/WindowsException'{0x00000000898b2138}> (0x00000000898b2138) 
thrown [./src/hotspot/share/prims/jni.cpp, line 578]
Event: 2.208 Thread 0x0000017c40a6f0f0 Exception <a 'sun/nio/fs/WindowsException'{0x00000000897b1a90}> (0x00000000897b1a90) 
thrown [./src/hotspot/share/prims/jni.cpp, line 578]
Event: 2.208 Thread 0x0000017c40a6f0f0 Exception <a 'sun/nio/fs/WindowsException'{0x00000000897b20e8}> (0x00000000897b20e8) 
thrown [./src/hotspot/share/prims/jni.cpp, line 578]
Event: 2.214 Thread 0x0000017c40a6f0f0 Exception <a 'sun/nio/fs/WindowsException'{0x00000000897bd438}> (0x00000000897bd438) 
thrown [./src/hotspot/share/prims/jni.cpp, line 578]
Event: 2.214 Thread 0x0000017c40a6f0f0 Exception <a 'sun/nio/fs/WindowsException'{0x00000000897bd908}> (0x00000000897bd908) 
thrown [./src/hotspot/share/prims/jni.cpp, line 578]
Event: 2.441 Thread 0x0000017c40a6f0f0 Exception <a 'sun/nio/fs/WindowsException'{0x0000000089827b00}> (0x0000000089827b00) 
thrown [./src/hotspot/share/prims/jni.cpp, line 578]
Event: 2.441 Thread 0x0000017c40a6f0f0 Exception <a 'sun/nio/fs/WindowsException'{0x0000000089828110}> (0x0000000089828110) 
thrown [./src/hotspot/share/prims/jni.cpp, line 578]
Event: 2.498 Thread 0x0000017c40a6f0f0 Exception <a 'sun/nio/fs/WindowsException'{0x0000000089618c88}> (0x0000000089618c88) 
thrown [./src/hotspot/share/prims/jni.cpp, line 578]

Events (20 events):
Event: 2.882 Loaded shared library C:\Users\¿‰ÏËÌ\AppData\Local\Temp\lwjgl¿‰ÏËÌ\3.3.1-SNAPSHOT\lwjgl_opengl.dll
Event: 2.893 Loaded shared library C:\Users\¿‰ÏËÌ\AppData\Local\Temp\lwjgl¿‰ÏËÌ\3.3.1-SNAPSHOT\lwjgl_opengl.dll
Event: 2.902 Loaded shared library C:\Users\¿‰ÏËÌ\AppData\Local\Temp\lwjgl¿‰ÏËÌ\3.3.1-SNAPSHOT\lwjgl_opengl.dll
Event: 2.909 Loaded shared library C:\Users\¿‰ÏËÌ\AppData\Local\Temp\lwjgl¿‰ÏËÌ\3.3.1-SNAPSHOT\lwjgl_opengl.dll
Event: 2.921 Loaded shared library C:\Users\¿‰ÏËÌ\AppData\Local\Temp\lwjgl¿‰ÏËÌ\3.3.1-SNAPSHOT\lwjgl_opengl.dll
Event: 2.965 Loaded shared library C:\Users\¿‰ÏËÌ\AppData\Local\Temp\lwjgl¿‰ÏËÌ\3.3.1-SNAPSHOT\lwjgl_opengl.dll
Event: 2.968 Loaded shared library C:\Users\¿‰ÏËÌ\AppData\Local\Temp\lwjgl¿‰ÏËÌ\3.3.1-SNAPSHOT\lwjgl.dll
Event: 2.976 Loaded shared library C:\Users\¿‰ÏËÌ\AppData\Local\Temp\lwjgl¿‰ÏËÌ\3.3.1-SNAPSHOT\lwjgl_opengl.dll
Event: 3.012 Loaded shared library C:\Users\¿‰ÏËÌ\AppData\Local\Temp\lwjgl¿‰ÏËÌ\3.3.1-SNAPSHOT\lwjgl_opengl.dll
Event: 3.019 Loaded shared library C:\Users\¿‰ÏËÌ\AppData\Local\Temp\lwjgl¿‰ÏËÌ\3.3.1-SNAPSHOT\lwjgl_opengl.dll
Event: 3.026 Loaded shared library C:\Users\¿‰ÏËÌ\AppData\Local\Temp\lwjgl¿‰ÏËÌ\3.3.1-SNAPSHOT\lwjgl_opengl.dll
Event: 3.033 Loaded shared library C:\Users\¿‰ÏËÌ\AppData\Local\Temp\lwjgl¿‰ÏËÌ\3.3.1-SNAPSHOT\lwjgl_opengl.dll
Event: 3.039 Loaded shared library C:\Users\¿‰ÏËÌ\AppData\Local\Temp\lwjgl¿‰ÏËÌ\3.3.1-SNAPSHOT\lwjgl_opengl.dll
Event: 3.046 Loaded shared library C:\Users\¿‰ÏËÌ\AppData\Local\Temp\lwjgl¿‰ÏËÌ\3.3.1-SNAPSHOT\lwjgl_opengl.dll
Event: 3.053 Loaded shared library C:\Users\¿‰ÏËÌ\AppData\Local\Temp\lwjgl¿‰ÏËÌ\3.3.1-SNAPSHOT\lwjgl_opengl.dll
Event: 3.105 Loaded shared library C:\Users\¿‰ÏËÌ\AppData\Local\Temp\lwjgl¿‰ÏËÌ\3.3.1-SNAPSHOT\lwjgl_opengl.dll
Event: 3.112 Loaded shared library C:\Users\¿‰ÏËÌ\AppData\Local\Temp\lwjgl¿‰ÏËÌ\3.3.1-SNAPSHOT\lwjgl_opengl.dll
Event: 3.162 Loaded shared library C:\Users\¿‰ÏËÌ\AppData\Local\Temp\lwjgl¿‰ÏËÌ\3.3.1-SNAPSHOT\lwjgl_opengl.dll
Event: 3.165 Loaded shared library C:\Users\¿‰ÏËÌ\AppData\Local\Temp\lwjgl¿‰ÏËÌ\3.3.1-SNAPSHOT\lwjgl.dll
Event: 3.168 Loaded shared library C:\Users\¿‰ÏËÌ\AppData\Local\Temp\lwjgl¿‰ÏËÌ\3.3.1-SNAPSHOT\lwjgl.dll


Dynamic libraries:
0x00007ff60d350000 - 0x00007ff60d35d000 	C:\Users\¿‰ÏËÌ\.jdks\azul-15.0.5\bin\java.exe
0x00007ffd00690000 - 0x00007ffd00885000 	C:\WINDOWS\SYSTEM32\ntdll.dll
0x00007ffcf9c20000 - 0x00007ffcf9c36000 	C:\Program Files\AVAST Software\Avast\aswhook.dll
0x00007ffcff830000 - 0x00007ffcff8ee000 	C:\WINDOWS\System32\KERNEL32.DLL
0x00007ffcfe3d0000 - 0x00007ffcfe698000 	C:\WINDOWS\System32\KERNELBASE.dll
0x00007ffcfe2d0000 - 0x00007ffcfe3d0000 	C:\WINDOWS\System32\ucrtbase.dll
0x00007ffcf0160000 - 0x00007ffcf0178000 	C:\Users\¿‰ÏËÌ\.jdks\azul-15.0.5\bin\jli.dll
0x00007ffcfeb90000 - 0x00007ffcfed30000 	C:\WINDOWS\System32\USER32.dll
0x00007ffcfdef0000 - 0x00007ffcfdf12000 	C:\WINDOWS\System32\win32u.dll
0x00007ffd00180000 - 0x00007ffd001aa000 	C:\WINDOWS\System32\GDI32.dll
0x00007ffcf1f00000 - 0x00007ffcf1f15000 	C:\Users\¿‰ÏËÌ\.jdks\azul-15.0.5\bin\VCRUNTIME140.dll
0x00007ffcee0c0000 - 0x00007ffcee35a000 	C:\WINDOWS\WinSxS\amd64_microsoft.windows.common-controls_6595b64144ccf1df_6.0.19041.1110_none_60b5254171f9507e\COMCTL32.dll
0x00007ffd001b0000 - 0x00007ffd0024e000 	C:\WINDOWS\System32\msvcrt.dll
0x00007ffcfe1c0000 - 0x00007ffcfe2cb000 	C:\WINDOWS\System32\gdi32full.dll
0x00007ffcfddb0000 - 0x00007ffcfde4d000 	C:\WINDOWS\System32\msvcp_win.dll
0x00007ffcfeaf0000 - 0x00007ffcfeb20000 	C:\WINDOWS\System32\IMM32.DLL
0x00007ffce00c0000 - 0x00007ffce015b000 	C:\Users\¿‰ÏËÌ\.jdks\azul-15.0.5\bin\msvcp140.dll
0x00007ffcb85e0000 - 0x00007ffcb9172000 	C:\Users\¿‰ÏËÌ\.jdks\azul-15.0.5\bin\server\jvm.dll
0x00007ffcff980000 - 0x00007ffcffa2e000 	C:\WINDOWS\System32\ADVAPI32.dll
0x00007ffcfea50000 - 0x00007ffcfeaec000 	C:\WINDOWS\System32\sechost.dll
0x00007ffcff1b0000 - 0x00007ffcff2d5000 	C:\WINDOWS\System32\RPCRT4.dll
0x00007ffcff110000 - 0x00007ffcff118000 	C:\WINDOWS\System32\PSAPI.DLL
0x00007ffcf5a00000 - 0x00007ffcf5a09000 	C:\WINDOWS\SYSTEM32\WSOCK32.dll
0x00007ffcfef70000 - 0x00007ffcfefdb000 	C:\WINDOWS\System32\WS2_32.dll
0x00007ffcf9780000 - 0x00007ffcf97a7000 	C:\WINDOWS\SYSTEM32\WINMM.dll
0x00007ffcf7fa0000 - 0x00007ffcf7faa000 	C:\WINDOWS\SYSTEM32\VERSION.dll
0x00007ffcfbcf0000 - 0x00007ffcfbd02000 	C:\WINDOWS\SYSTEM32\kernel.appcore.dll
0x00007ffcf7cc0000 - 0x00007ffcf7cca000 	C:\Users\¿‰ÏËÌ\.jdks\azul-15.0.5\bin\jimage.dll
0x00007ffcf83e0000 - 0x00007ffcf85c4000 	C:\WINDOWS\SYSTEM32\DBGHELP.DLL
0x00007ffcf7fb0000 - 0x00007ffcf7fdc000 	C:\WINDOWS\SYSTEM32\dbgcore.DLL
0x00007ffcfe130000 - 0x00007ffcfe1b2000 	C:\WINDOWS\System32\bcryptPrimitives.dll
0x00007ffcf9750000 - 0x00007ffcf975e000 	C:\Users\¿‰ÏËÌ\.jdks\azul-15.0.5\bin\instrument.dll
0x00007ffce9f10000 - 0x00007ffce9f35000 	C:\Users\¿‰ÏËÌ\.jdks\azul-15.0.5\bin\java.dll
0x00007ffcffa30000 - 0x00007ffd00174000 	C:\WINDOWS\System32\SHELL32.dll
0x00007ffcfbef0000 - 0x00007ffcfc684000 	C:\WINDOWS\SYSTEM32\windows.storage.dll
0x00007ffcfe6f0000 - 0x00007ffcfea44000 	C:\WINDOWS\System32\combase.dll
0x00007ffcfd750000 - 0x00007ffcfd77c000 	C:\WINDOWS\SYSTEM32\Wldp.dll
0x00007ffcfefe0000 - 0x00007ffcff08d000 	C:\WINDOWS\System32\SHCORE.dll
0x00007ffcfee40000 - 0x00007ffcfee95000 	C:\WINDOWS\System32\shlwapi.dll
0x00007ffcfdcf0000 - 0x00007ffcfdd0f000 	C:\WINDOWS\SYSTEM32\profapi.dll
0x00007ffcefad0000 - 0x00007ffcefae8000 	C:\Users\¿‰ÏËÌ\.jdks\azul-15.0.5\bin\zip.dll
0x00007ffce5d80000 - 0x00007ffce5d99000 	C:\Users\¿‰ÏËÌ\.jdks\azul-15.0.5\bin\net.dll
0x00007ffcf8df0000 - 0x00007ffcf8efa000 	C:\WINDOWS\SYSTEM32\WINHTTP.dll
0x00007ffcfd4b0000 - 0x00007ffcfd51a000 	C:\WINDOWS\system32\mswsock.dll
0x00007ffce5d60000 - 0x00007ffce5d72000 	C:\Users\¿‰ÏËÌ\.jdks\azul-15.0.5\bin\nio.dll
0x00007ffce3090000 - 0x00007ffce30aa000 	D:\IntelliJ IDEA 2021.3.3 Ultimate\bin\breakgen64.dll
0x00007ffcf1e70000 - 0x00007ffcf1e80000 	C:\Users\¿‰ÏËÌ\.jdks\azul-15.0.5\bin\verify.dll
0x00007ffcd4bb0000 - 0x00007ffcd4c25000 	C:\Users\¿‰ÏËÌ\AppData\Local\Temp\lwjgl¿‰ÏËÌ\3.3.1-SNAPSHOT\lwjgl.dll
0x00007ffcd4e50000 - 0x00007ffcd4eb1000 	C:\Users\7272~1\AppData\Local\Temp\lwjgl¿‰ÏËÌ\3.3.1-SNAPSHOT\glfw.dll
0x00007ffcda240000 - 0x00007ffcda285000 	C:\WINDOWS\SYSTEM32\dinput8.dll
0x00007ffce3040000 - 0x00007ffce3051000 	C:\WINDOWS\SYSTEM32\xinput1_4.dll
0x00007ffcfe6a0000 - 0x00007ffcfe6ee000 	C:\WINDOWS\System32\cfgmgr32.dll
0x00007ffcfda90000 - 0x00007ffcfdabc000 	C:\WINDOWS\SYSTEM32\DEVOBJ.dll
0x00007ffcfbbe0000 - 0x00007ffcfbc0f000 	C:\WINDOWS\SYSTEM32\dwmapi.dll
0x00007ffcfb910000 - 0x00007ffcfb9ae000 	C:\WINDOWS\system32\uxtheme.dll
0x00007ffd00380000 - 0x00007ffd00495000 	C:\WINDOWS\System32\MSCTF.dll
0x00007ffcfeea0000 - 0x00007ffcfef6d000 	C:\WINDOWS\System32\OLEAUT32.dll
0x00007ffce0f20000 - 0x00007ffce1046000 	C:\WINDOWS\SYSTEM32\opengl32.dll
0x00007ffcefcf0000 - 0x00007ffcefd1c000 	C:\WINDOWS\SYSTEM32\GLU32.dll
0x00007ffcfed90000 - 0x00007ffcfee39000 	C:\WINDOWS\System32\clbcatq.dll
0x00007ffce6750000 - 0x00007ffce68a2000 	C:\WINDOWS\SYSTEM32\inputhost.dll
0x00007ffcfb530000 - 0x00007ffcfb622000 	C:\WINDOWS\SYSTEM32\CoreMessaging.dll
0x00007ffcf8850000 - 0x00007ffcf8946000 	C:\WINDOWS\SYSTEM32\PROPSYS.dll
0x00007ffcfab00000 - 0x00007ffcfac54000 	C:\WINDOWS\SYSTEM32\wintypes.dll
0x00007ffcfb1d0000 - 0x00007ffcfb52e000 	C:\WINDOWS\SYSTEM32\CoreUIComponents.dll
0x00007ffcfcac0000 - 0x00007ffcfcaf3000 	C:\WINDOWS\SYSTEM32\ntmarta.dll
0x0000000058cb0000 - 0x000000005aaf7000 	C:\WINDOWS\SYSTEM32\nvoglv64.DLL
0x00007ffcff2e0000 - 0x00007ffcff74a000 	C:\WINDOWS\System32\SETUPAPI.dll
0x00007ffcfde50000 - 0x00007ffcfde77000 	C:\WINDOWS\System32\bcrypt.dll
0x00007ffcf9890000 - 0x00007ffcf98a4000 	C:\WINDOWS\SYSTEM32\WTSAPI32.dll
0x00007ffcfde80000 - 0x00007ffcfdee8000 	C:\WINDOWS\System32\WINTRUST.dll
0x00007ffcfdfd0000 - 0x00007ffcfe126000 	C:\WINDOWS\System32\CRYPT32.dll
0x00007ffcfd8d0000 - 0x00007ffcfd8e2000 	C:\WINDOWS\System32\MSASN1.dll
0x00007ffcfdc60000 - 0x00007ffcfdcab000 	C:\WINDOWS\SYSTEM32\powrprof.dll
0x00007ffcfdc00000 - 0x00007ffcfdc12000 	C:\WINDOWS\SYSTEM32\UMPDC.dll
0x00007ffcfdba0000 - 0x00007ffcfdbfa000 	C:\WINDOWS\SYSTEM32\WINSTA.dll
0x00007ffcfc6d0000 - 0x00007ffcfc7c3000 	C:\WINDOWS\SYSTEM32\dxgi.dll
0x00007ffcf9e50000 - 0x00007ffcfa0b4000 	C:\WINDOWS\SYSTEM32\d3d11.dll
0x00007ffce1c30000 - 0x00007ffce2dea000 	C:\WINDOWS\SYSTEM32\nvwgf2umx.dll
0x00007ffce8fd0000 - 0x00007ffce900b000 	C:\WINDOWS\SYSTEM32\dxcore.dll
0x00007ffcefbb0000 - 0x00007ffcefca9000 	C:\WINDOWS\SYSTEM32\textinputframework.dll
0x00007ffcd93d0000 - 0x00007ffcd942d000 	C:\Users\¿‰ÏËÌ\AppData\Local\Temp\lwjgl¿‰ÏËÌ\3.3.1-SNAPSHOT\lwjgl_opengl.dll
0x00007ffcd38c0000 - 0x00007ffcd3941000 	C:\Users\¿‰ÏËÌ\AppData\Local\Temp\lwjgl¿‰ÏËÌ\3.3.1-SNAPSHOT\lwjgl_stb.dll
0x0000000064a00000 - 0x00000000657b1000 	C:\Users\¿‰ÏËÌ\AppData\Local\Temp\imgui-java-natives_1652200180777\imgui-java64.dll

dbghelp: loaded successfully - version: 4.0.5 - missing functions: none
symbol engine: initialized successfully - sym options: 0x614 - pdb path: .;C:\Users\¿‰ÏËÌ\.jdks\azul-15.0.5\bin;C:\WINDOWS\SYSTEM32;C:\Program Files\AVAST Software\Avast;C:\WINDOWS\WinSxS\amd64_microsoft.windows.common-controls_6595b64144ccf1df_6.0.19041.1110_none_60b5254171f9507e;C:\Users\¿‰ÏËÌ\.jdks\azul-15.0.5\bin\server;D:\IntelliJ IDEA 2021.3.3 Ultimate\bin;C:\Users\¿‰ÏËÌ\AppData\Local\Temp\lwjgl¿‰ÏËÌ\3.3.1-SNAPSHOT;C:\Users\7272~1\AppData\Local\Temp\lwjgl¿‰ÏËÌ\3.3.1-SNAPSHOT;C:\Users\¿‰ÏËÌ\AppData\Local\Temp\imgui-java-natives_1652200180777

VM Arguments:
jvm_args: -javaagent:D:\IntelliJ IDEA 2021.3.3 Ultimate\lib\idea_rt.jar=54480:D:\IntelliJ IDEA 2021.3.3 Ultimate\bin -Dfile.encoding=UTF-8 
java_command: SungearEngine2D.Main.Main
java_class_path (initial): D:\PixelField\SungearEngine2D\out\production\SungearEngine2D;D:\PixelField\SungearEngine2D\libs\Core2D.jar;D:\PixelField\SungearEngine2D\libs\imgui-app-1.84.1.3.jar;D:\PixelField\SungearEngine2D\libs\imgui-lwjgl3-1.84.1.3.jar;D:\PixelField\SungearEngine2D\libs\imgui-app-1.84.1.3-sources.jar;D:\PixelField\SungearEngine2D\libs\imgui-lwjgl3-1.84.1.3-sources.jar
Launcher Type: SUN_STANDARD

[Global flags]
     intx CICompilerCount                          = 2                                         {product} {ergonomic}
     uint ConcGCThreads                            = 1                                         {product} {ergonomic}
     uint G1ConcRefinementThreads                  = 2                                         {product} {ergonomic}
   size_t G1HeapRegionSize                         = 1048576                                   {product} {ergonomic}
    uintx GCDrainStackTargetSize                   = 64                                        {product} {ergonomic}
   size_t InitialHeapSize                          = 134217728                                 {product} {ergonomic}
   size_t MarkStackSize                            = 4194304                                   {product} {ergonomic}
   size_t MaxHeapSize                              = 2120220672                                {product} {ergonomic}
   size_t MaxNewSize                               = 1271922688                                {product} {ergonomic}
   size_t MinHeapDeltaBytes                        = 1048576                                   {product} {ergonomic}
   size_t MinHeapSize                              = 8388608                                   {product} {ergonomic}
    uintx NonNMethodCodeHeapSize                   = 5826188                                {pd product} {ergonomic}
    uintx NonProfiledCodeHeapSize                  = 122916026                              {pd product} {ergonomic}
    uintx ProfiledCodeHeapSize                     = 122916026                              {pd product} {ergonomic}
    uintx ReservedCodeCacheSize                    = 251658240                              {pd product} {ergonomic}
     bool SegmentedCodeCache                       = true                                      {product} {ergonomic}
   size_t SoftMaxHeapSize                          = 2120220672                             {manageable} {ergonomic}
     bool UseCompressedClassPointers               = true                                 {lp64_product} {ergonomic}
     bool UseCompressedOops                        = true                                 {lp64_product} {ergonomic}
     bool UseG1GC                                  = true                                      {product} {ergonomic}
     bool UseLargePagesIndividualAllocation        = false                                  {pd product} {ergonomic}

Logging:
Log output configuration:
 #0: stdout all=warning uptime,level,tags
 #1: stderr all=off uptime,level,tags

Environment Variables:
CLASSPATH=C:\Users\¿‰ÏËÌ\.jdks\corretto-16.0.2\bin;
PATH=C:\Program Files (x86)\Common Files\Oracle\Java\javapath;"C:\WINDOWS\system32;C:\WINDOWS;C:\WINDOWS\system32\WBEM";C:\Users\¿‰ÏËÌ\AppData\Local\Microsoft\WindowsApps;C:\Users\¿‰ÏËÌ\.dotnet\tools;C:\Program Files\JetBrains\PyCharm Community Edition 2020.2.3\bin;D:\IntellijIDEA_2020_1_4\IntelliJ IDEA Community Edition 2020.1.4\bin;D:\Git\cmd;C:\Program Files\dotnet\;"C:\WINDOWS\system32;C:\WINDOWS;C:\WINDOWS\system32\WBEM";C:\Users\¿‰ÏËÌ\AppData\Local\Microsoft\WindowsApps;C:\Users\¿‰ÏËÌ\.dotnet\tools;C:\Program Files\JetBrains\PyCharm Community Edition 2020.2.3\bin;;D:\IntellijIDEA_2020_1_4\IntelliJ IDEA Community Edition 2020.1.4\bin;;C:\Users\¿‰ÏËÌ\AppData\Local\GitHubDesktop\bin;D:\Rider\JetBrains Rider 2021.3.3\bin;;D:\IntelliJ IDEA 2021.3.3 Ultimate\bin;
USERNAME=¿‰ÏËÌ
OS=Windows_NT
PROCESSOR_IDENTIFIER=Intel64 Family 6 Model 60 Stepping 3, GenuineIntel



---------------  S Y S T E M  ---------------

OS:
 Windows 10 , 64 bit Build 19041 (10.0.19041.1645)
OS uptime: 24 days 18:38 hours

CPU: total 2 (initial active 2) (2 cores per cpu, 1 threads per core) family 6 model 60 stepping 3 microcode 0x27, cmov, cx8, fxsr, mmx, sse, sse2, sse3, ssse3, sse4.1, sse4.2, popcnt, clmul, erms, lzcnt, tsc, tscinvbit, clflush

Memory: 4k page, system-wide physical 8087M (1342M free)
TotalPageFile size 16191M (AvailPageFile size 2377M)
current process WorkingSet (physical memory assigned to process): 117M, peak: 117M
current process commit charge ("private bytes"): 287M, peak: 287M

vm_info: OpenJDK 64-Bit Server VM (15.0.5+3-MTS) for windows-amd64 JRE (15.0.5+3-MTS) (Zulu15.36+13-CA), built on Oct  8 2021 11:07:26 by "zulu_re" with MS VC++ 15.9 (VS2017)

END.
