#
# A fatal error has been detected by the Java Runtime Environment:
#
#  EXCEPTION_ACCESS_VIOLATION (0xc0000005) at pc=0x0000000064a26f58, pid=6920, tid=16244
#
# JRE version: OpenJDK Runtime Environment Zulu15.36+13-CA (15.0.5+3) (build 15.0.5+3-MTS)
# Java VM: OpenJDK 64-Bit Server VM Zulu15.36+13-CA (15.0.5+3-MTS, mixed mode, sharing, tiered, compressed oops, g1 gc, windows-amd64)
# Problematic frame:
# C  [imgui-java64.dll+0x26f58]
#
# No core dump will be written. Minidumps are not enabled by default on client versions of Windows
#
# If you would like to submit a bug report, please visit:
#   http://www.azul.com/support/
# The crash happened outside the Java Virtual Machine in native code.
# See problematic frame for where to report the bug.
#

---------------  S U M M A R Y ------------

Command Line: -javaagent:D:\IntelliJ IDEA 2021.3.3 Ultimate\lib\idea_rt.jar=52475:D:\IntelliJ IDEA 2021.3.3 Ultimate\bin -Dfile.encoding=UTF-8 SungearEngine2D.Main.Main

Host: Intel(R) Pentium(R) CPU G3220 @ 3.00GHz, 2 cores, 7G,  Windows 10 , 64 bit Build 19041 (10.0.19041.1706)
Time: Fri May 27 20:23:12 2022 RTZ 2 (ÁËÏ‡) elapsed time: 3.789510 seconds (0d 0h 0m 3s)

---------------  T H R E A D  ---------------

Current thread (0x00000288d6951b60):  JavaThread "main" [_thread_in_native, id=16244, stack(0x0000009ed9f00000,0x0000009eda000000)]

Stack: [0x0000009ed9f00000,0x0000009eda000000],  sp=0x0000009ed9ffeea0,  free space=1019k
Native frames: (J=compiled Java code, j=interpreted, Vv=VM code, C=native code)
C  [imgui-java64.dll+0x26f58]

Java frames: (J=compiled Java code, j=interpreted, Vv=VM code)
j  imgui.ImGui.nBegin(Ljava/lang/String;I)Z+0
j  imgui.ImGui.begin(Ljava/lang/String;I)Z+2
j  SungearEngine2D.GUI.Views.ProjectTreeView.draw()V+3
j  SungearEngine2D.GUI.Views.MainView.draw()V+87
j  SungearEngine2D.GUI.GUI.draw()V+6
j  SungearEngine2D.Main.Main$1.onDrawFrame()V+37
j  Core2D.Core2D.Graphics.Draw()V+46
j  Core2D.Core2D.Core2D.Run()V+42
j  Core2D.Core2D.Core2D.Start(Ljava/lang/String;[I[I)V+29
j  SungearEngine2D.Main.Main.main([Ljava/lang/String;)V+34
v  ~StubRoutines::call_stub

siginfo: EXCEPTION_ACCESS_VIOLATION (0xc0000005), reading address 0x00000000000000bc


Register to memory mapping:

RIP=0x0000000064a26f58 imgui-java64.dll
RAX=0x433e000044758000 is an unknown value
RBX=0x0000000000000004 is an unknown value
RCX=0x00000288fed50f60 points into unknown readable memory: 0x0000000000000008 | 08 00 00 00 00 00 00 00
RDX=0x0000000000000001 is an unknown value
RSP=0x0000009ed9ffeea0 is pointing into the stack for thread: 0x00000288d6951b60
RBP=0x0000000000000001 is an unknown value
RSI=0x0000009ed9fff004 is pointing into the stack for thread: 0x00000288d6951b60
RDI=0x00007ffcbf21b480 msvcrt.dll
R8 =0x433e000044758000 is an unknown value
R9 =0x0 is NULL
R10=0x00000288fed4fca0 points into unknown readable memory: 0x0000000000000000 | 00 00 00 00 00 00 00 00
R11=0x0000000000000080 is an unknown value
R12=0x00000288fed51030 points into unknown readable memory: 0x0000000000000004 | 04 00 00 00 00 00 00 00
R13=0x4449400041100000 is an unknown value
R14=0x0 is NULL
R15=0x0000009ed9fff00c is pointing into the stack for thread: 0x00000288d6951b60


Registers:
RAX=0x433e000044758000, RBX=0x0000000000000004, RCX=0x00000288fed50f60, RDX=0x0000000000000001
RSP=0x0000009ed9ffeea0, RBP=0x0000000000000001, RSI=0x0000009ed9fff004, RDI=0x00007ffcbf21b480
R8 =0x433e000044758000, R9 =0x0000000000000000, R10=0x00000288fed4fca0, R11=0x0000000000000080
R12=0x00000288fed51030, R13=0x4449400041100000, R14=0x0000000000000000, R15=0x0000009ed9fff00c
RIP=0x0000000064a26f58, EFLAGS=0x0000000000010202

Top of Stack: (sp=0x0000009ed9ffeea0)
0x0000009ed9ffeea0:   00000288d4982530 0000000000000140
0x0000009ed9ffeeb0:   4443000044540000 00000288d4981c86
0x0000009ed9ffeec0:   000002881d627dc6 00000288d48f0000
0x0000009ed9ffeed0:   00000288d48f02a8 00000288d694e2d0
0x0000009ed9ffeee0:   0000000000000020 4449400041100000
0x0000009ed9ffeef0:   433e000044758000 433e000044758000
0x0000009ed9ffef00:   00000000433e0000 0000000000000000
0x0000009ed9ffef10:   0000000042000000 0000000000000000
0x0000009ed9ffef20:   0000000044438000 0000000000000000
0x0000009ed9ffef30:   0000000044430000 0000000000000000
0x0000009ed9ffef40:   000000003f000000 0000000000000000
0x0000009ed9ffef50:   0000000000000000 0000000000000000
0x0000009ed9ffef60:   0000000000000008 0000000000000004
0x0000009ed9ffef70:   0000009ed9fff004 00007ffcbf21b480
0x0000009ed9ffef80:   0000000000000001 00000288fed50b50
0x0000009ed9ffef90:   41b8000041100000 00000288fed50f60 

Instructions: (pc=0x0000000064a26f58)
0x0000000064a26e58:   11 8c 24 90 00 00 00 44 0f 11 94 24 a0 00 00 00
0x0000000064a26e68:   44 0f 11 9c 24 b0 00 00 00 4c 89 84 24 20 01 00
0x0000000064a26e78:   00 49 89 d5 45 84 c9 0f 84 bb 00 00 00 f6 81 bd
0x0000000064a26e88:   00 00 00 02 0f 85 ae 00 00 00 4c 8b 61 20 4d 85
0x0000000064a26e98:   e4 74 5e 48 8b 84 24 20 01 00 00 4c 8b 71 28 4c
0x0000000064a26ea8:   89 6c 24 48 41 0f b6 94 24 bc 00 00 00 48 89 44
0x0000000064a26eb8:   24 50 48 89 44 24 58 f6 c2 01 0f 85 90 00 00 00
0x0000000064a26ec8:   41 80 a6 bc 00 00 00 df 41 80 a4 24 bc 00 00 00
0x0000000064a26ed8:   df 41 f6 86 bc 00 00 00 01 74 16 4c 8b 44 24 58
0x0000000064a26ee8:   48 8b 54 24 48 45 31 c9 4c 89 f1 e8 38 ff ff ff
0x0000000064a26ef8:   90 0f 10 74 24 60 0f 10 7c 24 70 44 0f 10 84 24
0x0000000064a26f08:   80 00 00 00 44 0f 10 8c 24 90 00 00 00 44 0f 10
0x0000000064a26f18:   94 24 a0 00 00 00 44 0f 10 9c 24 b0 00 00 00 48
0x0000000064a26f28:   81 c4 c8 00 00 00 5b 5e 5f 5d 41 5c 41 5d 41 5e
0x0000000064a26f38:   41 5f c3 0f 1f 44 00 00 48 8b 84 24 20 01 00 00
0x0000000064a26f48:   4c 89 69 48 48 89 41 50 e9 3d ff ff ff 0f 1f 00
0x0000000064a26f58:   41 0f b6 86 bc 00 00 00 a8 01 0f 84 08 01 00 00
0x0000000064a26f68:   48 63 69 60 48 8d 1c ad 00 00 00 00 48 8d b4 1c
0x0000000064a26f78:   20 01 00 00 48 83 fd 01 0f 87 1a 01 00 00 f3 0f
0x0000000064a26f88:   10 36 66 45 0f ef c9 f3 44 0f 10 05 b0 c2 49 00
0x0000000064a26f98:   41 0f 10 c1 48 8b 35 85 51 53 00 f3 41 0f 5c f0
0x0000000064a26fa8:   f3 0f c2 c6 02 0f 54 f0 f3 0f 10 84 1e 48 16 00
0x0000000064a26fb8:   00 0f 10 d6 c0 e8 05 48 8d 74 1c 50 83 e0 01 83
0x0000000064a26fc8:   e2 20 4c 8d 7c 1c 58 f3 0f 58 c0 f3 0f 5d d0 0f
0x0000000064a26fd8:   10 c2 0f 84 40 01 00 00 4d 8d 54 1e 58 4d 8d 4c
0x0000000064a26fe8:   1c 58 84 c0 0f 85 06 02 00 00 49 8d 44 1c 50 48
0x0000000064a26ff8:   83 fd 01 0f 87 cf 02 00 00 0f 10 ce f3 0f 5c 0d
0x0000000064a27008:   40 c2 49 00 f3 0f 10 00 0f 2f c1 0f 86 97 09 00
0x0000000064a27018:   00 f3 41 0f 11 09 0f 10 c1 f3 0f 5c f0 f3 0f 11
0x0000000064a27028:   06 f3 41 0f 11 32 f3 41 0f 10 09 f3 41 0f 11 37
0x0000000064a27038:   41 0f 2f c9 76 0a 41 0f 2f f1 0f 87 6d 01 00 00
0x0000000064a27048:   48 8b 3d f9 25 d8 00 41 b8 9d 39 00 00 48 8d 15 


Stack slot to memory mapping:
stack at sp + 0 slots: 0x00000288d4982530 points into unknown readable memory: 0x8000000008000000 | 00 00 00 08 00 00 00 80
stack at sp + 1 slots: 0x0000000000000140 is an unknown value
stack at sp + 2 slots: 0x4443000044540000 is an unknown value
stack at sp + 3 slots: 0x00000288d4981c86 points into unknown readable memory: 2e 0d
stack at sp + 4 slots: 0x000002881d627dc6 is an unknown value
stack at sp + 5 slots: 0x00000288d48f0000 points into unknown readable memory: 0x0000000000000000 | 00 00 00 00 00 00 00 00
stack at sp + 6 slots: 0x00000288d48f02a8 points into unknown readable memory: 0x0002000300010002 | 02 00 01 00 03 00 02 00
stack at sp + 7 slots: 0x00000288d694e2d0 points into unknown readable memory: 0x6c2f6176000003f1 | f1 03 00 00 76 61 2f 6c


---------------  P R O C E S S  ---------------

Threads class SMR info:
_java_thread_list=0x00000288f540a650, length=12, elements={
0x00000288d6951b60, 0x00000288f4991340, 0x00000288f4994f30, 0x00000288f49b0df0,
0x00000288f49b47d0, 0x00000288f49b5280, 0x00000288f49b6110, 0x00000288f49b8bc0,
0x00000288f4a1d6d0, 0x00000288f497e2d0, 0x00000288f540c900, 0x00000288f540cdd0
}

Java Threads: ( => current thread )
=>0x00000288d6951b60 JavaThread "main" [_thread_in_native, id=16244, stack(0x0000009ed9f00000,0x0000009eda000000)]
  0x00000288f4991340 JavaThread "Reference Handler" daemon [_thread_blocked, id=9152, stack(0x0000009eda600000,0x0000009eda700000)]
  0x00000288f4994f30 JavaThread "Finalizer" daemon [_thread_blocked, id=7808, stack(0x0000009eda700000,0x0000009eda800000)]
  0x00000288f49b0df0 JavaThread "Signal Dispatcher" daemon [_thread_blocked, id=9588, stack(0x0000009eda800000,0x0000009eda900000)]
  0x00000288f49b47d0 JavaThread "Attach Listener" daemon [_thread_blocked, id=11620, stack(0x0000009eda900000,0x0000009edaa00000)]
  0x00000288f49b5280 JavaThread "Service Thread" daemon [_thread_blocked, id=8144, stack(0x0000009edaa00000,0x0000009edab00000)]
  0x00000288f49b6110 JavaThread "C2 CompilerThread0" daemon [_thread_blocked, id=16808, stack(0x0000009edab00000,0x0000009edac00000)]
  0x00000288f49b8bc0 JavaThread "C1 CompilerThread0" daemon [_thread_blocked, id=8896, stack(0x0000009edac00000,0x0000009edad00000)]
  0x00000288f4a1d6d0 JavaThread "Sweeper thread" daemon [_thread_blocked, id=2720, stack(0x0000009edad00000,0x0000009edae00000)]
  0x00000288f497e2d0 JavaThread "Common-Cleaner" daemon [_thread_blocked, id=3988, stack(0x0000009edae00000,0x0000009edaf00000)]
  0x00000288f540c900 JavaThread "Monitor Ctrl-Break" daemon [_thread_in_native, id=15780, stack(0x0000009edaf00000,0x0000009edb000000)]
  0x00000288f540cdd0 JavaThread "Notification Thread" daemon [_thread_blocked, id=7020, stack(0x0000009edb000000,0x0000009edb100000)]

Other Threads:
  0x00000288f49895b0 VMThread "VM Thread" [stack: 0x0000009eda500000,0x0000009eda600000] [id=13916]
  0x00000288f5462610 WatcherThread [stack: 0x0000009edb100000,0x0000009edb200000] [id=11204]
  0x00000288d6990160 GCTaskThread "GC Thread#0" [stack: 0x0000009eda000000,0x0000009eda100000] [id=15692]
  0x00000288f5561710 GCTaskThread "GC Thread#1" [stack: 0x0000009edb200000,0x0000009edb300000] [id=6540]
  0x00000288d69a0f70 ConcurrentGCThread "G1 Main Marker" [stack: 0x0000009eda100000,0x0000009eda200000] [id=16884]
  0x00000288d69a1c30 ConcurrentGCThread "G1 Conc#0" [stack: 0x0000009eda200000,0x0000009eda300000] [id=7628]
  0x00000288d6a0f7d0 ConcurrentGCThread "G1 Refine#0" [stack: 0x0000009eda300000,0x0000009eda400000] [id=10132]
  0x00000288f554ece0 ConcurrentGCThread "G1 Refine#1" [stack: 0x0000009edb300000,0x0000009edb400000] [id=17392]
  0x00000288d6a103d0 ConcurrentGCThread "G1 Young RemSet Sampling" [stack: 0x0000009eda400000,0x0000009eda500000] [id=3764]

Threads with active compile tasks:

VM state: not at safepoint (normal execution)

VM Mutex/Monitor currently owned by a thread: None

Heap address: 0x0000000081a00000, size: 2022 MB, Compressed Oops mode: 32-bit
CDS archive(s) mapped at: [0x0000000800000000-0x0000000800b50000-0x0000000800b50000), size 11862016, SharedBaseAddress: 0x0000000800000000, ArchiveRelocationMode: 0.
Compressed class space mapped at: 0x0000000800b50000-0x0000000840b50000, size: 1073741824
Narrow klass base: 0x0000000800000000, Narrow klass shift: 3, Narrow klass range: 0x100000000

GC Precious Log:
 CPUs: 2 total, 2 available
 Memory: 8087M
 Large Page Support: Disabled
 NUMA Support: Disabled
 Compressed Oops: Enabled (32-bit)
 Heap Region Size: 1M
 Heap Min Capacity: 8M
 Heap Initial Capacity: 128M
 Heap Max Capacity: 2022M
 Pre-touch: Disabled
 Parallel Workers: 2
 Concurrent Workers: 1
 Concurrent Refinement Workers: 2
 Periodic GC: Disabled

Heap:
 garbage-first heap   total 131072K, used 15360K [0x0000000081a00000, 0x0000000100000000)
  region size 1024K, 11 young (11264K), 1 survivors (1024K)
 Metaspace       used 9159K, capacity 11023K, committed 11392K, reserved 1060864K
  class space    used 553K, capacity 772K, committed 896K, reserved 1048576K

Heap Regions: E=young(eden), S=young(survivor), O=old, HS=humongous(starts), HC=humongous(continues), CS=collection set, F=free, OA=open archive, CA=closed archive, TAMS=top-at-mark-start (previous, next)
|   0|0x0000000081a00000, 0x0000000081b00000, 0x0000000081b00000|100%| O|  |TAMS 0x0000000081a00000, 0x0000000081a00000| Untracked 
|   1|0x0000000081b00000, 0x0000000081c00000, 0x0000000081c00000|100%| O|  |TAMS 0x0000000081b00000, 0x0000000081b00000| Untracked 
|   2|0x0000000081c00000, 0x0000000081c41e00, 0x0000000081d00000| 25%| O|  |TAMS 0x0000000081c00000, 0x0000000081c00000| Untracked 
|   3|0x0000000081d00000, 0x0000000081e00000, 0x0000000081e00000|100%|HS|  |TAMS 0x0000000081d00000, 0x0000000081d00000| Complete 
|   4|0x0000000081e00000, 0x0000000081f00000, 0x0000000081f00000|100%|HC|  |TAMS 0x0000000081e00000, 0x0000000081e00000| Complete 
|   5|0x0000000081f00000, 0x0000000082000000, 0x0000000082000000|100%|HS|  |TAMS 0x0000000081f00000, 0x0000000081f00000| Complete 
|   6|0x0000000082000000, 0x0000000082100000, 0x0000000082100000|100%|HC|  |TAMS 0x0000000082000000, 0x0000000082000000| Complete 
|   7|0x0000000082100000, 0x0000000082100000, 0x0000000082200000|  0%| F|  |TAMS 0x0000000082100000, 0x0000000082100000| Untracked 
|   8|0x0000000082200000, 0x0000000082200000, 0x0000000082300000|  0%| F|  |TAMS 0x0000000082200000, 0x0000000082200000| Untracked 
|   9|0x0000000082300000, 0x0000000082300000, 0x0000000082400000|  0%| F|  |TAMS 0x0000000082300000, 0x0000000082300000| Untracked 
|  10|0x0000000082400000, 0x0000000082400000, 0x0000000082500000|  0%| F|  |TAMS 0x0000000082400000, 0x0000000082400000| Untracked 
|  11|0x0000000082500000, 0x0000000082500000, 0x0000000082600000|  0%| F|  |TAMS 0x0000000082500000, 0x0000000082500000| Untracked 
|  12|0x0000000082600000, 0x0000000082600000, 0x0000000082700000|  0%| F|  |TAMS 0x0000000082600000, 0x0000000082600000| Untracked 
|  13|0x0000000082700000, 0x0000000082700000, 0x0000000082800000|  0%| F|  |TAMS 0x0000000082700000, 0x0000000082700000| Untracked 
|  14|0x0000000082800000, 0x0000000082800000, 0x0000000082900000|  0%| F|  |TAMS 0x0000000082800000, 0x0000000082800000| Untracked 
|  15|0x0000000082900000, 0x0000000082900000, 0x0000000082a00000|  0%| F|  |TAMS 0x0000000082900000, 0x0000000082900000| Untracked 
|  16|0x0000000082a00000, 0x0000000082a00000, 0x0000000082b00000|  0%| F|  |TAMS 0x0000000082a00000, 0x0000000082a00000| Untracked 
|  17|0x0000000082b00000, 0x0000000082b00000, 0x0000000082c00000|  0%| F|  |TAMS 0x0000000082b00000, 0x0000000082b00000| Untracked 
|  18|0x0000000082c00000, 0x0000000082c00000, 0x0000000082d00000|  0%| F|  |TAMS 0x0000000082c00000, 0x0000000082c00000| Untracked 
|  19|0x0000000082d00000, 0x0000000082d00000, 0x0000000082e00000|  0%| F|  |TAMS 0x0000000082d00000, 0x0000000082d00000| Untracked 
|  20|0x0000000082e00000, 0x0000000082e00000, 0x0000000082f00000|  0%| F|  |TAMS 0x0000000082e00000, 0x0000000082e00000| Untracked 
|  21|0x0000000082f00000, 0x0000000082f00000, 0x0000000083000000|  0%| F|  |TAMS 0x0000000082f00000, 0x0000000082f00000| Untracked 
|  22|0x0000000083000000, 0x0000000083000000, 0x0000000083100000|  0%| F|  |TAMS 0x0000000083000000, 0x0000000083000000| Untracked 
|  23|0x0000000083100000, 0x0000000083100000, 0x0000000083200000|  0%| F|  |TAMS 0x0000000083100000, 0x0000000083100000| Untracked 
|  24|0x0000000083200000, 0x0000000083200000, 0x0000000083300000|  0%| F|  |TAMS 0x0000000083200000, 0x0000000083200000| Untracked 
|  25|0x0000000083300000, 0x0000000083300000, 0x0000000083400000|  0%| F|  |TAMS 0x0000000083300000, 0x0000000083300000| Untracked 
|  26|0x0000000083400000, 0x0000000083400000, 0x0000000083500000|  0%| F|  |TAMS 0x0000000083400000, 0x0000000083400000| Untracked 
|  27|0x0000000083500000, 0x0000000083500000, 0x0000000083600000|  0%| F|  |TAMS 0x0000000083500000, 0x0000000083500000| Untracked 
|  28|0x0000000083600000, 0x0000000083600000, 0x0000000083700000|  0%| F|  |TAMS 0x0000000083600000, 0x0000000083600000| Untracked 
|  29|0x0000000083700000, 0x0000000083700000, 0x0000000083800000|  0%| F|  |TAMS 0x0000000083700000, 0x0000000083700000| Untracked 
|  30|0x0000000083800000, 0x0000000083800000, 0x0000000083900000|  0%| F|  |TAMS 0x0000000083800000, 0x0000000083800000| Untracked 
|  31|0x0000000083900000, 0x0000000083900000, 0x0000000083a00000|  0%| F|  |TAMS 0x0000000083900000, 0x0000000083900000| Untracked 
|  32|0x0000000083a00000, 0x0000000083a00000, 0x0000000083b00000|  0%| F|  |TAMS 0x0000000083a00000, 0x0000000083a00000| Untracked 
|  33|0x0000000083b00000, 0x0000000083b00000, 0x0000000083c00000|  0%| F|  |TAMS 0x0000000083b00000, 0x0000000083b00000| Untracked 
|  34|0x0000000083c00000, 0x0000000083c00000, 0x0000000083d00000|  0%| F|  |TAMS 0x0000000083c00000, 0x0000000083c00000| Untracked 
|  35|0x0000000083d00000, 0x0000000083d00000, 0x0000000083e00000|  0%| F|  |TAMS 0x0000000083d00000, 0x0000000083d00000| Untracked 
|  36|0x0000000083e00000, 0x0000000083e00000, 0x0000000083f00000|  0%| F|  |TAMS 0x0000000083e00000, 0x0000000083e00000| Untracked 
|  37|0x0000000083f00000, 0x0000000083f00000, 0x0000000084000000|  0%| F|  |TAMS 0x0000000083f00000, 0x0000000083f00000| Untracked 
|  38|0x0000000084000000, 0x0000000084000000, 0x0000000084100000|  0%| F|  |TAMS 0x0000000084000000, 0x0000000084000000| Untracked 
|  39|0x0000000084100000, 0x0000000084100000, 0x0000000084200000|  0%| F|  |TAMS 0x0000000084100000, 0x0000000084100000| Untracked 
|  40|0x0000000084200000, 0x0000000084200000, 0x0000000084300000|  0%| F|  |TAMS 0x0000000084200000, 0x0000000084200000| Untracked 
|  41|0x0000000084300000, 0x0000000084300000, 0x0000000084400000|  0%| F|  |TAMS 0x0000000084300000, 0x0000000084300000| Untracked 
|  42|0x0000000084400000, 0x0000000084400000, 0x0000000084500000|  0%| F|  |TAMS 0x0000000084400000, 0x0000000084400000| Untracked 
|  43|0x0000000084500000, 0x0000000084500000, 0x0000000084600000|  0%| F|  |TAMS 0x0000000084500000, 0x0000000084500000| Untracked 
|  44|0x0000000084600000, 0x0000000084600000, 0x0000000084700000|  0%| F|  |TAMS 0x0000000084600000, 0x0000000084600000| Untracked 
|  45|0x0000000084700000, 0x0000000084700000, 0x0000000084800000|  0%| F|  |TAMS 0x0000000084700000, 0x0000000084700000| Untracked 
|  46|0x0000000084800000, 0x0000000084800000, 0x0000000084900000|  0%| F|  |TAMS 0x0000000084800000, 0x0000000084800000| Untracked 
|  47|0x0000000084900000, 0x0000000084900000, 0x0000000084a00000|  0%| F|  |TAMS 0x0000000084900000, 0x0000000084900000| Untracked 
|  48|0x0000000084a00000, 0x0000000084a00000, 0x0000000084b00000|  0%| F|  |TAMS 0x0000000084a00000, 0x0000000084a00000| Untracked 
|  49|0x0000000084b00000, 0x0000000084b00000, 0x0000000084c00000|  0%| F|  |TAMS 0x0000000084b00000, 0x0000000084b00000| Untracked 
|  50|0x0000000084c00000, 0x0000000084c00000, 0x0000000084d00000|  0%| F|  |TAMS 0x0000000084c00000, 0x0000000084c00000| Untracked 
|  51|0x0000000084d00000, 0x0000000084d00000, 0x0000000084e00000|  0%| F|  |TAMS 0x0000000084d00000, 0x0000000084d00000| Untracked 
|  52|0x0000000084e00000, 0x0000000084e00000, 0x0000000084f00000|  0%| F|  |TAMS 0x0000000084e00000, 0x0000000084e00000| Untracked 
|  53|0x0000000084f00000, 0x0000000084f00000, 0x0000000085000000|  0%| F|  |TAMS 0x0000000084f00000, 0x0000000084f00000| Untracked 
|  54|0x0000000085000000, 0x0000000085000000, 0x0000000085100000|  0%| F|  |TAMS 0x0000000085000000, 0x0000000085000000| Untracked 
|  55|0x0000000085100000, 0x0000000085100000, 0x0000000085200000|  0%| F|  |TAMS 0x0000000085100000, 0x0000000085100000| Untracked 
|  56|0x0000000085200000, 0x0000000085200000, 0x0000000085300000|  0%| F|  |TAMS 0x0000000085200000, 0x0000000085200000| Untracked 
|  57|0x0000000085300000, 0x0000000085300000, 0x0000000085400000|  0%| F|  |TAMS 0x0000000085300000, 0x0000000085300000| Untracked 
|  58|0x0000000085400000, 0x0000000085400000, 0x0000000085500000|  0%| F|  |TAMS 0x0000000085400000, 0x0000000085400000| Untracked 
|  59|0x0000000085500000, 0x0000000085500000, 0x0000000085600000|  0%| F|  |TAMS 0x0000000085500000, 0x0000000085500000| Untracked 
|  60|0x0000000085600000, 0x0000000085600000, 0x0000000085700000|  0%| F|  |TAMS 0x0000000085600000, 0x0000000085600000| Untracked 
|  61|0x0000000085700000, 0x0000000085700000, 0x0000000085800000|  0%| F|  |TAMS 0x0000000085700000, 0x0000000085700000| Untracked 
|  62|0x0000000085800000, 0x0000000085800000, 0x0000000085900000|  0%| F|  |TAMS 0x0000000085800000, 0x0000000085800000| Untracked 
|  63|0x0000000085900000, 0x0000000085900000, 0x0000000085a00000|  0%| F|  |TAMS 0x0000000085900000, 0x0000000085900000| Untracked 
|  64|0x0000000085a00000, 0x0000000085a00000, 0x0000000085b00000|  0%| F|  |TAMS 0x0000000085a00000, 0x0000000085a00000| Untracked 
|  65|0x0000000085b00000, 0x0000000085b00000, 0x0000000085c00000|  0%| F|  |TAMS 0x0000000085b00000, 0x0000000085b00000| Untracked 
|  66|0x0000000085c00000, 0x0000000085c00000, 0x0000000085d00000|  0%| F|  |TAMS 0x0000000085c00000, 0x0000000085c00000| Untracked 
|  67|0x0000000085d00000, 0x0000000085d00000, 0x0000000085e00000|  0%| F|  |TAMS 0x0000000085d00000, 0x0000000085d00000| Untracked 
|  68|0x0000000085e00000, 0x0000000085e00000, 0x0000000085f00000|  0%| F|  |TAMS 0x0000000085e00000, 0x0000000085e00000| Untracked 
|  69|0x0000000085f00000, 0x0000000085f00000, 0x0000000086000000|  0%| F|  |TAMS 0x0000000085f00000, 0x0000000085f00000| Untracked 
|  70|0x0000000086000000, 0x0000000086000000, 0x0000000086100000|  0%| F|  |TAMS 0x0000000086000000, 0x0000000086000000| Untracked 
|  71|0x0000000086100000, 0x0000000086100000, 0x0000000086200000|  0%| F|  |TAMS 0x0000000086100000, 0x0000000086100000| Untracked 
|  72|0x0000000086200000, 0x0000000086200000, 0x0000000086300000|  0%| F|  |TAMS 0x0000000086200000, 0x0000000086200000| Untracked 
|  73|0x0000000086300000, 0x0000000086300000, 0x0000000086400000|  0%| F|  |TAMS 0x0000000086300000, 0x0000000086300000| Untracked 
|  74|0x0000000086400000, 0x0000000086400000, 0x0000000086500000|  0%| F|  |TAMS 0x0000000086400000, 0x0000000086400000| Untracked 
|  75|0x0000000086500000, 0x0000000086500000, 0x0000000086600000|  0%| F|  |TAMS 0x0000000086500000, 0x0000000086500000| Untracked 
|  76|0x0000000086600000, 0x0000000086600000, 0x0000000086700000|  0%| F|  |TAMS 0x0000000086600000, 0x0000000086600000| Untracked 
|  77|0x0000000086700000, 0x0000000086700000, 0x0000000086800000|  0%| F|  |TAMS 0x0000000086700000, 0x0000000086700000| Untracked 
|  78|0x0000000086800000, 0x0000000086800000, 0x0000000086900000|  0%| F|  |TAMS 0x0000000086800000, 0x0000000086800000| Untracked 
|  79|0x0000000086900000, 0x0000000086900000, 0x0000000086a00000|  0%| F|  |TAMS 0x0000000086900000, 0x0000000086900000| Untracked 
|  80|0x0000000086a00000, 0x0000000086a00000, 0x0000000086b00000|  0%| F|  |TAMS 0x0000000086a00000, 0x0000000086a00000| Untracked 
|  81|0x0000000086b00000, 0x0000000086b00000, 0x0000000086c00000|  0%| F|  |TAMS 0x0000000086b00000, 0x0000000086b00000| Untracked 
|  82|0x0000000086c00000, 0x0000000086c00000, 0x0000000086d00000|  0%| F|  |TAMS 0x0000000086c00000, 0x0000000086c00000| Untracked 
|  83|0x0000000086d00000, 0x0000000086d00000, 0x0000000086e00000|  0%| F|  |TAMS 0x0000000086d00000, 0x0000000086d00000| Untracked 
|  84|0x0000000086e00000, 0x0000000086e00000, 0x0000000086f00000|  0%| F|  |TAMS 0x0000000086e00000, 0x0000000086e00000| Untracked 
|  85|0x0000000086f00000, 0x0000000086f00000, 0x0000000087000000|  0%| F|  |TAMS 0x0000000086f00000, 0x0000000086f00000| Untracked 
|  86|0x0000000087000000, 0x0000000087000000, 0x0000000087100000|  0%| F|  |TAMS 0x0000000087000000, 0x0000000087000000| Untracked 
|  87|0x0000000087100000, 0x0000000087100000, 0x0000000087200000|  0%| F|  |TAMS 0x0000000087100000, 0x0000000087100000| Untracked 
|  88|0x0000000087200000, 0x0000000087200000, 0x0000000087300000|  0%| F|  |TAMS 0x0000000087200000, 0x0000000087200000| Untracked 
|  89|0x0000000087300000, 0x0000000087300000, 0x0000000087400000|  0%| F|  |TAMS 0x0000000087300000, 0x0000000087300000| Untracked 
|  90|0x0000000087400000, 0x0000000087400000, 0x0000000087500000|  0%| F|  |TAMS 0x0000000087400000, 0x0000000087400000| Untracked 
|  91|0x0000000087500000, 0x0000000087500000, 0x0000000087600000|  0%| F|  |TAMS 0x0000000087500000, 0x0000000087500000| Untracked 
|  92|0x0000000087600000, 0x0000000087600000, 0x0000000087700000|  0%| F|  |TAMS 0x0000000087600000, 0x0000000087600000| Untracked 
|  93|0x0000000087700000, 0x0000000087700000, 0x0000000087800000|  0%| F|  |TAMS 0x0000000087700000, 0x0000000087700000| Untracked 
|  94|0x0000000087800000, 0x0000000087800000, 0x0000000087900000|  0%| F|  |TAMS 0x0000000087800000, 0x0000000087800000| Untracked 
|  95|0x0000000087900000, 0x0000000087900000, 0x0000000087a00000|  0%| F|  |TAMS 0x0000000087900000, 0x0000000087900000| Untracked 
|  96|0x0000000087a00000, 0x0000000087a00000, 0x0000000087b00000|  0%| F|  |TAMS 0x0000000087a00000, 0x0000000087a00000| Untracked 
|  97|0x0000000087b00000, 0x0000000087b00000, 0x0000000087c00000|  0%| F|  |TAMS 0x0000000087b00000, 0x0000000087b00000| Untracked 
|  98|0x0000000087c00000, 0x0000000087c00000, 0x0000000087d00000|  0%| F|  |TAMS 0x0000000087c00000, 0x0000000087c00000| Untracked 
|  99|0x0000000087d00000, 0x0000000087d00000, 0x0000000087e00000|  0%| F|  |TAMS 0x0000000087d00000, 0x0000000087d00000| Untracked 
| 100|0x0000000087e00000, 0x0000000087e00000, 0x0000000087f00000|  0%| F|  |TAMS 0x0000000087e00000, 0x0000000087e00000| Untracked 
| 101|0x0000000087f00000, 0x0000000087f00000, 0x0000000088000000|  0%| F|  |TAMS 0x0000000087f00000, 0x0000000087f00000| Untracked 
| 102|0x0000000088000000, 0x0000000088000000, 0x0000000088100000|  0%| F|  |TAMS 0x0000000088000000, 0x0000000088000000| Untracked 
| 103|0x0000000088100000, 0x0000000088100000, 0x0000000088200000|  0%| F|  |TAMS 0x0000000088100000, 0x0000000088100000| Untracked 
| 104|0x0000000088200000, 0x0000000088200000, 0x0000000088300000|  0%| F|  |TAMS 0x0000000088200000, 0x0000000088200000| Untracked 
| 105|0x0000000088300000, 0x0000000088300000, 0x0000000088400000|  0%| F|  |TAMS 0x0000000088300000, 0x0000000088300000| Untracked 
| 106|0x0000000088400000, 0x0000000088400000, 0x0000000088500000|  0%| F|  |TAMS 0x0000000088400000, 0x0000000088400000| Untracked 
| 107|0x0000000088500000, 0x0000000088500000, 0x0000000088600000|  0%| F|  |TAMS 0x0000000088500000, 0x0000000088500000| Untracked 
| 108|0x0000000088600000, 0x0000000088600000, 0x0000000088700000|  0%| F|  |TAMS 0x0000000088600000, 0x0000000088600000| Untracked 
| 109|0x0000000088700000, 0x0000000088700000, 0x0000000088800000|  0%| F|  |TAMS 0x0000000088700000, 0x0000000088700000| Untracked 
| 110|0x0000000088800000, 0x0000000088800000, 0x0000000088900000|  0%| F|  |TAMS 0x0000000088800000, 0x0000000088800000| Untracked 
| 111|0x0000000088900000, 0x0000000088900000, 0x0000000088a00000|  0%| F|  |TAMS 0x0000000088900000, 0x0000000088900000| Untracked 
| 112|0x0000000088a00000, 0x0000000088a00000, 0x0000000088b00000|  0%| F|  |TAMS 0x0000000088a00000, 0x0000000088a00000| Untracked 
| 113|0x0000000088b00000, 0x0000000088b00000, 0x0000000088c00000|  0%| F|  |TAMS 0x0000000088b00000, 0x0000000088b00000| Untracked 
| 114|0x0000000088c00000, 0x0000000088c00000, 0x0000000088d00000|  0%| F|  |TAMS 0x0000000088c00000, 0x0000000088c00000| Untracked 
| 115|0x0000000088d00000, 0x0000000088d00000, 0x0000000088e00000|  0%| F|  |TAMS 0x0000000088d00000, 0x0000000088d00000| Untracked 
| 116|0x0000000088e00000, 0x0000000088e00000, 0x0000000088f00000|  0%| F|  |TAMS 0x0000000088e00000, 0x0000000088e00000| Untracked 
| 117|0x0000000088f00000, 0x0000000088fdea48, 0x0000000089000000| 86%| E|  |TAMS 0x0000000088f00000, 0x0000000088f00000| Complete 
| 118|0x0000000089000000, 0x0000000089100000, 0x0000000089100000|100%| E|CS|TAMS 0x0000000089000000, 0x0000000089000000| Complete 
| 119|0x0000000089100000, 0x0000000089200000, 0x0000000089200000|100%| E|  |TAMS 0x0000000089100000, 0x0000000089100000| Complete 
| 120|0x0000000089200000, 0x0000000089300000, 0x0000000089300000|100%| E|CS|TAMS 0x0000000089200000, 0x0000000089200000| Complete 
| 121|0x0000000089300000, 0x0000000089400000, 0x0000000089400000|100%| E|CS|TAMS 0x0000000089300000, 0x0000000089300000| Complete 
| 122|0x0000000089400000, 0x00000000894be310, 0x0000000089500000| 74%| S|CS|TAMS 0x0000000089400000, 0x0000000089400000| Complete 
| 123|0x0000000089500000, 0x0000000089600000, 0x0000000089600000|100%| E|CS|TAMS 0x0000000089500000, 0x0000000089500000| Complete 
| 124|0x0000000089600000, 0x0000000089700000, 0x0000000089700000|100%| E|CS|TAMS 0x0000000089600000, 0x0000000089600000| Complete 
| 125|0x0000000089700000, 0x0000000089800000, 0x0000000089800000|100%| E|CS|TAMS 0x0000000089700000, 0x0000000089700000| Complete 
| 126|0x0000000089800000, 0x0000000089900000, 0x0000000089900000|100%| E|CS|TAMS 0x0000000089800000, 0x0000000089800000| Complete 
| 127|0x0000000089900000, 0x0000000089a00000, 0x0000000089a00000|100%| E|CS|TAMS 0x0000000089900000, 0x0000000089900000| Complete 

Card table byte_map: [0x00000288ede70000,0x00000288ee270000] _byte_map_base: 0x00000288eda63000

Marking Bits (Prev, Next): (CMBitMap*) 0x00000288d6990950, (CMBitMap*) 0x00000288d6990990
 Prev Bits: [0x00000288ee670000, 0x00000288f0608000)
 Next Bits: [0x00000288f0610000, 0x00000288f25a8000)

Polling page: 0x00000288d4930000

Metaspace:

Usage:
  Non-class:     10.01 MB capacity,     8.40 MB ( 84%) used,     1.59 MB ( 16%) free+waste,    13.31 KB ( <1%) overhead. 
      Class:    772.00 KB capacity,   553.65 KB ( 72%) used,   213.79 KB ( 28%) free+waste,     4.56 KB ( <1%) overhead. 
       Both:     10.76 MB capacity,     8.94 MB ( 83%) used,     1.80 MB ( 17%) free+waste,    17.88 KB ( <1%) overhead. 

Virtual space:
  Non-class space:       12.00 MB reserved,      10.25 MB ( 85%) committed 
      Class space:        1.00 GB reserved,     896.00 KB ( <1%) committed 
             Both:        1.01 GB reserved,      11.13 MB (  1%) committed 

Chunk freelists:
   Non-Class:  53.00 KB
       Class:  28.00 KB
        Both:  81.00 KB

MaxMetaspaceSize: 17179869184.00 GB
CompressedClassSpaceSize: 1.00 GB

CodeHeap 'non-profiled nmethods': size=120064Kb used=402Kb max_used=402Kb free=119661Kb
 bounds [0x00000288e6930000, 0x00000288e6ba0000, 0x00000288ede70000]
CodeHeap 'profiled nmethods': size=120000Kb used=2194Kb max_used=2194Kb free=117805Kb
 bounds [0x00000288df400000, 0x00000288df670000, 0x00000288e6930000]
CodeHeap 'non-nmethods': size=5696Kb used=1798Kb max_used=1813Kb free=3897Kb
 bounds [0x00000288dee70000, 0x00000288df0e0000, 0x00000288df400000]
 total_blobs=2582 nmethods=1325 adapters=1171
 compilation: enabled
              stopped_count=0, restarted_count=0
 full_count=0

Compilation events (20 events):
Event: 3.708 Thread 0x00000288f49b8bc0 nmethod 1314 0x00000288e6993e90 code [0x00000288e6994020, 0x00000288e69940d8]
Event: 3.708 Thread 0x00000288f49b8bc0 1315       3       org.joml.Matrix4f::get (11 bytes)
Event: 3.709 Thread 0x00000288f49b8bc0 nmethod 1315 0x00000288df621010 code [0x00000288df6211c0, 0x00000288df6213a8]
Event: 3.709 Thread 0x00000288f49b8bc0 1316       3       org.joml.MemUtil$MemUtilNIO::copy (155 bytes)
Event: 3.709 Thread 0x00000288f49b8bc0 nmethod 1316 0x00000288df621490 code [0x00000288df621660, 0x00000288df621b98]
Event: 3.709 Thread 0x00000288f49b6110 1317       4       java.util.ArrayList::get (15 bytes)
Event: 3.710 Thread 0x00000288f49b6110 nmethod 1317 0x00000288e6994190 code [0x00000288e6994320, 0x00000288e69943f8]
Event: 3.710 Thread 0x00000288f49b8bc0 1318       3       java.util.zip.InflaterInputStream::<init> (79 bytes)
Event: 3.710 Thread 0x00000288f49b8bc0 nmethod 1318 0x00000288df621e10 code [0x00000288df622000, 0x00000288df622838]
Event: 3.711 Thread 0x00000288f49b8bc0 1319       3       java.util.zip.ZipFile$InflaterCleanupAction::run (12 bytes)
Event: 3.711 Thread 0x00000288f49b8bc0 nmethod 1319 0x00000288df622a10 code [0x00000288df622bc0, 0x00000288df622d08]
Event: 3.711 Thread 0x00000288f49b8bc0 1320   !   3       java.util.zip.ZipFile$CleanableResource::releaseInflater (53 bytes)
Event: 3.711 Thread 0x00000288f49b8bc0 nmethod 1320 0x00000288df622e10 code [0x00000288df622fe0, 0x00000288df6233e8]
Event: 3.711 Thread 0x00000288f49b8bc0 1321   !   3       java.util.zip.Inflater::reset (64 bytes)
Event: 3.711 Thread 0x00000288f49b8bc0 nmethod 1321 0x00000288df623610 code [0x00000288df6237e0, 0x00000288df623b58]
Event: 3.726 Thread 0x00000288f49b8bc0 1323       3       java.util.concurrent.ConcurrentHashMap$BaseIterator::<init> (21 bytes)
Event: 3.726 Thread 0x00000288f49b8bc0 nmethod 1323 0x00000288df623d10 code [0x00000288df623ec0, 0x00000288df624098]
Event: 3.726 Thread 0x00000288f49b8bc0 1324       3       java.util.concurrent.ConcurrentHashMap$Traverser::<init> (36 bytes)
Event: 3.726 Thread 0x00000288f49b8bc0 nmethod 1324 0x00000288df624190 code [0x00000288df624340, 0x00000288df624538]
Event: 3.726 Thread 0x00000288f49b8bc0 1325       3       java.util.concurrent.ConcurrentHashMap$ValueIterator::<init> (12 bytes)

GC Heap History (4 events):
Event: 0.639 GC heap before
{Heap before GC invocations=0 (full 0):
 garbage-first heap   total 131072K, used 6144K [0x0000000081a00000, 0x0000000100000000)
  region size 1024K, 6 young (6144K), 0 survivors (0K)
 Metaspace       used 2639K, capacity 5484K, committed 5632K, reserved 1056768K
  class space    used 253K, capacity 500K, committed 512K, reserved 1048576K
}
Event: 0.811 GC heap after
{Heap after GC invocations=1 (full 0):
 garbage-first heap   total 131072K, used 2283K [0x0000000081a00000, 0x0000000100000000)
  region size 1024K, 1 young (1024K), 1 survivors (1024K)
 Metaspace       used 2639K, capacity 5484K, committed 5632K, reserved 1056768K
  class space    used 253K, capacity 500K, committed 512K, reserved 1048576K
}
Event: 2.560 GC heap before
{Heap before GC invocations=1 (full 0):
 garbage-first heap   total 131072K, used 6379K [0x0000000081a00000, 0x0000000100000000)
  region size 1024K, 6 young (6144K), 1 survivors (1024K)
 Metaspace       used 5517K, capacity 7845K, committed 8064K, reserved 1056768K
  class space    used 372K, capacity 587K, committed 640K, reserved 1048576K
}
Event: 2.563 GC heap after
{Heap after GC invocations=2 (full 0):
 garbage-first heap   total 131072K, used 3072K [0x0000000081a00000, 0x0000000100000000)
  region size 1024K, 1 young (1024K), 1 survivors (1024K)
 Metaspace       used 5517K, capacity 7845K, committed 8064K, reserved 1056768K
  class space    used 372K, capacity 587K, committed 640K, reserved 1048576K
}

Deoptimization events (20 events):
Event: 3.184 Thread 0x00000288d6951b60 Uncommon trap: trap_request=0xffffffbe fr.pc=0x00000288e698806c relative=0x000000000000044c
Event: 3.184 Thread 0x00000288d6951b60 Uncommon trap: reason=profile_predicate action=maybe_recompile pc=0x00000288e698806c method=org.lwjgl.system.MemoryUtil.encodeUTF8Unsafe(Ljava/lang/CharSequence;ZJ)I @ 18 c2
Event: 3.184 Thread 0x00000288d6951b60 DEOPT PACKING pc=0x00000288e698806c sp=0x0000009ed9fff100
Event: 3.184 Thread 0x00000288d6951b60 DEOPT UNPACKING pc=0x00000288deebe129 sp=0x0000009ed9fff090 mode 2
Event: 3.245 Thread 0x00000288d6951b60 Uncommon trap: trap_request=0xffffffbe fr.pc=0x00000288e698740c relative=0x000000000000046c
Event: 3.245 Thread 0x00000288d6951b60 Uncommon trap: reason=profile_predicate action=maybe_recompile pc=0x00000288e698740c method=org.lwjgl.system.MemoryUtil.memLengthUTF8(Ljava/lang/CharSequence;Z)I @ 25 c2
Event: 3.245 Thread 0x00000288d6951b60 DEOPT PACKING pc=0x00000288e698740c sp=0x0000009ed9fff100
Event: 3.245 Thread 0x00000288d6951b60 DEOPT UNPACKING pc=0x00000288deebe129 sp=0x0000009ed9fff088 mode 2
Event: 3.245 Thread 0x00000288d6951b60 Uncommon trap: trap_request=0xffffffbe fr.pc=0x00000288e698806c relative=0x000000000000044c
Event: 3.245 Thread 0x00000288d6951b60 Uncommon trap: reason=profile_predicate action=maybe_recompile pc=0x00000288e698806c method=org.lwjgl.system.MemoryUtil.encodeUTF8Unsafe(Ljava/lang/CharSequence;ZJ)I @ 18 c2
Event: 3.245 Thread 0x00000288d6951b60 DEOPT PACKING pc=0x00000288e698806c sp=0x0000009ed9fff0e0
Event: 3.245 Thread 0x00000288d6951b60 DEOPT UNPACKING pc=0x00000288deebe129 sp=0x0000009ed9fff070 mode 2
Event: 3.246 Thread 0x00000288d6951b60 Uncommon trap: trap_request=0xffffffbe fr.pc=0x00000288e698740c relative=0x000000000000046c
Event: 3.246 Thread 0x00000288d6951b60 Uncommon trap: reason=profile_predicate action=maybe_recompile pc=0x00000288e698740c method=org.lwjgl.system.MemoryUtil.memLengthUTF8(Ljava/lang/CharSequence;Z)I @ 25 c2
Event: 3.246 Thread 0x00000288d6951b60 DEOPT PACKING pc=0x00000288e698740c sp=0x0000009ed9fff100
Event: 3.246 Thread 0x00000288d6951b60 DEOPT UNPACKING pc=0x00000288deebe129 sp=0x0000009ed9fff088 mode 2
Event: 3.246 Thread 0x00000288d6951b60 Uncommon trap: trap_request=0xffffffbe fr.pc=0x00000288e698806c relative=0x000000000000044c
Event: 3.246 Thread 0x00000288d6951b60 Uncommon trap: reason=profile_predicate action=maybe_recompile pc=0x00000288e698806c method=org.lwjgl.system.MemoryUtil.encodeUTF8Unsafe(Ljava/lang/CharSequence;ZJ)I @ 18 c2
Event: 3.246 Thread 0x00000288d6951b60 DEOPT PACKING pc=0x00000288e698806c sp=0x0000009ed9fff0e0
Event: 3.246 Thread 0x00000288d6951b60 DEOPT UNPACKING pc=0x00000288deebe129 sp=0x0000009ed9fff070 mode 2

Classes unloaded (0 events):
No events

Classes redefined (0 events):
No events

Internal exceptions (20 events):
Event: 0.858 Thread 0x00000288d6951b60 Exception <a 'java/lang/NoSuchMethodError'{0x0000000089955148}: 'java.lang.Object java.lang.invoke.DirectMethodHandle$Holder.invokeStatic(java.lang.Object, java.lang.Object, int)'> (0x0000000089955148) 
thrown [./src/hotspot/share/interpreter/linkResolver.cpp, line 782]
Event: 0.871 Thread 0x00000288d6951b60 Exception <a 'java/lang/NoSuchMethodError'{0x00000000899614d0}: 'void java.lang.invoke.DelegatingMethodHandle$Holder.delegate(java.lang.Object, java.lang.Object, int, java.lang.Object)'> (0x00000000899614d0) 
thrown [./src/hotspot/share/interpreter/linkResolver.cpp, line 782]
Event: 0.871 Thread 0x00000288d6951b60 Exception <a 'java/lang/NoSuchMethodError'{0x0000000089965728}: 'int java.lang.invoke.DirectMethodHandle$Holder.invokeSpecial(java.lang.Object, java.lang.Object, java.lang.Object)'> (0x0000000089965728) 
thrown [./src/hotspot/share/interpreter/linkResolver.cpp, line 782]
Event: 1.002 Thread 0x00000288d6951b60 Exception <a 'sun/nio/fs/WindowsException'{0x00000000899c7ea0}> (0x00000000899c7ea0) 
thrown [./src/hotspot/share/prims/jni.cpp, line 578]
Event: 1.003 Thread 0x00000288d6951b60 Exception <a 'sun/nio/fs/WindowsException'{0x00000000899c8650}> (0x00000000899c8650) 
thrown [./src/hotspot/share/prims/jni.cpp, line 578]
Event: 1.016 Thread 0x00000288d6951b60 Exception <a 'java/lang/NoSuchMethodError'{0x00000000899f6b98}: 'int java.lang.invoke.DirectMethodHandle$Holder.invokeStaticInit(java.lang.Object, java.lang.Object, int, long)'> (0x00000000899f6b98) 
thrown [./src/hotspot/share/interpreter/linkResolver.cpp, line 782]
Event: 1.019 Thread 0x00000288d6951b60 Exception <a 'java/lang/NoSuchMethodError'{0x00000000899fc668}: 'java.lang.Object java.lang.invoke.DirectMethodHandle$Holder.newInvokeSpecial(java.lang.Object, java.lang.Object, int)'> (0x00000000899fc668) 
thrown [./src/hotspot/share/interpreter/linkResolver.cpp, line 782]
Event: 1.024 Thread 0x00000288d6951b60 Exception <a 'java/lang/NoSuchMethodError'{0x000000008980b788}: 'int java.lang.invoke.DirectMethodHandle$Holder.invokeStaticInit(java.lang.Object, java.lang.Object, long, long)'> (0x000000008980b788) 
thrown [./src/hotspot/share/interpreter/linkResolver.cpp, line 782]
Event: 1.025 Thread 0x00000288d6951b60 Exception <a 'java/lang/NoSuchMethodError'{0x0000000089811c08}: 'java.lang.Object java.lang.invoke.DirectMethodHandle$Holder.newInvokeSpecial(java.lang.Object, java.lang.Object, long)'> (0x0000000089811c08) 
thrown [./src/hotspot/share/interpreter/linkResolver.cpp, line 782]
Event: 1.026 Thread 0x00000288d6951b60 Exception <a 'java/lang/NoSuchMethodError'{0x0000000089815d50}: 'java.lang.Object java.lang.invoke.Invokers$Holder.linkToTargetMethod(java.lang.Object, long, java.lang.Object)'> (0x0000000089815d50) 
thrown [./src/hotspot/share/interpreter/linkResolver.cpp, line 782]
Event: 1.027 Thread 0x00000288d6951b60 Exception <a 'java/lang/NoSuchMethodError'{0x000000008981d988}: 'int java.lang.invoke.DirectMethodHandle$Holder.invokeStaticInit(java.lang.Object, java.lang.Object, java.lang.Object, long)'> (0x000000008981d988) 
thrown [./src/hotspot/share/interpreter/linkResolver.cpp, line 782]
Event: 1.059 Thread 0x00000288d6951b60 Exception <a 'sun/nio/fs/WindowsException'{0x00000000898bec60}> (0x00000000898bec60) 
thrown [./src/hotspot/share/prims/jni.cpp, line 578]
Event: 1.059 Thread 0x00000288d6951b60 Exception <a 'sun/nio/fs/WindowsException'{0x00000000898bf240}> (0x00000000898bf240) 
thrown [./src/hotspot/share/prims/jni.cpp, line 578]
Event: 2.325 Thread 0x00000288d6951b60 Exception <a 'sun/nio/fs/WindowsException'{0x000000008974aab0}> (0x000000008974aab0) 
thrown [./src/hotspot/share/prims/jni.cpp, line 578]
Event: 2.325 Thread 0x00000288d6951b60 Exception <a 'sun/nio/fs/WindowsException'{0x000000008974b108}> (0x000000008974b108) 
thrown [./src/hotspot/share/prims/jni.cpp, line 578]
Event: 2.331 Thread 0x00000288d6951b60 Exception <a 'sun/nio/fs/WindowsException'{0x0000000089756450}> (0x0000000089756450) 
thrown [./src/hotspot/share/prims/jni.cpp, line 578]
Event: 2.331 Thread 0x00000288d6951b60 Exception <a 'sun/nio/fs/WindowsException'{0x0000000089756920}> (0x0000000089756920) 
thrown [./src/hotspot/share/prims/jni.cpp, line 578]
Event: 2.629 Thread 0x00000288d6951b60 Exception <a 'sun/nio/fs/WindowsException'{0x00000000898690b8}> (0x00000000898690b8) 
thrown [./src/hotspot/share/prims/jni.cpp, line 578]
Event: 2.629 Thread 0x00000288d6951b60 Exception <a 'sun/nio/fs/WindowsException'{0x00000000898696c8}> (0x00000000898696c8) 
thrown [./src/hotspot/share/prims/jni.cpp, line 578]
Event: 2.678 Thread 0x00000288d6951b60 Exception <a 'sun/nio/fs/WindowsException'{0x00000000897daf38}> (0x00000000897daf38) 
thrown [./src/hotspot/share/prims/jni.cpp, line 578]

Events (20 events):
Event: 3.074 Loaded shared library C:\Users\¿‰ÏËÌ\AppData\Local\Temp\lwjgl¿‰ÏËÌ\3.3.1-SNAPSHOT\lwjgl.dll
Event: 3.093 Loaded shared library C:\Users\¿‰ÏËÌ\AppData\Local\Temp\lwjgl¿‰ÏËÌ\3.3.1-SNAPSHOT\lwjgl_opengl.dll
Event: 3.112 Loaded shared library C:\Users\¿‰ÏËÌ\AppData\Local\Temp\lwjgl¿‰ÏËÌ\3.3.1-SNAPSHOT\lwjgl_opengl.dll
Event: 3.130 Loaded shared library C:\Users\¿‰ÏËÌ\AppData\Local\Temp\lwjgl¿‰ÏËÌ\3.3.1-SNAPSHOT\lwjgl_opengl.dll
Event: 3.151 Loaded shared library C:\Users\¿‰ÏËÌ\AppData\Local\Temp\lwjgl¿‰ÏËÌ\3.3.1-SNAPSHOT\lwjgl_opengl.dll
Event: 3.167 Loaded shared library C:\Users\¿‰ÏËÌ\AppData\Local\Temp\lwjgl¿‰ÏËÌ\3.3.1-SNAPSHOT\lwjgl_opengl.dll
Event: 3.183 Loaded shared library C:\Users\¿‰ÏËÌ\AppData\Local\Temp\lwjgl¿‰ÏËÌ\3.3.1-SNAPSHOT\lwjgl_opengl.dll
Event: 3.199 Loaded shared library C:\Users\¿‰ÏËÌ\AppData\Local\Temp\lwjgl¿‰ÏËÌ\3.3.1-SNAPSHOT\lwjgl_opengl.dll
Event: 3.214 Loaded shared library C:\Users\¿‰ÏËÌ\AppData\Local\Temp\lwjgl¿‰ÏËÌ\3.3.1-SNAPSHOT\lwjgl_opengl.dll
Event: 3.229 Loaded shared library C:\Users\¿‰ÏËÌ\AppData\Local\Temp\lwjgl¿‰ÏËÌ\3.3.1-SNAPSHOT\lwjgl_opengl.dll
Event: 3.245 Loaded shared library C:\Users\¿‰ÏËÌ\AppData\Local\Temp\lwjgl¿‰ÏËÌ\3.3.1-SNAPSHOT\lwjgl_opengl.dll
Event: 3.339 Loaded shared library C:\Users\¿‰ÏËÌ\AppData\Local\Temp\lwjgl¿‰ÏËÌ\3.3.1-SNAPSHOT\lwjgl_opengl.dll
Event: 3.354 Loaded shared library C:\Users\¿‰ÏËÌ\AppData\Local\Temp\lwjgl¿‰ÏËÌ\3.3.1-SNAPSHOT\lwjgl_opengl.dll
Event: 3.369 Loaded shared library C:\Users\¿‰ÏËÌ\AppData\Local\Temp\lwjgl¿‰ÏËÌ\3.3.1-SNAPSHOT\lwjgl_opengl.dll
Event: 3.469 Loaded shared library C:\Users\¿‰ÏËÌ\AppData\Local\Temp\lwjgl¿‰ÏËÌ\3.3.1-SNAPSHOT\lwjgl_opengl.dll
Event: 3.484 Loaded shared library C:\Users\¿‰ÏËÌ\AppData\Local\Temp\lwjgl¿‰ÏËÌ\3.3.1-SNAPSHOT\lwjgl_opengl.dll
Event: 3.500 Loaded shared library C:\Users\¿‰ÏËÌ\AppData\Local\Temp\lwjgl¿‰ÏËÌ\3.3.1-SNAPSHOT\lwjgl_opengl.dll
Event: 3.506 Loaded shared library C:\Users\¿‰ÏËÌ\AppData\Local\Temp\lwjgl¿‰ÏËÌ\3.3.1-SNAPSHOT\lwjgl.dll
Event: 3.512 Loaded shared library C:\Users\¿‰ÏËÌ\AppData\Local\Temp\lwjgl¿‰ÏËÌ\3.3.1-SNAPSHOT\lwjgl.dll
Event: 3.715 Loaded shared library C:\Users\¿‰ÏËÌ\.jdks\azul-15.0.5\bin\zip.dll


Dynamic libraries:
0x00007ff7ac490000 - 0x00007ff7ac49d000 	C:\Users\¿‰ÏËÌ\.jdks\azul-15.0.5\bin\java.exe
0x00007ffcbf370000 - 0x00007ffcbf565000 	C:\WINDOWS\SYSTEM32\ntdll.dll
0x00007ffcae9a0000 - 0x00007ffcae9b6000 	C:\Program Files\AVAST Software\Avast\aswhook.dll
0x00007ffcbefe0000 - 0x00007ffcbf09d000 	C:\WINDOWS\System32\KERNEL32.DLL
0x00007ffcbd0f0000 - 0x00007ffcbd3bd000 	C:\WINDOWS\System32\KERNELBASE.dll
0x00007ffcbce10000 - 0x00007ffcbcf10000 	C:\WINDOWS\System32\ucrtbase.dll
0x00007ffcb6850000 - 0x00007ffcb6868000 	C:\Users\¿‰ÏËÌ\.jdks\azul-15.0.5\bin\jli.dll
0x00007ffcbed60000 - 0x00007ffcbef00000 	C:\WINDOWS\System32\USER32.dll
0x00007ffcbca80000 - 0x00007ffcbcaa2000 	C:\WINDOWS\System32\win32u.dll
0x00007ffcbe4c0000 - 0x00007ffcbe4ea000 	C:\WINDOWS\System32\GDI32.dll
0x00007ffcbcfe0000 - 0x00007ffcbd0eb000 	C:\WINDOWS\System32\gdi32full.dll
0x00007ffcbcf10000 - 0x00007ffcbcfad000 	C:\WINDOWS\System32\msvcp_win.dll
0x00007ffcb67d0000 - 0x00007ffcb67e5000 	C:\Users\¿‰ÏËÌ\.jdks\azul-15.0.5\bin\VCRUNTIME140.dll
0x00007ffcb2510000 - 0x00007ffcb27aa000 	C:\WINDOWS\WinSxS\amd64_microsoft.windows.common-controls_6595b64144ccf1df_6.0.19041.1110_none_60b5254171f9507e\COMCTL32.dll
0x00007ffcbf1f0000 - 0x00007ffcbf28e000 	C:\WINDOWS\System32\msvcrt.dll
0x00007ffcbe6b0000 - 0x00007ffcbe6e0000 	C:\WINDOWS\System32\IMM32.DLL
0x00007ffc9bf40000 - 0x00007ffc9bfdb000 	C:\Users\¿‰ÏËÌ\.jdks\azul-15.0.5\bin\msvcp140.dll
0x00007ffc7e7a0000 - 0x00007ffc7f332000 	C:\Users\¿‰ÏËÌ\.jdks\azul-15.0.5\bin\server\jvm.dll
0x00007ffcbd3c0000 - 0x00007ffcbd46e000 	C:\WINDOWS\System32\ADVAPI32.dll
0x00007ffcbf290000 - 0x00007ffcbf32c000 	C:\WINDOWS\System32\sechost.dll
0x00007ffcbec30000 - 0x00007ffcbed55000 	C:\WINDOWS\System32\RPCRT4.dll
0x00007ffcbe4f0000 - 0x00007ffcbe4f8000 	C:\WINDOWS\System32\PSAPI.DLL
0x00007ffcb4a50000 - 0x00007ffcb4a59000 	C:\WINDOWS\SYSTEM32\WSOCK32.dll
0x00007ffcbf0a0000 - 0x00007ffcbf10b000 	C:\WINDOWS\System32\WS2_32.dll
0x00007ffcafdb0000 - 0x00007ffcafdd7000 	C:\WINDOWS\SYSTEM32\WINMM.dll
0x00007ffcb7070000 - 0x00007ffcb707a000 	C:\WINDOWS\SYSTEM32\VERSION.dll
0x00007ffcba9a0000 - 0x00007ffcba9b2000 	C:\WINDOWS\SYSTEM32\kernel.appcore.dll
0x00007ffcb7e10000 - 0x00007ffcb7e1a000 	C:\Users\¿‰ÏËÌ\.jdks\azul-15.0.5\bin\jimage.dll
0x00007ffcb6c80000 - 0x00007ffcb6e64000 	C:\WINDOWS\SYSTEM32\DBGHELP.DLL
0x00007ffcb6c50000 - 0x00007ffcb6c7c000 	C:\WINDOWS\SYSTEM32\dbgcore.DLL
0x00007ffcbcd30000 - 0x00007ffcbcdb2000 	C:\WINDOWS\System32\bcryptPrimitives.dll
0x00007ffcb6750000 - 0x00007ffcb675e000 	C:\Users\¿‰ÏËÌ\.jdks\azul-15.0.5\bin\instrument.dll
0x00007ffcb6600000 - 0x00007ffcb6625000 	C:\Users\¿‰ÏËÌ\.jdks\azul-15.0.5\bin\java.dll
0x00007ffcbd480000 - 0x00007ffcbdbc4000 	C:\WINDOWS\System32\SHELL32.dll
0x00007ffcbaba0000 - 0x00007ffcbb334000 	C:\WINDOWS\SYSTEM32\windows.storage.dll
0x00007ffcbdbd0000 - 0x00007ffcbdf24000 	C:\WINDOWS\System32\combase.dll
0x00007ffcbc470000 - 0x00007ffcbc49c000 	C:\WINDOWS\SYSTEM32\Wldp.dll
0x00007ffcbe130000 - 0x00007ffcbe1dd000 	C:\WINDOWS\System32\SHCORE.dll
0x00007ffcbe1e0000 - 0x00007ffcbe235000 	C:\WINDOWS\System32\shlwapi.dll
0x00007ffcbc9c0000 - 0x00007ffcbc9df000 	C:\WINDOWS\SYSTEM32\profapi.dll
0x00007ffcb60e0000 - 0x00007ffcb60f8000 	C:\Users\¿‰ÏËÌ\.jdks\azul-15.0.5\bin\zip.dll
0x00007ffcb60c0000 - 0x00007ffcb60d9000 	C:\Users\¿‰ÏËÌ\.jdks\azul-15.0.5\bin\net.dll
0x00007ffcb5c80000 - 0x00007ffcb5d8a000 	C:\WINDOWS\SYSTEM32\WINHTTP.dll
0x00007ffcbc170000 - 0x00007ffcbc1da000 	C:\WINDOWS\system32\mswsock.dll
0x00007ffcb0e80000 - 0x00007ffcb0e92000 	C:\Users\¿‰ÏËÌ\.jdks\azul-15.0.5\bin\nio.dll
0x00007ffcb0bf0000 - 0x00007ffcb0c0a000 	D:\IntelliJ IDEA 2021.3.3 Ultimate\bin\breakgen64.dll
0x00007ffcb6740000 - 0x00007ffcb6750000 	C:\Users\¿‰ÏËÌ\.jdks\azul-15.0.5\bin\verify.dll
0x00007ffcb00a0000 - 0x00007ffcb0115000 	C:\Users\¿‰ÏËÌ\AppData\Local\Temp\lwjgl¿‰ÏËÌ\3.3.1-SNAPSHOT\lwjgl.dll
0x00007ffc9d700000 - 0x00007ffc9d761000 	C:\Users\7272~1\AppData\Local\Temp\lwjgl¿‰ÏËÌ\3.3.1-SNAPSHOT\glfw.dll
0x00007ffcaff20000 - 0x00007ffcaff65000 	C:\WINDOWS\SYSTEM32\dinput8.dll
0x00007ffcb0b50000 - 0x00007ffcb0b61000 	C:\WINDOWS\SYSTEM32\xinput1_4.dll
0x00007ffcbcdc0000 - 0x00007ffcbce0e000 	C:\WINDOWS\System32\cfgmgr32.dll
0x00007ffcbc7c0000 - 0x00007ffcbc7ec000 	C:\WINDOWS\SYSTEM32\DEVOBJ.dll
0x00007ffcba6b0000 - 0x00007ffcba6df000 	C:\WINDOWS\SYSTEM32\dwmapi.dll
0x00007ffcba470000 - 0x00007ffcba50e000 	C:\WINDOWS\system32\uxtheme.dll
0x00007ffca66d0000 - 0x00007ffca6822000 	C:\WINDOWS\SYSTEM32\inputhost.dll
0x00007ffcbe6e0000 - 0x00007ffcbe7ad000 	C:\WINDOWS\System32\OLEAUT32.dll
0x00007ffcba0b0000 - 0x00007ffcba1a2000 	C:\WINDOWS\SYSTEM32\CoreMessaging.dll
0x00007ffcb78c0000 - 0x00007ffcb79b6000 	C:\WINDOWS\SYSTEM32\PROPSYS.dll
0x00007ffcb9400000 - 0x00007ffcb9554000 	C:\WINDOWS\SYSTEM32\wintypes.dll
0x00007ffcb9d50000 - 0x00007ffcba0ae000 	C:\WINDOWS\SYSTEM32\CoreUIComponents.dll
0x00007ffcbb780000 - 0x00007ffcbb7b3000 	C:\WINDOWS\SYSTEM32\ntmarta.dll
0x00007ffcbdf90000 - 0x00007ffcbe0a5000 	C:\WINDOWS\System32\MSCTF.dll
0x00007ffc98030000 - 0x00007ffc98156000 	C:\WINDOWS\SYSTEM32\opengl32.dll
0x00007ffc982a0000 - 0x00007ffc982cc000 	C:\WINDOWS\SYSTEM32\GLU32.dll
0x00007ffcbef30000 - 0x00007ffcbefd9000 	C:\WINDOWS\System32\clbcatq.dll
0x00000000509c0000 - 0x0000000052807000 	C:\WINDOWS\SYSTEM32\nvoglv64.DLL
0x00007ffcbe7b0000 - 0x00007ffcbec21000 	C:\WINDOWS\System32\SETUPAPI.dll
0x00007ffcbcfb0000 - 0x00007ffcbcfd7000 	C:\WINDOWS\System32\bcrypt.dll
0x00007ffcb9560000 - 0x00007ffcb9574000 	C:\WINDOWS\SYSTEM32\WTSAPI32.dll
0x00007ffcbccc0000 - 0x00007ffcbcd28000 	C:\WINDOWS\System32\WINTRUST.dll
0x00007ffcbcab0000 - 0x00007ffcbcc06000 	C:\WINDOWS\System32\CRYPT32.dll
0x00007ffcbc600000 - 0x00007ffcbc612000 	C:\WINDOWS\System32\MSASN1.dll
0x00007ffcbc8f0000 - 0x00007ffcbc93b000 	C:\WINDOWS\SYSTEM32\powrprof.dll
0x00007ffcbc820000 - 0x00007ffcbc832000 	C:\WINDOWS\SYSTEM32\UMPDC.dll
0x00007ffcbc410000 - 0x00007ffcbc46a000 	C:\WINDOWS\SYSTEM32\WINSTA.dll
0x00007ffcbb4a0000 - 0x00007ffcbb593000 	C:\WINDOWS\SYSTEM32\dxgi.dll
0x00007ffcb89f0000 - 0x00007ffcb8c54000 	C:\WINDOWS\SYSTEM32\d3d11.dll
0x00007ffca2bb0000 - 0x00007ffca3d6a000 	C:\WINDOWS\SYSTEM32\nvwgf2umx.dll
0x00007ffca3d70000 - 0x00007ffca3dab000 	C:\WINDOWS\SYSTEM32\dxcore.dll
0x00007ffca65d0000 - 0x00007ffca66c9000 	C:\WINDOWS\SYSTEM32\textinputframework.dll
0x00007ffc9bee0000 - 0x00007ffc9bf3d000 	C:\Users\¿‰ÏËÌ\AppData\Local\Temp\lwjgl¿‰ÏËÌ\3.3.1-SNAPSHOT\lwjgl_opengl.dll
0x00007ffc9a850000 - 0x00007ffc9a8d1000 	C:\Users\¿‰ÏËÌ\AppData\Local\Temp\lwjgl¿‰ÏËÌ\3.3.1-SNAPSHOT\lwjgl_stb.dll
0x0000000064a00000 - 0x00000000657b1000 	C:\Users\¿‰ÏËÌ\AppData\Local\Temp\imgui-java-natives_1653672190985\imgui-java64.dll

dbghelp: loaded successfully - version: 4.0.5 - missing functions: none
symbol engine: initialized successfully - sym options: 0x614 - pdb path: .;C:\Users\¿‰ÏËÌ\.jdks\azul-15.0.5\bin;C:\WINDOWS\SYSTEM32;C:\Program Files\AVAST Software\Avast;C:\WINDOWS\WinSxS\amd64_microsoft.windows.common-controls_6595b64144ccf1df_6.0.19041.1110_none_60b5254171f9507e;C:\Users\¿‰ÏËÌ\.jdks\azul-15.0.5\bin\server;D:\IntelliJ IDEA 2021.3.3 Ultimate\bin;C:\Users\¿‰ÏËÌ\AppData\Local\Temp\lwjgl¿‰ÏËÌ\3.3.1-SNAPSHOT;C:\Users\7272~1\AppData\Local\Temp\lwjgl¿‰ÏËÌ\3.3.1-SNAPSHOT;C:\Users\¿‰ÏËÌ\AppData\Local\Temp\imgui-java-natives_1653672190985

VM Arguments:
jvm_args: -javaagent:D:\IntelliJ IDEA 2021.3.3 Ultimate\lib\idea_rt.jar=52475:D:\IntelliJ IDEA 2021.3.3 Ultimate\bin -Dfile.encoding=UTF-8 
java_command: SungearEngine2D.Main.Main
java_class_path (initial): D:\PixelField\SungearEngine2D\out\production\SungearEngine2D;D:\PixelField\SungearEngine2D\libs\Core2D.jar;D:\PixelField\SungearEngine2D\libs\lwjgl_util-2.0rc1.jar;D:\PixelField\SungearEngine2D\libs\imgui-app-1.84.1.3.jar;D:\PixelField\SungearEngine2D\libs\imgui-lwjgl3-1.84.1.3.jar;D:\PixelField\SungearEngine2D\libs\imgui-app-1.84.1.3-sources.jar;D:\PixelField\SungearEngine2D\libs\imgui-lwjgl3-1.84.1.3-sources.jar
Launcher Type: SUN_STANDARD

[Global flags]
     intx CICompilerCount                          = 2                                         {product} {ergonomic}
     uint ConcGCThreads                            = 1                                         {product} {ergonomic}
     uint G1ConcRefinementThreads                  = 2                                         {product} {ergonomic}
   size_t G1HeapRegionSize                         = 1048576                                   {product} {ergonomic}
    uintx GCDrainStackTargetSize                   = 64                                        {product} {ergonomic}
   size_t InitialHeapSize                          = 134217728                                 {product} {ergonomic}
   size_t MarkStackSize                            = 4194304                                   {product} {ergonomic}
   size_t MaxHeapSize                              = 2120220672                                {product} {ergonomic}
   size_t MaxNewSize                               = 1271922688                                {product} {ergonomic}
   size_t MinHeapDeltaBytes                        = 1048576                                   {product} {ergonomic}
   size_t MinHeapSize                              = 8388608                                   {product} {ergonomic}
    uintx NonNMethodCodeHeapSize                   = 5826188                                {pd product} {ergonomic}
    uintx NonProfiledCodeHeapSize                  = 122916026                              {pd product} {ergonomic}
    uintx ProfiledCodeHeapSize                     = 122916026                              {pd product} {ergonomic}
    uintx ReservedCodeCacheSize                    = 251658240                              {pd product} {ergonomic}
     bool SegmentedCodeCache                       = true                                      {product} {ergonomic}
   size_t SoftMaxHeapSize                          = 2120220672                             {manageable} {ergonomic}
     bool UseCompressedClassPointers               = true                                 {lp64_product} {ergonomic}
     bool UseCompressedOops                        = true                                 {lp64_product} {ergonomic}
     bool UseG1GC                                  = true                                      {product} {ergonomic}
     bool UseLargePagesIndividualAllocation        = false                                  {pd product} {ergonomic}

Logging:
Log output configuration:
 #0: stdout all=warning uptime,level,tags
 #1: stderr all=off uptime,level,tags

Environment Variables:
CLASSPATH=C:\Users\¿‰ÏËÌ\.jdks\corretto-16.0.2\bin;
PATH=C:\Program Files (x86)\Common Files\Oracle\Java\javapath;"C:\WINDOWS\system32;C:\WINDOWS;C:\WINDOWS\system32\WBEM";C:\Users\¿‰ÏËÌ\AppData\Local\Microsoft\WindowsApps;C:\Users\¿‰ÏËÌ\.dotnet\tools;C:\Program Files\JetBrains\PyCharm Community Edition 2020.2.3\bin;D:\IntellijIDEA_2020_1_4\IntelliJ IDEA Community Edition 2020.1.4\bin;D:\Git\cmd;C:\Program Files\dotnet\;"C:\WINDOWS\system32;C:\WINDOWS;C:\WINDOWS\system32\WBEM";C:\Users\¿‰ÏËÌ\AppData\Local\Microsoft\WindowsApps;C:\Users\¿‰ÏËÌ\.dotnet\tools;C:\Program Files\JetBrains\PyCharm Community Edition 2020.2.3\bin;;D:\IntellijIDEA_2020_1_4\IntelliJ IDEA Community Edition 2020.1.4\bin;;C:\Users\¿‰ÏËÌ\AppData\Local\GitHubDesktop\bin;D:\Rider\JetBrains Rider 2021.3.3\bin;;D:\IntelliJ IDEA 2021.3.3 Ultimate\bin;
USERNAME=¿‰ÏËÌ
OS=Windows_NT
PROCESSOR_IDENTIFIER=Intel64 Family 6 Model 60 Stepping 3, GenuineIntel



---------------  S Y S T E M  ---------------

OS:
 Windows 10 , 64 bit Build 19041 (10.0.19041.1706)
OS uptime: 13 days 19:37 hours

CPU: total 2 (initial active 2) (2 cores per cpu, 1 threads per core) family 6 model 60 stepping 3 microcode 0x27, cmov, cx8, fxsr, mmx, sse, sse2, sse3, ssse3, sse4.1, sse4.2, popcnt, clmul, erms, lzcnt, tsc, tscinvbit, clflush

Memory: 4k page, system-wide physical 8087M (2046M free)
TotalPageFile size 14053M (AvailPageFile size 3685M)
current process WorkingSet (physical memory assigned to process): 125M, peak: 125M
current process commit charge ("private bytes"): 382M, peak: 382M

vm_info: OpenJDK 64-Bit Server VM (15.0.5+3-MTS) for windows-amd64 JRE (15.0.5+3-MTS) (Zulu15.36+13-CA), built on Oct  8 2021 11:07:26 by "zulu_re" with MS VC++ 15.9 (VS2017)

END.
