#
# A fatal error has been detected by the Java Runtime Environment:
#
#  EXCEPTION_ACCESS_VIOLATION (0xc0000005) at pc=0x0000000064aa9488, pid=18956, tid=20424
#
# JRE version: OpenJDK Runtime Environment Zulu15.36+13-CA (15.0.5+3) (build 15.0.5+3-MTS)
# Java VM: OpenJDK 64-Bit Server VM Zulu15.36+13-CA (15.0.5+3-MTS, mixed mode, sharing, tiered, compressed oops, g1 gc, windows-amd64)
# Problematic frame:
# C  [imgui-java64.dll+0xa9488]
#
# No core dump will be written. Minidumps are not enabled by default on client versions of Windows
#
# If you would like to submit a bug report, please visit:
#   http://www.azul.com/support/
# The crash happened outside the Java Virtual Machine in native code.
# See problematic frame for where to report the bug.
#

---------------  S U M M A R Y ------------

Command Line: -javaagent:D:\IntelliJ IDEA 2021.3.3 Ultimate\lib\idea_rt.jar=64803:D:\IntelliJ IDEA 2021.3.3 Ultimate\bin -Dfile.encoding=UTF-8 SungearEngine2D.Main.Main

Host: Intel(R) Pentium(R) CPU G3220 @ 3.00GHz, 2 cores, 7G,  Windows 10 , 64 bit Build 19041 (10.0.19041.1645)
Time: Mon May  9 22:44:29 2022 RTZ 2 (ÁËÏ‡) elapsed time: 9.652971 seconds (0d 0h 0m 9s)

---------------  T H R E A D  ---------------

Current thread (0x0000027a4e8d1a00):  JavaThread "main" [_thread_in_native, id=20424, stack(0x000000ca8c600000,0x000000ca8c700000)]

Stack: [0x000000ca8c600000,0x000000ca8c700000],  sp=0x000000ca8c6fed80,  free space=1019k
Native frames: (J=compiled Java code, j=interpreted, Vv=VM code, C=native code)
C  [imgui-java64.dll+0xa9488]

Java frames: (J=compiled Java code, j=interpreted, Vv=VM code)
j  imgui.extension.imguizmo.ImGuizmo.nDrawGrid([F[F[FI)V+0
j  imgui.extension.imguizmo.ImGuizmo.drawGrid([F[F[FI)V+4
j  SungearEngine2D.GUI.Views.SceneView.Draw()V+52
j  SungearEngine2D.GUI.Views.MainView.Draw()V+77
j  SungearEngine2D.GUI.GUI.Draw()V+6
j  SungearEngine2D.Main.Main$1.onDrawFrame()V+0
j  Core2D.Core2D.Core2D.Draw()V+43
j  Core2D.Core2D.Core2D.Run()V+47
j  Core2D.Core2D.Core2D.Start(Ljava/lang/String;)V+20
j  SungearEngine2D.Main.Main.main([Ljava/lang/String;)V+18
v  ~StubRoutines::call_stub

siginfo: EXCEPTION_ACCESS_VIOLATION (0xc0000005), reading address 0x0000000000000078


Register to memory mapping:

RIP=0x0000000064aa9488 imgui-java64.dll
RAX=
[error occurred during error reporting (printing register info), id 0xc0000005, EXCEPTION_ACCESS_VIOLATION (0xc0000005) at pc=0x00007ffcb886eb74]

Registers:
RAX=0x00000000ffc00000, RBX=0x0000000000000000, RCX=0x0000000000000000, RDX=0x000000ca8c6fee30
RSP=0x000000ca8c6fed80, RBP=0x000000ca8c6feea0, RSI=0xffc00000ffc00000, RDI=0x000000ca8c6fee38
R8 =0x000000ca8c6fee38, R9 =0x00000000ff808080, R10=0x0000000000000000, R11=0x000000008922e190
R12=0x0000000089229918, R13=0x000000ca8c6fee60, R14=0x000000ca8c6ff150, R15=0x000000ca8c6ff140
RIP=0x0000000064aa9488, EFLAGS=0x0000000000010286

Top of Stack: (sp=0x000000ca8c6fed80)
0x000000ca8c6fed80:   0000027a4e8d1a00 0000000000000148
0x000000ca8c6fed90:   0000000000000000 0000000000000000
0x000000ca8c6feda0:   0000027a4e8d1ee0 0000000064a04c0f
0x000000ca8c6fedb0:   0000000000000000 0000000000000000
0x000000ca8c6fedc0:   0000000000000001 00000000ff808080
0x000000ca8c6fedd0:   000000ca8c6feee0 000000ca8c6feea0
0x000000ca8c6fede0:   0000000089229918 0000000064a0e5cc
0x000000ca8c6fedf0:   0000000000000000 0000000000000000
0x000000ca8c6fee00:   0000000000000000 0000000000000000
0x000000ca8c6fee10:   000000003f800000 0000000000000000
0x000000ca8c6fee20:   0000027a00000000 3f800000c3fa0000
0x000000ca8c6fee30:   ffc00000ffc00000 ffc00000ffc00000
0x000000ca8c6fee40:   0000000000000000 00000000bf800000
0x000000ca8c6fee50:   0000000043fa0000 00000000bf800000
0x000000ca8c6fee60:   000000003b03126f 0000000000000000
0x000000ca8c6fee70:   3b03126f00000000 0000000000000000 

Instructions: (pc=0x0000000064aa9488)
0x0000000064aa9388:   10 2d ca d9 42 00 f3 0f 10 15 92 d9 42 00 f3 0f
0x0000000064aa9398:   5c f1 f3 0f 10 62 04 f3 41 0f 10 40 04 f3 0f 5c
0x0000000064aa93a8:   c4 0f 54 f3 f3 0f 59 f5 0f 54 c3 f3 0f 5c f2 0f
0x0000000064aa93b8:   2f f7 0f 86 78 fd ff ff f3 0f 59 c5 0f 10 f7 bb
0x0000000064aa93c8:   f0 00 00 00 e9 14 fb ff ff 0f 1f 80 00 00 00 00
0x0000000064aa93d8:   83 f9 08 bb 08 00 00 00 0f 4d d9 e9 30 ff ff ff
0x0000000064aa93e8:   0f 1f 84 00 00 00 00 00 83 fa 08 bb 08 00 00 00
0x0000000064aa93f8:   0f 4d da e9 98 fe ff ff 83 f9 08 ba 08 00 00 00
0x0000000064aa9408:   0f 4d d1 89 d5 e9 86 fd ff ff 66 0f 1f 44 00 00
0x0000000064aa9418:   83 fa 08 bb 08 00 00 00 0f 4d da e9 f0 fd ff ff
0x0000000064aa9428:   0f 1f 84 00 00 00 00 00 41 54 55 57 56 53 48 83
0x0000000064aa9438:   ec 40 0f 11 74 24 30 48 89 cb 4c 89 c7 41 f7 c1
0x0000000064aa9448:   00 00 00 ff 75 12 0f 10 74 24 30 48 83 c4 40 5b
0x0000000064aa9458:   5e 5f 5d 41 5c c3 66 90 f3 0f 10 35 f0 d8 42 00
0x0000000064aa9468:   f3 0f 10 52 04 f3 0f 10 0a f3 0f 58 d6 f3 0f 58
0x0000000064aa9478:   ce 66 0f 7e d6 66 0f 7e c8 48 c1 e6 20 48 09 c6
0x0000000064aa9488:   48 63 41 78 3b 41 7c 0f 84 9b 00 00 00 48 8b ab
0x0000000064aa9498:   80 00 00 00 48 89 74 c5 00 f3 0f 10 1f 44 8b 43
0x0000000064aa94a8:   78 f3 0f 58 de f3 0f 58 77 04 41 8d 50 01 89 53
0x0000000064aa94b8:   78 66 48 0f 7e f0 66 0f 7e d9 48 c1 e0 20 48 89
0x0000000064aa94c8:   ce 48 09 c6 39 53 7c 0f 84 f3 00 00 00 48 8b ab
0x0000000064aa94d8:   80 00 00 00 f3 0f 10 84 24 90 00 00 00 48 63 d2
0x0000000064aa94e8:   48 89 d9 48 89 74 d5 00 8b 43 78 c7 44 24 20 00
0x0000000064aa94f8:   00 00 00 48 8b 93 80 00 00 00 44 8d 40 01 f3 0f
0x0000000064aa9508:   11 44 24 28 44 89 43 78 e8 3b d1 ff ff 90 0f 10
0x0000000064aa9518:   74 24 30 c7 43 78 00 00 00 00 48 83 c4 40 5b 5e
0x0000000064aa9528:   5f 5d 41 5c c3 0f 1f 00 8d 48 01 85 c0 0f 84 1d
0x0000000064aa9538:   01 00 00 89 c2 c1 ea 1f 01 c2 d1 fa 01 c2 39 ca
0x0000000064aa9548:   0f 4d ca 41 89 cc 39 c8 0f 8d 3f ff ff ff 66 2e
0x0000000064aa9558:   0f 1f 84 00 00 00 00 00 49 63 cc 44 89 8c 24 88
0x0000000064aa9568:   00 00 00 48 c1 e1 03 e8 3c ab f8 ff 48 8b 93 80
0x0000000064aa9578:   00 00 00 44 8b 8c 24 88 00 00 00 48 89 c5 48 85 


Stack slot to memory mapping:
stack at sp + 0 slots: 0x0000027a4e8d1a00 is a thread
stack at sp + 1 slots: 0x0000000000000148 is an unknown value
stack at sp + 2 slots: 0x0 is NULL
stack at sp + 3 slots: 0x0 is NULL
stack at sp + 4 slots: 0x0000027a4e8d1ee0 points into unknown readable memory: 0x00007ffcb8dd1b08 | 08 1b dd b8 fc 7f 00 00
stack at sp + 5 slots: 0x0000000064a04c0f imgui-java64.dll
stack at sp + 6 slots: 0x0 is NULL
stack at sp + 7 slots: 0x0 is NULL


---------------  P R O C E S S  ---------------

Threads class SMR info:
_java_thread_list=0x0000027a6d3916f0, length=12, elements={
0x0000027a4e8d1a00, 0x0000027a6c8c3a30, 0x0000027a6c8c4600, 0x0000027a6c8df580,
0x0000027a6c8e2f60, 0x0000027a6c8e3a10, 0x0000027a6c8e68b0, 0x0000027a6c8e9360,
0x0000027a6d281ae0, 0x0000027a6c8af590, 0x0000027a6d3d5220, 0x0000027a6d3d56f0
}

Java Threads: ( => current thread )
=>0x0000027a4e8d1a00 JavaThread "main" [_thread_in_native, id=20424, stack(0x000000ca8c600000,0x000000ca8c700000)]
  0x0000027a6c8c3a30 JavaThread "Reference Handler" daemon [_thread_blocked, id=3000, stack(0x000000ca8cd00000,0x000000ca8ce00000)]
  0x0000027a6c8c4600 JavaThread "Finalizer" daemon [_thread_blocked, id=20028, stack(0x000000ca8ce00000,0x000000ca8cf00000)]
  0x0000027a6c8df580 JavaThread "Signal Dispatcher" daemon [_thread_blocked, id=16456, stack(0x000000ca8cf00000,0x000000ca8d000000)]
  0x0000027a6c8e2f60 JavaThread "Attach Listener" daemon [_thread_blocked, id=17172, stack(0x000000ca8d000000,0x000000ca8d100000)]
  0x0000027a6c8e3a10 JavaThread "Service Thread" daemon [_thread_blocked, id=14548, stack(0x000000ca8d100000,0x000000ca8d200000)]
  0x0000027a6c8e68b0 JavaThread "C2 CompilerThread0" daemon [_thread_blocked, id=19536, stack(0x000000ca8d200000,0x000000ca8d300000)]
  0x0000027a6c8e9360 JavaThread "C1 CompilerThread0" daemon [_thread_blocked, id=14660, stack(0x000000ca8d300000,0x000000ca8d400000)]
  0x0000027a6d281ae0 JavaThread "Sweeper thread" daemon [_thread_blocked, id=2988, stack(0x000000ca8d400000,0x000000ca8d500000)]
  0x0000027a6c8af590 JavaThread "Common-Cleaner" daemon [_thread_blocked, id=6068, stack(0x000000ca8d500000,0x000000ca8d600000)]
  0x0000027a6d3d5220 JavaThread "Monitor Ctrl-Break" daemon [_thread_in_native, id=192, stack(0x000000ca8d600000,0x000000ca8d700000)]
  0x0000027a6d3d56f0 JavaThread "Notification Thread" daemon [_thread_blocked, id=17364, stack(0x000000ca8d700000,0x000000ca8d800000)]

Other Threads:
  0x0000027a6c8c11b0 VMThread "VM Thread" [stack: 0x000000ca8cc00000,0x000000ca8cd00000] [id=13056]
  0x0000027a4e8d2940 WatcherThread [stack: 0x000000ca8d800000,0x000000ca8d900000] [id=7048]
  0x0000027a4e9102b0 GCTaskThread "GC Thread#0" [stack: 0x000000ca8c700000,0x000000ca8c800000] [id=17956]
  0x0000027a6d477490 GCTaskThread "GC Thread#1" [stack: 0x000000ca8d900000,0x000000ca8da00000] [id=9984]
  0x0000027a4e9219d0 ConcurrentGCThread "G1 Main Marker" [stack: 0x000000ca8c800000,0x000000ca8c900000] [id=10908]
  0x0000027a4e9225c0 ConcurrentGCThread "G1 Conc#0" [stack: 0x000000ca8c900000,0x000000ca8ca00000] [id=14132]
  0x0000027a4e994590 ConcurrentGCThread "G1 Refine#0" [stack: 0x000000ca8ca00000,0x000000ca8cb00000] [id=4740]
  0x0000027a6d5224a0 ConcurrentGCThread "G1 Refine#1" [stack: 0x000000ca8da00000,0x000000ca8db00000] [id=10968]
  0x0000027a4e995190 ConcurrentGCThread "G1 Young RemSet Sampling" [stack: 0x000000ca8cb00000,0x000000ca8cc00000] [id=8796]

Threads with active compile tasks:

VM state: not at safepoint (normal execution)

VM Mutex/Monitor currently owned by a thread: None

Heap address: 0x0000000081a00000, size: 2022 MB, Compressed Oops mode: 32-bit
CDS archive(s) mapped at: [0x0000000800000000-0x0000000800b50000-0x0000000800b50000), size 11862016, SharedBaseAddress: 0x0000000800000000, ArchiveRelocationMode: 0.
Compressed class space mapped at: 0x0000000800b50000-0x0000000840b50000, size: 1073741824
Narrow klass base: 0x0000000800000000, Narrow klass shift: 3, Narrow klass range: 0x100000000

GC Precious Log:
 CPUs: 2 total, 2 available
 Memory: 8087M
 Large Page Support: Disabled
 NUMA Support: Disabled
 Compressed Oops: Enabled (32-bit)
 Heap Region Size: 1M
 Heap Min Capacity: 8M
 Heap Initial Capacity: 128M
 Heap Max Capacity: 2022M
 Pre-touch: Disabled
 Parallel Workers: 2
 Concurrent Workers: 1
 Concurrent Refinement Workers: 2
 Periodic GC: Disabled

Heap:
 garbage-first heap   total 131072K, used 8286K [0x0000000081a00000, 0x0000000100000000)
  region size 1024K, 8 young (8192K), 1 survivors (1024K)
 Metaspace       used 8706K, capacity 10607K, committed 10752K, reserved 1058816K
  class space    used 535K, capacity 740K, committed 768K, reserved 1048576K

Heap Regions: E=young(eden), S=young(survivor), O=old, HS=humongous(starts), HC=humongous(continues), CS=collection set, F=free, OA=open archive, CA=closed archive, TAMS=top-at-mark-start (previous, next)
|   0|0x0000000081a00000, 0x0000000081b00000, 0x0000000081b00000|100%| O|  |TAMS 0x0000000081a00000, 0x0000000081a00000| Untracked 
|   1|0x0000000081b00000, 0x0000000081c00000, 0x0000000081c00000|100%| O|  |TAMS 0x0000000081b00000, 0x0000000081b00000| Untracked 
|   2|0x0000000081c00000, 0x0000000081c52a00, 0x0000000081d00000| 32%| O|  |TAMS 0x0000000081c00000, 0x0000000081c00000| Untracked 
|   3|0x0000000081d00000, 0x0000000081d00000, 0x0000000081e00000|  0%| F|  |TAMS 0x0000000081d00000, 0x0000000081d00000| Untracked 
|   4|0x0000000081e00000, 0x0000000081e00000, 0x0000000081f00000|  0%| F|  |TAMS 0x0000000081e00000, 0x0000000081e00000| Untracked 
|   5|0x0000000081f00000, 0x0000000081f00000, 0x0000000082000000|  0%| F|  |TAMS 0x0000000081f00000, 0x0000000081f00000| Untracked 
|   6|0x0000000082000000, 0x0000000082000000, 0x0000000082100000|  0%| F|  |TAMS 0x0000000082000000, 0x0000000082000000| Untracked 
|   7|0x0000000082100000, 0x0000000082100000, 0x0000000082200000|  0%| F|  |TAMS 0x0000000082100000, 0x0000000082100000| Untracked 
|   8|0x0000000082200000, 0x0000000082200000, 0x0000000082300000|  0%| F|  |TAMS 0x0000000082200000, 0x0000000082200000| Untracked 
|   9|0x0000000082300000, 0x0000000082300000, 0x0000000082400000|  0%| F|  |TAMS 0x0000000082300000, 0x0000000082300000| Untracked 
|  10|0x0000000082400000, 0x0000000082400000, 0x0000000082500000|  0%| F|  |TAMS 0x0000000082400000, 0x0000000082400000| Untracked 
|  11|0x0000000082500000, 0x0000000082500000, 0x0000000082600000|  0%| F|  |TAMS 0x0000000082500000, 0x0000000082500000| Untracked 
|  12|0x0000000082600000, 0x0000000082600000, 0x0000000082700000|  0%| F|  |TAMS 0x0000000082600000, 0x0000000082600000| Untracked 
|  13|0x0000000082700000, 0x0000000082700000, 0x0000000082800000|  0%| F|  |TAMS 0x0000000082700000, 0x0000000082700000| Untracked 
|  14|0x0000000082800000, 0x0000000082800000, 0x0000000082900000|  0%| F|  |TAMS 0x0000000082800000, 0x0000000082800000| Untracked 
|  15|0x0000000082900000, 0x0000000082900000, 0x0000000082a00000|  0%| F|  |TAMS 0x0000000082900000, 0x0000000082900000| Untracked 
|  16|0x0000000082a00000, 0x0000000082a00000, 0x0000000082b00000|  0%| F|  |TAMS 0x0000000082a00000, 0x0000000082a00000| Untracked 
|  17|0x0000000082b00000, 0x0000000082b00000, 0x0000000082c00000|  0%| F|  |TAMS 0x0000000082b00000, 0x0000000082b00000| Untracked 
|  18|0x0000000082c00000, 0x0000000082c00000, 0x0000000082d00000|  0%| F|  |TAMS 0x0000000082c00000, 0x0000000082c00000| Untracked 
|  19|0x0000000082d00000, 0x0000000082d00000, 0x0000000082e00000|  0%| F|  |TAMS 0x0000000082d00000, 0x0000000082d00000| Untracked 
|  20|0x0000000082e00000, 0x0000000082e00000, 0x0000000082f00000|  0%| F|  |TAMS 0x0000000082e00000, 0x0000000082e00000| Untracked 
|  21|0x0000000082f00000, 0x0000000082f00000, 0x0000000083000000|  0%| F|  |TAMS 0x0000000082f00000, 0x0000000082f00000| Untracked 
|  22|0x0000000083000000, 0x0000000083000000, 0x0000000083100000|  0%| F|  |TAMS 0x0000000083000000, 0x0000000083000000| Untracked 
|  23|0x0000000083100000, 0x0000000083100000, 0x0000000083200000|  0%| F|  |TAMS 0x0000000083100000, 0x0000000083100000| Untracked 
|  24|0x0000000083200000, 0x0000000083200000, 0x0000000083300000|  0%| F|  |TAMS 0x0000000083200000, 0x0000000083200000| Untracked 
|  25|0x0000000083300000, 0x0000000083300000, 0x0000000083400000|  0%| F|  |TAMS 0x0000000083300000, 0x0000000083300000| Untracked 
|  26|0x0000000083400000, 0x0000000083400000, 0x0000000083500000|  0%| F|  |TAMS 0x0000000083400000, 0x0000000083400000| Untracked 
|  27|0x0000000083500000, 0x0000000083500000, 0x0000000083600000|  0%| F|  |TAMS 0x0000000083500000, 0x0000000083500000| Untracked 
|  28|0x0000000083600000, 0x0000000083600000, 0x0000000083700000|  0%| F|  |TAMS 0x0000000083600000, 0x0000000083600000| Untracked 
|  29|0x0000000083700000, 0x0000000083700000, 0x0000000083800000|  0%| F|  |TAMS 0x0000000083700000, 0x0000000083700000| Untracked 
|  30|0x0000000083800000, 0x0000000083800000, 0x0000000083900000|  0%| F|  |TAMS 0x0000000083800000, 0x0000000083800000| Untracked 
|  31|0x0000000083900000, 0x0000000083900000, 0x0000000083a00000|  0%| F|  |TAMS 0x0000000083900000, 0x0000000083900000| Untracked 
|  32|0x0000000083a00000, 0x0000000083a00000, 0x0000000083b00000|  0%| F|  |TAMS 0x0000000083a00000, 0x0000000083a00000| Untracked 
|  33|0x0000000083b00000, 0x0000000083b00000, 0x0000000083c00000|  0%| F|  |TAMS 0x0000000083b00000, 0x0000000083b00000| Untracked 
|  34|0x0000000083c00000, 0x0000000083c00000, 0x0000000083d00000|  0%| F|  |TAMS 0x0000000083c00000, 0x0000000083c00000| Untracked 
|  35|0x0000000083d00000, 0x0000000083d00000, 0x0000000083e00000|  0%| F|  |TAMS 0x0000000083d00000, 0x0000000083d00000| Untracked 
|  36|0x0000000083e00000, 0x0000000083e00000, 0x0000000083f00000|  0%| F|  |TAMS 0x0000000083e00000, 0x0000000083e00000| Untracked 
|  37|0x0000000083f00000, 0x0000000083f00000, 0x0000000084000000|  0%| F|  |TAMS 0x0000000083f00000, 0x0000000083f00000| Untracked 
|  38|0x0000000084000000, 0x0000000084000000, 0x0000000084100000|  0%| F|  |TAMS 0x0000000084000000, 0x0000000084000000| Untracked 
|  39|0x0000000084100000, 0x0000000084100000, 0x0000000084200000|  0%| F|  |TAMS 0x0000000084100000, 0x0000000084100000| Untracked 
|  40|0x0000000084200000, 0x0000000084200000, 0x0000000084300000|  0%| F|  |TAMS 0x0000000084200000, 0x0000000084200000| Untracked 
|  41|0x0000000084300000, 0x0000000084300000, 0x0000000084400000|  0%| F|  |TAMS 0x0000000084300000, 0x0000000084300000| Untracked 
|  42|0x0000000084400000, 0x0000000084400000, 0x0000000084500000|  0%| F|  |TAMS 0x0000000084400000, 0x0000000084400000| Untracked 
|  43|0x0000000084500000, 0x0000000084500000, 0x0000000084600000|  0%| F|  |TAMS 0x0000000084500000, 0x0000000084500000| Untracked 
|  44|0x0000000084600000, 0x0000000084600000, 0x0000000084700000|  0%| F|  |TAMS 0x0000000084600000, 0x0000000084600000| Untracked 
|  45|0x0000000084700000, 0x0000000084700000, 0x0000000084800000|  0%| F|  |TAMS 0x0000000084700000, 0x0000000084700000| Untracked 
|  46|0x0000000084800000, 0x0000000084800000, 0x0000000084900000|  0%| F|  |TAMS 0x0000000084800000, 0x0000000084800000| Untracked 
|  47|0x0000000084900000, 0x0000000084900000, 0x0000000084a00000|  0%| F|  |TAMS 0x0000000084900000, 0x0000000084900000| Untracked 
|  48|0x0000000084a00000, 0x0000000084a00000, 0x0000000084b00000|  0%| F|  |TAMS 0x0000000084a00000, 0x0000000084a00000| Untracked 
|  49|0x0000000084b00000, 0x0000000084b00000, 0x0000000084c00000|  0%| F|  |TAMS 0x0000000084b00000, 0x0000000084b00000| Untracked 
|  50|0x0000000084c00000, 0x0000000084c00000, 0x0000000084d00000|  0%| F|  |TAMS 0x0000000084c00000, 0x0000000084c00000| Untracked 
|  51|0x0000000084d00000, 0x0000000084d00000, 0x0000000084e00000|  0%| F|  |TAMS 0x0000000084d00000, 0x0000000084d00000| Untracked 
|  52|0x0000000084e00000, 0x0000000084e00000, 0x0000000084f00000|  0%| F|  |TAMS 0x0000000084e00000, 0x0000000084e00000| Untracked 
|  53|0x0000000084f00000, 0x0000000084f00000, 0x0000000085000000|  0%| F|  |TAMS 0x0000000084f00000, 0x0000000084f00000| Untracked 
|  54|0x0000000085000000, 0x0000000085000000, 0x0000000085100000|  0%| F|  |TAMS 0x0000000085000000, 0x0000000085000000| Untracked 
|  55|0x0000000085100000, 0x0000000085100000, 0x0000000085200000|  0%| F|  |TAMS 0x0000000085100000, 0x0000000085100000| Untracked 
|  56|0x0000000085200000, 0x0000000085200000, 0x0000000085300000|  0%| F|  |TAMS 0x0000000085200000, 0x0000000085200000| Untracked 
|  57|0x0000000085300000, 0x0000000085300000, 0x0000000085400000|  0%| F|  |TAMS 0x0000000085300000, 0x0000000085300000| Untracked 
|  58|0x0000000085400000, 0x0000000085400000, 0x0000000085500000|  0%| F|  |TAMS 0x0000000085400000, 0x0000000085400000| Untracked 
|  59|0x0000000085500000, 0x0000000085500000, 0x0000000085600000|  0%| F|  |TAMS 0x0000000085500000, 0x0000000085500000| Untracked 
|  60|0x0000000085600000, 0x0000000085600000, 0x0000000085700000|  0%| F|  |TAMS 0x0000000085600000, 0x0000000085600000| Untracked 
|  61|0x0000000085700000, 0x0000000085700000, 0x0000000085800000|  0%| F|  |TAMS 0x0000000085700000, 0x0000000085700000| Untracked 
|  62|0x0000000085800000, 0x0000000085800000, 0x0000000085900000|  0%| F|  |TAMS 0x0000000085800000, 0x0000000085800000| Untracked 
|  63|0x0000000085900000, 0x0000000085900000, 0x0000000085a00000|  0%| F|  |TAMS 0x0000000085900000, 0x0000000085900000| Untracked 
|  64|0x0000000085a00000, 0x0000000085a00000, 0x0000000085b00000|  0%| F|  |TAMS 0x0000000085a00000, 0x0000000085a00000| Untracked 
|  65|0x0000000085b00000, 0x0000000085b00000, 0x0000000085c00000|  0%| F|  |TAMS 0x0000000085b00000, 0x0000000085b00000| Untracked 
|  66|0x0000000085c00000, 0x0000000085c00000, 0x0000000085d00000|  0%| F|  |TAMS 0x0000000085c00000, 0x0000000085c00000| Untracked 
|  67|0x0000000085d00000, 0x0000000085d00000, 0x0000000085e00000|  0%| F|  |TAMS 0x0000000085d00000, 0x0000000085d00000| Untracked 
|  68|0x0000000085e00000, 0x0000000085e00000, 0x0000000085f00000|  0%| F|  |TAMS 0x0000000085e00000, 0x0000000085e00000| Untracked 
|  69|0x0000000085f00000, 0x0000000085f00000, 0x0000000086000000|  0%| F|  |TAMS 0x0000000085f00000, 0x0000000085f00000| Untracked 
|  70|0x0000000086000000, 0x0000000086000000, 0x0000000086100000|  0%| F|  |TAMS 0x0000000086000000, 0x0000000086000000| Untracked 
|  71|0x0000000086100000, 0x0000000086100000, 0x0000000086200000|  0%| F|  |TAMS 0x0000000086100000, 0x0000000086100000| Untracked 
|  72|0x0000000086200000, 0x0000000086200000, 0x0000000086300000|  0%| F|  |TAMS 0x0000000086200000, 0x0000000086200000| Untracked 
|  73|0x0000000086300000, 0x0000000086300000, 0x0000000086400000|  0%| F|  |TAMS 0x0000000086300000, 0x0000000086300000| Untracked 
|  74|0x0000000086400000, 0x0000000086400000, 0x0000000086500000|  0%| F|  |TAMS 0x0000000086400000, 0x0000000086400000| Untracked 
|  75|0x0000000086500000, 0x0000000086500000, 0x0000000086600000|  0%| F|  |TAMS 0x0000000086500000, 0x0000000086500000| Untracked 
|  76|0x0000000086600000, 0x0000000086600000, 0x0000000086700000|  0%| F|  |TAMS 0x0000000086600000, 0x0000000086600000| Untracked 
|  77|0x0000000086700000, 0x0000000086700000, 0x0000000086800000|  0%| F|  |TAMS 0x0000000086700000, 0x0000000086700000| Untracked 
|  78|0x0000000086800000, 0x0000000086800000, 0x0000000086900000|  0%| F|  |TAMS 0x0000000086800000, 0x0000000086800000| Untracked 
|  79|0x0000000086900000, 0x0000000086900000, 0x0000000086a00000|  0%| F|  |TAMS 0x0000000086900000, 0x0000000086900000| Untracked 
|  80|0x0000000086a00000, 0x0000000086a00000, 0x0000000086b00000|  0%| F|  |TAMS 0x0000000086a00000, 0x0000000086a00000| Untracked 
|  81|0x0000000086b00000, 0x0000000086b00000, 0x0000000086c00000|  0%| F|  |TAMS 0x0000000086b00000, 0x0000000086b00000| Untracked 
|  82|0x0000000086c00000, 0x0000000086c00000, 0x0000000086d00000|  0%| F|  |TAMS 0x0000000086c00000, 0x0000000086c00000| Untracked 
|  83|0x0000000086d00000, 0x0000000086d00000, 0x0000000086e00000|  0%| F|  |TAMS 0x0000000086d00000, 0x0000000086d00000| Untracked 
|  84|0x0000000086e00000, 0x0000000086e00000, 0x0000000086f00000|  0%| F|  |TAMS 0x0000000086e00000, 0x0000000086e00000| Untracked 
|  85|0x0000000086f00000, 0x0000000086f00000, 0x0000000087000000|  0%| F|  |TAMS 0x0000000086f00000, 0x0000000086f00000| Untracked 
|  86|0x0000000087000000, 0x0000000087000000, 0x0000000087100000|  0%| F|  |TAMS 0x0000000087000000, 0x0000000087000000| Untracked 
|  87|0x0000000087100000, 0x0000000087100000, 0x0000000087200000|  0%| F|  |TAMS 0x0000000087100000, 0x0000000087100000| Untracked 
|  88|0x0000000087200000, 0x0000000087200000, 0x0000000087300000|  0%| F|  |TAMS 0x0000000087200000, 0x0000000087200000| Untracked 
|  89|0x0000000087300000, 0x0000000087300000, 0x0000000087400000|  0%| F|  |TAMS 0x0000000087300000, 0x0000000087300000| Untracked 
|  90|0x0000000087400000, 0x0000000087400000, 0x0000000087500000|  0%| F|  |TAMS 0x0000000087400000, 0x0000000087400000| Untracked 
|  91|0x0000000087500000, 0x0000000087500000, 0x0000000087600000|  0%| F|  |TAMS 0x0000000087500000, 0x0000000087500000| Untracked 
|  92|0x0000000087600000, 0x0000000087600000, 0x0000000087700000|  0%| F|  |TAMS 0x0000000087600000, 0x0000000087600000| Untracked 
|  93|0x0000000087700000, 0x0000000087700000, 0x0000000087800000|  0%| F|  |TAMS 0x0000000087700000, 0x0000000087700000| Untracked 
|  94|0x0000000087800000, 0x0000000087800000, 0x0000000087900000|  0%| F|  |TAMS 0x0000000087800000, 0x0000000087800000| Untracked 
|  95|0x0000000087900000, 0x0000000087900000, 0x0000000087a00000|  0%| F|  |TAMS 0x0000000087900000, 0x0000000087900000| Untracked 
|  96|0x0000000087a00000, 0x0000000087a00000, 0x0000000087b00000|  0%| F|  |TAMS 0x0000000087a00000, 0x0000000087a00000| Untracked 
|  97|0x0000000087b00000, 0x0000000087b00000, 0x0000000087c00000|  0%| F|  |TAMS 0x0000000087b00000, 0x0000000087b00000| Untracked 
|  98|0x0000000087c00000, 0x0000000087c00000, 0x0000000087d00000|  0%| F|  |TAMS 0x0000000087c00000, 0x0000000087c00000| Untracked 
|  99|0x0000000087d00000, 0x0000000087d00000, 0x0000000087e00000|  0%| F|  |TAMS 0x0000000087d00000, 0x0000000087d00000| Untracked 
| 100|0x0000000087e00000, 0x0000000087e00000, 0x0000000087f00000|  0%| F|  |TAMS 0x0000000087e00000, 0x0000000087e00000| Untracked 
| 101|0x0000000087f00000, 0x0000000087f00000, 0x0000000088000000|  0%| F|  |TAMS 0x0000000087f00000, 0x0000000087f00000| Untracked 
| 102|0x0000000088000000, 0x0000000088000000, 0x0000000088100000|  0%| F|  |TAMS 0x0000000088000000, 0x0000000088000000| Untracked 
| 103|0x0000000088100000, 0x0000000088100000, 0x0000000088200000|  0%| F|  |TAMS 0x0000000088100000, 0x0000000088100000| Untracked 
| 104|0x0000000088200000, 0x0000000088200000, 0x0000000088300000|  0%| F|  |TAMS 0x0000000088200000, 0x0000000088200000| Untracked 
| 105|0x0000000088300000, 0x0000000088300000, 0x0000000088400000|  0%| F|  |TAMS 0x0000000088300000, 0x0000000088300000| Untracked 
| 106|0x0000000088400000, 0x0000000088400000, 0x0000000088500000|  0%| F|  |TAMS 0x0000000088400000, 0x0000000088400000| Untracked 
| 107|0x0000000088500000, 0x0000000088500000, 0x0000000088600000|  0%| F|  |TAMS 0x0000000088500000, 0x0000000088500000| Untracked 
| 108|0x0000000088600000, 0x0000000088600000, 0x0000000088700000|  0%| F|  |TAMS 0x0000000088600000, 0x0000000088600000| Untracked 
| 109|0x0000000088700000, 0x0000000088700000, 0x0000000088800000|  0%| F|  |TAMS 0x0000000088700000, 0x0000000088700000| Untracked 
| 110|0x0000000088800000, 0x0000000088800000, 0x0000000088900000|  0%| F|  |TAMS 0x0000000088800000, 0x0000000088800000| Untracked 
| 111|0x0000000088900000, 0x0000000088900000, 0x0000000088a00000|  0%| F|  |TAMS 0x0000000088900000, 0x0000000088900000| Untracked 
| 112|0x0000000088a00000, 0x0000000088a00000, 0x0000000088b00000|  0%| F|  |TAMS 0x0000000088a00000, 0x0000000088a00000| Untracked 
| 113|0x0000000088b00000, 0x0000000088b00000, 0x0000000088c00000|  0%| F|  |TAMS 0x0000000088b00000, 0x0000000088b00000| Untracked 
| 114|0x0000000088c00000, 0x0000000088c00000, 0x0000000088d00000|  0%| F|  |TAMS 0x0000000088c00000, 0x0000000088c00000| Untracked 
| 115|0x0000000088d00000, 0x0000000088d00000, 0x0000000088e00000|  0%| F|  |TAMS 0x0000000088d00000, 0x0000000088d00000| Untracked 
| 116|0x0000000088e00000, 0x0000000088e00000, 0x0000000088f00000|  0%| F|  |TAMS 0x0000000088e00000, 0x0000000088e00000| Untracked 
| 117|0x0000000088f00000, 0x0000000088f00000, 0x0000000089000000|  0%| F|  |TAMS 0x0000000088f00000, 0x0000000088f00000| Untracked 
| 118|0x0000000089000000, 0x0000000089000000, 0x0000000089100000|  0%| F|  |TAMS 0x0000000089000000, 0x0000000089000000| Untracked 
| 119|0x0000000089100000, 0x0000000089100000, 0x0000000089200000|  0%| F|  |TAMS 0x0000000089100000, 0x0000000089100000| Untracked 
| 120|0x0000000089200000, 0x000000008923fd10, 0x0000000089300000| 24%| E|  |TAMS 0x0000000089200000, 0x0000000089200000| Complete 
| 121|0x0000000089300000, 0x0000000089400000, 0x0000000089400000|100%| E|CS|TAMS 0x0000000089300000, 0x0000000089300000| Complete 
| 122|0x0000000089400000, 0x00000000894c5180, 0x0000000089500000| 76%| S|CS|TAMS 0x0000000089400000, 0x0000000089400000| Complete 
| 123|0x0000000089500000, 0x0000000089600000, 0x0000000089600000|100%| E|  |TAMS 0x0000000089500000, 0x0000000089500000| Complete 
| 124|0x0000000089600000, 0x0000000089700000, 0x0000000089700000|100%| E|CS|TAMS 0x0000000089600000, 0x0000000089600000| Complete 
| 125|0x0000000089700000, 0x0000000089800000, 0x0000000089800000|100%| E|CS|TAMS 0x0000000089700000, 0x0000000089700000| Complete 
| 126|0x0000000089800000, 0x0000000089900000, 0x0000000089900000|100%| E|CS|TAMS 0x0000000089800000, 0x0000000089800000| Complete 
| 127|0x0000000089900000, 0x0000000089a00000, 0x0000000089a00000|100%| E|CS|TAMS 0x0000000089900000, 0x0000000089900000| Complete 

Card table byte_map: [0x0000027a65df0000,0x0000027a661f0000] _byte_map_base: 0x0000027a659e3000

Marking Bits (Prev, Next): (CMBitMap*) 0x0000027a4e910aa0, (CMBitMap*) 0x0000027a4e910ae0
 Prev Bits: [0x0000027a665f0000, 0x0000027a68588000)
 Next Bits: [0x0000027a68590000, 0x0000027a6a528000)

Polling page: 0x0000027a4c630000

Metaspace:

Usage:
  Non-class:      9.64 MB capacity,     7.98 MB ( 83%) used,     1.64 MB ( 17%) free+waste,    12.94 KB ( <1%) overhead. 
      Class:    740.00 KB capacity,   535.55 KB ( 72%) used,   199.95 KB ( 27%) free+waste,     4.50 KB ( <1%) overhead. 
       Both:     10.36 MB capacity,     8.50 MB ( 82%) used,     1.84 MB ( 18%) free+waste,    17.44 KB ( <1%) overhead. 

Virtual space:
  Non-class space:       10.00 MB reserved,       9.75 MB ( 98%) committed 
      Class space:        1.00 GB reserved,     768.00 KB ( <1%) committed 
             Both:        1.01 GB reserved,      10.50 MB (  1%) committed 

Chunk freelists:
   Non-Class:  53.00 KB
       Class:  28.00 KB
        Both:  81.00 KB

MaxMetaspaceSize: 17179869184.00 GB
CompressedClassSpaceSize: 1.00 GB

CodeHeap 'non-profiled nmethods': size=120064Kb used=306Kb max_used=306Kb free=119758Kb
 bounds [0x0000027a5e8b0000, 0x0000027a5eb20000, 0x0000027a65df0000]
CodeHeap 'profiled nmethods': size=120000Kb used=1856Kb max_used=1856Kb free=118143Kb
 bounds [0x0000027a57380000, 0x0000027a575f0000, 0x0000027a5e8b0000]
CodeHeap 'non-nmethods': size=5696Kb used=1803Kb max_used=1812Kb free=3892Kb
 bounds [0x0000027a56df0000, 0x0000027a57060000, 0x0000027a57380000]
 total_blobs=2342 nmethods=1080 adapters=1176
 compilation: enabled
              stopped_count=0, restarted_count=0
 full_count=0

Compilation events (20 events):
Event: 9.277 Thread 0x0000027a6c8e9360 nmethod 1069 0x0000027a57546490 code [0x0000027a57546780, 0x0000027a57547938]
Event: 9.494 Thread 0x0000027a6c8e9360 1071       1       java.lang.reflect.Field::getName (5 bytes)
Event: 9.494 Thread 0x0000027a6c8e9360 nmethod 1071 0x0000027a5e8fc210 code [0x0000027a5e8fc3a0, 0x0000027a5e8fc458]
Event: 9.494 Thread 0x0000027a6c8e9360 1072       3       java.lang.Integer::stringSize (47 bytes)
Event: 9.494 Thread 0x0000027a6c8e9360 nmethod 1072 0x0000027a57548210 code [0x0000027a575483c0, 0x0000027a575485f8]
Event: 9.494 Thread 0x0000027a6c8e9360 1073       3       java.lang.Integer::getChars (131 bytes)
Event: 9.495 Thread 0x0000027a6c8e9360 nmethod 1073 0x0000027a57548690 code [0x0000027a57548860, 0x0000027a57548c98]
Event: 9.536 Thread 0x0000027a6c8e9360 1074       3       java.lang.AbstractStringBuilder::append (55 bytes)
Event: 9.536 Thread 0x0000027a6c8e9360 nmethod 1074 0x0000027a57548f10 code [0x0000027a575490e0, 0x0000027a57549418]
Event: 9.547 Thread 0x0000027a6c8e9360 1075       3       java.lang.Class::reflectionData (43 bytes)
Event: 9.547 Thread 0x0000027a6c8e9360 nmethod 1075 0x0000027a57549590 code [0x0000027a57549760, 0x0000027a57549b58]
Event: 9.548 Thread 0x0000027a6c8e9360 1076       3       java.io.WinNTFileSystem::prefixLength (91 bytes)
Event: 9.549 Thread 0x0000027a6c8e9360 nmethod 1076 0x0000027a57549c90 code [0x0000027a57549fa0, 0x0000027a5754b298]
Event: 9.585 Thread 0x0000027a6c8e9360 1077   !   3       jdk.internal.loader.URLClassPath$JarLoader::checkResource (78 bytes)
Event: 9.586 Thread 0x0000027a6c8e9360 nmethod 1077 0x0000027a5754b910 code [0x0000027a5754bb40, 0x0000027a5754c528]
Event: 9.586 Thread 0x0000027a6c8e9360 1078       3       sun.net.util.URLUtil::urlNoFragString (114 bytes)
Event: 9.587 Thread 0x0000027a6c8e9360 nmethod 1078 0x0000027a5754c990 code [0x0000027a5754ccc0, 0x0000027a5754dce8]
Event: 9.590 Thread 0x0000027a6c8e68b0 1079       4       java.lang.CharacterDataLatin1::toLowerCase (39 bytes)
Event: 9.591 Thread 0x0000027a6c8e68b0 nmethod 1079 0x0000027a5e8fc510 code [0x0000027a5e8fc680, 0x0000027a5e8fc758]
Event: 9.597 Thread 0x0000027a6c8e9360 1080   !   3       jdk.internal.loader.URLClassPath$FileLoader::getResource (164 bytes)

GC Heap History (4 events):
Event: 5.744 GC heap before
{Heap before GC invocations=0 (full 0):
 garbage-first heap   total 131072K, used 5120K [0x0000000081a00000, 0x0000000100000000)
  region size 1024K, 6 young (6144K), 0 survivors (0K)
 Metaspace       used 2688K, capacity 5548K, committed 5632K, reserved 1056768K
  class space    used 264K, capacity 500K, committed 512K, reserved 1048576K
}
Event: 5.750 GC heap after
{Heap after GC invocations=1 (full 0):
 garbage-first heap   total 131072K, used 2259K [0x0000000081a00000, 0x0000000100000000)
  region size 1024K, 1 young (1024K), 1 survivors (1024K)
 Metaspace       used 2688K, capacity 5548K, committed 5632K, reserved 1056768K
  class space    used 264K, capacity 500K, committed 512K, reserved 1048576K
}
Event: 8.490 GC heap before
{Heap before GC invocations=1 (full 0):
 garbage-first heap   total 131072K, used 6355K [0x0000000081a00000, 0x0000000100000000)
  region size 1024K, 6 young (6144K), 1 survivors (1024K)
 Metaspace       used 5524K, capacity 7655K, committed 7808K, reserved 1056768K
  class space    used 393K, capacity 589K, committed 640K, reserved 1048576K
}
Event: 8.493 GC heap after
{Heap after GC invocations=2 (full 0):
 garbage-first heap   total 131072K, used 3166K [0x0000000081a00000, 0x0000000100000000)
  region size 1024K, 1 young (1024K), 1 survivors (1024K)
 Metaspace       used 5524K, capacity 7655K, committed 7808K, reserved 1056768K
  class space    used 393K, capacity 589K, committed 640K, reserved 1048576K
}

Deoptimization events (20 events):
Event: 2.523 Thread 0x0000027a4e8d1a00 DEOPT PACKING pc=0x0000027a5e8bc128 sp=0x000000ca8c6fed30
Event: 2.523 Thread 0x0000027a4e8d1a00 DEOPT UNPACKING pc=0x0000027a56e3e129 sp=0x000000ca8c6fecd0 mode 2
Event: 2.585 Thread 0x0000027a4e8d1a00 Uncommon trap: trap_request=0xffffff45 fr.pc=0x0000027a5e8b914c relative=0x00000000000001ac
Event: 2.585 Thread 0x0000027a4e8d1a00 Uncommon trap: reason=unstable_if action=reinterpret pc=0x0000027a5e8b914c method=java.lang.String.isLatin1()Z @ 10 c2
Event: 2.585 Thread 0x0000027a4e8d1a00 DEOPT PACKING pc=0x0000027a5e8b914c sp=0x000000ca8c6fe970
Event: 2.585 Thread 0x0000027a4e8d1a00 DEOPT UNPACKING pc=0x0000027a56e3e129 sp=0x000000ca8c6fe8a0 mode 2
Event: 4.969 Thread 0x0000027a4e8d1a00 Uncommon trap: trap_request=0xffffff45 fr.pc=0x0000027a5e8c3108 relative=0x0000000000000168
Event: 4.969 Thread 0x0000027a4e8d1a00 Uncommon trap: reason=unstable_if action=reinterpret pc=0x0000027a5e8c3108 method=java.lang.StringLatin1.canEncode(I)Z @ 4 c2
Event: 4.969 Thread 0x0000027a4e8d1a00 DEOPT PACKING pc=0x0000027a5e8c3108 sp=0x000000ca8c6fbc40
Event: 4.969 Thread 0x0000027a4e8d1a00 DEOPT UNPACKING pc=0x0000027a56e3e129 sp=0x000000ca8c6fbb60 mode 2
Event: 5.687 Thread 0x0000027a4e8d1a00 DEOPT PACKING pc=0x0000027a573c53df sp=0x000000ca8c6fa800
Event: 5.687 Thread 0x0000027a4e8d1a00 DEOPT UNPACKING pc=0x0000027a56e3df30 sp=0x000000ca8c6f9c78 mode 0
Event: 5.875 Thread 0x0000027a4e8d1a00 Uncommon trap: trap_request=0xffffff45 fr.pc=0x0000027a5e8dc0c0 relative=0x0000000000000220
Event: 5.875 Thread 0x0000027a4e8d1a00 Uncommon trap: reason=unstable_if action=reinterpret pc=0x0000027a5e8dc0c0 method=java.lang.String.startsWith(Ljava/lang/String;I)Z @ 14 c2
Event: 5.875 Thread 0x0000027a4e8d1a00 DEOPT PACKING pc=0x0000027a5e8dc0c0 sp=0x000000ca8c6fb2e0
Event: 5.875 Thread 0x0000027a4e8d1a00 DEOPT UNPACKING pc=0x0000027a56e3e129 sp=0x000000ca8c6fb240 mode 2
Event: 8.287 Thread 0x0000027a4e8d1a00 Uncommon trap: trap_request=0xffffff5c fr.pc=0x0000027a5e8ea454 relative=0x0000000000000054
Event: 8.287 Thread 0x0000027a4e8d1a00 Uncommon trap: reason=speculate_null_check action=make_not_entrant pc=0x0000027a5e8ea454 method=sun.misc.Unsafe.getLong(Ljava/lang/Object;J)J @ 5 c2
Event: 8.287 Thread 0x0000027a4e8d1a00 DEOPT PACKING pc=0x0000027a5e8ea454 sp=0x000000ca8c6feea0
Event: 8.287 Thread 0x0000027a4e8d1a00 DEOPT UNPACKING pc=0x0000027a56e3e129 sp=0x000000ca8c6fee18 mode 2

Classes unloaded (0 events):
No events

Classes redefined (0 events):
No events

Internal exceptions (20 events):
Event: 5.833 Thread 0x0000027a4e8d1a00 Exception <a 'java/lang/NoSuchMethodError'{0x000000008992c9d0}: 'java.lang.Object java.lang.invoke.DirectMethodHandle$Holder.invokeStatic(java.lang.Object, java.lang.Object, int)'> (0x000000008992c9d0) 
thrown [./src/hotspot/share/interpreter/linkResolver.cpp, line 782]
Event: 5.843 Thread 0x0000027a4e8d1a00 Exception <a 'java/lang/NoSuchMethodError'{0x0000000089938b18}: 'void java.lang.invoke.DelegatingMethodHandle$Holder.delegate(java.lang.Object, java.lang.Object, int, java.lang.Object)'> (0x0000000089938b18) 
thrown [./src/hotspot/share/interpreter/linkResolver.cpp, line 782]
Event: 5.845 Thread 0x0000027a4e8d1a00 Exception <a 'java/lang/NoSuchMethodError'{0x000000008993cd70}: 'int java.lang.invoke.DirectMethodHandle$Holder.invokeSpecial(java.lang.Object, java.lang.Object, java.lang.Object)'> (0x000000008993cd70) 
thrown [./src/hotspot/share/interpreter/linkResolver.cpp, line 782]
Event: 6.111 Thread 0x0000027a4e8d1a00 Exception <a 'sun/nio/fs/WindowsException'{0x0000000089801300}> (0x0000000089801300) 
thrown [./src/hotspot/share/prims/jni.cpp, line 578]
Event: 6.111 Thread 0x0000027a4e8d1a00 Exception <a 'sun/nio/fs/WindowsException'{0x0000000089801ab0}> (0x0000000089801ab0) 
thrown [./src/hotspot/share/prims/jni.cpp, line 578]
Event: 6.272 Thread 0x0000027a4e8d1a00 Exception <a 'java/lang/NoSuchMethodError'{0x0000000089849998}: 'int java.lang.invoke.DirectMethodHandle$Holder.invokeStaticInit(java.lang.Object, java.lang.Object, int, long)'> (0x0000000089849998) 
thrown [./src/hotspot/share/interpreter/linkResolver.cpp, line 782]
Event: 6.273 Thread 0x0000027a4e8d1a00 Exception <a 'java/lang/NoSuchMethodError'{0x000000008984f468}: 'java.lang.Object java.lang.invoke.DirectMethodHandle$Holder.newInvokeSpecial(java.lang.Object, java.lang.Object, int)'> (0x000000008984f468) 
thrown [./src/hotspot/share/interpreter/linkResolver.cpp, line 782]
Event: 6.276 Thread 0x0000027a4e8d1a00 Exception <a 'java/lang/NoSuchMethodError'{0x000000008985e150}: 'int java.lang.invoke.DirectMethodHandle$Holder.invokeStaticInit(java.lang.Object, java.lang.Object, long, long)'> (0x000000008985e150) 
thrown [./src/hotspot/share/interpreter/linkResolver.cpp, line 782]
Event: 6.277 Thread 0x0000027a4e8d1a00 Exception <a 'java/lang/NoSuchMethodError'{0x00000000898645d0}: 'java.lang.Object java.lang.invoke.DirectMethodHandle$Holder.newInvokeSpecial(java.lang.Object, java.lang.Object, long)'> (0x00000000898645d0) 
thrown [./src/hotspot/share/interpreter/linkResolver.cpp, line 782]
Event: 6.277 Thread 0x0000027a4e8d1a00 Exception <a 'java/lang/NoSuchMethodError'{0x0000000089868718}: 'java.lang.Object java.lang.invoke.Invokers$Holder.linkToTargetMethod(java.lang.Object, long, java.lang.Object)'> (0x0000000089868718) 
thrown [./src/hotspot/share/interpreter/linkResolver.cpp, line 782]
Event: 6.289 Thread 0x0000027a4e8d1a00 Exception <a 'java/lang/NoSuchMethodError'{0x00000000898704e0}: 'int java.lang.invoke.DirectMethodHandle$Holder.invokeStaticInit(java.lang.Object, java.lang.Object, java.lang.Object, long)'> (0x00000000898704e0) 
thrown [./src/hotspot/share/interpreter/linkResolver.cpp, line 782]
Event: 6.655 Thread 0x0000027a4e8d1a00 Exception <a 'sun/nio/fs/WindowsException'{0x0000000089711f40}> (0x0000000089711f40) 
thrown [./src/hotspot/share/prims/jni.cpp, line 578]
Event: 6.656 Thread 0x0000027a4e8d1a00 Exception <a 'sun/nio/fs/WindowsException'{0x0000000089712520}> (0x0000000089712520) 
thrown [./src/hotspot/share/prims/jni.cpp, line 578]
Event: 8.232 Thread 0x0000027a4e8d1a00 Exception <a 'sun/nio/fs/WindowsException'{0x00000000897a1e80}> (0x00000000897a1e80) 
thrown [./src/hotspot/share/prims/jni.cpp, line 578]
Event: 8.232 Thread 0x0000027a4e8d1a00 Exception <a 'sun/nio/fs/WindowsException'{0x00000000897a24d8}> (0x00000000897a24d8) 
thrown [./src/hotspot/share/prims/jni.cpp, line 578]
Event: 8.247 Thread 0x0000027a4e8d1a00 Exception <a 'sun/nio/fs/WindowsException'{0x00000000897ad820}> (0x00000000897ad820) 
thrown [./src/hotspot/share/prims/jni.cpp, line 578]
Event: 8.248 Thread 0x0000027a4e8d1a00 Exception <a 'sun/nio/fs/WindowsException'{0x00000000897adcf0}> (0x00000000897adcf0) 
thrown [./src/hotspot/share/prims/jni.cpp, line 578]
Event: 8.568 Thread 0x0000027a4e8d1a00 Exception <a 'sun/nio/fs/WindowsException'{0x00000000899faa18}> (0x00000000899faa18) 
thrown [./src/hotspot/share/prims/jni.cpp, line 578]
Event: 8.568 Thread 0x0000027a4e8d1a00 Exception <a 'sun/nio/fs/WindowsException'{0x00000000899fb028}> (0x00000000899fb028) 
thrown [./src/hotspot/share/prims/jni.cpp, line 578]
Event: 8.654 Thread 0x0000027a4e8d1a00 Exception <a 'sun/nio/fs/WindowsException'{0x00000000897f53b8}> (0x00000000897f53b8) 
thrown [./src/hotspot/share/prims/jni.cpp, line 578]

Events (20 events):
Event: 8.646 loading class java/lang/invoke/BoundMethodHandle$Species_LLLLLLL done
Event: 8.647 loading class java/lang/invoke/BoundMethodHandle$Species_LLLLLLLL
Event: 8.647 loading class java/lang/invoke/BoundMethodHandle$Species_LLLLLLLL done
Event: 8.648 loading class java/lang/invoke/BoundMethodHandle$Species_LLLLLLLLL
Event: 8.648 loading class java/lang/invoke/BoundMethodHandle$Species_LLLLLLLLL done
Event: 8.653 loading class java/nio/file/StandardCopyOption
Event: 8.653 loading class java/nio/file/StandardCopyOption done
Event: 8.790 loading class java/io/DeleteOnExitHook
Event: 8.791 loading class java/io/DeleteOnExitHook done
Event: 8.791 loading class java/io/DeleteOnExitHook$1
Event: 8.791 loading class java/io/DeleteOnExitHook$1 done
Event: 9.067 Loaded shared library C:\Users\¿‰ÏËÌ\AppData\Local\Temp\imgui-java-natives_1652125468706\imgui-java64.dll
Event: 9.149 loading class sun/net/ProgressMonitor
Event: 9.163 loading class sun/net/ProgressMonitor done
Event: 9.163 loading class sun/net/DefaultProgressMeteringPolicy
Event: 9.163 loading class sun/net/ProgressMeteringPolicy
Event: 9.163 loading class sun/net/ProgressMeteringPolicy done
Event: 9.163 loading class sun/net/DefaultProgressMeteringPolicy done
Event: 9.261 loading class sun/nio/cs/IBM866
Event: 9.261 loading class sun/nio/cs/IBM866 done


Dynamic libraries:
0x00007ff60d350000 - 0x00007ff60d35d000 	C:\Users\¿‰ÏËÌ\.jdks\azul-15.0.5\bin\java.exe
0x00007ffd00690000 - 0x00007ffd00885000 	C:\WINDOWS\SYSTEM32\ntdll.dll
0x00007ffcf9c20000 - 0x00007ffcf9c36000 	C:\Program Files\AVAST Software\Avast\aswhook.dll
0x00007ffcff830000 - 0x00007ffcff8ee000 	C:\WINDOWS\System32\KERNEL32.DLL
0x00007ffcfe3d0000 - 0x00007ffcfe698000 	C:\WINDOWS\System32\KERNELBASE.dll
0x00007ffcfe2d0000 - 0x00007ffcfe3d0000 	C:\WINDOWS\System32\ucrtbase.dll
0x00007ffcf0160000 - 0x00007ffcf0178000 	C:\Users\¿‰ÏËÌ\.jdks\azul-15.0.5\bin\jli.dll
0x00007ffcf1f00000 - 0x00007ffcf1f15000 	C:\Users\¿‰ÏËÌ\.jdks\azul-15.0.5\bin\VCRUNTIME140.dll
0x00007ffcfeb90000 - 0x00007ffcfed30000 	C:\WINDOWS\System32\USER32.dll
0x00007ffcfdef0000 - 0x00007ffcfdf12000 	C:\WINDOWS\System32\win32u.dll
0x00007ffcee0c0000 - 0x00007ffcee35a000 	C:\WINDOWS\WinSxS\amd64_microsoft.windows.common-controls_6595b64144ccf1df_6.0.19041.1110_none_60b5254171f9507e\COMCTL32.dll
0x00007ffd00180000 - 0x00007ffd001aa000 	C:\WINDOWS\System32\GDI32.dll
0x00007ffd001b0000 - 0x00007ffd0024e000 	C:\WINDOWS\System32\msvcrt.dll
0x00007ffcfe1c0000 - 0x00007ffcfe2cb000 	C:\WINDOWS\System32\gdi32full.dll
0x00007ffcfddb0000 - 0x00007ffcfde4d000 	C:\WINDOWS\System32\msvcp_win.dll
0x00007ffcfeaf0000 - 0x00007ffcfeb20000 	C:\WINDOWS\System32\IMM32.DLL
0x00007ffce00c0000 - 0x00007ffce015b000 	C:\Users\¿‰ÏËÌ\.jdks\azul-15.0.5\bin\msvcp140.dll
0x00007ffcb85e0000 - 0x00007ffcb9172000 	C:\Users\¿‰ÏËÌ\.jdks\azul-15.0.5\bin\server\jvm.dll
0x00007ffcff980000 - 0x00007ffcffa2e000 	C:\WINDOWS\System32\ADVAPI32.dll
0x00007ffcfea50000 - 0x00007ffcfeaec000 	C:\WINDOWS\System32\sechost.dll
0x00007ffcff1b0000 - 0x00007ffcff2d5000 	C:\WINDOWS\System32\RPCRT4.dll
0x00007ffcff110000 - 0x00007ffcff118000 	C:\WINDOWS\System32\PSAPI.DLL
0x00007ffcf5a00000 - 0x00007ffcf5a09000 	C:\WINDOWS\SYSTEM32\WSOCK32.dll
0x00007ffcf9780000 - 0x00007ffcf97a7000 	C:\WINDOWS\SYSTEM32\WINMM.dll
0x00007ffcfef70000 - 0x00007ffcfefdb000 	C:\WINDOWS\System32\WS2_32.dll
0x00007ffcf7fa0000 - 0x00007ffcf7faa000 	C:\WINDOWS\SYSTEM32\VERSION.dll
0x00007ffcfbcf0000 - 0x00007ffcfbd02000 	C:\WINDOWS\SYSTEM32\kernel.appcore.dll
0x00007ffcf7cc0000 - 0x00007ffcf7cca000 	C:\Users\¿‰ÏËÌ\.jdks\azul-15.0.5\bin\jimage.dll
0x00007ffcf83e0000 - 0x00007ffcf85c4000 	C:\WINDOWS\SYSTEM32\DBGHELP.DLL
0x00007ffcf7fb0000 - 0x00007ffcf7fdc000 	C:\WINDOWS\SYSTEM32\dbgcore.DLL
0x00007ffcfe130000 - 0x00007ffcfe1b2000 	C:\WINDOWS\System32\bcryptPrimitives.dll
0x00007ffce90f0000 - 0x00007ffce90fe000 	C:\Users\¿‰ÏËÌ\.jdks\azul-15.0.5\bin\instrument.dll
0x00007ffce9f10000 - 0x00007ffce9f35000 	C:\Users\¿‰ÏËÌ\.jdks\azul-15.0.5\bin\java.dll
0x00007ffcffa30000 - 0x00007ffd00174000 	C:\WINDOWS\System32\SHELL32.dll
0x00007ffcfbef0000 - 0x00007ffcfc684000 	C:\WINDOWS\SYSTEM32\windows.storage.dll
0x00007ffcfe6f0000 - 0x00007ffcfea44000 	C:\WINDOWS\System32\combase.dll
0x00007ffcfd750000 - 0x00007ffcfd77c000 	C:\WINDOWS\SYSTEM32\Wldp.dll
0x00007ffcfefe0000 - 0x00007ffcff08d000 	C:\WINDOWS\System32\SHCORE.dll
0x00007ffcfee40000 - 0x00007ffcfee95000 	C:\WINDOWS\System32\shlwapi.dll
0x00007ffcfdcf0000 - 0x00007ffcfdd0f000 	C:\WINDOWS\SYSTEM32\profapi.dll
0x00007ffcefad0000 - 0x00007ffcefae8000 	C:\Users\¿‰ÏËÌ\.jdks\azul-15.0.5\bin\zip.dll
0x00007ffce5d80000 - 0x00007ffce5d99000 	C:\Users\¿‰ÏËÌ\.jdks\azul-15.0.5\bin\net.dll
0x00007ffcf8df0000 - 0x00007ffcf8efa000 	C:\WINDOWS\SYSTEM32\WINHTTP.dll
0x00007ffcfd4b0000 - 0x00007ffcfd51a000 	C:\WINDOWS\system32\mswsock.dll
0x00007ffce5d60000 - 0x00007ffce5d72000 	C:\Users\¿‰ÏËÌ\.jdks\azul-15.0.5\bin\nio.dll
0x00007ffcdf1d0000 - 0x00007ffcdf1ea000 	D:\IntelliJ IDEA 2021.3.3 Ultimate\bin\breakgen64.dll
0x00007ffcf1e70000 - 0x00007ffcf1e80000 	C:\Users\¿‰ÏËÌ\.jdks\azul-15.0.5\bin\verify.dll
0x00007ffcd8b20000 - 0x00007ffcd8b95000 	C:\Users\¿‰ÏËÌ\AppData\Local\Temp\lwjgl¿‰ÏËÌ\3.3.1-SNAPSHOT\lwjgl.dll
0x00007ffcd5f50000 - 0x00007ffcd5fb1000 	C:\Users\7272~1\AppData\Local\Temp\lwjgl¿‰ÏËÌ\3.3.1-SNAPSHOT\glfw.dll
0x00007ffcda220000 - 0x00007ffcda265000 	C:\WINDOWS\SYSTEM32\dinput8.dll
0x00007ffce3b90000 - 0x00007ffce3ba1000 	C:\WINDOWS\SYSTEM32\xinput1_4.dll
0x00007ffcfe6a0000 - 0x00007ffcfe6ee000 	C:\WINDOWS\System32\cfgmgr32.dll
0x00007ffcfda90000 - 0x00007ffcfdabc000 	C:\WINDOWS\SYSTEM32\DEVOBJ.dll
0x00007ffcfbbe0000 - 0x00007ffcfbc0f000 	C:\WINDOWS\SYSTEM32\dwmapi.dll
0x00007ffcfb910000 - 0x00007ffcfb9ae000 	C:\WINDOWS\system32\uxtheme.dll
0x00007ffce6750000 - 0x00007ffce68a2000 	C:\WINDOWS\SYSTEM32\inputhost.dll
0x00007ffcfeea0000 - 0x00007ffcfef6d000 	C:\WINDOWS\System32\OLEAUT32.dll
0x00007ffcfb530000 - 0x00007ffcfb622000 	C:\WINDOWS\SYSTEM32\CoreMessaging.dll
0x00007ffcf8850000 - 0x00007ffcf8946000 	C:\WINDOWS\SYSTEM32\PROPSYS.dll
0x00007ffcfab00000 - 0x00007ffcfac54000 	C:\WINDOWS\SYSTEM32\wintypes.dll
0x00007ffcfb1d0000 - 0x00007ffcfb52e000 	C:\WINDOWS\SYSTEM32\CoreUIComponents.dll
0x00007ffcfcac0000 - 0x00007ffcfcaf3000 	C:\WINDOWS\SYSTEM32\ntmarta.dll
0x00007ffd00380000 - 0x00007ffd00495000 	C:\WINDOWS\System32\MSCTF.dll
0x00007ffce0f20000 - 0x00007ffce1046000 	C:\WINDOWS\SYSTEM32\opengl32.dll
0x00007ffcefcf0000 - 0x00007ffcefd1c000 	C:\WINDOWS\SYSTEM32\GLU32.dll
0x00007ffcfed90000 - 0x00007ffcfee39000 	C:\WINDOWS\System32\clbcatq.dll
0x0000000056610000 - 0x0000000058457000 	C:\WINDOWS\SYSTEM32\nvoglv64.DLL
0x00007ffcff2e0000 - 0x00007ffcff74a000 	C:\WINDOWS\System32\SETUPAPI.dll
0x00007ffcfde50000 - 0x00007ffcfde77000 	C:\WINDOWS\System32\bcrypt.dll
0x00007ffcf9890000 - 0x00007ffcf98a4000 	C:\WINDOWS\SYSTEM32\WTSAPI32.dll
0x00007ffcfde80000 - 0x00007ffcfdee8000 	C:\WINDOWS\System32\WINTRUST.dll
0x00007ffcfdfd0000 - 0x00007ffcfe126000 	C:\WINDOWS\System32\CRYPT32.dll
0x00007ffcfd8d0000 - 0x00007ffcfd8e2000 	C:\WINDOWS\System32\MSASN1.dll
0x00007ffcfdc60000 - 0x00007ffcfdcab000 	C:\WINDOWS\SYSTEM32\powrprof.dll
0x00007ffcfdc00000 - 0x00007ffcfdc12000 	C:\WINDOWS\SYSTEM32\UMPDC.dll
0x00007ffcfdba0000 - 0x00007ffcfdbfa000 	C:\WINDOWS\SYSTEM32\WINSTA.dll
0x00007ffcfc6d0000 - 0x00007ffcfc7c3000 	C:\WINDOWS\SYSTEM32\dxgi.dll
0x00007ffcf9e50000 - 0x00007ffcfa0b4000 	C:\WINDOWS\SYSTEM32\d3d11.dll
0x00007ffce1c30000 - 0x00007ffce2dea000 	C:\WINDOWS\SYSTEM32\nvwgf2umx.dll
0x00007ffce8fd0000 - 0x00007ffce900b000 	C:\WINDOWS\SYSTEM32\dxcore.dll
0x00007ffcefbb0000 - 0x00007ffcefca9000 	C:\WINDOWS\SYSTEM32\textinputframework.dll
0x00007ffcd93d0000 - 0x00007ffcd942d000 	C:\Users\¿‰ÏËÌ\AppData\Local\Temp\lwjgl¿‰ÏËÌ\3.3.1-SNAPSHOT\lwjgl_opengl.dll
0x00007ffcd5da0000 - 0x00007ffcd5e21000 	C:\Users\¿‰ÏËÌ\AppData\Local\Temp\lwjgl¿‰ÏËÌ\3.3.1-SNAPSHOT\lwjgl_stb.dll
0x0000000064a00000 - 0x00000000657b1000 	C:\Users\¿‰ÏËÌ\AppData\Local\Temp\imgui-java-natives_1652125468706\imgui-java64.dll

dbghelp: loaded successfully - version: 4.0.5 - missing functions: none
symbol engine: initialized successfully - sym options: 0x614 - pdb path: .;C:\Users\¿‰ÏËÌ\.jdks\azul-15.0.5\bin;C:\WINDOWS\SYSTEM32;C:\Program Files\AVAST Software\Avast;C:\WINDOWS\WinSxS\amd64_microsoft.windows.common-controls_6595b64144ccf1df_6.0.19041.1110_none_60b5254171f9507e;C:\Users\¿‰ÏËÌ\.jdks\azul-15.0.5\bin\server;D:\IntelliJ IDEA 2021.3.3 Ultimate\bin;C:\Users\¿‰ÏËÌ\AppData\Local\Temp\lwjgl¿‰ÏËÌ\3.3.1-SNAPSHOT;C:\Users\7272~1\AppData\Local\Temp\lwjgl¿‰ÏËÌ\3.3.1-SNAPSHOT;C:\Users\¿‰ÏËÌ\AppData\Local\Temp\imgui-java-natives_1652125468706

VM Arguments:
jvm_args: -javaagent:D:\IntelliJ IDEA 2021.3.3 Ultimate\lib\idea_rt.jar=64803:D:\IntelliJ IDEA 2021.3.3 Ultimate\bin -Dfile.encoding=UTF-8 
java_command: SungearEngine2D.Main.Main
java_class_path (initial): D:\PixelField\SungearEngine2D\out\production\SungearEngine2D;D:\PixelField\SungearEngine2D\libs\Core2D.jar;D:\PixelField\SungearEngine2D\libs\imgui-app-1.84.1.3.jar;D:\PixelField\SungearEngine2D\libs\imgui-lwjgl3-1.84.1.3.jar
Launcher Type: SUN_STANDARD

[Global flags]
     intx CICompilerCount                          = 2                                         {product} {ergonomic}
     uint ConcGCThreads                            = 1                                         {product} {ergonomic}
     uint G1ConcRefinementThreads                  = 2                                         {product} {ergonomic}
   size_t G1HeapRegionSize                         = 1048576                                   {product} {ergonomic}
    uintx GCDrainStackTargetSize                   = 64                                        {product} {ergonomic}
   size_t InitialHeapSize                          = 134217728                                 {product} {ergonomic}
   size_t MarkStackSize                            = 4194304                                   {product} {ergonomic}
   size_t MaxHeapSize                              = 2120220672                                {product} {ergonomic}
   size_t MaxNewSize                               = 1271922688                                {product} {ergonomic}
   size_t MinHeapDeltaBytes                        = 1048576                                   {product} {ergonomic}
   size_t MinHeapSize                              = 8388608                                   {product} {ergonomic}
    uintx NonNMethodCodeHeapSize                   = 5826188                                {pd product} {ergonomic}
    uintx NonProfiledCodeHeapSize                  = 122916026                              {pd product} {ergonomic}
    uintx ProfiledCodeHeapSize                     = 122916026                              {pd product} {ergonomic}
    uintx ReservedCodeCacheSize                    = 251658240                              {pd product} {ergonomic}
     bool SegmentedCodeCache                       = true                                      {product} {ergonomic}
   size_t SoftMaxHeapSize                          = 2120220672                             {manageable} {ergonomic}
     bool UseCompressedClassPointers               = true                                 {lp64_product} {ergonomic}
     bool UseCompressedOops                        = true                                 {lp64_product} {ergonomic}
     bool UseG1GC                                  = true                                      {product} {ergonomic}
     bool UseLargePagesIndividualAllocation        = false                                  {pd product} {ergonomic}

Logging:
Log output configuration:
 #0: stdout all=warning uptime,level,tags
 #1: stderr all=off uptime,level,tags

Environment Variables:
CLASSPATH=C:\Users\¿‰ÏËÌ\.jdks\corretto-16.0.2\bin;
PATH=C:\Program Files (x86)\Common Files\Oracle\Java\javapath;"C:\WINDOWS\system32;C:\WINDOWS;C:\WINDOWS\system32\WBEM";C:\Users\¿‰ÏËÌ\AppData\Local\Microsoft\WindowsApps;C:\Users\¿‰ÏËÌ\.dotnet\tools;C:\Program Files\JetBrains\PyCharm Community Edition 2020.2.3\bin;D:\IntellijIDEA_2020_1_4\IntelliJ IDEA Community Edition 2020.1.4\bin;D:\Git\cmd;C:\Program Files\dotnet\;"C:\WINDOWS\system32;C:\WINDOWS;C:\WINDOWS\system32\WBEM";C:\Users\¿‰ÏËÌ\AppData\Local\Microsoft\WindowsApps;C:\Users\¿‰ÏËÌ\.dotnet\tools;C:\Program Files\JetBrains\PyCharm Community Edition 2020.2.3\bin;;D:\IntellijIDEA_2020_1_4\IntelliJ IDEA Community Edition 2020.1.4\bin;;C:\Users\¿‰ÏËÌ\AppData\Local\GitHubDesktop\bin;D:\Rider\JetBrains Rider 2021.3.3\bin;;D:\IntelliJ IDEA 2021.3.3 Ultimate\bin;
USERNAME=¿‰ÏËÌ
OS=Windows_NT
PROCESSOR_IDENTIFIER=Intel64 Family 6 Model 60 Stepping 3, GenuineIntel



---------------  S Y S T E M  ---------------

OS:
 Windows 10 , 64 bit Build 19041 (10.0.19041.1645)
OS uptime: 23 days 21:53 hours

CPU: total 2 (initial active 2) (2 cores per cpu, 1 threads per core) family 6 model 60 stepping 3 microcode 0x27, cmov, cx8, fxsr, mmx, sse, sse2, sse3, ssse3, sse4.1, sse4.2, popcnt, clmul, erms, lzcnt, tsc, tscinvbit, clflush

Memory: 4k page, system-wide physical 8087M (636M free)
TotalPageFile size 16230M (AvailPageFile size 2390M)
current process WorkingSet (physical memory assigned to process): 85M, peak: 87M
current process commit charge ("private bytes"): 259M, peak: 261M

vm_info: OpenJDK 64-Bit Server VM (15.0.5+3-MTS) for windows-amd64 JRE (15.0.5+3-MTS) (Zulu15.36+13-CA), built on Oct  8 2021 11:07:26 by "zulu_re" with MS VC++ 15.9 (VS2017)

END.
