#
# A fatal error has been detected by the Java Runtime Environment:
#
#  EXCEPTION_ACCESS_VIOLATION (0xc0000005) at pc=0x00007ffc8c9afd07, pid=4356, tid=8832
#
# JRE version: OpenJDK Runtime Environment Zulu15.36+13-CA (15.0.5+3) (build 15.0.5+3-MTS)
# Java VM: OpenJDK 64-Bit Server VM Zulu15.36+13-CA (15.0.5+3-MTS, mixed mode, sharing, tiered, compressed oops, g1 gc, windows-amd64)
# Problematic frame:
# C  [glfw.dll+0xfd07]
#
# No core dump will be written. Minidumps are not enabled by default on client versions of Windows
#
# If you would like to submit a bug report, please visit:
#   http://www.azul.com/support/
# The crash happened outside the Java Virtual Machine in native code.
# See problematic frame for where to report the bug.
#

---------------  S U M M A R Y ------------

Command Line: -javaagent:D:\IntelliJ IDEA 2021.3.3 Ultimate\lib\idea_rt.jar=54753:D:\IntelliJ IDEA 2021.3.3 Ultimate\bin -Dfile.encoding=UTF-8 SungearEngine2D.Main.Main

Host: Intel(R) Pentium(R) CPU G3220 @ 3.00GHz, 2 cores, 7G,  Windows 10 , 64 bit Build 19041 (10.0.19041.1706)
Time: Sun May 22 13:37:08 2022 RTZ 2 (ÁËÏ‡) elapsed time: 3.995758 seconds (0d 0h 0m 3s)

---------------  T H R E A D  ---------------

Current thread (0x0000021338da0ba0):  JavaThread "main" [_thread_in_native, id=8832, stack(0x0000006409700000,0x0000006409800000)]

Stack: [0x0000006409700000,0x0000006409800000],  sp=0x00000064097feff0,  free space=1019k
Native frames: (J=compiled Java code, j=interpreted, Vv=VM code, C=native code)
C  [glfw.dll+0xfd07]

Java frames: (J=compiled Java code, j=interpreted, Vv=VM code)
j  org.lwjgl.system.JNI.invokePPV(JJJ)V+0
j  org.lwjgl.glfw.GLFW.glfwSetCursor(JJ)V+20
j  SungearEngine2D.GUI.Views.SceneView.Draw()V+423
j  SungearEngine2D.GUI.Views.MainView.Draw()V+105
j  SungearEngine2D.GUI.GUI.Draw()V+6
j  SungearEngine2D.Main.Main$1.onDrawFrame()V+37
j  Core2D.Core2D.Graphics.Draw()V+46
j  Core2D.Core2D.Core2D.Run()V+42
j  Core2D.Core2D.Core2D.Start(Ljava/lang/String;)V+27
j  SungearEngine2D.Main.Main.main([Ljava/lang/String;)V+18
v  ~StubRoutines::call_stub

siginfo: EXCEPTION_ACCESS_VIOLATION (0xc0000005), reading address 0x000000000003600b


Register to memory mapping:

RIP=0x00007ffc8c9afd07 glfw.dll
RAX=0x0000000000000001 is an unknown value
RBX=0x0000021359839fc0 points into unknown readable memory: 0x0000000000000000 | 00 00 00 00 00 00 00 00
RCX=0x0000000000036003 is an unknown value
RDX=0x00000000000001b6 is an unknown value
RSP=0x00000064097feff0 is pointing into the stack for thread: 0x0000021338da0ba0
RBP=0x00000064097ff0b8 is pointing into the stack for thread: 0x0000021338da0ba0
RSI=0x0000000000000148 is an unknown value
RDI=0x0000000000000ad8 is an unknown value
R8 =0x000000000000063c is an unknown value
R9 =0x0000006409392000 points into unknown readable memory: 0x0000000000000000 | 00 00 00 00 00 00 00 00
R10=0x000000000000063c is an unknown value
R11=0x000000000041063c is an unknown value
R12=0x0 is NULL
R13={method} {0x00000213593e5c28} 'invokePPV' '(JJJ)V' in 'org/lwjgl/system/JNI'
R14=0x00000064097ff100 is pointing into the stack for thread: 0x0000021338da0ba0
R15=0x0000021338da0ba0 is a thread


Registers:
RAX=0x0000000000000001, RBX=0x0000021359839fc0, RCX=0x0000000000036003, RDX=0x00000000000001b6
RSP=0x00000064097feff0, RBP=0x00000064097ff0b8, RSI=0x0000000000000148, RDI=0x0000000000000ad8
R8 =0x000000000000063c, R9 =0x0000006409392000, R10=0x000000000000063c, R11=0x000000000041063c
R12=0x0000000000000000, R13=0x00000213593e5c20, R14=0x00000064097ff100, R15=0x0000021338da0ba0
RIP=0x00007ffc8c9afd07, EFLAGS=0x0000000000010206

Top of Stack: (sp=0x00000064097feff0)
0x00000064097feff0:   0000000043fa0000 0000021359839fc0
0x00000064097ff000:   0000021338c71000 0000000000000000
0x00000064097ff010:   00000213593e5c20 0000021342adefc2
0x00000064097ff020:   00000064097ff170 0000021366848d30
0x00000064097ff030:   00000064097ff098 0000021342ada1aa
0x00000064097ff040:   00007ffc8c9a4370 0000021342ada1aa
0x00000064097ff050:   00000064097ff050 0000000000000000
0x00000064097ff060:   000002136327cba0 000002136327cba0
0x00000064097ff070:   00000064097ff070 0000000000000000
0x00000064097ff080:   00000064097ff100 0000021359414518
0x00000064097ff090:   0000000000000000 00000000894705a0
0x00000064097ff0a0:   00000213593e5c20 0000000000000000
0x00000064097ff0b0:   00000064097ff0d8 00000064097ff150
0x00000064097ff0c0:   0000021342ada1aa 00000000894705a0
0x00000064097ff0d0:   0000021342adc1b8 00007ffc8c9a4370
0x00000064097ff0e0:   0000000000000000 0000000000036003 

Instructions: (pc=0x00007ffc8c9afd07)
0x00007ffc8c9afc07:   d3 b9 0d 00 00 00 ff 15 6d b9 01 00 ff 15 1f b8
0x00007ffc8c9afc17:   01 00 48 8b 5c 24 40 48 8b 74 24 48 48 83 c4 30
0x00007ffc8c9afc27:   5f c3 cc cc cc cc cc cc cc 40 53 48 83 ec 20 48
0x00007ffc8c9afc37:   8b d9 81 fa 03 40 03 00 75 1c ff 15 c9 b7 01 00
0x00007ffc8c9afc47:   48 39 83 58 03 00 00 75 36 48 8b cb 48 83 c4 20
0x00007ffc8c9afc57:   5b e9 23 17 00 00 48 39 1d 5c 95 04 00 75 0a 48
0x00007ffc8c9afc67:   83 c4 20 5b e9 00 18 00 00 e8 6b 16 00 00 85 c0
0x00007ffc8c9afc77:   74 0d 48 8b cb 48 83 c4 20 5b e9 4a 1f 00 00 48
0x00007ffc8c9afc87:   83 c4 20 5b c3 cc cc cc cc 48 83 ec 28 f2 0f 2c
0x00007ffc8c9afc97:   d1 f2 0f 2c c2 89 91 a0 03 00 00 89 54 24 30 48
0x00007ffc8c9afca7:   8d 54 24 30 89 81 a4 03 00 00 48 8b 89 58 03 00
0x00007ffc8c9afcb7:   00 89 44 24 34 ff 15 c6 b6 01 00 8b 54 24 34 8b
0x00007ffc8c9afcc7:   4c 24 30 ff 15 d0 b6 01 00 48 83 c4 28 c3 cc cc
0x00007ffc8c9afcd7:   cc cc cc cc cc cc cc cc cc 40 53 48 83 ec 20 48
0x00007ffc8c9afce7:   8b d9 e8 f2 15 00 00 85 c0 74 4f 81 bb 84 00 00
0x00007ffc8c9afcf7:   00 01 40 03 00 75 35 48 8b 4b 58 48 85 c9 74 10
0x00007ffc8c9afd07:   48 8b 49 08 48 83 c4 20 5b 48 ff 25 81 b6 01 00
0x00007ffc8c9afd17:   ba 00 7f 00 00 33 c9 ff 15 0c b7 01 00 48 8b c8
0x00007ffc8c9afd27:   48 83 c4 20 5b 48 ff 25 65 b6 01 00 33 c9 48 83
0x00007ffc8c9afd37:   c4 20 5b 48 ff 25 57 b6 01 00 48 83 c4 20 5b c3
0x00007ffc8c9afd47:   cc cc cc cc cc cc cc cc cc 48 83 ec 38 48 39 0d
0x00007ffc8c9afd57:   65 94 04 00 75 7d 41 b8 10 00 00 00 85 d2 41 8d
0x00007ffc8c9afd67:   50 f1 74 3a 48 8b 81 58 03 00 00 48 8d 4c 24 20
0x00007ffc8c9afd77:   48 89 44 24 28 48 c7 44 24 20 01 00 02 00 ff 15
0x00007ffc8c9afd87:   c5 b5 01 00 85 c0 75 4b 48 8d 15 aa 6e 03 00 b9
0x00007ffc8c9afd97:   08 00 01 00 e8 10 be ff ff 48 83 c4 38 c3 48 8d
0x00007ffc8c9afda7:   4c 24 20 c7 44 24 20 01 00 02 00 89 54 24 24 48
0x00007ffc8c9afdb7:   c7 44 24 28 00 00 00 00 ff 15 8b b5 01 00 85 c0
0x00007ffc8c9afdc7:   75 11 48 8d 15 a0 6e 03 00 b9 08 00 01 00 e8 d6
0x00007ffc8c9afdd7:   bd ff ff 48 83 c4 38 c3 cc 83 fa ff 0f 84 84 00
0x00007ffc8c9afde7:   00 00 53 48 83 ec 50 48 8b 05 d3 61 04 00 48 33
0x00007ffc8c9afdf7:   c4 48 89 44 24 40 48 8b d9 41 83 f8 ff 74 55 48 


Stack slot to memory mapping:
stack at sp + 0 slots: 0x0000000043fa0000 is an unknown value
stack at sp + 1 slots: 0x0000021359839fc0 points into unknown readable memory: 0x0000000000000000 | 00 00 00 00 00 00 00 00
stack at sp + 2 slots: 0x0000021338c71000 points into unknown readable memory: 0x0000000000000000 | 00 00 00 00 00 00 00 00
stack at sp + 3 slots: 0x0 is NULL
stack at sp + 4 slots: {method} {0x00000213593e5c28} 'invokePPV' '(JJJ)V' in 'org/lwjgl/system/JNI'
stack at sp + 5 slots: 0x0000021342adefc2 is at code_begin+1026 in an Interpreter codelet
method entry point (kind = native)  [0x0000021342adebc0, 0x0000021342adf620]  2656 bytes
stack at sp + 6 slots: 0x00000064097ff170 is pointing into the stack for thread: 0x0000021338da0ba0
stack at sp + 7 slots: {method} {0x0000021366848d38} 'getWindowPos' '(Limgui/ImVec2;)V' in 'imgui/ImGui'


---------------  P R O C E S S  ---------------

Threads class SMR info:
_java_thread_list=0x00000213598f8820, length=12, elements={
0x0000021338da0ba0, 0x0000021358df3400, 0x0000021358df4fe0, 0x0000021358e10d00,
0x0000021358e147d0, 0x0000021358e15280, 0x0000021358e16060, 0x0000021358e16c00,
0x0000021358e7ad70, 0x0000021358ddede0, 0x00000213599311a0, 0x0000021359931670
}

Java Threads: ( => current thread )
=>0x0000021338da0ba0 JavaThread "main" [_thread_in_native, id=8832, stack(0x0000006409700000,0x0000006409800000)]
  0x0000021358df3400 JavaThread "Reference Handler" daemon [_thread_blocked, id=1300, stack(0x0000006409e00000,0x0000006409f00000)]
  0x0000021358df4fe0 JavaThread "Finalizer" daemon [_thread_blocked, id=16724, stack(0x0000006409f00000,0x000000640a000000)]
  0x0000021358e10d00 JavaThread "Signal Dispatcher" daemon [_thread_blocked, id=8808, stack(0x000000640a000000,0x000000640a100000)]
  0x0000021358e147d0 JavaThread "Attach Listener" daemon [_thread_blocked, id=12684, stack(0x000000640a100000,0x000000640a200000)]
  0x0000021358e15280 JavaThread "Service Thread" daemon [_thread_blocked, id=10828, stack(0x000000640a200000,0x000000640a300000)]
  0x0000021358e16060 JavaThread "C2 CompilerThread0" daemon [_thread_blocked, id=1676, stack(0x000000640a300000,0x000000640a400000)]
  0x0000021358e16c00 JavaThread "C1 CompilerThread0" daemon [_thread_blocked, id=11380, stack(0x000000640a400000,0x000000640a500000)]
  0x0000021358e7ad70 JavaThread "Sweeper thread" daemon [_thread_blocked, id=16236, stack(0x000000640a500000,0x000000640a600000)]
  0x0000021358ddede0 JavaThread "Common-Cleaner" daemon [_thread_blocked, id=16664, stack(0x000000640a600000,0x000000640a700000)]
  0x00000213599311a0 JavaThread "Monitor Ctrl-Break" daemon [_thread_in_native, id=15692, stack(0x000000640a700000,0x000000640a800000)]
  0x0000021359931670 JavaThread "Notification Thread" daemon [_thread_blocked, id=9756, stack(0x000000640a800000,0x000000640a900000)]

Other Threads:
  0x0000021358df0310 VMThread "VM Thread" [stack: 0x0000006409d00000,0x0000006409e00000] [id=16076]
  0x0000021338da1d50 WatcherThread [stack: 0x000000640a900000,0x000000640aa00000] [id=15272]
  0x0000021338ddf770 GCTaskThread "GC Thread#0" [stack: 0x0000006409800000,0x0000006409900000] [id=1948]
  0x0000021359984440 GCTaskThread "GC Thread#1" [stack: 0x000000640aa00000,0x000000640ab00000] [id=3048]
  0x0000021338df1590 ConcurrentGCThread "G1 Main Marker" [stack: 0x0000006409900000,0x0000006409a00000] [id=11300]
  0x0000021338df2250 ConcurrentGCThread "G1 Conc#0" [stack: 0x0000006409a00000,0x0000006409b00000] [id=13816]
  0x0000021338e62cc0 ConcurrentGCThread "G1 Refine#0" [stack: 0x0000006409b00000,0x0000006409c00000] [id=16124]
  0x0000021359af39d0 ConcurrentGCThread "G1 Refine#1" [stack: 0x000000640ab00000,0x000000640ac00000] [id=14452]
  0x0000021338e63990 ConcurrentGCThread "G1 Young RemSet Sampling" [stack: 0x0000006409c00000,0x0000006409d00000] [id=11252]

Threads with active compile tasks:

VM state: not at safepoint (normal execution)

VM Mutex/Monitor currently owned by a thread: None

Heap address: 0x0000000081a00000, size: 2022 MB, Compressed Oops mode: 32-bit
CDS archive(s) mapped at: [0x0000000800000000-0x0000000800b50000-0x0000000800b50000), size 11862016, SharedBaseAddress: 0x0000000800000000, ArchiveRelocationMode: 0.
Compressed class space mapped at: 0x0000000800b50000-0x0000000840b50000, size: 1073741824
Narrow klass base: 0x0000000800000000, Narrow klass shift: 3, Narrow klass range: 0x100000000

GC Precious Log:
 CPUs: 2 total, 2 available
 Memory: 8087M
 Large Page Support: Disabled
 NUMA Support: Disabled
 Compressed Oops: Enabled (32-bit)
 Heap Region Size: 1M
 Heap Min Capacity: 8M
 Heap Initial Capacity: 128M
 Heap Max Capacity: 2022M
 Pre-touch: Disabled
 Parallel Workers: 2
 Concurrent Workers: 1
 Concurrent Refinement Workers: 2
 Periodic GC: Disabled

Heap:
 garbage-first heap   total 131072K, used 16443K [0x0000000081a00000, 0x0000000100000000)
  region size 1024K, 11 young (11264K), 1 survivors (1024K)
 Metaspace       used 9205K, capacity 11058K, committed 11392K, reserved 1060864K
  class space    used 561K, capacity 783K, committed 896K, reserved 1048576K

Heap Regions: E=young(eden), S=young(survivor), O=old, HS=humongous(starts), HC=humongous(continues), CS=collection set, F=free, OA=open archive, CA=closed archive, TAMS=top-at-mark-start (previous, next)
|   0|0x0000000081a00000, 0x0000000081b00000, 0x0000000081b00000|100%| O|  |TAMS 0x0000000081a00000, 0x0000000081a00000| Untracked 
|   1|0x0000000081b00000, 0x0000000081c00000, 0x0000000081c00000|100%| O|  |TAMS 0x0000000081b00000, 0x0000000081b00000| Untracked 
|   2|0x0000000081c00000, 0x0000000081c52200, 0x0000000081d00000| 32%| O|  |TAMS 0x0000000081c00000, 0x0000000081c00000| Untracked 
|   3|0x0000000081d00000, 0x0000000081e00000, 0x0000000081e00000|100%|HS|  |TAMS 0x0000000081d00000, 0x0000000081d00000| Complete 
|   4|0x0000000081e00000, 0x0000000081f00000, 0x0000000081f00000|100%|HC|  |TAMS 0x0000000081e00000, 0x0000000081e00000| Complete 
|   5|0x0000000081f00000, 0x0000000082000000, 0x0000000082000000|100%|HS|  |TAMS 0x0000000081f00000, 0x0000000081f00000| Complete 
|   6|0x0000000082000000, 0x0000000082100000, 0x0000000082100000|100%|HC|  |TAMS 0x0000000082000000, 0x0000000082000000| Complete 
|   7|0x0000000082100000, 0x0000000082100000, 0x0000000082200000|  0%| F|  |TAMS 0x0000000082100000, 0x0000000082100000| Untracked 
|   8|0x0000000082200000, 0x0000000082200000, 0x0000000082300000|  0%| F|  |TAMS 0x0000000082200000, 0x0000000082200000| Untracked 
|   9|0x0000000082300000, 0x0000000082300000, 0x0000000082400000|  0%| F|  |TAMS 0x0000000082300000, 0x0000000082300000| Untracked 
|  10|0x0000000082400000, 0x0000000082400000, 0x0000000082500000|  0%| F|  |TAMS 0x0000000082400000, 0x0000000082400000| Untracked 
|  11|0x0000000082500000, 0x0000000082500000, 0x0000000082600000|  0%| F|  |TAMS 0x0000000082500000, 0x0000000082500000| Untracked 
|  12|0x0000000082600000, 0x0000000082600000, 0x0000000082700000|  0%| F|  |TAMS 0x0000000082600000, 0x0000000082600000| Untracked 
|  13|0x0000000082700000, 0x0000000082700000, 0x0000000082800000|  0%| F|  |TAMS 0x0000000082700000, 0x0000000082700000| Untracked 
|  14|0x0000000082800000, 0x0000000082800000, 0x0000000082900000|  0%| F|  |TAMS 0x0000000082800000, 0x0000000082800000| Untracked 
|  15|0x0000000082900000, 0x0000000082900000, 0x0000000082a00000|  0%| F|  |TAMS 0x0000000082900000, 0x0000000082900000| Untracked 
|  16|0x0000000082a00000, 0x0000000082a00000, 0x0000000082b00000|  0%| F|  |TAMS 0x0000000082a00000, 0x0000000082a00000| Untracked 
|  17|0x0000000082b00000, 0x0000000082b00000, 0x0000000082c00000|  0%| F|  |TAMS 0x0000000082b00000, 0x0000000082b00000| Untracked 
|  18|0x0000000082c00000, 0x0000000082c00000, 0x0000000082d00000|  0%| F|  |TAMS 0x0000000082c00000, 0x0000000082c00000| Untracked 
|  19|0x0000000082d00000, 0x0000000082d00000, 0x0000000082e00000|  0%| F|  |TAMS 0x0000000082d00000, 0x0000000082d00000| Untracked 
|  20|0x0000000082e00000, 0x0000000082e00000, 0x0000000082f00000|  0%| F|  |TAMS 0x0000000082e00000, 0x0000000082e00000| Untracked 
|  21|0x0000000082f00000, 0x0000000082f00000, 0x0000000083000000|  0%| F|  |TAMS 0x0000000082f00000, 0x0000000082f00000| Untracked 
|  22|0x0000000083000000, 0x0000000083000000, 0x0000000083100000|  0%| F|  |TAMS 0x0000000083000000, 0x0000000083000000| Untracked 
|  23|0x0000000083100000, 0x0000000083100000, 0x0000000083200000|  0%| F|  |TAMS 0x0000000083100000, 0x0000000083100000| Untracked 
|  24|0x0000000083200000, 0x0000000083200000, 0x0000000083300000|  0%| F|  |TAMS 0x0000000083200000, 0x0000000083200000| Untracked 
|  25|0x0000000083300000, 0x0000000083300000, 0x0000000083400000|  0%| F|  |TAMS 0x0000000083300000, 0x0000000083300000| Untracked 
|  26|0x0000000083400000, 0x0000000083400000, 0x0000000083500000|  0%| F|  |TAMS 0x0000000083400000, 0x0000000083400000| Untracked 
|  27|0x0000000083500000, 0x0000000083500000, 0x0000000083600000|  0%| F|  |TAMS 0x0000000083500000, 0x0000000083500000| Untracked 
|  28|0x0000000083600000, 0x0000000083600000, 0x0000000083700000|  0%| F|  |TAMS 0x0000000083600000, 0x0000000083600000| Untracked 
|  29|0x0000000083700000, 0x0000000083700000, 0x0000000083800000|  0%| F|  |TAMS 0x0000000083700000, 0x0000000083700000| Untracked 
|  30|0x0000000083800000, 0x0000000083800000, 0x0000000083900000|  0%| F|  |TAMS 0x0000000083800000, 0x0000000083800000| Untracked 
|  31|0x0000000083900000, 0x0000000083900000, 0x0000000083a00000|  0%| F|  |TAMS 0x0000000083900000, 0x0000000083900000| Untracked 
|  32|0x0000000083a00000, 0x0000000083a00000, 0x0000000083b00000|  0%| F|  |TAMS 0x0000000083a00000, 0x0000000083a00000| Untracked 
|  33|0x0000000083b00000, 0x0000000083b00000, 0x0000000083c00000|  0%| F|  |TAMS 0x0000000083b00000, 0x0000000083b00000| Untracked 
|  34|0x0000000083c00000, 0x0000000083c00000, 0x0000000083d00000|  0%| F|  |TAMS 0x0000000083c00000, 0x0000000083c00000| Untracked 
|  35|0x0000000083d00000, 0x0000000083d00000, 0x0000000083e00000|  0%| F|  |TAMS 0x0000000083d00000, 0x0000000083d00000| Untracked 
|  36|0x0000000083e00000, 0x0000000083e00000, 0x0000000083f00000|  0%| F|  |TAMS 0x0000000083e00000, 0x0000000083e00000| Untracked 
|  37|0x0000000083f00000, 0x0000000083f00000, 0x0000000084000000|  0%| F|  |TAMS 0x0000000083f00000, 0x0000000083f00000| Untracked 
|  38|0x0000000084000000, 0x0000000084000000, 0x0000000084100000|  0%| F|  |TAMS 0x0000000084000000, 0x0000000084000000| Untracked 
|  39|0x0000000084100000, 0x0000000084100000, 0x0000000084200000|  0%| F|  |TAMS 0x0000000084100000, 0x0000000084100000| Untracked 
|  40|0x0000000084200000, 0x0000000084200000, 0x0000000084300000|  0%| F|  |TAMS 0x0000000084200000, 0x0000000084200000| Untracked 
|  41|0x0000000084300000, 0x0000000084300000, 0x0000000084400000|  0%| F|  |TAMS 0x0000000084300000, 0x0000000084300000| Untracked 
|  42|0x0000000084400000, 0x0000000084400000, 0x0000000084500000|  0%| F|  |TAMS 0x0000000084400000, 0x0000000084400000| Untracked 
|  43|0x0000000084500000, 0x0000000084500000, 0x0000000084600000|  0%| F|  |TAMS 0x0000000084500000, 0x0000000084500000| Untracked 
|  44|0x0000000084600000, 0x0000000084600000, 0x0000000084700000|  0%| F|  |TAMS 0x0000000084600000, 0x0000000084600000| Untracked 
|  45|0x0000000084700000, 0x0000000084700000, 0x0000000084800000|  0%| F|  |TAMS 0x0000000084700000, 0x0000000084700000| Untracked 
|  46|0x0000000084800000, 0x0000000084800000, 0x0000000084900000|  0%| F|  |TAMS 0x0000000084800000, 0x0000000084800000| Untracked 
|  47|0x0000000084900000, 0x0000000084900000, 0x0000000084a00000|  0%| F|  |TAMS 0x0000000084900000, 0x0000000084900000| Untracked 
|  48|0x0000000084a00000, 0x0000000084a00000, 0x0000000084b00000|  0%| F|  |TAMS 0x0000000084a00000, 0x0000000084a00000| Untracked 
|  49|0x0000000084b00000, 0x0000000084b00000, 0x0000000084c00000|  0%| F|  |TAMS 0x0000000084b00000, 0x0000000084b00000| Untracked 
|  50|0x0000000084c00000, 0x0000000084c00000, 0x0000000084d00000|  0%| F|  |TAMS 0x0000000084c00000, 0x0000000084c00000| Untracked 
|  51|0x0000000084d00000, 0x0000000084d00000, 0x0000000084e00000|  0%| F|  |TAMS 0x0000000084d00000, 0x0000000084d00000| Untracked 
|  52|0x0000000084e00000, 0x0000000084e00000, 0x0000000084f00000|  0%| F|  |TAMS 0x0000000084e00000, 0x0000000084e00000| Untracked 
|  53|0x0000000084f00000, 0x0000000084f00000, 0x0000000085000000|  0%| F|  |TAMS 0x0000000084f00000, 0x0000000084f00000| Untracked 
|  54|0x0000000085000000, 0x0000000085000000, 0x0000000085100000|  0%| F|  |TAMS 0x0000000085000000, 0x0000000085000000| Untracked 
|  55|0x0000000085100000, 0x0000000085100000, 0x0000000085200000|  0%| F|  |TAMS 0x0000000085100000, 0x0000000085100000| Untracked 
|  56|0x0000000085200000, 0x0000000085200000, 0x0000000085300000|  0%| F|  |TAMS 0x0000000085200000, 0x0000000085200000| Untracked 
|  57|0x0000000085300000, 0x0000000085300000, 0x0000000085400000|  0%| F|  |TAMS 0x0000000085300000, 0x0000000085300000| Untracked 
|  58|0x0000000085400000, 0x0000000085400000, 0x0000000085500000|  0%| F|  |TAMS 0x0000000085400000, 0x0000000085400000| Untracked 
|  59|0x0000000085500000, 0x0000000085500000, 0x0000000085600000|  0%| F|  |TAMS 0x0000000085500000, 0x0000000085500000| Untracked 
|  60|0x0000000085600000, 0x0000000085600000, 0x0000000085700000|  0%| F|  |TAMS 0x0000000085600000, 0x0000000085600000| Untracked 
|  61|0x0000000085700000, 0x0000000085700000, 0x0000000085800000|  0%| F|  |TAMS 0x0000000085700000, 0x0000000085700000| Untracked 
|  62|0x0000000085800000, 0x0000000085800000, 0x0000000085900000|  0%| F|  |TAMS 0x0000000085800000, 0x0000000085800000| Untracked 
|  63|0x0000000085900000, 0x0000000085900000, 0x0000000085a00000|  0%| F|  |TAMS 0x0000000085900000, 0x0000000085900000| Untracked 
|  64|0x0000000085a00000, 0x0000000085a00000, 0x0000000085b00000|  0%| F|  |TAMS 0x0000000085a00000, 0x0000000085a00000| Untracked 
|  65|0x0000000085b00000, 0x0000000085b00000, 0x0000000085c00000|  0%| F|  |TAMS 0x0000000085b00000, 0x0000000085b00000| Untracked 
|  66|0x0000000085c00000, 0x0000000085c00000, 0x0000000085d00000|  0%| F|  |TAMS 0x0000000085c00000, 0x0000000085c00000| Untracked 
|  67|0x0000000085d00000, 0x0000000085d00000, 0x0000000085e00000|  0%| F|  |TAMS 0x0000000085d00000, 0x0000000085d00000| Untracked 
|  68|0x0000000085e00000, 0x0000000085e00000, 0x0000000085f00000|  0%| F|  |TAMS 0x0000000085e00000, 0x0000000085e00000| Untracked 
|  69|0x0000000085f00000, 0x0000000085f00000, 0x0000000086000000|  0%| F|  |TAMS 0x0000000085f00000, 0x0000000085f00000| Untracked 
|  70|0x0000000086000000, 0x0000000086000000, 0x0000000086100000|  0%| F|  |TAMS 0x0000000086000000, 0x0000000086000000| Untracked 
|  71|0x0000000086100000, 0x0000000086100000, 0x0000000086200000|  0%| F|  |TAMS 0x0000000086100000, 0x0000000086100000| Untracked 
|  72|0x0000000086200000, 0x0000000086200000, 0x0000000086300000|  0%| F|  |TAMS 0x0000000086200000, 0x0000000086200000| Untracked 
|  73|0x0000000086300000, 0x0000000086300000, 0x0000000086400000|  0%| F|  |TAMS 0x0000000086300000, 0x0000000086300000| Untracked 
|  74|0x0000000086400000, 0x0000000086400000, 0x0000000086500000|  0%| F|  |TAMS 0x0000000086400000, 0x0000000086400000| Untracked 
|  75|0x0000000086500000, 0x0000000086500000, 0x0000000086600000|  0%| F|  |TAMS 0x0000000086500000, 0x0000000086500000| Untracked 
|  76|0x0000000086600000, 0x0000000086600000, 0x0000000086700000|  0%| F|  |TAMS 0x0000000086600000, 0x0000000086600000| Untracked 
|  77|0x0000000086700000, 0x0000000086700000, 0x0000000086800000|  0%| F|  |TAMS 0x0000000086700000, 0x0000000086700000| Untracked 
|  78|0x0000000086800000, 0x0000000086800000, 0x0000000086900000|  0%| F|  |TAMS 0x0000000086800000, 0x0000000086800000| Untracked 
|  79|0x0000000086900000, 0x0000000086900000, 0x0000000086a00000|  0%| F|  |TAMS 0x0000000086900000, 0x0000000086900000| Untracked 
|  80|0x0000000086a00000, 0x0000000086a00000, 0x0000000086b00000|  0%| F|  |TAMS 0x0000000086a00000, 0x0000000086a00000| Untracked 
|  81|0x0000000086b00000, 0x0000000086b00000, 0x0000000086c00000|  0%| F|  |TAMS 0x0000000086b00000, 0x0000000086b00000| Untracked 
|  82|0x0000000086c00000, 0x0000000086c00000, 0x0000000086d00000|  0%| F|  |TAMS 0x0000000086c00000, 0x0000000086c00000| Untracked 
|  83|0x0000000086d00000, 0x0000000086d00000, 0x0000000086e00000|  0%| F|  |TAMS 0x0000000086d00000, 0x0000000086d00000| Untracked 
|  84|0x0000000086e00000, 0x0000000086e00000, 0x0000000086f00000|  0%| F|  |TAMS 0x0000000086e00000, 0x0000000086e00000| Untracked 
|  85|0x0000000086f00000, 0x0000000086f00000, 0x0000000087000000|  0%| F|  |TAMS 0x0000000086f00000, 0x0000000086f00000| Untracked 
|  86|0x0000000087000000, 0x0000000087000000, 0x0000000087100000|  0%| F|  |TAMS 0x0000000087000000, 0x0000000087000000| Untracked 
|  87|0x0000000087100000, 0x0000000087100000, 0x0000000087200000|  0%| F|  |TAMS 0x0000000087100000, 0x0000000087100000| Untracked 
|  88|0x0000000087200000, 0x0000000087200000, 0x0000000087300000|  0%| F|  |TAMS 0x0000000087200000, 0x0000000087200000| Untracked 
|  89|0x0000000087300000, 0x0000000087300000, 0x0000000087400000|  0%| F|  |TAMS 0x0000000087300000, 0x0000000087300000| Untracked 
|  90|0x0000000087400000, 0x0000000087400000, 0x0000000087500000|  0%| F|  |TAMS 0x0000000087400000, 0x0000000087400000| Untracked 
|  91|0x0000000087500000, 0x0000000087500000, 0x0000000087600000|  0%| F|  |TAMS 0x0000000087500000, 0x0000000087500000| Untracked 
|  92|0x0000000087600000, 0x0000000087600000, 0x0000000087700000|  0%| F|  |TAMS 0x0000000087600000, 0x0000000087600000| Untracked 
|  93|0x0000000087700000, 0x0000000087700000, 0x0000000087800000|  0%| F|  |TAMS 0x0000000087700000, 0x0000000087700000| Untracked 
|  94|0x0000000087800000, 0x0000000087800000, 0x0000000087900000|  0%| F|  |TAMS 0x0000000087800000, 0x0000000087800000| Untracked 
|  95|0x0000000087900000, 0x0000000087900000, 0x0000000087a00000|  0%| F|  |TAMS 0x0000000087900000, 0x0000000087900000| Untracked 
|  96|0x0000000087a00000, 0x0000000087a00000, 0x0000000087b00000|  0%| F|  |TAMS 0x0000000087a00000, 0x0000000087a00000| Untracked 
|  97|0x0000000087b00000, 0x0000000087b00000, 0x0000000087c00000|  0%| F|  |TAMS 0x0000000087b00000, 0x0000000087b00000| Untracked 
|  98|0x0000000087c00000, 0x0000000087c00000, 0x0000000087d00000|  0%| F|  |TAMS 0x0000000087c00000, 0x0000000087c00000| Untracked 
|  99|0x0000000087d00000, 0x0000000087d00000, 0x0000000087e00000|  0%| F|  |TAMS 0x0000000087d00000, 0x0000000087d00000| Untracked 
| 100|0x0000000087e00000, 0x0000000087e00000, 0x0000000087f00000|  0%| F|  |TAMS 0x0000000087e00000, 0x0000000087e00000| Untracked 
| 101|0x0000000087f00000, 0x0000000087f00000, 0x0000000088000000|  0%| F|  |TAMS 0x0000000087f00000, 0x0000000087f00000| Untracked 
| 102|0x0000000088000000, 0x0000000088000000, 0x0000000088100000|  0%| F|  |TAMS 0x0000000088000000, 0x0000000088000000| Untracked 
| 103|0x0000000088100000, 0x0000000088100000, 0x0000000088200000|  0%| F|  |TAMS 0x0000000088100000, 0x0000000088100000| Untracked 
| 104|0x0000000088200000, 0x0000000088200000, 0x0000000088300000|  0%| F|  |TAMS 0x0000000088200000, 0x0000000088200000| Untracked 
| 105|0x0000000088300000, 0x0000000088300000, 0x0000000088400000|  0%| F|  |TAMS 0x0000000088300000, 0x0000000088300000| Untracked 
| 106|0x0000000088400000, 0x0000000088400000, 0x0000000088500000|  0%| F|  |TAMS 0x0000000088400000, 0x0000000088400000| Untracked 
| 107|0x0000000088500000, 0x0000000088500000, 0x0000000088600000|  0%| F|  |TAMS 0x0000000088500000, 0x0000000088500000| Untracked 
| 108|0x0000000088600000, 0x0000000088600000, 0x0000000088700000|  0%| F|  |TAMS 0x0000000088600000, 0x0000000088600000| Untracked 
| 109|0x0000000088700000, 0x0000000088700000, 0x0000000088800000|  0%| F|  |TAMS 0x0000000088700000, 0x0000000088700000| Untracked 
| 110|0x0000000088800000, 0x0000000088800000, 0x0000000088900000|  0%| F|  |TAMS 0x0000000088800000, 0x0000000088800000| Untracked 
| 111|0x0000000088900000, 0x0000000088900000, 0x0000000088a00000|  0%| F|  |TAMS 0x0000000088900000, 0x0000000088900000| Untracked 
| 112|0x0000000088a00000, 0x0000000088a00000, 0x0000000088b00000|  0%| F|  |TAMS 0x0000000088a00000, 0x0000000088a00000| Untracked 
| 113|0x0000000088b00000, 0x0000000088b00000, 0x0000000088c00000|  0%| F|  |TAMS 0x0000000088b00000, 0x0000000088b00000| Untracked 
| 114|0x0000000088c00000, 0x0000000088c00000, 0x0000000088d00000|  0%| F|  |TAMS 0x0000000088c00000, 0x0000000088c00000| Untracked 
| 115|0x0000000088d00000, 0x0000000088d00000, 0x0000000088e00000|  0%| F|  |TAMS 0x0000000088d00000, 0x0000000088d00000| Untracked 
| 116|0x0000000088e00000, 0x0000000088e00000, 0x0000000088f00000|  0%| F|  |TAMS 0x0000000088e00000, 0x0000000088e00000| Untracked 
| 117|0x0000000088f00000, 0x0000000088ffb190, 0x0000000089000000| 98%| E|  |TAMS 0x0000000088f00000, 0x0000000088f00000| Complete 
| 118|0x0000000089000000, 0x0000000089100000, 0x0000000089100000|100%| E|CS|TAMS 0x0000000089000000, 0x0000000089000000| Complete 
| 119|0x0000000089100000, 0x0000000089200000, 0x0000000089200000|100%| E|CS|TAMS 0x0000000089100000, 0x0000000089100000| Complete 
| 120|0x0000000089200000, 0x0000000089300000, 0x0000000089300000|100%| E|CS|TAMS 0x0000000089200000, 0x0000000089200000| Complete 
| 121|0x0000000089300000, 0x0000000089400000, 0x0000000089400000|100%| E|CS|TAMS 0x0000000089300000, 0x0000000089300000| Complete 
| 122|0x0000000089400000, 0x00000000894bcc88, 0x0000000089500000| 73%| S|CS|TAMS 0x0000000089400000, 0x0000000089400000| Complete 
| 123|0x0000000089500000, 0x0000000089600000, 0x0000000089600000|100%| E|CS|TAMS 0x0000000089500000, 0x0000000089500000| Complete 
| 124|0x0000000089600000, 0x0000000089700000, 0x0000000089700000|100%| E|CS|TAMS 0x0000000089600000, 0x0000000089600000| Complete 
| 125|0x0000000089700000, 0x0000000089800000, 0x0000000089800000|100%| E|CS|TAMS 0x0000000089700000, 0x0000000089700000| Complete 
| 126|0x0000000089800000, 0x0000000089900000, 0x0000000089900000|100%| E|CS|TAMS 0x0000000089800000, 0x0000000089800000| Complete 
| 127|0x0000000089900000, 0x0000000089a00000, 0x0000000089a00000|100%| E|CS|TAMS 0x0000000089900000, 0x0000000089900000| Complete 

Card table byte_map: [0x00000213522d0000,0x00000213526d0000] _byte_map_base: 0x0000021351ec3000

Marking Bits (Prev, Next): (CMBitMap*) 0x0000021338de0f70, (CMBitMap*) 0x0000021338de0fb0
 Prev Bits: [0x0000021352ad0000, 0x0000021354a68000)
 Next Bits: [0x0000021354a70000, 0x0000021356a08000)

Polling page: 0x0000021338c70000

Metaspace:

Usage:
  Non-class:     10.03 MB capacity,     8.44 MB ( 84%) used,     1.58 MB ( 16%) free+waste,    14.81 KB ( <1%) overhead. 
      Class:    783.00 KB capacity,   561.97 KB ( 72%) used,   215.78 KB ( 28%) free+waste,     5.25 KB ( <1%) overhead. 
       Both:     10.80 MB capacity,     8.99 MB ( 83%) used,     1.79 MB ( 17%) free+waste,    20.06 KB ( <1%) overhead. 

Virtual space:
  Non-class space:       12.00 MB reserved,      10.25 MB ( 85%) committed 
      Class space:        1.00 GB reserved,     896.00 KB ( <1%) committed 
             Both:        1.01 GB reserved,      11.13 MB (  1%) committed 

Chunk freelists:
   Non-Class:  29.00 KB
       Class:  17.00 KB
        Both:  46.00 KB

MaxMetaspaceSize: 17179869184.00 GB
CompressedClassSpaceSize: 1.00 GB

CodeHeap 'non-profiled nmethods': size=120064Kb used=412Kb max_used=412Kb free=119651Kb
 bounds [0x000002134a590000, 0x000002134a800000, 0x0000021351ad0000]
CodeHeap 'profiled nmethods': size=120000Kb used=2201Kb max_used=2201Kb free=117798Kb
 bounds [0x0000021343060000, 0x00000213432d0000, 0x000002134a590000]
CodeHeap 'non-nmethods': size=5696Kb used=1803Kb max_used=1814Kb free=3893Kb
 bounds [0x0000021342ad0000, 0x0000021342d40000, 0x0000021343060000]
 total_blobs=2612 nmethods=1351 adapters=1175
 compilation: enabled
              stopped_count=0, restarted_count=0
 full_count=0

Compilation events (20 events):
Event: 3.932 Thread 0x0000021358e16c00 1337       3       java.lang.invoke.LambdaFormBuffer::ownedCount (7 bytes)
Event: 3.932 Thread 0x0000021358e16c00 nmethod 1337 0x0000021343282b90 code [0x0000021343282d20, 0x0000021343282e18]
Event: 3.932 Thread 0x0000021358e16c00 1341       3       jdk.internal.org.objectweb.asm.Frame::pop (53 bytes)
Event: 3.932 Thread 0x0000021358e16c00 nmethod 1341 0x0000021343282e90 code [0x00000213432830c0, 0x00000213432837f8]
Event: 3.932 Thread 0x0000021358e16c00 1342       3       jdk.internal.access.SharedSecrets::getJavaLangAccess (4 bytes)
Event: 3.933 Thread 0x0000021358e16c00 nmethod 1342 0x0000021343283b10 code [0x0000021343283ca0, 0x0000021343283d98]
Event: 3.933 Thread 0x0000021358e16c00 1343       3       java.lang.invoke.InvokerBytecodeGenerator::emitStoreResult (27 bytes)
Event: 3.933 Thread 0x0000021358e16c00 nmethod 1343 0x0000021343283e10 code [0x0000021343283fc0, 0x0000021343284188]
Event: 3.933 Thread 0x0000021358e16c00 1344       3       java.lang.invoke.InvokerBytecodeGenerator::emitPushArguments (45 bytes)
Event: 3.933 Thread 0x0000021358e16c00 nmethod 1344 0x0000021343284290 code [0x0000021343284480, 0x00000213432848f8]
Event: 3.933 Thread 0x0000021358e16c00 1345       3       java.lang.invoke.LambdaForm$NamedFunction::member (26 bytes)
Event: 3.933 Thread 0x0000021358e16c00 nmethod 1345 0x0000021343284b90 code [0x0000021343284d20, 0x0000021343284e38]
Event: 3.933 Thread 0x0000021358e16c00 1347       3       java.lang.invoke.MethodTypeForm::cachedLambdaForm (23 bytes)
Event: 3.934 Thread 0x0000021358e16c00 nmethod 1347 0x0000021343284f10 code [0x00000213432850c0, 0x0000021343285408]
Event: 3.934 Thread 0x0000021358e16c00 1349       3       jdk.internal.math.FDBigInteger::mult (64 bytes)
Event: 3.935 Thread 0x0000021358e16c00 nmethod 1349 0x0000021343285510 code [0x00000213432856c0, 0x0000021343285938]
Event: 3.935 Thread 0x0000021358e16c00 1350       3       jdk.internal.math.FDBigInteger::<init> (30 bytes)
Event: 3.935 Thread 0x0000021358e16c00 nmethod 1350 0x0000021343285b10 code [0x0000021343285cc0, 0x0000021343285ec8]
Event: 3.935 Thread 0x0000021358e16c00 1351       3       jdk.internal.math.FDBigInteger::trimLeadingZeros (57 bytes)
Event: 3.935 Thread 0x0000021358e16c00 nmethod 1351 0x0000021343286010 code [0x00000213432861c0, 0x0000021343286498]

GC Heap History (4 events):
Event: 0.672 GC heap before
{Heap before GC invocations=0 (full 0):
 garbage-first heap   total 131072K, used 6144K [0x0000000081a00000, 0x0000000100000000)
  region size 1024K, 6 young (6144K), 0 survivors (0K)
 Metaspace       used 2664K, capacity 5484K, committed 5632K, reserved 1056768K
  class space    used 257K, capacity 500K, committed 512K, reserved 1048576K
}
Event: 0.682 GC heap after
{Heap after GC invocations=1 (full 0):
 garbage-first heap   total 131072K, used 2243K [0x0000000081a00000, 0x0000000100000000)
  region size 1024K, 1 young (1024K), 1 survivors (1024K)
 Metaspace       used 2664K, capacity 5484K, committed 5632K, reserved 1056768K
  class space    used 257K, capacity 500K, committed 512K, reserved 1048576K
}
Event: 2.654 GC heap before
{Heap before GC invocations=1 (full 0):
 garbage-first heap   total 131072K, used 6339K [0x0000000081a00000, 0x0000000100000000)
  region size 1024K, 6 young (6144K), 1 survivors (1024K)
 Metaspace       used 5486K, capacity 7591K, committed 7808K, reserved 1056768K
  class space    used 395K, capacity 589K, committed 640K, reserved 1048576K
}
Event: 2.658 GC heap after
{Heap after GC invocations=2 (full 0):
 garbage-first heap   total 131072K, used 3131K [0x0000000081a00000, 0x0000000100000000)
  region size 1024K, 1 young (1024K), 1 survivors (1024K)
 Metaspace       used 5486K, capacity 7591K, committed 7808K, reserved 1056768K
  class space    used 395K, capacity 589K, committed 640K, reserved 1048576K
}

Deoptimization events (20 events):
Event: 3.450 Thread 0x0000021338da0ba0 DEOPT PACKING pc=0x000002134a5ea07c sp=0x00000064097fede0
Event: 3.450 Thread 0x0000021338da0ba0 DEOPT UNPACKING pc=0x0000021342b1e129 sp=0x00000064097fed58 mode 2
Event: 3.457 Thread 0x0000021338da0ba0 DEOPT PACKING pc=0x00000213432363a7 sp=0x00000064097fed90
Event: 3.457 Thread 0x0000021338da0ba0 DEOPT UNPACKING pc=0x0000021342b1df30 sp=0x00000064097fe240 mode 0
Event: 3.464 Thread 0x0000021338da0ba0 Uncommon trap: trap_request=0xffffffbe fr.pc=0x000002134a5ee16c relative=0x000000000000044c
Event: 3.464 Thread 0x0000021338da0ba0 Uncommon trap: reason=profile_predicate action=maybe_recompile pc=0x000002134a5ee16c method=org.lwjgl.system.MemoryUtil.encodeUTF8Unsafe(Ljava/lang/CharSequence;ZJ)I @ 18 c2
Event: 3.464 Thread 0x0000021338da0ba0 DEOPT PACKING pc=0x000002134a5ee16c sp=0x00000064097fedd0
Event: 3.464 Thread 0x0000021338da0ba0 DEOPT UNPACKING pc=0x0000021342b1e129 sp=0x00000064097fed40 mode 2
Event: 3.465 Thread 0x0000021338da0ba0 Uncommon trap: trap_request=0xffffffbe fr.pc=0x000002134a5ee16c relative=0x000000000000044c
Event: 3.465 Thread 0x0000021338da0ba0 Uncommon trap: reason=profile_predicate action=maybe_recompile pc=0x000002134a5ee16c method=org.lwjgl.system.MemoryUtil.encodeUTF8Unsafe(Ljava/lang/CharSequence;ZJ)I @ 18 c2
Event: 3.465 Thread 0x0000021338da0ba0 DEOPT PACKING pc=0x000002134a5ee16c sp=0x00000064097fedd0
Event: 3.465 Thread 0x0000021338da0ba0 DEOPT UNPACKING pc=0x0000021342b1e129 sp=0x00000064097fed40 mode 2
Event: 3.465 Thread 0x0000021338da0ba0 Uncommon trap: trap_request=0xffffffbe fr.pc=0x000002134a5ee16c relative=0x000000000000044c
Event: 3.465 Thread 0x0000021338da0ba0 Uncommon trap: reason=profile_predicate action=maybe_recompile pc=0x000002134a5ee16c method=org.lwjgl.system.MemoryUtil.encodeUTF8Unsafe(Ljava/lang/CharSequence;ZJ)I @ 18 c2
Event: 3.465 Thread 0x0000021338da0ba0 DEOPT PACKING pc=0x000002134a5ee16c sp=0x00000064097fedd0
Event: 3.465 Thread 0x0000021338da0ba0 DEOPT UNPACKING pc=0x0000021342b1e129 sp=0x00000064097fed40 mode 2
Event: 3.465 Thread 0x0000021338da0ba0 Uncommon trap: trap_request=0xffffffbe fr.pc=0x000002134a5ee16c relative=0x000000000000044c
Event: 3.465 Thread 0x0000021338da0ba0 Uncommon trap: reason=profile_predicate action=maybe_recompile pc=0x000002134a5ee16c method=org.lwjgl.system.MemoryUtil.encodeUTF8Unsafe(Ljava/lang/CharSequence;ZJ)I @ 18 c2
Event: 3.465 Thread 0x0000021338da0ba0 DEOPT PACKING pc=0x000002134a5ee16c sp=0x00000064097fedd0
Event: 3.465 Thread 0x0000021338da0ba0 DEOPT UNPACKING pc=0x0000021342b1e129 sp=0x00000064097fed40 mode 2

Classes unloaded (0 events):
No events

Classes redefined (0 events):
No events

Internal exceptions (20 events):
Event: 0.703 Thread 0x0000021338da0ba0 Exception <a 'java/lang/NoSuchMethodError'{0x000000008994e620}: 'java.lang.Object java.lang.invoke.DirectMethodHandle$Holder.invokeStatic(java.lang.Object, java.lang.Object, int)'> (0x000000008994e620) 
thrown [./src/hotspot/share/interpreter/linkResolver.cpp, line 782]
Event: 0.705 Thread 0x0000021338da0ba0 Exception <a 'java/lang/NoSuchMethodError'{0x000000008995ab58}: 'void java.lang.invoke.DelegatingMethodHandle$Holder.delegate(java.lang.Object, java.lang.Object, int, java.lang.Object)'> (0x000000008995ab58) 
thrown [./src/hotspot/share/interpreter/linkResolver.cpp, line 782]
Event: 0.709 Thread 0x0000021338da0ba0 Exception <a 'java/lang/NoSuchMethodError'{0x000000008995edb0}: 'int java.lang.invoke.DirectMethodHandle$Holder.invokeSpecial(java.lang.Object, java.lang.Object, java.lang.Object)'> (0x000000008995edb0) 
thrown [./src/hotspot/share/interpreter/linkResolver.cpp, line 782]
Event: 0.790 Thread 0x0000021338da0ba0 Exception <a 'sun/nio/fs/WindowsException'{0x00000000899c1660}> (0x00000000899c1660) 
thrown [./src/hotspot/share/prims/jni.cpp, line 578]
Event: 0.791 Thread 0x0000021338da0ba0 Exception <a 'sun/nio/fs/WindowsException'{0x00000000899c1e10}> (0x00000000899c1e10) 
thrown [./src/hotspot/share/prims/jni.cpp, line 578]
Event: 0.807 Thread 0x0000021338da0ba0 Exception <a 'java/lang/NoSuchMethodError'{0x00000000899f0350}: 'int java.lang.invoke.DirectMethodHandle$Holder.invokeStaticInit(java.lang.Object, java.lang.Object, int, long)'> (0x00000000899f0350) 
thrown [./src/hotspot/share/interpreter/linkResolver.cpp, line 782]
Event: 0.808 Thread 0x0000021338da0ba0 Exception <a 'java/lang/NoSuchMethodError'{0x00000000899f5e20}: 'java.lang.Object java.lang.invoke.DirectMethodHandle$Holder.newInvokeSpecial(java.lang.Object, java.lang.Object, int)'> (0x00000000899f5e20) 
thrown [./src/hotspot/share/interpreter/linkResolver.cpp, line 782]
Event: 0.811 Thread 0x0000021338da0ba0 Exception <a 'java/lang/NoSuchMethodError'{0x0000000089804ca8}: 'int java.lang.invoke.DirectMethodHandle$Holder.invokeStaticInit(java.lang.Object, java.lang.Object, long, long)'> (0x0000000089804ca8) 
thrown [./src/hotspot/share/interpreter/linkResolver.cpp, line 782]
Event: 0.813 Thread 0x0000021338da0ba0 Exception <a 'java/lang/NoSuchMethodError'{0x000000008980b128}: 'java.lang.Object java.lang.invoke.DirectMethodHandle$Holder.newInvokeSpecial(java.lang.Object, java.lang.Object, long)'> (0x000000008980b128) 
thrown [./src/hotspot/share/interpreter/linkResolver.cpp, line 782]
Event: 0.813 Thread 0x0000021338da0ba0 Exception <a 'java/lang/NoSuchMethodError'{0x000000008980f270}: 'java.lang.Object java.lang.invoke.Invokers$Holder.linkToTargetMethod(java.lang.Object, long, java.lang.Object)'> (0x000000008980f270) 
thrown [./src/hotspot/share/interpreter/linkResolver.cpp, line 782]
Event: 0.814 Thread 0x0000021338da0ba0 Exception <a 'java/lang/NoSuchMethodError'{0x0000000089816c50}: 'int java.lang.invoke.DirectMethodHandle$Holder.invokeStaticInit(java.lang.Object, java.lang.Object, java.lang.Object, long)'> (0x0000000089816c50) 
thrown [./src/hotspot/share/interpreter/linkResolver.cpp, line 782]
Event: 0.881 Thread 0x0000021338da0ba0 Exception <a 'sun/nio/fs/WindowsException'{0x00000000898b8f98}> (0x00000000898b8f98) 
thrown [./src/hotspot/share/prims/jni.cpp, line 578]
Event: 0.881 Thread 0x0000021338da0ba0 Exception <a 'sun/nio/fs/WindowsException'{0x00000000898b9578}> (0x00000000898b9578) 
thrown [./src/hotspot/share/prims/jni.cpp, line 578]
Event: 2.360 Thread 0x0000021338da0ba0 Exception <a 'sun/nio/fs/WindowsException'{0x00000000897c4610}> (0x00000000897c4610) 
thrown [./src/hotspot/share/prims/jni.cpp, line 578]
Event: 2.360 Thread 0x0000021338da0ba0 Exception <a 'sun/nio/fs/WindowsException'{0x00000000897c4c68}> (0x00000000897c4c68) 
thrown [./src/hotspot/share/prims/jni.cpp, line 578]
Event: 2.365 Thread 0x0000021338da0ba0 Exception <a 'sun/nio/fs/WindowsException'{0x00000000897cffe8}> (0x00000000897cffe8) 
thrown [./src/hotspot/share/prims/jni.cpp, line 578]
Event: 2.365 Thread 0x0000021338da0ba0 Exception <a 'sun/nio/fs/WindowsException'{0x00000000897d04b8}> (0x00000000897d04b8) 
thrown [./src/hotspot/share/prims/jni.cpp, line 578]
Event: 2.699 Thread 0x0000021338da0ba0 Exception <a 'sun/nio/fs/WindowsException'{0x0000000089828b78}> (0x0000000089828b78) 
thrown [./src/hotspot/share/prims/jni.cpp, line 578]
Event: 2.699 Thread 0x0000021338da0ba0 Exception <a 'sun/nio/fs/WindowsException'{0x0000000089829188}> (0x0000000089829188) 
thrown [./src/hotspot/share/prims/jni.cpp, line 578]
Event: 2.754 Thread 0x0000021338da0ba0 Exception <a 'sun/nio/fs/WindowsException'{0x000000008961e470}> (0x000000008961e470) 
thrown [./src/hotspot/share/prims/jni.cpp, line 578]

Events (20 events):
Event: 3.322 Loaded shared library C:\Users\¿‰ÏËÌ\AppData\Local\Temp\lwjgl¿‰ÏËÌ\3.3.1-SNAPSHOT\lwjgl_opengl.dll
Event: 3.338 Loaded shared library C:\Users\¿‰ÏËÌ\AppData\Local\Temp\lwjgl¿‰ÏËÌ\3.3.1-SNAPSHOT\lwjgl_opengl.dll
Event: 3.354 Loaded shared library C:\Users\¿‰ÏËÌ\AppData\Local\Temp\lwjgl¿‰ÏËÌ\3.3.1-SNAPSHOT\lwjgl_opengl.dll
Event: 3.371 Loaded shared library C:\Users\¿‰ÏËÌ\AppData\Local\Temp\lwjgl¿‰ÏËÌ\3.3.1-SNAPSHOT\lwjgl_opengl.dll
Event: 3.387 Loaded shared library C:\Users\¿‰ÏËÌ\AppData\Local\Temp\lwjgl¿‰ÏËÌ\3.3.1-SNAPSHOT\lwjgl_opengl.dll
Event: 3.403 Loaded shared library C:\Users\¿‰ÏËÌ\AppData\Local\Temp\lwjgl¿‰ÏËÌ\3.3.1-SNAPSHOT\lwjgl_opengl.dll
Event: 3.418 Loaded shared library C:\Users\¿‰ÏËÌ\AppData\Local\Temp\lwjgl¿‰ÏËÌ\3.3.1-SNAPSHOT\lwjgl_opengl.dll
Event: 3.434 Loaded shared library C:\Users\¿‰ÏËÌ\AppData\Local\Temp\lwjgl¿‰ÏËÌ\3.3.1-SNAPSHOT\lwjgl_opengl.dll
Event: 3.449 Loaded shared library C:\Users\¿‰ÏËÌ\AppData\Local\Temp\lwjgl¿‰ÏËÌ\3.3.1-SNAPSHOT\lwjgl_opengl.dll
Event: 3.494 Loaded shared library C:\Users\¿‰ÏËÌ\AppData\Local\Temp\lwjgl¿‰ÏËÌ\3.3.1-SNAPSHOT\lwjgl_opengl.dll
Event: 3.509 Loaded shared library C:\Users\¿‰ÏËÌ\AppData\Local\Temp\lwjgl¿‰ÏËÌ\3.3.1-SNAPSHOT\lwjgl_opengl.dll
Event: 3.524 Loaded shared library C:\Users\¿‰ÏËÌ\AppData\Local\Temp\lwjgl¿‰ÏËÌ\3.3.1-SNAPSHOT\lwjgl_opengl.dll
Event: 3.631 Loaded shared library C:\Users\¿‰ÏËÌ\AppData\Local\Temp\lwjgl¿‰ÏËÌ\3.3.1-SNAPSHOT\lwjgl_opengl.dll
Event: 3.647 Loaded shared library C:\Users\¿‰ÏËÌ\AppData\Local\Temp\lwjgl¿‰ÏËÌ\3.3.1-SNAPSHOT\lwjgl_opengl.dll
Event: 3.664 Loaded shared library C:\Users\¿‰ÏËÌ\AppData\Local\Temp\lwjgl¿‰ÏËÌ\3.3.1-SNAPSHOT\lwjgl_opengl.dll
Event: 3.670 Loaded shared library C:\Users\¿‰ÏËÌ\AppData\Local\Temp\lwjgl¿‰ÏËÌ\3.3.1-SNAPSHOT\lwjgl.dll
Event: 3.675 Loaded shared library C:\Users\¿‰ÏËÌ\AppData\Local\Temp\lwjgl¿‰ÏËÌ\3.3.1-SNAPSHOT\lwjgl.dll
Event: 3.920 Loaded shared library C:\Users\¿‰ÏËÌ\.jdks\azul-15.0.5\bin\zip.dll
Event: 3.934 loading class jdk/internal/math/FDBigInteger
Event: 3.934 loading class jdk/internal/math/FDBigInteger done


Dynamic libraries:
0x00007ff749410000 - 0x00007ff74941d000 	C:\Users\¿‰ÏËÌ\.jdks\azul-15.0.5\bin\java.exe
0x00007ffcbf370000 - 0x00007ffcbf565000 	C:\WINDOWS\SYSTEM32\ntdll.dll
0x00007ffcae9a0000 - 0x00007ffcae9b6000 	C:\Program Files\AVAST Software\Avast\aswhook.dll
0x00007ffcbefe0000 - 0x00007ffcbf09d000 	C:\WINDOWS\System32\KERNEL32.DLL
0x00007ffcbd0f0000 - 0x00007ffcbd3bd000 	C:\WINDOWS\System32\KERNELBASE.dll
0x00007ffcbce10000 - 0x00007ffcbcf10000 	C:\WINDOWS\System32\ucrtbase.dll
0x00007ffcb9650000 - 0x00007ffcb9668000 	C:\Users\¿‰ÏËÌ\.jdks\azul-15.0.5\bin\jli.dll
0x00007ffcbed60000 - 0x00007ffcbef00000 	C:\WINDOWS\System32\USER32.dll
0x00007ffcbca80000 - 0x00007ffcbcaa2000 	C:\WINDOWS\System32\win32u.dll
0x00007ffcb6800000 - 0x00007ffcb6815000 	C:\Users\¿‰ÏËÌ\.jdks\azul-15.0.5\bin\VCRUNTIME140.dll
0x00007ffcb2510000 - 0x00007ffcb27aa000 	C:\WINDOWS\WinSxS\amd64_microsoft.windows.common-controls_6595b64144ccf1df_6.0.19041.1110_none_60b5254171f9507e\COMCTL32.dll
0x00007ffcbf1f0000 - 0x00007ffcbf28e000 	C:\WINDOWS\System32\msvcrt.dll
0x00007ffcbe4c0000 - 0x00007ffcbe4ea000 	C:\WINDOWS\System32\GDI32.dll
0x00007ffcbcfe0000 - 0x00007ffcbd0eb000 	C:\WINDOWS\System32\gdi32full.dll
0x00007ffcbcf10000 - 0x00007ffcbcfad000 	C:\WINDOWS\System32\msvcp_win.dll
0x00007ffcbe6b0000 - 0x00007ffcbe6e0000 	C:\WINDOWS\System32\IMM32.DLL
0x00007ffca1320000 - 0x00007ffca13bb000 	C:\Users\¿‰ÏËÌ\.jdks\azul-15.0.5\bin\msvcp140.dll
0x00007ffc67aa0000 - 0x00007ffc68632000 	C:\Users\¿‰ÏËÌ\.jdks\azul-15.0.5\bin\server\jvm.dll
0x00007ffcbd3c0000 - 0x00007ffcbd46e000 	C:\WINDOWS\System32\ADVAPI32.dll
0x00007ffcbf290000 - 0x00007ffcbf32c000 	C:\WINDOWS\System32\sechost.dll
0x00007ffcbec30000 - 0x00007ffcbed55000 	C:\WINDOWS\System32\RPCRT4.dll
0x00007ffcbe4f0000 - 0x00007ffcbe4f8000 	C:\WINDOWS\System32\PSAPI.DLL
0x00007ffcb4a50000 - 0x00007ffcb4a59000 	C:\WINDOWS\SYSTEM32\WSOCK32.dll
0x00007ffcbf0a0000 - 0x00007ffcbf10b000 	C:\WINDOWS\System32\WS2_32.dll
0x00007ffcafdb0000 - 0x00007ffcafdd7000 	C:\WINDOWS\SYSTEM32\WINMM.dll
0x00007ffcb7070000 - 0x00007ffcb707a000 	C:\WINDOWS\SYSTEM32\VERSION.dll
0x00007ffcba9a0000 - 0x00007ffcba9b2000 	C:\WINDOWS\SYSTEM32\kernel.appcore.dll
0x00007ffcb66f0000 - 0x00007ffcb66fa000 	C:\Users\¿‰ÏËÌ\.jdks\azul-15.0.5\bin\jimage.dll
0x00007ffcb6c80000 - 0x00007ffcb6e64000 	C:\WINDOWS\SYSTEM32\DBGHELP.DLL
0x00007ffcb6c50000 - 0x00007ffcb6c7c000 	C:\WINDOWS\SYSTEM32\dbgcore.DLL
0x00007ffcbcd30000 - 0x00007ffcbcdb2000 	C:\WINDOWS\System32\bcryptPrimitives.dll
0x00007ffcb6230000 - 0x00007ffcb623e000 	C:\Users\¿‰ÏËÌ\.jdks\azul-15.0.5\bin\instrument.dll
0x00007ffcb60f0000 - 0x00007ffcb6115000 	C:\Users\¿‰ÏËÌ\.jdks\azul-15.0.5\bin\java.dll
0x00007ffcbd480000 - 0x00007ffcbdbc4000 	C:\WINDOWS\System32\SHELL32.dll
0x00007ffcbaba0000 - 0x00007ffcbb334000 	C:\WINDOWS\SYSTEM32\windows.storage.dll
0x00007ffcbdbd0000 - 0x00007ffcbdf24000 	C:\WINDOWS\System32\combase.dll
0x00007ffcbc470000 - 0x00007ffcbc49c000 	C:\WINDOWS\SYSTEM32\Wldp.dll
0x00007ffcbe130000 - 0x00007ffcbe1dd000 	C:\WINDOWS\System32\SHCORE.dll
0x00007ffcbe1e0000 - 0x00007ffcbe235000 	C:\WINDOWS\System32\shlwapi.dll
0x00007ffcbc9c0000 - 0x00007ffcbc9df000 	C:\WINDOWS\SYSTEM32\profapi.dll
0x00007ffcb0c50000 - 0x00007ffcb0c68000 	C:\Users\¿‰ÏËÌ\.jdks\azul-15.0.5\bin\zip.dll
0x00007ffcb60d0000 - 0x00007ffcb60e9000 	C:\Users\¿‰ÏËÌ\.jdks\azul-15.0.5\bin\net.dll
0x00007ffcb5c80000 - 0x00007ffcb5d8a000 	C:\WINDOWS\SYSTEM32\WINHTTP.dll
0x00007ffcbc170000 - 0x00007ffcbc1da000 	C:\WINDOWS\system32\mswsock.dll
0x00007ffcb0d10000 - 0x00007ffcb0d22000 	C:\Users\¿‰ÏËÌ\.jdks\azul-15.0.5\bin\nio.dll
0x00007ffcb0b20000 - 0x00007ffcb0b3a000 	D:\IntelliJ IDEA 2021.3.3 Ultimate\bin\breakgen64.dll
0x00007ffcb60c0000 - 0x00007ffcb60d0000 	C:\Users\¿‰ÏËÌ\.jdks\azul-15.0.5\bin\verify.dll
0x00007ffca0670000 - 0x00007ffca06e5000 	C:\Users\¿‰ÏËÌ\AppData\Local\Temp\lwjgl¿‰ÏËÌ\3.3.1-SNAPSHOT\lwjgl.dll
0x00007ffc8c9a0000 - 0x00007ffc8ca01000 	C:\Users\7272~1\AppData\Local\Temp\lwjgl¿‰ÏËÌ\3.3.1-SNAPSHOT\glfw.dll
0x00007ffc98830000 - 0x00007ffc98875000 	C:\WINDOWS\SYSTEM32\dinput8.dll
0x00007ffcb0350000 - 0x00007ffcb0361000 	C:\WINDOWS\SYSTEM32\xinput1_4.dll
0x00007ffcbcdc0000 - 0x00007ffcbce0e000 	C:\WINDOWS\System32\cfgmgr32.dll
0x00007ffcbc7c0000 - 0x00007ffcbc7ec000 	C:\WINDOWS\SYSTEM32\DEVOBJ.dll
0x00007ffcba6b0000 - 0x00007ffcba6df000 	C:\WINDOWS\SYSTEM32\dwmapi.dll
0x00007ffcba470000 - 0x00007ffcba50e000 	C:\WINDOWS\system32\uxtheme.dll
0x00007ffcbdf90000 - 0x00007ffcbe0a5000 	C:\WINDOWS\System32\MSCTF.dll
0x00007ffcbe6e0000 - 0x00007ffcbe7ad000 	C:\WINDOWS\System32\OLEAUT32.dll
0x00007ffca66d0000 - 0x00007ffca6822000 	C:\WINDOWS\SYSTEM32\inputhost.dll
0x00007ffcba0b0000 - 0x00007ffcba1a2000 	C:\WINDOWS\SYSTEM32\CoreMessaging.dll
0x00007ffcb78c0000 - 0x00007ffcb79b6000 	C:\WINDOWS\SYSTEM32\PROPSYS.dll
0x00007ffcb9400000 - 0x00007ffcb9554000 	C:\WINDOWS\SYSTEM32\wintypes.dll
0x00007ffcb9d50000 - 0x00007ffcba0ae000 	C:\WINDOWS\SYSTEM32\CoreUIComponents.dll
0x00007ffcbb780000 - 0x00007ffcbb7b3000 	C:\WINDOWS\SYSTEM32\ntmarta.dll
0x00007ffc98030000 - 0x00007ffc98156000 	C:\WINDOWS\SYSTEM32\opengl32.dll
0x00007ffc982a0000 - 0x00007ffc982cc000 	C:\WINDOWS\SYSTEM32\GLU32.dll
0x00007ffcbef30000 - 0x00007ffcbefd9000 	C:\WINDOWS\System32\clbcatq.dll
0x0000000051230000 - 0x0000000053077000 	C:\WINDOWS\SYSTEM32\nvoglv64.DLL
0x00007ffcbe7b0000 - 0x00007ffcbec21000 	C:\WINDOWS\System32\SETUPAPI.dll
0x00007ffcbcfb0000 - 0x00007ffcbcfd7000 	C:\WINDOWS\System32\bcrypt.dll
0x00007ffcb9560000 - 0x00007ffcb9574000 	C:\WINDOWS\SYSTEM32\WTSAPI32.dll
0x00007ffcbccc0000 - 0x00007ffcbcd28000 	C:\WINDOWS\System32\WINTRUST.dll
0x00007ffcbcab0000 - 0x00007ffcbcc06000 	C:\WINDOWS\System32\CRYPT32.dll
0x00007ffcbc600000 - 0x00007ffcbc612000 	C:\WINDOWS\System32\MSASN1.dll
0x00007ffcbc8f0000 - 0x00007ffcbc93b000 	C:\WINDOWS\SYSTEM32\powrprof.dll
0x00007ffcbc820000 - 0x00007ffcbc832000 	C:\WINDOWS\SYSTEM32\UMPDC.dll
0x00007ffcbc410000 - 0x00007ffcbc46a000 	C:\WINDOWS\SYSTEM32\WINSTA.dll
0x00007ffcbb4a0000 - 0x00007ffcbb593000 	C:\WINDOWS\SYSTEM32\dxgi.dll
0x00007ffcb89f0000 - 0x00007ffcb8c54000 	C:\WINDOWS\SYSTEM32\d3d11.dll
0x00007ffca2bb0000 - 0x00007ffca3d6a000 	C:\WINDOWS\SYSTEM32\nvwgf2umx.dll
0x00007ffca3d70000 - 0x00007ffca3dab000 	C:\WINDOWS\SYSTEM32\dxcore.dll
0x00007ffca65d0000 - 0x00007ffca66c9000 	C:\WINDOWS\SYSTEM32\textinputframework.dll
0x00007ffc96640000 - 0x00007ffc9669d000 	C:\Users\¿‰ÏËÌ\AppData\Local\Temp\lwjgl¿‰ÏËÌ\3.3.1-SNAPSHOT\lwjgl_opengl.dll
0x00007ffc8c910000 - 0x00007ffc8c991000 	C:\Users\¿‰ÏËÌ\AppData\Local\Temp\lwjgl¿‰ÏËÌ\3.3.1-SNAPSHOT\lwjgl_stb.dll
0x0000000064a00000 - 0x00000000657b1000 	C:\Users\¿‰ÏËÌ\AppData\Local\Temp\imgui-java-natives_1653215827005\imgui-java64.dll

dbghelp: loaded successfully - version: 4.0.5 - missing functions: none
symbol engine: initialized successfully - sym options: 0x614 - pdb path: .;C:\Users\¿‰ÏËÌ\.jdks\azul-15.0.5\bin;C:\WINDOWS\SYSTEM32;C:\Program Files\AVAST Software\Avast;C:\WINDOWS\WinSxS\amd64_microsoft.windows.common-controls_6595b64144ccf1df_6.0.19041.1110_none_60b5254171f9507e;C:\Users\¿‰ÏËÌ\.jdks\azul-15.0.5\bin\server;D:\IntelliJ IDEA 2021.3.3 Ultimate\bin;C:\Users\¿‰ÏËÌ\AppData\Local\Temp\lwjgl¿‰ÏËÌ\3.3.1-SNAPSHOT;C:\Users\7272~1\AppData\Local\Temp\lwjgl¿‰ÏËÌ\3.3.1-SNAPSHOT;C:\Users\¿‰ÏËÌ\AppData\Local\Temp\imgui-java-natives_1653215827005

VM Arguments:
jvm_args: -javaagent:D:\IntelliJ IDEA 2021.3.3 Ultimate\lib\idea_rt.jar=54753:D:\IntelliJ IDEA 2021.3.3 Ultimate\bin -Dfile.encoding=UTF-8 
java_command: SungearEngine2D.Main.Main
java_class_path (initial): D:\PixelField\SungearEngine2D\out\production\SungearEngine2D;D:\PixelField\SungearEngine2D\libs\Core2D.jar;D:\PixelField\SungearEngine2D\libs\imgui-app-1.84.1.3.jar;D:\PixelField\SungearEngine2D\libs\imgui-lwjgl3-1.84.1.3.jar;D:\PixelField\SungearEngine2D\libs\imgui-app-1.84.1.3-sources.jar;D:\PixelField\SungearEngine2D\libs\imgui-lwjgl3-1.84.1.3-sources.jar
Launcher Type: SUN_STANDARD

[Global flags]
     intx CICompilerCount                          = 2                                         {product} {ergonomic}
     uint ConcGCThreads                            = 1                                         {product} {ergonomic}
     uint G1ConcRefinementThreads                  = 2                                         {product} {ergonomic}
   size_t G1HeapRegionSize                         = 1048576                                   {product} {ergonomic}
    uintx GCDrainStackTargetSize                   = 64                                        {product} {ergonomic}
   size_t InitialHeapSize                          = 134217728                                 {product} {ergonomic}
   size_t MarkStackSize                            = 4194304                                   {product} {ergonomic}
   size_t MaxHeapSize                              = 2120220672                                {product} {ergonomic}
   size_t MaxNewSize                               = 1271922688                                {product} {ergonomic}
   size_t MinHeapDeltaBytes                        = 1048576                                   {product} {ergonomic}
   size_t MinHeapSize                              = 8388608                                   {product} {ergonomic}
    uintx NonNMethodCodeHeapSize                   = 5826188                                {pd product} {ergonomic}
    uintx NonProfiledCodeHeapSize                  = 122916026                              {pd product} {ergonomic}
    uintx ProfiledCodeHeapSize                     = 122916026                              {pd product} {ergonomic}
    uintx ReservedCodeCacheSize                    = 251658240                              {pd product} {ergonomic}
     bool SegmentedCodeCache                       = true                                      {product} {ergonomic}
   size_t SoftMaxHeapSize                          = 2120220672                             {manageable} {ergonomic}
     bool UseCompressedClassPointers               = true                                 {lp64_product} {ergonomic}
     bool UseCompressedOops                        = true                                 {lp64_product} {ergonomic}
     bool UseG1GC                                  = true                                      {product} {ergonomic}
     bool UseLargePagesIndividualAllocation        = false                                  {pd product} {ergonomic}

Logging:
Log output configuration:
 #0: stdout all=warning uptime,level,tags
 #1: stderr all=off uptime,level,tags

Environment Variables:
CLASSPATH=C:\Users\¿‰ÏËÌ\.jdks\corretto-16.0.2\bin;
PATH=C:\Program Files (x86)\Common Files\Oracle\Java\javapath;"C:\WINDOWS\system32;C:\WINDOWS;C:\WINDOWS\system32\WBEM";C:\Users\¿‰ÏËÌ\AppData\Local\Microsoft\WindowsApps;C:\Users\¿‰ÏËÌ\.dotnet\tools;C:\Program Files\JetBrains\PyCharm Community Edition 2020.2.3\bin;D:\IntellijIDEA_2020_1_4\IntelliJ IDEA Community Edition 2020.1.4\bin;D:\Git\cmd;C:\Program Files\dotnet\;"C:\WINDOWS\system32;C:\WINDOWS;C:\WINDOWS\system32\WBEM";C:\Users\¿‰ÏËÌ\AppData\Local\Microsoft\WindowsApps;C:\Users\¿‰ÏËÌ\.dotnet\tools;C:\Program Files\JetBrains\PyCharm Community Edition 2020.2.3\bin;;D:\IntellijIDEA_2020_1_4\IntelliJ IDEA Community Edition 2020.1.4\bin;;C:\Users\¿‰ÏËÌ\AppData\Local\GitHubDesktop\bin;D:\Rider\JetBrains Rider 2021.3.3\bin;;D:\IntelliJ IDEA 2021.3.3 Ultimate\bin;
USERNAME=¿‰ÏËÌ
OS=Windows_NT
PROCESSOR_IDENTIFIER=Intel64 Family 6 Model 60 Stepping 3, GenuineIntel



---------------  S Y S T E M  ---------------

OS:
 Windows 10 , 64 bit Build 19041 (10.0.19041.1706)
OS uptime: 8 days 12:52 hours

CPU: total 2 (initial active 2) (2 cores per cpu, 1 threads per core) family 6 model 60 stepping 3 microcode 0x27, cmov, cx8, fxsr, mmx, sse, sse2, sse3, ssse3, sse4.1, sse4.2, popcnt, clmul, erms, lzcnt, tsc, tscinvbit, clflush

Memory: 4k page, system-wide physical 8087M (1826M free)
TotalPageFile size 14055M (AvailPageFile size 3778M)
current process WorkingSet (physical memory assigned to process): 125M, peak: 125M
current process commit charge ("private bytes"): 305M, peak: 305M

vm_info: OpenJDK 64-Bit Server VM (15.0.5+3-MTS) for windows-amd64 JRE (15.0.5+3-MTS) (Zulu15.36+13-CA), built on Oct  8 2021 11:07:26 by "zulu_re" with MS VC++ 15.9 (VS2017)

END.
