#
# A fatal error has been detected by the Java Runtime Environment:
#
#  EXCEPTION_ACCESS_VIOLATION (0xc0000005) at pc=0x00007ff96e805508, pid=4620, tid=6064
#
# JRE version: OpenJDK Runtime Environment JBR-17.0.5+1-653.23-jcef (17.0.5+1) (build 17.0.5+1-b653.23)
# Java VM: OpenJDK 64-Bit Server VM JBR-17.0.5+1-653.23-jcef (17.0.5+1-b653.23, mixed mode, tiered, compressed oops, compressed class ptrs, g1 gc, windows-amd64)
# Problematic frame:
# C  [nvoglv64.dll+0x1855508]
#
# No core dump will be written. Minidumps are not enabled by default on client versions of Windows
#
# If you would like to submit a bug report, please visit:
#   https://youtrack.jetbrains.com/issues/JBR
# The crash happened outside the Java Virtual Machine in native code.
# See problematic frame for where to report the bug.
#

---------------  S U M M A R Y ------------

Command Line: -Dfile.encoding=windows-1251 -Duser.country=RU -Duser.language=ru -Duser.variant SungearEngine2D.Main.Main

Host: AMD Ryzen 7 5800X 8-Core Processor             , 16 cores, 31G,  Windows 10 , 64 bit Build 19041 (10.0.19041.2364)
Time: Mon Jan  9 23:24:09 2023 RTZ 2 (s 10 , 64 bit Build 19041 (10.0.19041.2364) elapsed time: 7.424539 seconds (0d 0h 0m 7s)

---------------  T H R E A D  ---------------

Current thread (0x0000014f921acf90):  JavaThread "main" [_thread_in_native, id=6064, stack(0x00000032b8000000,0x00000032b8100000)]

Stack: [0x00000032b8000000,0x00000032b8100000],  sp=0x00000032b80fe2a8,  free space=1016k
Native frames: (J=compiled Java code, j=interpreted, Vv=VM code, C=native code)
C  [nvoglv64.dll+0x1855508]

Java frames: (J=compiled Java code, j=interpreted, Vv=VM code)
j  org.lwjgl.opengl.GL11C.nglDrawElements(IIIJ)V+0
j  org.lwjgl.opengl.GL11C.glDrawElements(IIIJ)V+4
j  Core2D.ECS.System.Systems.PrimitivesRendererSystem.lambda$render$1(LCore2D/ECS/Component/Components/Primitives/PrimitiveComponent;[Ljava/lang/Object;)V+10
j  Core2D.ECS.System.Systems.PrimitivesRendererSystem$$Lambda$200+0x00000008001d0710.accept(Ljava/lang/Object;)V+8
J 1109 c1 Core2D.Graphics.OpenGL.glCall(Ljava/util/function/Consumer;)V (44 bytes) @ 0x0000014f9849d88c [0x0000014f9849d620+0x000000000000026c]
j  Core2D.ECS.System.Systems.PrimitivesRendererSystem.render()V+293
v  ~StubRoutines::call_stub
j  jdk.internal.reflect.NativeMethodAccessorImpl.invoke0(Ljava/lang/reflect/Method;Ljava/lang/Object;[Ljava/lang/Object;)Ljava/lang/Object;+0 java.base@17.0.5
j  jdk.internal.reflect.NativeMethodAccessorImpl.invoke(Ljava/lang/Object;[Ljava/lang/Object;)Ljava/lang/Object;+133 java.base@17.0.5
j  jdk.internal.reflect.DelegatingMethodAccessorImpl.invoke(Ljava/lang/Object;[Ljava/lang/Object;)Ljava/lang/Object;+6 java.base@17.0.5
j  java.lang.reflect.Method.invoke(Ljava/lang/Object;[Ljava/lang/Object;)Ljava/lang/Object;+59 java.base@17.0.5
j  Core2D.Graphics.Renderer.callRenderMethods(Ljava/lang/Class;Ljava/lang/Object;)V+42
j  Core2D.Graphics.Renderer.render(LCore2D/ECS/Entity;)V+202
j  Core2D.Graphics.Renderer.render(LCore2D/Layering/Layer;)V+49
j  Core2D.Graphics.Renderer.render(LCore2D/Layering/Layering;)V+49
j  Core2D.Scene2D.Scene2D.draw()V+14
j  Core2D.ECS.Component.Components.Camera2DComponent.update()V+40
j  Core2D.ECS.Entity.update()V+82
j  SungearEngine2D.Main.Main$1.onDrawFrame()V+79
j  Core2D.Graphics.Graphics.draw()V+216
j  Core2D.Core2D.Core2D.run()V+32
j  Core2D.Core2D.Core2D.create(Ljava/lang/String;Lorg/joml/Vector2i;[I[I)V+30
j  Core2D.Core2D.Core2D.start()V+12
j  SungearEngine2D.Main.Main.main([Ljava/lang/String;)V+41
v  ~StubRoutines::call_stub

siginfo: EXCEPTION_ACCESS_VIOLATION (0xc0000005), reading address 0x0000000000000000


Register to memory mapping:

RIP=0x00007ff96e805508 nvoglv64.dll
RAX=0x0000014fc0d270ec points into unknown readable memory: 2e 01 2c 01
RBX=0x0000014fc0d270d0 points into unknown readable memory: 0x0000000100018006 | 06 80 01 00 01 00 00 00
RCX=0x00007ff96e805508 nvoglv64.dll
RDX=0x0 is NULL
RSP=0x00000032b80fe2a8 is pointing into the stack for thread: 0x0000014f921acf90
RBP=0x0000000000000030 is an unknown value
RSI=0x0000000000000002 is an unknown value
RDI=0x0000014fbfc08080 points into unknown readable memory: 0x0000000000000000 | 00 00 00 00 00 00 00 00
R8 =0x0000000000000004 is an unknown value
R9 =0x00007ff96cfb0000 nvoglv64.dll
R10=0x0 is NULL
R11=0x0000014fc0d270ec points into unknown readable memory: 2e 01 2c 01
R12=0x0000000000000001 is an unknown value
R13=0x0000000000001403 is an unknown value
R14=0x0000000000000004 is an unknown value
R15=0x0 is NULL


Registers:
RAX=0x0000014fc0d270ec, RBX=0x0000014fc0d270d0, RCX=0x00007ff96e805508, RDX=0x0000000000000000
RSP=0x00000032b80fe2a8, RBP=0x0000000000000030, RSI=0x0000000000000002, RDI=0x0000014fbfc08080
R8 =0x0000000000000004, R9 =0x00007ff96cfb0000, R10=0x0000000000000000, R11=0x0000014fc0d270ec
R12=0x0000000000000001, R13=0x0000000000001403, R14=0x0000000000000004, R15=0x0000000000000000
RIP=0x00007ff96e805508, EFLAGS=0x0000000000010202

Top of Stack: (sp=0x00000032b80fe2a8)
0x00000032b80fe2a8:   00007ff96ddff8ec 0000014f921acf90
0x00000032b80fe2b8:   0000000000000001 0000000000000000
0x00000032b80fe2c8:   0000000000000007 000000000000000d
0x00000032b80fe2d8:   0000014fbf348450 00000032b80fe3a0
0x00000032b80fe2e8:   00007ff9a7797e54 0000014fbf281198
0x00000032b80fe2f8:   0000014fbd4bf540 00000032b80fe410
0x00000032b80fe308:   00007ff9a74f760d 0000014f921acf90
0x00000032b80fe318:   0000014fbf046c18 0000000000000000
0x00000032b80fe328:   0000000000000a7d 0000014fbf281198
0x00000032b80fe338:   0000014f97b5d621 00000032b80fe3d0
0x00000032b80fe348:   00007ff9a77a8b00 00000032b80fe410
0x00000032b80fe358:   0000014fbf046c18 0000000000001403
0x00000032b80fe368:   0000000000000000 0000000000000a7d
0x00000032b80fe378:   00007ff9a77a206e 3ff0000000000000
0x00000032b80fe388:   00000032b80fe388 0000000000000000
0x00000032b80fe398:   00000032b80fe410 0000014fbf051bb8 

Instructions: (pc=0x00007ff96e805508)
0x00007ff96e805408:   cc cc cc cc cc cc cc cc cc cc cc cc cc cc 66 66
0x00007ff96e805418:   0f 1f 84 00 00 00 00 00 57 56 49 8b c3 48 8b f9
0x00007ff96e805428:   49 8b c8 49 8b f2 f3 a4 5e 5f c3 cc cc cc cc cc
0x00007ff96e805438:   cc 0f 1f 80 00 00 00 00 4c 8b d9 4c 8b d2 49 83
0x00007ff96e805448:   f8 10 76 54 49 83 f8 20 76 2e 48 2b d1 73 0d 4b
0x00007ff96e805458:   8d 04 10 48 3b c8 0f 82 dc 02 00 00 49 81 f8 80
0x00007ff96e805468:   00 00 00 0f 86 0f 02 00 00 f6 05 98 30 ef 01 02
0x00007ff96e805478:   0f 84 52 01 00 00 eb a0 0f 10 02 42 0f 10 4c 02
0x00007ff96e805488:   f0 0f 11 01 42 0f 11 4c 01 f0 48 8b c1 c3 66 66
0x00007ff96e805498:   0f 1f 84 00 00 00 00 00 48 8b c1 4c 8d 0d 56 ab
0x00007ff96e8054a8:   7a fe 43 8b 8c 81 10 4a 8d 03 49 03 c9 ff e1 66
0x00007ff96e8054b8:   0f 1f 84 00 00 00 00 00 c3 0f b7 0a 66 89 08 c3
0x00007ff96e8054c8:   48 8b 0a 48 89 08 c3 0f b7 0a 44 0f b6 42 02 66
0x00007ff96e8054d8:   89 08 44 88 40 02 c3 0f b6 0a 88 08 c3 f3 0f 6f
0x00007ff96e8054e8:   02 f3 0f 7f 00 c3 66 90 4c 8b 02 0f b7 4a 08 44
0x00007ff96e8054f8:   0f b6 4a 0a 4c 89 00 66 89 48 08 44 88 48 0a c3
0x00007ff96e805508:   8b 0a 89 08 c3 0f 1f 00 8b 0a 44 0f b6 42 04 89
0x00007ff96e805518:   08 44 88 40 04 c3 66 90 8b 0a 44 0f b7 42 04 89
0x00007ff96e805528:   08 66 44 89 40 04 c3 90 8b 0a 44 0f b7 42 04 44
0x00007ff96e805538:   0f b6 4a 06 89 08 66 44 89 40 04 44 88 48 06 c3
0x00007ff96e805548:   4c 8b 02 8b 4a 08 44 0f b6 4a 0c 4c 89 00 89 48
0x00007ff96e805558:   08 44 88 48 0c c3 66 90 4c 8b 02 0f b6 4a 08 4c
0x00007ff96e805568:   89 00 88 48 08 c3 66 90 4c 8b 02 0f b7 4a 08 4c
0x00007ff96e805578:   89 00 66 89 48 08 c3 90 4c 8b 02 8b 4a 08 4c 89
0x00007ff96e805588:   00 89 48 08 c3 0f 1f 00 4c 8b 02 8b 4a 08 44 0f
0x00007ff96e805598:   b7 4a 0c 4c 89 00 89 48 08 66 44 89 48 0c c3 66
0x00007ff96e8055a8:   0f 1f 84 00 00 00 00 00 4c 8b 02 8b 4a 08 44 0f
0x00007ff96e8055b8:   b7 4a 0c 44 0f b6 52 0e 4c 89 00 89 48 08 66 44
0x00007ff96e8055c8:   89 48 0c 44 88 50 0e c3 0f 10 04 11 4c 03 c1 48
0x00007ff96e8055d8:   83 c1 10 41 f6 c3 0f 74 13 0f 28 c8 48 83 e1 f0
0x00007ff96e8055e8:   0f 10 04 11 48 83 c1 10 41 0f 11 0b 4c 2b c1 4d
0x00007ff96e8055f8:   8b c8 49 c1 e9 07 0f 84 88 00 00 00 0f 29 41 f0 


Stack slot to memory mapping:
stack at sp + 0 slots: 0x00007ff96ddff8ec nvoglv64.dll
stack at sp + 1 slots: 0x0000014f921acf90 is a thread
stack at sp + 2 slots: 0x0000000000000001 is an unknown value
stack at sp + 3 slots: 0x0 is NULL
stack at sp + 4 slots: 0x0000000000000007 is an unknown value
stack at sp + 5 slots: 0x000000000000000d is an unknown value
stack at sp + 6 slots: 0x0000014fbf348450 is pointing into metadata
stack at sp + 7 slots: 0x00000032b80fe3a0 is pointing into the stack for thread: 0x0000014f921acf90


---------------  P R O C E S S  ---------------

Threads class SMR info:
_java_thread_list=0x0000014fd3109670, length=15, elements={
0x0000014f921acf90, 0x0000014fbd3f5270, 0x0000014fbd3f60e0, 0x0000014fbd40cc50,
0x0000014fbd40e610, 0x0000014fbd40efc0, 0x0000014fbd40fd80, 0x0000014fbcaa98d0,
0x0000014fbcaaadf0, 0x0000014fbcaad400, 0x0000014fbd581c90, 0x0000014fbd597900,
0x0000014fbd5afc70, 0x0000014fbe2e34c0, 0x0000014fc1763a00
}

Java Threads: ( => current thread )
=>0x0000014f921acf90 JavaThread "main" [_thread_in_native, id=6064, stack(0x00000032b8000000,0x00000032b8100000)]
  0x0000014fbd3f5270 JavaThread "Reference Handler" daemon [_thread_blocked, id=19452, stack(0x00000032b8700000,0x00000032b8800000)]
  0x0000014fbd3f60e0 JavaThread "Finalizer" daemon [_thread_blocked, id=13560, stack(0x00000032b8800000,0x00000032b8900000)]
  0x0000014fbd40cc50 JavaThread "Signal Dispatcher" daemon [_thread_blocked, id=19416, stack(0x00000032b8900000,0x00000032b8a00000)]
  0x0000014fbd40e610 JavaThread "Attach Listener" daemon [_thread_blocked, id=7444, stack(0x00000032b8a00000,0x00000032b8b00000)]
  0x0000014fbd40efc0 JavaThread "Service Thread" daemon [_thread_blocked, id=20068, stack(0x00000032b8b00000,0x00000032b8c00000)]
  0x0000014fbd40fd80 JavaThread "Monitor Deflation Thread" daemon [_thread_blocked, id=13768, stack(0x00000032b8c00000,0x00000032b8d00000)]
  0x0000014fbcaa98d0 JavaThread "C2 CompilerThread0" daemon [_thread_blocked, id=15904, stack(0x00000032b8d00000,0x00000032b8e00000)]
  0x0000014fbcaaadf0 JavaThread "C1 CompilerThread0" daemon [_thread_blocked, id=992, stack(0x00000032b8e00000,0x00000032b8f00000)]
  0x0000014fbcaad400 JavaThread "Sweeper thread" daemon [_thread_blocked, id=9812, stack(0x00000032b8f00000,0x00000032b9000000)]
  0x0000014fbd581c90 JavaThread "C1 CompilerThread1" daemon [_thread_blocked, id=1840, stack(0x00000032b9000000,0x00000032b9100000)]
  0x0000014fbd597900 JavaThread "Notification Thread" daemon [_thread_blocked, id=12968, stack(0x00000032b9100000,0x00000032b9200000)]
  0x0000014fbd5afc70 JavaThread "Common-Cleaner" daemon [_thread_blocked, id=15724, stack(0x00000032b9300000,0x00000032b9400000)]
  0x0000014fbe2e34c0 JavaThread "C1 CompilerThread2" daemon [_thread_blocked, id=12356, stack(0x00000032b9400000,0x00000032b9500000)]
  0x0000014fc1763a00 JavaThread "Thread-0" [_thread_blocked, id=5424, stack(0x00000032ba900000,0x00000032baa00000)]

Other Threads:
  0x0000014fbd3e1510 VMThread "VM Thread" [stack: 0x00000032b8600000,0x00000032b8700000] [id=676]
  0x0000014fbd59a720 WatcherThread [stack: 0x00000032b9200000,0x00000032b9300000] [id=19092]
  0x0000014f94488290 GCTaskThread "GC Thread#0" [stack: 0x00000032b8100000,0x00000032b8200000] [id=11344]
  0x0000014fc1122580 GCTaskThread "GC Thread#1" [stack: 0x00000032ba000000,0x00000032ba100000] [id=8308]
  0x0000014fc11dc610 GCTaskThread "GC Thread#2" [stack: 0x00000032ba100000,0x00000032ba200000] [id=4836]
  0x0000014fc11d98d0 GCTaskThread "GC Thread#3" [stack: 0x00000032ba200000,0x00000032ba300000] [id=19864]
  0x0000014fc11dccc0 GCTaskThread "GC Thread#4" [stack: 0x00000032ba300000,0x00000032ba400000] [id=6376]
  0x0000014fc134c430 GCTaskThread "GC Thread#5" [stack: 0x00000032ba400000,0x00000032ba500000] [id=9184]
  0x0000014fc13bac90 GCTaskThread "GC Thread#6" [stack: 0x00000032ba500000,0x00000032ba600000] [id=15220]
  0x0000014fc140ebe0 GCTaskThread "GC Thread#7" [stack: 0x00000032ba600000,0x00000032ba700000] [id=19648]
  0x0000014fc140ee90 GCTaskThread "GC Thread#8" [stack: 0x00000032ba700000,0x00000032ba800000] [id=15252]
  0x0000014fc140f140 GCTaskThread "GC Thread#9" [stack: 0x00000032ba800000,0x00000032ba900000] [id=4824]
  0x0000014fc1809380 GCTaskThread "GC Thread#10" [stack: 0x00000032b9f00000,0x00000032ba000000] [id=21184]
  0x0000014f94499150 ConcurrentGCThread "G1 Main Marker" [stack: 0x00000032b8200000,0x00000032b8300000] [id=20284]
  0x0000014f9449a300 ConcurrentGCThread "G1 Conc#0" [stack: 0x00000032b8300000,0x00000032b8400000] [id=14272]
  0x0000014fbc985500 ConcurrentGCThread "G1 Refine#0" [stack: 0x00000032b8400000,0x00000032b8500000] [id=12372]
  0x0000014fbc987f30 ConcurrentGCThread "G1 Service" [stack: 0x00000032b8500000,0x00000032b8600000] [id=16964]

Threads with active compile tasks:

VM state: not at safepoint (normal execution)

VM Mutex/Monitor currently owned by a thread: None

Heap address: 0x0000000601000000, size: 8176 MB, Compressed Oops mode: Zero based, Oop shift amount: 3

CDS archive(s) not mapped
Compressed class space mapped at: 0x0000000800000000-0x0000000840000000, reserved size: 1073741824
Narrow klass base: 0x0000000800000000, Narrow klass shift: 0, Narrow klass range: 0x40000000

GC Precious Log:
 CPUs: 16 total, 16 available
 Memory: 32694M
 Large Page Support: Disabled
 NUMA Support: Disabled
 Compressed Oops: Enabled (Zero based)
 Heap Region Size: 4M
 Heap Min Capacity: 8M
 Heap Initial Capacity: 512M
 Heap Max Capacity: 8176M
 Pre-touch: Disabled
 Parallel Workers: 13
 Concurrent Workers: 3
 Concurrent Refinement Workers: 13
 Periodic GC: Disabled

Heap:
 garbage-first heap   total 16384K, used 3874K [0x0000000601000000, 0x0000000800000000)
  region size 4096K, 1 young (4096K), 0 survivors (0K)
 Metaspace       used 20710K, committed 21056K, reserved 1073152K
  class space    used 1677K, committed 1856K, reserved 1048576K

Heap Regions: E=young(eden), S=young(survivor), O=old, HS=humongous(starts), HC=humongous(continues), CS=collection set, F=free, OA=open archive, CA=closed archive, TAMS=top-at-mark-start (previous, next)
|   0|0x0000000601000000, 0x00000006013c88f0, 0x0000000601400000| 94%| O|  |TAMS 0x0000000601000000, 0x0000000601000000| Untracked 
|   1|0x0000000601400000, 0x0000000601400000, 0x0000000601800000|  0%| F|  |TAMS 0x0000000601400000, 0x0000000601400000| Untracked 
|   2|0x0000000601800000, 0x0000000601800000, 0x0000000601c00000|  0%| F|  |TAMS 0x0000000601800000, 0x0000000601800000| Untracked 
|   3|0x0000000601c00000, 0x0000000601ec7f60, 0x0000000602000000| 69%| E|  |TAMS 0x0000000601c00000, 0x0000000601c00000| Complete 

Card table byte_map: [0x0000014fa83e0000,0x0000014fa93e0000] _byte_map_base: 0x0000014fa53d8000

Marking Bits (Prev, Next): (CMBitMap*) 0x0000014f944888e0, (CMBitMap*) 0x0000014f944888a0
 Prev Bits: [0x0000014fb23a0000, 0x0000014fba360000)
 Next Bits: [0x0000014faa3e0000, 0x0000014fb23a0000)

Polling page: 0x0000014f923a0000

Metaspace:

Usage:
  Non-class:     18.59 MB used.
      Class:      1.64 MB used.
       Both:     20.23 MB used.

Virtual space:
  Non-class space:       24.00 MB reserved,      18.75 MB ( 78%) committed,  3 nodes.
      Class space:        1.00 GB reserved,       1.81 MB ( <1%) committed,  1 nodes.
             Both:        1.02 GB reserved,      20.56 MB (  2%) committed. 

Chunk freelists:
   Non-Class:  974.00 KB
       Class:  2.17 MB
        Both:  3.12 MB

MaxMetaspaceSize: unlimited
CompressedClassSpaceSize: 1.00 GB
Initial GC threshold: 21.00 MB
Current GC threshold: 32.19 MB
CDS: off
MetaspaceReclaimPolicy: balanced
 - commit_granule_bytes: 65536.
 - commit_granule_words: 8192.
 - virtual_space_node_default_size: 1048576.
 - enlarge_chunks_in_place: 1.
 - new_chunks_are_fully_committed: 0.
 - uncommit_free_chunks: 1.
 - use_allocation_guard: 0.
 - handle_deallocations: 1.


Internal statistics:

num_allocs_failed_limit: 0.
num_arena_births: 274.
num_arena_deaths: 0.
num_vsnodes_births: 4.
num_vsnodes_deaths: 0.
num_space_committed: 327.
num_space_uncommitted: 0.
num_chunks_returned_to_freelist: 0.
num_chunks_taken_from_freelist: 715.
num_chunk_merges: 0.
num_chunk_splits: 457.
num_chunks_enlarged: 302.
num_purges: 0.
num_inconsistent_stats: 0.

CodeHeap 'non-profiled nmethods': size=119168Kb used=1242Kb max_used=1242Kb free=117925Kb
 bounds [0x0000014f9f6f0000, 0x0000014f9f960000, 0x0000014fa6b50000]
CodeHeap 'profiled nmethods': size=119104Kb used=4395Kb max_used=4395Kb free=114708Kb
 bounds [0x0000014f982a0000, 0x0000014f986f0000, 0x0000014f9f6f0000]
CodeHeap 'non-nmethods': size=7488Kb used=2917Kb max_used=3467Kb free=4570Kb
 bounds [0x0000014f97b50000, 0x0000014f97ec0000, 0x0000014f982a0000]
 total_blobs=3791 nmethods=2509 adapters=1192
 compilation: enabled
              stopped_count=0, restarted_count=0
 full_count=0

Compilation events (20 events):
Event: 7.418 Thread 0x0000014fbd581c90 2496       3       jdk.internal.org.objectweb.asm.FieldVisitor::<init> (7 bytes)
Event: 7.418 Thread 0x0000014fbd581c90 nmethod 2496 0x0000014f986e0090 code [0x0000014f986e0240, 0x0000014f986e0388]
Event: 7.418 Thread 0x0000014fbd581c90 2497       3       jdk.internal.org.objectweb.asm.FieldVisitor::<init> (88 bytes)
Event: 7.418 Thread 0x0000014fbe2e34c0 nmethod 2494 0x0000014f986e0410 code [0x0000014f986e05c0, 0x0000014f986e0948]
Event: 7.418 Thread 0x0000014fbcaaadf0 nmethod 2495 0x0000014f986e0a90 code [0x0000014f986e0c80, 0x0000014f986e1068]
Event: 7.418 Thread 0x0000014fbd581c90 nmethod 2497 0x0000014f986e1290 code [0x0000014f986e14e0, 0x0000014f986e1dc8]
Event: 7.419 Thread 0x0000014fbcaaadf0 2498       3       java.lang.reflect.Method::getRoot (5 bytes)
Event: 7.419 Thread 0x0000014fbd581c90 2499       3       java.lang.PublicMethods$MethodList::length (24 bytes)
Event: 7.419 Thread 0x0000014fbe2e34c0 2500       3       java.lang.PublicMethods$MethodList::merge (192 bytes)
Event: 7.419 Thread 0x0000014fbcaaadf0 nmethod 2498 0x0000014f986e2090 code [0x0000014f986e2220, 0x0000014f986e2338]
Event: 7.419 Thread 0x0000014fbcaaadf0 2501       3       java.lang.PublicMethods::merge (81 bytes)
Event: 7.419 Thread 0x0000014fbd581c90 nmethod 2499 0x0000014f986e2410 code [0x0000014f986e25a0, 0x0000014f986e2778]
Event: 7.419 Thread 0x0000014fbd581c90 2502       3       java.lang.PublicMethods$Key::<init> (24 bytes)
Event: 7.420 Thread 0x0000014fbd581c90 nmethod 2502 0x0000014f986e2890 code [0x0000014f986e2a60, 0x0000014f986e2df8]
Event: 7.420 Thread 0x0000014fbe2e34c0 nmethod 2500 0x0000014f986e2f90 code [0x0000014f986e3200, 0x0000014f986e3d28]
Event: 7.420 Thread 0x0000014fbcaaadf0 nmethod 2501 0x0000014f986e4110 code [0x0000014f986e4360, 0x0000014f986e4dc8]
Event: 7.420 Thread 0x0000014fbcaaadf0 2503  s    1       java.lang.StringBuffer::length (5 bytes)
Event: 7.420 Thread 0x0000014fbcaaadf0 nmethod 2503 0x0000014f9f826690 code [0x0000014f9f826820, 0x0000014f9f826998]
Event: 7.421 Thread 0x0000014fbcaaadf0 2504       3       java.util.Calendar::internalGet (7 bytes)
Event: 7.421 Thread 0x0000014fbcaaadf0 nmethod 2504 0x0000014f986e5210 code [0x0000014f986e53a0, 0x0000014f986e54d8]

GC Heap History (20 events):
Event: 6.519 GC heap before
{Heap before GC invocations=20 (full 3):
 garbage-first heap   total 20480K, used 3314K [0x0000000601000000, 0x0000000800000000)
  region size 4096K, 2 young (8192K), 1 survivors (4096K)
 Metaspace       used 18351K, committed 18624K, reserved 1073152K
  class space    used 1490K, committed 1600K, reserved 1048576K
}
Event: 6.520 GC heap after
{Heap after GC invocations=21 (full 3):
 garbage-first heap   total 20480K, used 3306K [0x0000000601000000, 0x0000000800000000)
  region size 4096K, 1 young (4096K), 1 survivors (4096K)
 Metaspace       used 18351K, committed 18624K, reserved 1073152K
  class space    used 1490K, committed 1600K, reserved 1048576K
}
Event: 6.677 GC heap before
{Heap before GC invocations=21 (full 3):
 garbage-first heap   total 20480K, used 3306K [0x0000000601000000, 0x0000000800000000)
  region size 4096K, 2 young (8192K), 1 survivors (4096K)
 Metaspace       used 18352K, committed 18624K, reserved 1073152K
  class space    used 1490K, committed 1600K, reserved 1048576K
}
Event: 6.678 GC heap after
{Heap after GC invocations=22 (full 3):
 garbage-first heap   total 20480K, used 3315K [0x0000000601000000, 0x0000000800000000)
  region size 4096K, 1 young (4096K), 1 survivors (4096K)
 Metaspace       used 18352K, committed 18624K, reserved 1073152K
  class space    used 1490K, committed 1600K, reserved 1048576K
}
Event: 6.848 GC heap before
{Heap before GC invocations=22 (full 3):
 garbage-first heap   total 20480K, used 3315K [0x0000000601000000, 0x0000000800000000)
  region size 4096K, 2 young (8192K), 1 survivors (4096K)
 Metaspace       used 18352K, committed 18624K, reserved 1073152K
  class space    used 1490K, committed 1600K, reserved 1048576K
}
Event: 6.849 GC heap after
{Heap after GC invocations=23 (full 3):
 garbage-first heap   total 20480K, used 3321K [0x0000000601000000, 0x0000000800000000)
  region size 4096K, 1 young (4096K), 1 survivors (4096K)
 Metaspace       used 18352K, committed 18624K, reserved 1073152K
  class space    used 1490K, committed 1600K, reserved 1048576K
}
Event: 7.007 GC heap before
{Heap before GC invocations=23 (full 3):
 garbage-first heap   total 20480K, used 3321K [0x0000000601000000, 0x0000000800000000)
  region size 4096K, 2 young (8192K), 1 survivors (4096K)
 Metaspace       used 18352K, committed 18624K, reserved 1073152K
  class space    used 1490K, committed 1600K, reserved 1048576K
}
Event: 7.007 GC heap after
{Heap after GC invocations=24 (full 3):
 garbage-first heap   total 20480K, used 3322K [0x0000000601000000, 0x0000000800000000)
  region size 4096K, 1 young (4096K), 1 survivors (4096K)
 Metaspace       used 18352K, committed 18624K, reserved 1073152K
  class space    used 1490K, committed 1600K, reserved 1048576K
}
Event: 7.164 GC heap before
{Heap before GC invocations=24 (full 3):
 garbage-first heap   total 20480K, used 3322K [0x0000000601000000, 0x0000000800000000)
  region size 4096K, 2 young (8192K), 1 survivors (4096K)
 Metaspace       used 18357K, committed 18624K, reserved 1073152K
  class space    used 1490K, committed 1600K, reserved 1048576K
}
Event: 7.165 GC heap after
{Heap after GC invocations=25 (full 3):
 garbage-first heap   total 20480K, used 3327K [0x0000000601000000, 0x0000000800000000)
  region size 4096K, 1 young (4096K), 1 survivors (4096K)
 Metaspace       used 18357K, committed 18624K, reserved 1073152K
  class space    used 1490K, committed 1600K, reserved 1048576K
}
Event: 7.321 GC heap before
{Heap before GC invocations=25 (full 3):
 garbage-first heap   total 20480K, used 3327K [0x0000000601000000, 0x0000000800000000)
  region size 4096K, 2 young (8192K), 1 survivors (4096K)
 Metaspace       used 19147K, committed 19456K, reserved 1073152K
  class space    used 1587K, committed 1728K, reserved 1048576K
}
Event: 7.321 GC heap after
{Heap after GC invocations=26 (full 3):
 garbage-first heap   total 20480K, used 3580K [0x0000000601000000, 0x0000000800000000)
  region size 4096K, 1 young (4096K), 1 survivors (4096K)
 Metaspace       used 19147K, committed 19456K, reserved 1073152K
  class space    used 1587K, committed 1728K, reserved 1048576K
}
Event: 7.333 GC heap before
{Heap before GC invocations=26 (full 3):
 garbage-first heap   total 20480K, used 3580K [0x0000000601000000, 0x0000000800000000)
  region size 4096K, 2 young (8192K), 1 survivors (4096K)
 Metaspace       used 19448K, committed 19776K, reserved 1073152K
  class space    used 1624K, committed 1792K, reserved 1048576K
}
Event: 7.342 GC heap after
{Heap after GC invocations=27 (full 4):
 garbage-first heap   total 16384K, used 3663K [0x0000000601000000, 0x0000000800000000)
  region size 4096K, 0 young (0K), 0 survivors (0K)
 Metaspace       used 19448K, committed 19776K, reserved 1073152K
  class space    used 1624K, committed 1792K, reserved 1048576K
}
Event: 7.342 GC heap before
{Heap before GC invocations=27 (full 4):
 garbage-first heap   total 16384K, used 3663K [0x0000000601000000, 0x0000000800000000)
  region size 4096K, 0 young (0K), 0 survivors (0K)
 Metaspace       used 19448K, committed 19776K, reserved 1073152K
  class space    used 1624K, committed 1792K, reserved 1048576K
}
Event: 7.350 GC heap after
{Heap after GC invocations=28 (full 5):
 garbage-first heap   total 16384K, used 3655K [0x0000000601000000, 0x0000000800000000)
  region size 4096K, 0 young (0K), 0 survivors (0K)
 Metaspace       used 19448K, committed 19776K, reserved 1073152K
  class space    used 1624K, committed 1792K, reserved 1048576K
}
Event: 7.350 GC heap before
{Heap before GC invocations=28 (full 5):
 garbage-first heap   total 16384K, used 3655K [0x0000000601000000, 0x0000000800000000)
  region size 4096K, 1 young (4096K), 0 survivors (0K)
 Metaspace       used 19448K, committed 19776K, reserved 1073152K
  class space    used 1624K, committed 1792K, reserved 1048576K
}
Event: 7.358 GC heap after
{Heap after GC invocations=29 (full 6):
 garbage-first heap   total 16384K, used 3655K [0x0000000601000000, 0x0000000800000000)
  region size 4096K, 0 young (0K), 0 survivors (0K)
 Metaspace       used 19448K, committed 19776K, reserved 1073152K
  class space    used 1624K, committed 1792K, reserved 1048576K
}
Event: 7.368 GC heap before
{Heap before GC invocations=29 (full 6):
 garbage-first heap   total 16384K, used 3655K [0x0000000601000000, 0x0000000800000000)
  region size 4096K, 1 young (4096K), 0 survivors (0K)
 Metaspace       used 19492K, committed 19840K, reserved 1073152K
  class space    used 1628K, committed 1792K, reserved 1048576K
}
Event: 7.377 GC heap after
{Heap after GC invocations=30 (full 7):
 garbage-first heap   total 16384K, used 3874K [0x0000000601000000, 0x0000000800000000)
  region size 4096K, 0 young (0K), 0 survivors (0K)
 Metaspace       used 19492K, committed 19840K, reserved 1073152K
  class space    used 1628K, committed 1792K, reserved 1048576K
}

Dll operation events (2 events):
Event: 0.003 Loaded shared library D:\Programming\JetBrains\apps\IDEA-U\ch-0\223.8214.52\jbr\bin\java.dll
Event: 0.080 Loaded shared library D:\Programming\JetBrains\apps\IDEA-U\ch-0\223.8214.52\jbr\bin\verify.dll

Deoptimization events (20 events):
Event: 7.360 Thread 0x0000014f921acf90 Uncommon trap: trap_request=0xffffffc6 fr.pc=0x0000014f9f8040d4 relative=0x00000000000014b4
Event: 7.360 Thread 0x0000014f921acf90 Uncommon trap: reason=bimorphic_or_optimized_type_check action=maybe_recompile pc=0x0000014f9f8040d4 method=java.util.regex.Pattern$Start.<init>(Ljava/util/regex/Pattern$Node;)V @ 22 c2
Event: 7.360 Thread 0x0000014f921acf90 DEOPT PACKING pc=0x0000014f9f8040d4 sp=0x00000032b80fddb0
Event: 7.360 Thread 0x0000014f921acf90 DEOPT UNPACKING pc=0x0000014f97ba23a3 sp=0x00000032b80fdcf0 mode 2
Event: 7.360 Thread 0x0000014f921acf90 Uncommon trap: trap_request=0xffffffc6 fr.pc=0x0000014f9f8055d4 relative=0x0000000000000114
Event: 7.360 Thread 0x0000014f921acf90 Uncommon trap: reason=bimorphic_or_optimized_type_check action=maybe_recompile pc=0x0000014f9f8055d4 method=java.util.regex.Pattern$CharProperty.study(Ljava/util/regex/Pattern$TreeInfo;)Z @ 25 c2
Event: 7.360 Thread 0x0000014f921acf90 DEOPT PACKING pc=0x0000014f9f8055d4 sp=0x00000032b80fdce0
Event: 7.360 Thread 0x0000014f921acf90 DEOPT UNPACKING pc=0x0000014f97ba23a3 sp=0x00000032b80fdc78 mode 2
Event: 7.362 Thread 0x0000014f921acf90 Uncommon trap: trap_request=0xffffffc6 fr.pc=0x0000014f9f8040d4 relative=0x00000000000014b4
Event: 7.362 Thread 0x0000014f921acf90 Uncommon trap: reason=bimorphic_or_optimized_type_check action=maybe_recompile pc=0x0000014f9f8040d4 method=java.util.regex.Pattern$Start.<init>(Ljava/util/regex/Pattern$Node;)V @ 22 c2
Event: 7.362 Thread 0x0000014f921acf90 DEOPT PACKING pc=0x0000014f9f8040d4 sp=0x00000032b80fddb0
Event: 7.362 Thread 0x0000014f921acf90 DEOPT UNPACKING pc=0x0000014f97ba23a3 sp=0x00000032b80fdcf0 mode 2
Event: 7.362 Thread 0x0000014f921acf90 Uncommon trap: trap_request=0xffffffc6 fr.pc=0x0000014f9f8055d4 relative=0x0000000000000114
Event: 7.362 Thread 0x0000014f921acf90 Uncommon trap: reason=bimorphic_or_optimized_type_check action=maybe_recompile pc=0x0000014f9f8055d4 method=java.util.regex.Pattern$CharProperty.study(Ljava/util/regex/Pattern$TreeInfo;)Z @ 25 c2
Event: 7.362 Thread 0x0000014f921acf90 DEOPT PACKING pc=0x0000014f9f8055d4 sp=0x00000032b80fdce0
Event: 7.362 Thread 0x0000014f921acf90 DEOPT UNPACKING pc=0x0000014f97ba23a3 sp=0x00000032b80fdc78 mode 2
Event: 7.378 Thread 0x0000014f921acf90 Uncommon trap: trap_request=0xffffffc6 fr.pc=0x0000014f9f820478 relative=0x00000000000005b8
Event: 7.378 Thread 0x0000014f921acf90 Uncommon trap: reason=bimorphic_or_optimized_type_check action=maybe_recompile pc=0x0000014f9f820478 method=java.util.HashMap.getNode(Ljava/lang/Object;)Ljava/util/HashMap$Node; @ 128 c2
Event: 7.378 Thread 0x0000014f921acf90 DEOPT PACKING pc=0x0000014f9f820478 sp=0x00000032b80fedc0
Event: 7.378 Thread 0x0000014f921acf90 DEOPT UNPACKING pc=0x0000014f97ba23a3 sp=0x00000032b80fed38 mode 2

Classes unloaded (0 events):
No events

Classes redefined (0 events):
No events

Internal exceptions (20 events):
Event: 0.512 Thread 0x0000014f921acf90 Exception <a 'java/lang/NoSuchMethodError'{0x0000000620339b18}: 'int java.lang.invoke.DirectMethodHandle$Holder.invokeStaticInit(java.lang.Object, java.lang.Object, java.lang.Object)'> (0x0000000620339b18) 
thrown [s\src\hotspot\share\interpreter\linkResolver.cpp, line 771]
Event: 0.516 Thread 0x0000014f921acf90 Exception <a 'java/lang/NoSuchMethodError'{0x00000006203958a0}: 'void java.lang.invoke.DirectMethodHandle$Holder.invokeStaticInit(java.lang.Object, java.lang.Object)'> (0x00000006203958a0) 
thrown [s\src\hotspot\share\interpreter\linkResolver.cpp, line 771]
Event: 0.555 Thread 0x0000014f921acf90 Exception <a 'sun/nio/fs/WindowsException'{0x000000061fe20850}> (0x000000061fe20850) 
thrown [s\src\hotspot\share\prims\jni.cpp, line 517]
Event: 0.555 Thread 0x0000014f921acf90 Exception <a 'sun/nio/fs/WindowsException'{0x000000061fe20bd8}> (0x000000061fe20bd8) 
thrown [s\src\hotspot\share\prims\jni.cpp, line 517]
Event: 0.559 Thread 0x0000014f921acf90 Exception <a 'java/lang/NoSuchMethodError'{0x000000061fe48540}: 'void java.lang.invoke.DirectMethodHandle$Holder.invokeStatic(java.lang.Object, java.lang.Object, java.lang.Object)'> (0x000000061fe48540) 
thrown [s\src\hotspot\share\interpreter\linkResolver.cpp, line 771]
Event: 0.620 Thread 0x0000014f921acf90 Exception <a 'java/lang/NoSuchMethodError'{0x000000061ff3a150}: 'java.lang.Object java.lang.invoke.DirectMethodHandle$Holder.invokeStatic(java.lang.Object, int, java.lang.Object)'> (0x000000061ff3a150) 
thrown [s\src\hotspot\share\interpreter\linkResolver.cpp, line 771]
Event: 0.623 Thread 0x0000014f921acf90 Exception <a 'java/lang/NoSuchMethodError'{0x000000061ff58c50}: 'void java.lang.invoke.DirectMethodHandle$Holder.invokeStatic(java.lang.Object, int, java.lang.Object)'> (0x000000061ff58c50) 
thrown [s\src\hotspot\share\interpreter\linkResolver.cpp, line 771]
Event: 0.624 Thread 0x0000014f921acf90 Exception <a 'java/lang/NoSuchMethodError'{0x000000061ff655a8}: 'void java.lang.invoke.DirectMethodHandle$Holder.invokeSpecial(java.lang.Object, java.lang.Object, int, java.lang.Object)'> (0x000000061ff655a8) 
thrown [s\src\hotspot\share\interpreter\linkResolver.cpp, line 771]
Event: 0.640 Thread 0x0000014f921acf90 Exception <a 'java/lang/NoSuchMethodError'{0x0000000605062488}: 'java.lang.Object java.lang.invoke.Invokers$Holder.invokeExact_MT(java.lang.Object, java.lang.Object, java.lang.Object, java.lang.Object, java.lang.Object, java.lang.Object)'> (0x0000000605062488) 
thrown [s\src\hotspot\share\interpreter\linkResolver.cpp, line 771]
Event: 0.649 Thread 0x0000014f921acf90 Exception <a 'sun/nio/fs/WindowsException'{0x00000006050dfeb0}> (0x00000006050dfeb0) 
thrown [s\src\hotspot\share\prims\jni.cpp, line 517]
Event: 0.713 Thread 0x0000014f921acf90 Exception <a 'java/lang/NoSuchMethodError'{0x00000006051f6838}: 'void java.lang.invoke.DirectMethodHandle$Holder.invokeVirtual(java.lang.Object, java.lang.Object, long, double, double)'> (0x00000006051f6838) 
thrown [s\src\hotspot\share\interpreter\linkResolver.cpp, line 771]
Event: 0.714 Thread 0x0000014f921acf90 Exception <a 'java/lang/NoSuchMethodError'{0x00000006051fc3b8}: 'void java.lang.invoke.DirectMethodHandle$Holder.invokeVirtual(java.lang.Object, java.lang.Object, long, int, int, int, int)'> (0x00000006051fc3b8) 
thrown [s\src\hotspot\share\interpreter\linkResolver.cpp, line 771]
Event: 0.786 Thread 0x0000014f921acf90 Exception <a 'java/lang/ClassNotFoundException'{0x0000000601c28bf0}: sun/awt/resources/spi/awtProvider> (0x0000000601c28bf0) 
thrown [s\src\hotspot\share\classfile\systemDictionary.cpp, line 256]
Event: 0.790 Thread 0x0000014f921acf90 Exception <a 'java/io/FileNotFoundException'{0x0000000601c38920}> (0x0000000601c38920) 
thrown [s\src\hotspot\share\prims\jni.cpp, line 517]
Event: 0.790 Thread 0x0000014f921acf90 Exception <a 'java/io/FileNotFoundException'{0x0000000601c3a0d8}> (0x0000000601c3a0d8) 
thrown [s\src\hotspot\share\prims\jni.cpp, line 517]
Event: 4.209 Thread 0x0000014f921acf90 Exception <a 'java/lang/NoSuchMethodError'{0x0000000601d34318}: 'java.lang.Object java.lang.invoke.DirectMethodHandle$Holder.invokeStatic(java.lang.Object, float)'> (0x0000000601d34318) 
thrown [s\src\hotspot\share\interpreter\linkResolver.cpp, line 771]
Event: 4.211 Thread 0x0000014f921acf90 Exception <a 'java/lang/NoSuchMethodError'{0x0000000601d6e088}: 'java.lang.Object java.lang.invoke.DirectMethodHandle$Holder.invokeSpecial(java.lang.Object, java.lang.Object, float)'> (0x0000000601d6e088) 
thrown [s\src\hotspot\share\interpreter\linkResolver.cpp, line 771]
Event: 5.754 Thread 0x0000014f921acf90 Exception <a 'java/lang/NoSuchMethodError'{0x0000000601d224c8}: 'java.lang.Object java.lang.invoke.DirectMethodHandle$Holder.invokeInterface(java.lang.Object, java.lang.Object)'> (0x0000000601d224c8) 
thrown [s\src\hotspot\share\interpreter\linkResolver.cpp, line 771]
Event: 7.381 Thread 0x0000014f921acf90 Exception <a 'java/lang/NoSuchMethodError'{0x0000000601cb22c0}: 'java.lang.Object java.lang.invoke.DirectMethodHandle$Holder.invokeStatic(java.lang.Object, int, java.lang.Object, java.lang.Object)'> (0x0000000601cb22c0) 
thrown [s\src\hotspot\share\interpreter\linkResolver.cpp, line 771]
Event: 7.381 Thread 0x0000014f921acf90 Exception <a 'java/lang/NoSuchMethodError'{0x0000000601cb8ad8}: 'java.lang.Object java.lang.invoke.DirectMethodHandle$Holder.newInvokeSpecial(java.lang.Object, int, java.lang.Object)'> (0x0000000601cb8ad8) 
thrown [s\src\hotspot\share\interpreter\linkResolver.cpp, line 771]

VM Operations (20 events):
Event: 7.006 Executing VM operation: G1CollectForAllocation
Event: 7.007 Executing VM operation: G1CollectForAllocation done
Event: 7.164 Executing VM operation: G1CollectForAllocation
Event: 7.165 Executing VM operation: G1CollectForAllocation done
Event: 7.278 Executing VM operation: HandshakeAllThreads
Event: 7.278 Executing VM operation: HandshakeAllThreads done
Event: 7.281 Executing VM operation: HandshakeAllThreads
Event: 7.281 Executing VM operation: HandshakeAllThreads done
Event: 7.315 Executing VM operation: HandshakeAllThreads
Event: 7.315 Executing VM operation: HandshakeAllThreads done
Event: 7.321 Executing VM operation: G1CollectForAllocation
Event: 7.321 Executing VM operation: G1CollectForAllocation done
Event: 7.333 Executing VM operation: G1CollectFull
Event: 7.342 Executing VM operation: G1CollectFull done
Event: 7.342 Executing VM operation: G1CollectFull
Event: 7.350 Executing VM operation: G1CollectFull done
Event: 7.350 Executing VM operation: G1CollectFull
Event: 7.358 Executing VM operation: G1CollectFull done
Event: 7.368 Executing VM operation: G1CollectFull
Event: 7.377 Executing VM operation: G1CollectFull done

Events (20 events):
Event: 7.314 loading class java/util/concurrent/LinkedBlockingQueue
Event: 7.314 loading class java/util/concurrent/BlockingQueue
Event: 7.314 loading class java/util/concurrent/BlockingQueue done
Event: 7.314 loading class java/util/AbstractQueue
Event: 7.314 loading class java/util/AbstractQueue done
Event: 7.314 loading class java/util/concurrent/LinkedBlockingQueue done
Event: 7.314 loading class java/util/concurrent/locks/AbstractQueuedSynchronizer$ConditionObject
Event: 7.314 loading class java/util/concurrent/locks/Condition
Event: 7.314 loading class java/util/concurrent/locks/Condition done
Event: 7.314 loading class java/util/concurrent/locks/AbstractQueuedSynchronizer$ConditionObject done
Event: 7.314 loading class java/util/concurrent/LinkedBlockingQueue$Node
Event: 7.314 loading class java/util/concurrent/LinkedBlockingQueue$Node done
Event: 7.315 loading class java/lang/InheritableThreadLocal
Event: 7.315 loading class java/lang/InheritableThreadLocal done
Event: 7.316 loading class java/util/LinkedHashMap$LinkedKeySet
Event: 7.316 loading class java/util/LinkedHashMap$LinkedKeySet done
Event: 7.316 loading class java/util/LinkedHashMap$LinkedKeyIterator
Event: 7.316 loading class java/util/LinkedHashMap$LinkedKeyIterator done
Event: 7.378 loading class jdk/internal/vm/annotation/IntrinsicCandidate
Event: 7.378 loading class jdk/internal/vm/annotation/IntrinsicCandidate done


Dynamic libraries:
0x00007ff789300000 - 0x00007ff78930a000 	D:\Programming\JetBrains\apps\IDEA-U\ch-0\223.8214.52\jbr\bin\java.exe
0x00007ff9feb90000 - 0x00007ff9fed88000 	C:\Windows\SYSTEM32\ntdll.dll
0x00007ff9fdba0000 - 0x00007ff9fdc5f000 	C:\Windows\System32\KERNEL32.DLL
0x00007ff9fc2b0000 - 0x00007ff9fc582000 	C:\Windows\System32\KERNELBASE.dll
0x00007ff9fcad0000 - 0x00007ff9fcbd0000 	C:\Windows\System32\ucrtbase.dll
0x00007ff9ea6e0000 - 0x00007ff9ea6f7000 	D:\Programming\JetBrains\apps\IDEA-U\ch-0\223.8214.52\jbr\bin\jli.dll
0x00007ff9ea110000 - 0x00007ff9ea12b000 	D:\Programming\JetBrains\apps\IDEA-U\ch-0\223.8214.52\jbr\bin\VCRUNTIME140.dll
0x00007ff9fe240000 - 0x00007ff9fe3e1000 	C:\Windows\System32\USER32.dll
0x00007ff9fcaa0000 - 0x00007ff9fcac2000 	C:\Windows\System32\win32u.dll
0x00007ff9f11d0000 - 0x00007ff9f146a000 	C:\Windows\WinSxS\amd64_microsoft.windows.common-controls_6595b64144ccf1df_6.0.19041.1110_none_60b5254171f9507e\COMCTL32.dll
0x00007ff9fdd80000 - 0x00007ff9fddab000 	C:\Windows\System32\GDI32.dll
0x00007ff9fda20000 - 0x00007ff9fdabe000 	C:\Windows\System32\msvcrt.dll
0x00007ff9fc900000 - 0x00007ff9fca0f000 	C:\Windows\System32\gdi32full.dll
0x00007ff9fc590000 - 0x00007ff9fc62d000 	C:\Windows\System32\msvcp_win.dll
0x00007ff9fde30000 - 0x00007ff9fde62000 	C:\Windows\System32\IMM32.DLL
0x00007ff9ea3c0000 - 0x00007ff9ea3cc000 	D:\Programming\JetBrains\apps\IDEA-U\ch-0\223.8214.52\jbr\bin\vcruntime140_1.dll
0x00007ff9b7210000 - 0x00007ff9b729d000 	D:\Programming\JetBrains\apps\IDEA-U\ch-0\223.8214.52\jbr\bin\msvcp140.dll
0x00007ff9a7170000 - 0x00007ff9a7ddb000 	D:\Programming\JetBrains\apps\IDEA-U\ch-0\223.8214.52\jbr\bin\server\jvm.dll
0x00007ff9fded0000 - 0x00007ff9fdf7e000 	C:\Windows\System32\ADVAPI32.dll
0x00007ff9fd7d0000 - 0x00007ff9fd86c000 	C:\Windows\System32\sechost.dll
0x00007ff9fdf80000 - 0x00007ff9fe0a5000 	C:\Windows\System32\RPCRT4.dll
0x00007ff9dce20000 - 0x00007ff9dce29000 	C:\Windows\SYSTEM32\WSOCK32.dll
0x00007ff9f4fd0000 - 0x00007ff9f4ff7000 	C:\Windows\SYSTEM32\WINMM.dll
0x00007ff9f64b0000 - 0x00007ff9f64ba000 	C:\Windows\SYSTEM32\VERSION.dll
0x00007ff9fd760000 - 0x00007ff9fd7cb000 	C:\Windows\System32\WS2_32.dll
0x00007ff9fa160000 - 0x00007ff9fa172000 	C:\Windows\SYSTEM32\kernel.appcore.dll
0x00007ff9f8e70000 - 0x00007ff9f8e7a000 	D:\Programming\JetBrains\apps\IDEA-U\ch-0\223.8214.52\jbr\bin\jimage.dll
0x00007ff9f20b0000 - 0x00007ff9f2294000 	C:\Windows\SYSTEM32\DBGHELP.DLL
0x00007ff9ea230000 - 0x00007ff9ea265000 	C:\Windows\SYSTEM32\dbgcore.DLL
0x00007ff9fca10000 - 0x00007ff9fca92000 	C:\Windows\System32\bcryptPrimitives.dll
0x00007ff9f8e40000 - 0x00007ff9f8e65000 	D:\Programming\JetBrains\apps\IDEA-U\ch-0\223.8214.52\jbr\bin\java.dll
0x00007ff9f1780000 - 0x00007ff9f1798000 	D:\Programming\JetBrains\apps\IDEA-U\ch-0\223.8214.52\jbr\bin\zip.dll
0x00007ff9fe3f0000 - 0x00007ff9feb34000 	C:\Windows\System32\SHELL32.dll
0x00007ff9fa360000 - 0x00007ff9faaf2000 	C:\Windows\SYSTEM32\windows.storage.dll
0x00007ff9fccf0000 - 0x00007ff9fd045000 	C:\Windows\System32\combase.dll
0x00007ff9fbc60000 - 0x00007ff9fbc90000 	C:\Windows\SYSTEM32\Wldp.dll
0x00007ff9fe0b0000 - 0x00007ff9fe15d000 	C:\Windows\System32\SHCORE.dll
0x00007ff9fdc60000 - 0x00007ff9fdcb5000 	C:\Windows\System32\shlwapi.dll
0x00007ff9fc1c0000 - 0x00007ff9fc1df000 	C:\Windows\SYSTEM32\profapi.dll
0x00007ff9ef620000 - 0x00007ff9ef639000 	D:\Programming\JetBrains\apps\IDEA-U\ch-0\223.8214.52\jbr\bin\net.dll
0x00007ff9f5d40000 - 0x00007ff9f5e4c000 	C:\Windows\SYSTEM32\WINHTTP.dll
0x00007ff9fb960000 - 0x00007ff9fb9ca000 	C:\Windows\system32\mswsock.dll
0x00007ff9ef600000 - 0x00007ff9ef616000 	D:\Programming\JetBrains\apps\IDEA-U\ch-0\223.8214.52\jbr\bin\nio.dll
0x00007ff9f4420000 - 0x00007ff9f4430000 	D:\Programming\JetBrains\apps\IDEA-U\ch-0\223.8214.52\jbr\bin\verify.dll
0x00007ff9b68f0000 - 0x00007ff9b6965000 	C:\Users\stuka\AppData\Local\Temp\lwjglstuka\3.3.1-SNAPSHOT\lwjgl.dll
0x00007ff9d8a20000 - 0x00007ff9d8a81000 	C:\Users\stuka\AppData\Local\Temp\lwjglstuka\3.3.1-SNAPSHOT\glfw.dll
0x00007ff9e6140000 - 0x00007ff9e6185000 	C:\Windows\SYSTEM32\dinput8.dll
0x00007ff9bc960000 - 0x00007ff9bc971000 	C:\Windows\SYSTEM32\xinput1_4.dll
0x00007ff9fc630000 - 0x00007ff9fc67e000 	C:\Windows\System32\cfgmgr32.dll
0x00007ff9fc030000 - 0x00007ff9fc05c000 	C:\Windows\SYSTEM32\DEVOBJ.dll
0x00007ff9f9e70000 - 0x00007ff9f9e9f000 	C:\Windows\SYSTEM32\dwmapi.dll
0x00007ff9ecbd0000 - 0x00007ff9ecd22000 	C:\Windows\SYSTEM32\inputhost.dll
0x00007ff9fe170000 - 0x00007ff9fe23d000 	C:\Windows\System32\OLEAUT32.dll
0x00007ff9f9790000 - 0x00007ff9f9882000 	C:\Windows\SYSTEM32\CoreMessaging.dll
0x00007ff9f8c10000 - 0x00007ff9f8d64000 	C:\Windows\SYSTEM32\wintypes.dll
0x00007ff9f7ba0000 - 0x00007ff9f7c96000 	C:\Windows\SYSTEM32\PROPSYS.dll
0x00007ff9f9430000 - 0x00007ff9f978e000 	C:\Windows\SYSTEM32\CoreUIComponents.dll
0x00007ff9fb3a0000 - 0x00007ff9fb3d3000 	C:\Windows\SYSTEM32\ntmarta.dll
0x00007ff9f9c40000 - 0x00007ff9f9cde000 	C:\Windows\system32\uxtheme.dll
0x00007ff9fcbd0000 - 0x00007ff9fcce5000 	C:\Windows\System32\MSCTF.dll
0x00007ff9b6970000 - 0x00007ff9b6a95000 	C:\Windows\SYSTEM32\opengl32.dll
0x00007ff9eae90000 - 0x00007ff9eaebc000 	C:\Windows\SYSTEM32\GLU32.dll
0x00007ff9fdcd0000 - 0x00007ff9fdd7f000 	C:\Windows\System32\clbcatq.dll
0x00007ff96cfb0000 - 0x00007ff9708e3000 	C:\Windows\System32\DriverStore\FileRepository\nv_dispi.inf_amd64_f840d03a202f8a32\nvoglv64.dll
0x00007ff9fd100000 - 0x00007ff9fd568000 	C:\Windows\System32\SETUPAPI.dll
0x00007ff9fc280000 - 0x00007ff9fc2a7000 	C:\Windows\System32\bcrypt.dll
0x00007ff9fd5d0000 - 0x00007ff9fd6fa000 	C:\Windows\System32\ole32.dll
0x00007ff9f7dd0000 - 0x00007ff9f7de4000 	C:\Windows\SYSTEM32\WTSAPI32.dll
0x00007ff9fbe70000 - 0x00007ff9fbe82000 	C:\Windows\SYSTEM32\msasn1.dll
0x00007ff9f65b0000 - 0x00007ff9f65e1000 	C:\Windows\SYSTEM32\cryptnet.dll
0x00007ff9fc7a0000 - 0x00007ff9fc8f6000 	C:\Windows\System32\CRYPT32.dll
0x00007ff9f60e0000 - 0x00007ff9f6228000 	C:\Windows\SYSTEM32\drvstore.dll
0x00007ff9fbcd0000 - 0x00007ff9fbcdc000 	C:\Windows\SYSTEM32\cryptbase.dll
0x00007ff9fc730000 - 0x00007ff9fc799000 	C:\Windows\System32\WINTRUST.dll
0x00007ff9f4790000 - 0x00007ff9f47cb000 	C:\Windows\SYSTEM32\dxcore.dll
0x00007ff9bd7f0000 - 0x00007ff9bdabf000 	C:\Windows\system32\nvspcap64.dll
0x00007ff9fbe20000 - 0x00007ff9fbe6b000 	C:\Windows\SYSTEM32\powrprof.dll
0x00007ff9fbd10000 - 0x00007ff9fbd22000 	C:\Windows\SYSTEM32\UMPDC.dll
0x00007ff9fba30000 - 0x00007ff9fba94000 	C:\Windows\SYSTEM32\WINSTA.dll
0x00007ff9ecd30000 - 0x00007ff9ece29000 	C:\Windows\SYSTEM32\textinputframework.dll
0x00007ff9ccbe0000 - 0x00007ff9ccc3d000 	C:\Users\stuka\AppData\Local\Temp\lwjglstuka\3.3.1-SNAPSHOT\lwjgl_opengl.dll
0x00007ff9b41b0000 - 0x00007ff9b4347000 	C:\Users\stuka\AppData\Local\Temp\lwjglstuka\3.3.1-SNAPSHOT\OpenAL.dll
0x00007ff9f5a70000 - 0x00007ff9f5af5000 	C:\Windows\System32\MMDevApi.dll
0x00007ff9f5f50000 - 0x00007ff9f60d2000 	C:\Windows\SYSTEM32\AUDIOSES.DLL
0x00007ff9f9d70000 - 0x00007ff9f9d84000 	C:\Windows\SYSTEM32\resourcepolicyclient.dll
0x00007ff9b5f90000 - 0x00007ff9b6011000 	C:\Users\stuka\AppData\Local\Temp\lwjglstuka\3.3.1-SNAPSHOT\lwjgl_stb.dll
0x0000000064a00000 - 0x00000000657b1000 	C:\Users\stuka\AppData\Local\Temp\imgui-java-natives_1673295842555\imgui-java64.dll
0x00007ff9dba50000 - 0x00007ff9dbbe3000 	D:\Programming\JetBrains\apps\IDEA-U\ch-0\223.8214.52\jbr\bin\awt.dll
0x00007ff9f9aa0000 - 0x00007ff9f9b31000 	C:\Windows\SYSTEM32\apphelp.dll

dbghelp: loaded successfully - version: 4.0.5 - missing functions: none
symbol engine: initialized successfully - sym options: 0x614 - pdb path: .;D:\Programming\JetBrains\apps\IDEA-U\ch-0\223.8214.52\jbr\bin;C:\Windows\SYSTEM32;C:\Windows\WinSxS\amd64_microsoft.windows.common-controls_6595b64144ccf1df_6.0.19041.1110_none_60b5254171f9507e;D:\Programming\JetBrains\apps\IDEA-U\ch-0\223.8214.52\jbr\bin\server;C:\Users\stuka\AppData\Local\Temp\lwjglstuka\3.3.1-SNAPSHOT;C:\Windows\System32\DriverStore\FileRepository\nv_dispi.inf_amd64_f840d03a202f8a32;C:\Users\stuka\AppData\Local\Temp\imgui-java-natives_1673295842555

VM Arguments:
jvm_args: -Dfile.encoding=windows-1251 -Duser.country=RU -Duser.language=ru -Duser.variant 
java_command: SungearEngine2D.Main.Main
java_class_path (initial): D:\Pixelfield\SungearEngine2D\Engine\build\classes\java\main;D:\Pixelfield\SungearEngine2D\Engine\build\resources\main;D:\Pixelfield\SungearEngine2D\Engine\libs\Core2D.jar;D:\Pixelfield\SungearEngine2D\Engine\libs\imgui-app-1.84.1.3.jar
Launcher Type: SUN_STANDARD

[Global flags]
     intx CICompilerCount                          = 12                                        {product} {ergonomic}
     uint ConcGCThreads                            = 3                                         {product} {ergonomic}
     uint G1ConcRefinementThreads                  = 13                                        {product} {ergonomic}
   size_t G1HeapRegionSize                         = 4194304                                   {product} {ergonomic}
    uintx GCDrainStackTargetSize                   = 64                                        {product} {ergonomic}
   size_t InitialHeapSize                          = 536870912                                 {product} {ergonomic}
   size_t MarkStackSize                            = 4194304                                   {product} {ergonomic}
   size_t MaxHeapSize                              = 8573157376                                {product} {ergonomic}
   size_t MaxNewSize                               = 5142216704                                {product} {ergonomic}
   size_t MinHeapDeltaBytes                        = 4194304                                   {product} {ergonomic}
   size_t MinHeapSize                              = 8388608                                   {product} {ergonomic}
    uintx NonNMethodCodeHeapSize                   = 7602480                                {pd product} {ergonomic}
    uintx NonProfiledCodeHeapSize                  = 122027880                              {pd product} {ergonomic}
    uintx ProfiledCodeHeapSize                     = 122027880                              {pd product} {ergonomic}
    uintx ReservedCodeCacheSize                    = 251658240                              {pd product} {ergonomic}
     bool SegmentedCodeCache                       = true                                      {product} {ergonomic}
   size_t SoftMaxHeapSize                          = 8573157376                             {manageable} {ergonomic}
     bool UseCompressedClassPointers               = true                           {product lp64_product} {ergonomic}
     bool UseCompressedOops                        = true                           {product lp64_product} {ergonomic}
     bool UseG1GC                                  = true                                      {product} {ergonomic}
     bool UseLargePagesIndividualAllocation        = false                                  {pd product} {ergonomic}

Logging:
Log output configuration:
 #0: stdout all=warning uptime,level,tags
 #1: stderr all=off uptime,level,tags

Environment Variables:
PATH=C:\Windows\system32;C:\Windows;C:\Windows\System32\Wbem;C:\Windows\System32\WindowsPowerShell\v1.0\;C:\Windows\System32\OpenSSH\;C:\Program Files (x86)\NVIDIA Corporation\PhysX\Common;C:\Program Files\NVIDIA Corporation\NVIDIA NvDLISR;C:\Program Files\dotnet\;D:\Python\Scripts\;D:\Python\;C:\Users\stuka\AppData\Local\Microsoft\WindowsApps;C:\Users\stuka\AppData\Local\JetBrains\Toolbox\scripts;C:\Users\stuka\AppData\Local\GitHubDesktop\bin;C:\Users\stuka\.dotnet\tools
USERNAME=stuka
OS=Windows_NT
PROCESSOR_IDENTIFIER=AMD64 Family 25 Model 33 Stepping 2, AuthenticAMD
TMP=C:\Users\stuka\AppData\Local\Temp
TEMP=C:\Users\stuka\AppData\Local\Temp



---------------  S Y S T E M  ---------------

OS:
 Windows 10 , 64 bit Build 19041 (10.0.19041.2364)
OS uptime: 2 days 8:35 hours

CPU: total 16 (initial active 16) (16 cores per cpu, 2 threads per core) family 25 model 33 stepping 2 microcode 0x0, cx8, cmov, fxsr, ht, mmx, 3dnowpref, sse, sse2, sse3, ssse3, sse4a, sse4.1, sse4.2, popcnt, lzcnt, tsc, tscinvbit, avx, avx2, aes, erms, clmul, bmi1, bmi2, adx, sha, fma, vzeroupper, clflush, clflushopt

Memory: 4k page, system-wide physical 32694M (21349M free)
TotalPageFile size 37558M (AvailPageFile size 21457M)
current process WorkingSet (physical memory assigned to process): 208M, peak: 209M
current process commit charge ("private bytes"): 520M, peak: 826M

vm_info: OpenJDK 64-Bit Server VM (17.0.5+1-b653.23) for windows-amd64 JRE (17.0.5+1-b653.23), built on 2022-12-12 by "builduser" with MS VC++ 16.10 / 16.11 (VS2019)

END.
