#
# A fatal error has been detected by the Java Runtime Environment:
#
#  EXCEPTION_ACCESS_VIOLATION (0xc0000005) at pc=0x00007ff96e805508, pid=4060, tid=6000
#
# JRE version: OpenJDK Runtime Environment JBR-17.0.5+1-653.23-jcef (17.0.5+1) (build 17.0.5+1-b653.23)
# Java VM: OpenJDK 64-Bit Server VM JBR-17.0.5+1-653.23-jcef (17.0.5+1-b653.23, mixed mode, tiered, compressed oops, compressed class ptrs, g1 gc, windows-amd64)
# Problematic frame:
# C  [nvoglv64.dll+0x1855508]
#
# No core dump will be written. Minidumps are not enabled by default on client versions of Windows
#
# If you would like to submit a bug report, please visit:
#   https://youtrack.jetbrains.com/issues/JBR
# The crash happened outside the Java Virtual Machine in native code.
# See problematic frame for where to report the bug.
#

---------------  S U M M A R Y ------------

Command Line: -Dfile.encoding=windows-1251 -Duser.country=RU -Duser.language=ru -Duser.variant SungearEngine2D.Main.Main

Host: AMD Ryzen 7 5800X 8-Core Processor             , 16 cores, 31G,  Windows 10 , 64 bit Build 19041 (10.0.19041.2364)
Time: Mon Jan  9 23:17:43 2023 RTZ 2 (s 10 , 64 bit Build 19041 (10.0.19041.2364) elapsed time: 7.981345 seconds (0d 0h 0m 7s)

---------------  T H R E A D  ---------------

Current thread (0x00000201bdf9a740):  JavaThread "main" [_thread_in_native, id=6000, stack(0x000000711c200000,0x000000711c300000)]

Stack: [0x000000711c200000,0x000000711c300000],  sp=0x000000711c2fdc48,  free space=1015k
Native frames: (J=compiled Java code, j=interpreted, Vv=VM code, C=native code)
C  [nvoglv64.dll+0x1855508]

Java frames: (J=compiled Java code, j=interpreted, Vv=VM code)
j  org.lwjgl.opengl.GL11C.nglDrawElements(IIIJ)V+0
j  org.lwjgl.opengl.GL11C.glDrawElements(IIIJ)V+4
j  Core2D.ECS.System.Systems.PrimitivesRendererSystem.lambda$render$1(LCore2D/ECS/Component/Components/Primitives/PrimitiveComponent;[Ljava/lang/Object;)V+10
j  Core2D.ECS.System.Systems.PrimitivesRendererSystem$$Lambda$200+0x00000008001d0710.accept(Ljava/lang/Object;)V+8
J 1106 c1 Core2D.Graphics.OpenGL.glCall(Ljava/util/function/Consumer;)V (44 bytes) @ 0x00000201c205aa8c [0x00000201c205a820+0x000000000000026c]
j  Core2D.ECS.System.Systems.PrimitivesRendererSystem.render()V+293
v  ~StubRoutines::call_stub
j  jdk.internal.reflect.NativeMethodAccessorImpl.invoke0(Ljava/lang/reflect/Method;Ljava/lang/Object;[Ljava/lang/Object;)Ljava/lang/Object;+0 java.base@17.0.5
j  jdk.internal.reflect.NativeMethodAccessorImpl.invoke(Ljava/lang/Object;[Ljava/lang/Object;)Ljava/lang/Object;+133 java.base@17.0.5
j  jdk.internal.reflect.DelegatingMethodAccessorImpl.invoke(Ljava/lang/Object;[Ljava/lang/Object;)Ljava/lang/Object;+6 java.base@17.0.5
j  java.lang.reflect.Method.invoke(Ljava/lang/Object;[Ljava/lang/Object;)Ljava/lang/Object;+59 java.base@17.0.5
j  Core2D.Graphics.Renderer.callRenderMethods(Ljava/lang/Class;Ljava/lang/Object;)V+42
j  Core2D.Graphics.Renderer.render(LCore2D/ECS/Entity;)V+202
j  Core2D.Graphics.Renderer.render(LCore2D/Layering/Layer;)V+49
j  Core2D.Graphics.Renderer.render(LCore2D/Layering/Layering;)V+49
j  Core2D.Scene2D.Scene2D.draw()V+14
J 2185 c1 Core2D.ECS.Component.Components.Camera2DComponent.update()V (51 bytes) @ 0x00000201c21fca74 [0x00000201c21fc040+0x0000000000000a34]
j  Core2D.ECS.Entity.update()V+82
J 2364 c1 SungearEngine2D.Main.Main$1.onDrawFrame()V (83 bytes) @ 0x00000201c224aa74 [0x00000201c22494a0+0x00000000000015d4]
j  Core2D.Graphics.Graphics.draw()V+216
j  Core2D.Core2D.Core2D.run()V+32
j  Core2D.Core2D.Core2D.create(Ljava/lang/String;Lorg/joml/Vector2i;[I[I)V+30
j  Core2D.Core2D.Core2D.start()V+12
j  SungearEngine2D.Main.Main.main([Ljava/lang/String;)V+41
v  ~StubRoutines::call_stub

siginfo: EXCEPTION_ACCESS_VIOLATION (0xc0000005), reading address 0x0000000000000000


Register to memory mapping:

RIP=0x00007ff96e805508 nvoglv64.dll
RAX=0x00000201ea850a0c points into unknown readable memory: 00 00 00 00
RBX=0x00000201ea8509f0 points into unknown readable memory: 0x0000000100018006 | 06 80 01 00 01 00 00 00
RCX=0x00007ff96e805508 nvoglv64.dll
RDX=0x0 is NULL
RSP=0x000000711c2fdc48 is pointing into the stack for thread: 0x00000201bdf9a740
RBP=0x0000000000000030 is an unknown value
RSI=0x0000000000000002 is an unknown value
RDI=0x00000201e980e080 points into unknown readable memory: 0x0000000000000000 | 00 00 00 00 00 00 00 00
R8 =0x0000000000000004 is an unknown value
R9 =0x00007ff96cfb0000 nvoglv64.dll
R10=0x0 is NULL
R11=0x00000201ea850a0c points into unknown readable memory: 00 00 00 00
R12=0x0000000000000001 is an unknown value
R13=0x0000000000001403 is an unknown value
R14=0x0000000000000004 is an unknown value
R15=0x0 is NULL


Registers:
RAX=0x00000201ea850a0c, RBX=0x00000201ea8509f0, RCX=0x00007ff96e805508, RDX=0x0000000000000000
RSP=0x000000711c2fdc48, RBP=0x0000000000000030, RSI=0x0000000000000002, RDI=0x00000201e980e080
R8 =0x0000000000000004, R9 =0x00007ff96cfb0000, R10=0x0000000000000000, R11=0x00000201ea850a0c
R12=0x0000000000000001, R13=0x0000000000001403, R14=0x0000000000000004, R15=0x0000000000000000
RIP=0x00007ff96e805508, EFLAGS=0x0000000000010202

Top of Stack: (sp=0x000000711c2fdc48)
0x000000711c2fdc48:   00007ff96ddff8ec 00000201bdf9a740
0x000000711c2fdc58:   0000000000000001 0000000000000000
0x000000711c2fdc68:   0000000000000007 000000000000000d
0x000000711c2fdc78:   00000201e8f48158 000000711c2fdd40
0x000000711c2fdc88:   00007ff9a7797e54 00000201e8e81260
0x000000711c2fdc98:   00000201e713f560 000000711c2fddb0
0x000000711c2fdca8:   00007ff9a74f760d 00000201bdf9a740
0x000000711c2fdcb8:   00000201e8c46c18 0000000000000000
0x000000711c2fdcc8:   0000000000000b36 00000201e8e81260
0x000000711c2fdcd8:   00000201c171d621 000000711c2fdd70
0x000000711c2fdce8:   00007ff9a77a8b00 000000711c2fddb0
0x000000711c2fdcf8:   00000201e8c46c18 0000000000001403
0x000000711c2fdd08:   0000000000000000 0000000000000b36
0x000000711c2fdd18:   00007ff9a77a206e 3ff0000000000000
0x000000711c2fdd28:   000000711c2fdd28 0000000000000000
0x000000711c2fdd38:   000000711c2fddb0 00000201e8c51bb8 

Instructions: (pc=0x00007ff96e805508)
0x00007ff96e805408:   cc cc cc cc cc cc cc cc cc cc cc cc cc cc 66 66
0x00007ff96e805418:   0f 1f 84 00 00 00 00 00 57 56 49 8b c3 48 8b f9
0x00007ff96e805428:   49 8b c8 49 8b f2 f3 a4 5e 5f c3 cc cc cc cc cc
0x00007ff96e805438:   cc 0f 1f 80 00 00 00 00 4c 8b d9 4c 8b d2 49 83
0x00007ff96e805448:   f8 10 76 54 49 83 f8 20 76 2e 48 2b d1 73 0d 4b
0x00007ff96e805458:   8d 04 10 48 3b c8 0f 82 dc 02 00 00 49 81 f8 80
0x00007ff96e805468:   00 00 00 0f 86 0f 02 00 00 f6 05 98 30 ef 01 02
0x00007ff96e805478:   0f 84 52 01 00 00 eb a0 0f 10 02 42 0f 10 4c 02
0x00007ff96e805488:   f0 0f 11 01 42 0f 11 4c 01 f0 48 8b c1 c3 66 66
0x00007ff96e805498:   0f 1f 84 00 00 00 00 00 48 8b c1 4c 8d 0d 56 ab
0x00007ff96e8054a8:   7a fe 43 8b 8c 81 10 4a 8d 03 49 03 c9 ff e1 66
0x00007ff96e8054b8:   0f 1f 84 00 00 00 00 00 c3 0f b7 0a 66 89 08 c3
0x00007ff96e8054c8:   48 8b 0a 48 89 08 c3 0f b7 0a 44 0f b6 42 02 66
0x00007ff96e8054d8:   89 08 44 88 40 02 c3 0f b6 0a 88 08 c3 f3 0f 6f
0x00007ff96e8054e8:   02 f3 0f 7f 00 c3 66 90 4c 8b 02 0f b7 4a 08 44
0x00007ff96e8054f8:   0f b6 4a 0a 4c 89 00 66 89 48 08 44 88 48 0a c3
0x00007ff96e805508:   8b 0a 89 08 c3 0f 1f 00 8b 0a 44 0f b6 42 04 89
0x00007ff96e805518:   08 44 88 40 04 c3 66 90 8b 0a 44 0f b7 42 04 89
0x00007ff96e805528:   08 66 44 89 40 04 c3 90 8b 0a 44 0f b7 42 04 44
0x00007ff96e805538:   0f b6 4a 06 89 08 66 44 89 40 04 44 88 48 06 c3
0x00007ff96e805548:   4c 8b 02 8b 4a 08 44 0f b6 4a 0c 4c 89 00 89 48
0x00007ff96e805558:   08 44 88 48 0c c3 66 90 4c 8b 02 0f b6 4a 08 4c
0x00007ff96e805568:   89 00 88 48 08 c3 66 90 4c 8b 02 0f b7 4a 08 4c
0x00007ff96e805578:   89 00 66 89 48 08 c3 90 4c 8b 02 8b 4a 08 4c 89
0x00007ff96e805588:   00 89 48 08 c3 0f 1f 00 4c 8b 02 8b 4a 08 44 0f
0x00007ff96e805598:   b7 4a 0c 4c 89 00 89 48 08 66 44 89 48 0c c3 66
0x00007ff96e8055a8:   0f 1f 84 00 00 00 00 00 4c 8b 02 8b 4a 08 44 0f
0x00007ff96e8055b8:   b7 4a 0c 44 0f b6 52 0e 4c 89 00 89 48 08 66 44
0x00007ff96e8055c8:   89 48 0c 44 88 50 0e c3 0f 10 04 11 4c 03 c1 48
0x00007ff96e8055d8:   83 c1 10 41 f6 c3 0f 74 13 0f 28 c8 48 83 e1 f0
0x00007ff96e8055e8:   0f 10 04 11 48 83 c1 10 41 0f 11 0b 4c 2b c1 4d
0x00007ff96e8055f8:   8b c8 49 c1 e9 07 0f 84 88 00 00 00 0f 29 41 f0 


Stack slot to memory mapping:
stack at sp + 0 slots: 0x00007ff96ddff8ec nvoglv64.dll
stack at sp + 1 slots: 0x00000201bdf9a740 is a thread
stack at sp + 2 slots: 0x0000000000000001 is an unknown value
stack at sp + 3 slots: 0x0 is NULL
stack at sp + 4 slots: 0x0000000000000007 is an unknown value
stack at sp + 5 slots: 0x000000000000000d is an unknown value
stack at sp + 6 slots: 0x00000201e8f48158 is pointing into metadata
stack at sp + 7 slots: 0x000000711c2fdd40 is pointing into the stack for thread: 0x00000201bdf9a740


---------------  P R O C E S S  ---------------

Threads class SMR info:
_java_thread_list=0x00000201fa991d20, length=16, elements={
0x00000201bdf9a740, 0x00000201e7075270, 0x00000201e70765c0, 0x00000201e708c420,
0x00000201e708cdd0, 0x00000201e708df20, 0x00000201e70a4a90, 0x00000201e70a7710,
0x00000201e70a84b0, 0x00000201e70a9250, 0x00000201e721a4a0, 0x00000201e7222090,
0x00000201eb2fa040, 0x00000201faaef6a0, 0x00000201faaefbb0, 0x00000201fa992750
}

Java Threads: ( => current thread )
=>0x00000201bdf9a740 JavaThread "main" [_thread_in_native, id=6000, stack(0x000000711c200000,0x000000711c300000)]
  0x00000201e7075270 JavaThread "Reference Handler" daemon [_thread_blocked, id=14176, stack(0x000000711c900000,0x000000711ca00000)]
  0x00000201e70765c0 JavaThread "Finalizer" daemon [_thread_blocked, id=18216, stack(0x000000711ca00000,0x000000711cb00000)]
  0x00000201e708c420 JavaThread "Signal Dispatcher" daemon [_thread_blocked, id=6260, stack(0x000000711cb00000,0x000000711cc00000)]
  0x00000201e708cdd0 JavaThread "Attach Listener" daemon [_thread_blocked, id=12476, stack(0x000000711cc00000,0x000000711cd00000)]
  0x00000201e708df20 JavaThread "Service Thread" daemon [_thread_blocked, id=8916, stack(0x000000711cd00000,0x000000711ce00000)]
  0x00000201e70a4a90 JavaThread "Monitor Deflation Thread" daemon [_thread_blocked, id=21064, stack(0x000000711ce00000,0x000000711cf00000)]
  0x00000201e70a7710 JavaThread "C2 CompilerThread0" daemon [_thread_blocked, id=20484, stack(0x000000711cf00000,0x000000711d000000)]
  0x00000201e70a84b0 JavaThread "C1 CompilerThread0" daemon [_thread_blocked, id=2304, stack(0x000000711d000000,0x000000711d100000)]
  0x00000201e70a9250 JavaThread "Sweeper thread" daemon [_thread_blocked, id=11236, stack(0x000000711d100000,0x000000711d200000)]
  0x00000201e721a4a0 JavaThread "Notification Thread" daemon [_thread_blocked, id=1504, stack(0x000000711d300000,0x000000711d400000)]
  0x00000201e7222090 JavaThread "Common-Cleaner" daemon [_thread_blocked, id=8020, stack(0x000000711d500000,0x000000711d600000)]
  0x00000201eb2fa040 JavaThread "Thread-0" [_thread_blocked, id=13660, stack(0x000000711ea00000,0x000000711eb00000)]
  0x00000201faaef6a0 JavaThread "C1 CompilerThread1" daemon [_thread_blocked, id=15836, stack(0x000000711d200000,0x000000711d300000)]
  0x00000201faaefbb0 JavaThread "C1 CompilerThread2" daemon [_thread_blocked, id=18904, stack(0x000000711d600000,0x000000711d700000)]
  0x00000201fa992750 JavaThread "C1 CompilerThread3" daemon [_thread_blocked, id=10724, stack(0x000000711d700000,0x000000711d800000)]

Other Threads:
  0x00000201e705eff0 VMThread "VM Thread" [stack: 0x000000711c800000,0x000000711c900000] [id=19704]
  0x00000201e721bd90 WatcherThread [stack: 0x000000711d400000,0x000000711d500000] [id=13016]
  0x00000201be0486c0 GCTaskThread "GC Thread#0" [stack: 0x000000711c300000,0x000000711c400000] [id=10104]
  0x00000201ead941c0 GCTaskThread "GC Thread#1" [stack: 0x000000711e100000,0x000000711e200000] [id=4716]
  0x00000201ead94c80 GCTaskThread "GC Thread#2" [stack: 0x000000711e200000,0x000000711e300000] [id=3232]
  0x00000201ead94f30 GCTaskThread "GC Thread#3" [stack: 0x000000711e300000,0x000000711e400000] [id=20896]
  0x00000201eaf10c20 GCTaskThread "GC Thread#4" [stack: 0x000000711e400000,0x000000711e500000] [id=18344]
  0x00000201eaf05910 GCTaskThread "GC Thread#5" [stack: 0x000000711e500000,0x000000711e600000] [id=2468]
  0x00000201eaf863c0 GCTaskThread "GC Thread#6" [stack: 0x000000711e600000,0x000000711e700000] [id=15556]
  0x00000201eafaee00 GCTaskThread "GC Thread#7" [stack: 0x000000711e700000,0x000000711e800000] [id=10684]
  0x00000201eafb7b90 GCTaskThread "GC Thread#8" [stack: 0x000000711e800000,0x000000711e900000] [id=10164]
  0x00000201eafb7e40 GCTaskThread "GC Thread#9" [stack: 0x000000711e900000,0x000000711ea00000] [id=20160]
  0x00000201eb42c5e0 GCTaskThread "GC Thread#10" [stack: 0x000000711eb00000,0x000000711ec00000] [id=9036]
  0x00000201eb42c890 GCTaskThread "GC Thread#11" [stack: 0x000000711ec00000,0x000000711ed00000] [id=16020]
  0x00000201be059420 ConcurrentGCThread "G1 Main Marker" [stack: 0x000000711c400000,0x000000711c500000] [id=8492]
  0x00000201be05a470 ConcurrentGCThread "G1 Conc#0" [stack: 0x000000711c500000,0x000000711c600000] [id=18908]
  0x00000201e6607360 ConcurrentGCThread "G1 Refine#0" [stack: 0x000000711c600000,0x000000711c700000] [id=3548]
  0x00000201e6607c20 ConcurrentGCThread "G1 Service" [stack: 0x000000711c700000,0x000000711c800000] [id=9644]

Threads with active compile tasks:

VM state: not at safepoint (normal execution)

VM Mutex/Monitor currently owned by a thread: None

Heap address: 0x0000000601000000, size: 8176 MB, Compressed Oops mode: Zero based, Oop shift amount: 3

CDS archive(s) not mapped
Compressed class space mapped at: 0x0000000800000000-0x0000000840000000, reserved size: 1073741824
Narrow klass base: 0x0000000800000000, Narrow klass shift: 0, Narrow klass range: 0x40000000

GC Precious Log:
 CPUs: 16 total, 16 available
 Memory: 32694M
 Large Page Support: Disabled
 NUMA Support: Disabled
 Compressed Oops: Enabled (Zero based)
 Heap Region Size: 4M
 Heap Min Capacity: 8M
 Heap Initial Capacity: 512M
 Heap Max Capacity: 8176M
 Pre-touch: Disabled
 Parallel Workers: 13
 Concurrent Workers: 3
 Concurrent Refinement Workers: 13
 Periodic GC: Disabled

Heap:
 garbage-first heap   total 16384K, used 3878K [0x0000000601000000, 0x0000000800000000)
  region size 4096K, 1 young (4096K), 0 survivors (0K)
 Metaspace       used 20813K, committed 21120K, reserved 1073152K
  class space    used 1677K, committed 1856K, reserved 1048576K

Heap Regions: E=young(eden), S=young(survivor), O=old, HS=humongous(starts), HC=humongous(continues), CS=collection set, F=free, OA=open archive, CA=closed archive, TAMS=top-at-mark-start (previous, next)
|   0|0x0000000601000000, 0x00000006013c9928, 0x0000000601400000| 94%| O|  |TAMS 0x0000000601000000, 0x0000000601000000| Untracked 
|   1|0x0000000601400000, 0x0000000601400000, 0x0000000601800000|  0%| F|  |TAMS 0x0000000601400000, 0x0000000601400000| Untracked 
|   2|0x0000000601800000, 0x0000000601800000, 0x0000000601c00000|  0%| F|  |TAMS 0x0000000601800000, 0x0000000601800000| Untracked 
|   3|0x0000000601c00000, 0x0000000601ecfd58, 0x0000000602000000| 70%| E|  |TAMS 0x0000000601c00000, 0x0000000601c00000| Complete 

Card table byte_map: [0x00000201d1f90000,0x00000201d2f90000] _byte_map_base: 0x00000201cef88000

Marking Bits (Prev, Next): (CMBitMap*) 0x00000201be048bb0, (CMBitMap*) 0x00000201be048b70
 Prev Bits: [0x00000201dbf50000, 0x00000201e3f10000)
 Next Bits: [0x00000201d3f90000, 0x00000201dbf50000)

Polling page: 0x00000201bbf60000

Metaspace:

Usage:
  Non-class:     18.69 MB used.
      Class:      1.64 MB used.
       Both:     20.33 MB used.

Virtual space:
  Non-class space:       24.00 MB reserved,      18.81 MB ( 78%) committed,  3 nodes.
      Class space:        1.00 GB reserved,       1.81 MB ( <1%) committed,  1 nodes.
             Both:        1.02 GB reserved,      20.62 MB (  2%) committed. 

Chunk freelists:
   Non-Class:  846.00 KB
       Class:  2.17 MB
        Both:  3.00 MB

MaxMetaspaceSize: unlimited
CompressedClassSpaceSize: 1.00 GB
Initial GC threshold: 21.00 MB
Current GC threshold: 32.44 MB
CDS: off
MetaspaceReclaimPolicy: balanced
 - commit_granule_bytes: 65536.
 - commit_granule_words: 8192.
 - virtual_space_node_default_size: 1048576.
 - enlarge_chunks_in_place: 1.
 - new_chunks_are_fully_committed: 0.
 - uncommit_free_chunks: 1.
 - use_allocation_guard: 0.
 - handle_deallocations: 1.


Internal statistics:

num_allocs_failed_limit: 0.
num_arena_births: 274.
num_arena_deaths: 0.
num_vsnodes_births: 4.
num_vsnodes_deaths: 0.
num_space_committed: 328.
num_space_uncommitted: 0.
num_chunks_returned_to_freelist: 0.
num_chunks_taken_from_freelist: 720.
num_chunk_merges: 0.
num_chunk_splits: 460.
num_chunks_enlarged: 304.
num_purges: 0.
num_inconsistent_stats: 0.

CodeHeap 'non-profiled nmethods': size=119168Kb used=1236Kb max_used=1236Kb free=117931Kb
 bounds [0x00000201c92b0000, 0x00000201c9520000, 0x00000201d0710000]
CodeHeap 'profiled nmethods': size=119104Kb used=4766Kb max_used=4766Kb free=114337Kb
 bounds [0x00000201c1e60000, 0x00000201c2310000, 0x00000201c92b0000]
CodeHeap 'non-nmethods': size=7488Kb used=3480Kb max_used=3486Kb free=4007Kb
 bounds [0x00000201c1710000, 0x00000201c1a80000, 0x00000201c1e60000]
 total_blobs=3861 nmethods=2578 adapters=1192
 compilation: enabled
              stopped_count=0, restarted_count=0
 full_count=0

Compilation events (20 events):
Event: 7.972 Thread 0x00000201fa992750 2565       3       jdk.internal.org.objectweb.asm.FieldVisitor::<init> (7 bytes)
Event: 7.972 Thread 0x00000201e70a84b0 2566       3       jdk.internal.org.objectweb.asm.FieldVisitor::<init> (88 bytes)
Event: 7.972 Thread 0x00000201fa992750 nmethod 2565 0x00000201c22fcc10 code [0x00000201c22fcdc0, 0x00000201c22fcf08]
Event: 7.973 Thread 0x00000201faaef6a0 nmethod 2563 0x00000201c22fcf90 code [0x00000201c22fd140, 0x00000201c22fd4c8]
Event: 7.973 Thread 0x00000201faaefbb0 nmethod 2564 0x00000201c22fd610 code [0x00000201c22fd800, 0x00000201c22fdbe8]
Event: 7.973 Thread 0x00000201e70a84b0 nmethod 2566 0x00000201c22fde10 code [0x00000201c22fe060, 0x00000201c22fe948]
Event: 7.974 Thread 0x00000201e70a84b0 2567       3       java.lang.reflect.Method::getRoot (5 bytes)
Event: 7.974 Thread 0x00000201faaefbb0 2568       3       java.lang.PublicMethods$MethodList::length (24 bytes)
Event: 7.974 Thread 0x00000201fa992750 2569       3       java.lang.PublicMethods$MethodList::merge (192 bytes)
Event: 7.974 Thread 0x00000201faaef6a0 2570       3       java.lang.PublicMethods::merge (81 bytes)
Event: 7.974 Thread 0x00000201e70a84b0 nmethod 2567 0x00000201c22fec10 code [0x00000201c22feda0, 0x00000201c22feeb8]
Event: 7.974 Thread 0x00000201e70a84b0 2571       3       java.lang.PublicMethods$Key::<init> (24 bytes)
Event: 7.974 Thread 0x00000201faaefbb0 nmethod 2568 0x00000201c22fef90 code [0x00000201c22ff120, 0x00000201c22ff2f8]
Event: 7.974 Thread 0x00000201e70a84b0 nmethod 2571 0x00000201c22ff410 code [0x00000201c22ff5e0, 0x00000201c22ff978]
Event: 7.974 Thread 0x00000201fa992750 nmethod 2569 0x00000201c22ffb10 code [0x00000201c22ffd80, 0x00000201c23008a8]
Event: 7.974 Thread 0x00000201faaef6a0 nmethod 2570 0x00000201c2300c90 code [0x00000201c2300ee0, 0x00000201c2301948]
Event: 7.975 Thread 0x00000201fa992750 2572  s    1       java.lang.StringBuffer::length (5 bytes)
Event: 7.975 Thread 0x00000201fa992750 nmethod 2572 0x00000201c93e5010 code [0x00000201c93e51a0, 0x00000201c93e5318]
Event: 7.975 Thread 0x00000201faaef6a0 2573       3       java.util.Calendar::internalGet (7 bytes)
Event: 7.975 Thread 0x00000201faaef6a0 nmethod 2573 0x00000201c2301d90 code [0x00000201c2301f20, 0x00000201c2302058]

GC Heap History (20 events):
Event: 7.100 GC heap before
{Heap before GC invocations=31 (full 3):
 garbage-first heap   total 20480K, used 3329K [0x0000000601000000, 0x0000000800000000)
  region size 4096K, 2 young (8192K), 1 survivors (4096K)
 Metaspace       used 18375K, committed 18624K, reserved 1073152K
  class space    used 1490K, committed 1600K, reserved 1048576K
}
Event: 7.101 GC heap after
{Heap after GC invocations=32 (full 3):
 garbage-first heap   total 20480K, used 3335K [0x0000000601000000, 0x0000000800000000)
  region size 4096K, 1 young (4096K), 1 survivors (4096K)
 Metaspace       used 18375K, committed 18624K, reserved 1073152K
  class space    used 1490K, committed 1600K, reserved 1048576K
}
Event: 7.260 GC heap before
{Heap before GC invocations=32 (full 3):
 garbage-first heap   total 20480K, used 3335K [0x0000000601000000, 0x0000000800000000)
  region size 4096K, 2 young (8192K), 1 survivors (4096K)
 Metaspace       used 18376K, committed 18624K, reserved 1073152K
  class space    used 1490K, committed 1600K, reserved 1048576K
}
Event: 7.261 GC heap after
{Heap after GC invocations=33 (full 3):
 garbage-first heap   total 20480K, used 3336K [0x0000000601000000, 0x0000000800000000)
  region size 4096K, 1 young (4096K), 1 survivors (4096K)
 Metaspace       used 18376K, committed 18624K, reserved 1073152K
  class space    used 1490K, committed 1600K, reserved 1048576K
}
Event: 7.417 GC heap before
{Heap before GC invocations=33 (full 3):
 garbage-first heap   total 20480K, used 3336K [0x0000000601000000, 0x0000000800000000)
  region size 4096K, 2 young (8192K), 1 survivors (4096K)
 Metaspace       used 18376K, committed 18624K, reserved 1073152K
  class space    used 1490K, committed 1600K, reserved 1048576K
}
Event: 7.418 GC heap after
{Heap after GC invocations=34 (full 3):
 garbage-first heap   total 20480K, used 3338K [0x0000000601000000, 0x0000000800000000)
  region size 4096K, 1 young (4096K), 1 survivors (4096K)
 Metaspace       used 18376K, committed 18624K, reserved 1073152K
  class space    used 1490K, committed 1600K, reserved 1048576K
}
Event: 7.574 GC heap before
{Heap before GC invocations=34 (full 3):
 garbage-first heap   total 20480K, used 3338K [0x0000000601000000, 0x0000000800000000)
  region size 4096K, 2 young (8192K), 1 survivors (4096K)
 Metaspace       used 18403K, committed 18624K, reserved 1073152K
  class space    used 1490K, committed 1600K, reserved 1048576K
}
Event: 7.574 GC heap after
{Heap after GC invocations=35 (full 3):
 garbage-first heap   total 20480K, used 3346K [0x0000000601000000, 0x0000000800000000)
  region size 4096K, 1 young (4096K), 1 survivors (4096K)
 Metaspace       used 18403K, committed 18624K, reserved 1073152K
  class space    used 1490K, committed 1600K, reserved 1048576K
}
Event: 7.731 GC heap before
{Heap before GC invocations=35 (full 3):
 garbage-first heap   total 20480K, used 3346K [0x0000000601000000, 0x0000000800000000)
  region size 4096K, 2 young (8192K), 1 survivors (4096K)
 Metaspace       used 18459K, committed 18688K, reserved 1073152K
  class space    used 1490K, committed 1600K, reserved 1048576K
}
Event: 7.732 GC heap after
{Heap after GC invocations=36 (full 3):
 garbage-first heap   total 20480K, used 3351K [0x0000000601000000, 0x0000000800000000)
  region size 4096K, 1 young (4096K), 1 survivors (4096K)
 Metaspace       used 18459K, committed 18688K, reserved 1073152K
  class space    used 1490K, committed 1600K, reserved 1048576K
}
Event: 7.875 GC heap before
{Heap before GC invocations=36 (full 3):
 garbage-first heap   total 20480K, used 3351K [0x0000000601000000, 0x0000000800000000)
  region size 4096K, 2 young (8192K), 1 survivors (4096K)
 Metaspace       used 19308K, committed 19584K, reserved 1073152K
  class space    used 1592K, committed 1728K, reserved 1048576K
}
Event: 7.875 GC heap after
{Heap after GC invocations=37 (full 3):
 garbage-first heap   total 20480K, used 3632K [0x0000000601000000, 0x0000000800000000)
  region size 4096K, 1 young (4096K), 1 survivors (4096K)
 Metaspace       used 19308K, committed 19584K, reserved 1073152K
  class space    used 1592K, committed 1728K, reserved 1048576K
}
Event: 7.885 GC heap before
{Heap before GC invocations=37 (full 3):
 garbage-first heap   total 20480K, used 3632K [0x0000000601000000, 0x0000000800000000)
  region size 4096K, 2 young (8192K), 1 survivors (4096K)
 Metaspace       used 19550K, committed 19904K, reserved 1073152K
  class space    used 1624K, committed 1792K, reserved 1048576K
}
Event: 7.895 GC heap after
{Heap after GC invocations=38 (full 4):
 garbage-first heap   total 16384K, used 3666K [0x0000000601000000, 0x0000000800000000)
  region size 4096K, 0 young (0K), 0 survivors (0K)
 Metaspace       used 19550K, committed 19904K, reserved 1073152K
  class space    used 1624K, committed 1792K, reserved 1048576K
}
Event: 7.895 GC heap before
{Heap before GC invocations=38 (full 4):
 garbage-first heap   total 16384K, used 3666K [0x0000000601000000, 0x0000000800000000)
  region size 4096K, 0 young (0K), 0 survivors (0K)
 Metaspace       used 19550K, committed 19904K, reserved 1073152K
  class space    used 1624K, committed 1792K, reserved 1048576K
}
Event: 7.903 GC heap after
{Heap after GC invocations=39 (full 5):
 garbage-first heap   total 16384K, used 3658K [0x0000000601000000, 0x0000000800000000)
  region size 4096K, 0 young (0K), 0 survivors (0K)
 Metaspace       used 19550K, committed 19904K, reserved 1073152K
  class space    used 1624K, committed 1792K, reserved 1048576K
}
Event: 7.904 GC heap before
{Heap before GC invocations=39 (full 5):
 garbage-first heap   total 16384K, used 3658K [0x0000000601000000, 0x0000000800000000)
  region size 4096K, 1 young (4096K), 0 survivors (0K)
 Metaspace       used 19550K, committed 19904K, reserved 1073152K
  class space    used 1624K, committed 1792K, reserved 1048576K
}
Event: 7.911 GC heap after
{Heap after GC invocations=40 (full 6):
 garbage-first heap   total 16384K, used 3658K [0x0000000601000000, 0x0000000800000000)
  region size 4096K, 0 young (0K), 0 survivors (0K)
 Metaspace       used 19550K, committed 19904K, reserved 1073152K
  class space    used 1624K, committed 1792K, reserved 1048576K
}
Event: 7.922 GC heap before
{Heap before GC invocations=40 (full 6):
 garbage-first heap   total 16384K, used 3658K [0x0000000601000000, 0x0000000800000000)
  region size 4096K, 1 young (4096K), 0 survivors (0K)
 Metaspace       used 19594K, committed 19904K, reserved 1073152K
  class space    used 1628K, committed 1792K, reserved 1048576K
}
Event: 7.931 GC heap after
{Heap after GC invocations=41 (full 7):
 garbage-first heap   total 16384K, used 3878K [0x0000000601000000, 0x0000000800000000)
  region size 4096K, 0 young (0K), 0 survivors (0K)
 Metaspace       used 19594K, committed 19904K, reserved 1073152K
  class space    used 1628K, committed 1792K, reserved 1048576K
}

Dll operation events (2 events):
Event: 0.003 Loaded shared library D:\Programming\JetBrains\apps\IDEA-U\ch-0\223.8214.52\jbr\bin\java.dll
Event: 0.080 Loaded shared library D:\Programming\JetBrains\apps\IDEA-U\ch-0\223.8214.52\jbr\bin\verify.dll

Deoptimization events (20 events):
Event: 7.837 Thread 0x00000201bdf9a740 Uncommon trap: trap_request=0xffffffc6 fr.pc=0x00000201c93c6df4 relative=0x00000000000010b4
Event: 7.837 Thread 0x00000201bdf9a740 Uncommon trap: reason=bimorphic_or_optimized_type_check action=maybe_recompile pc=0x00000201c93c6df4 method=java.util.stream.AbstractPipeline.copyInto(Ljava/util/stream/Sink;Ljava/util/Spliterator;)V @ 20 c2
Event: 7.837 Thread 0x00000201bdf9a740 DEOPT PACKING pc=0x00000201c93c6df4 sp=0x000000711c2fd750
Event: 7.837 Thread 0x00000201bdf9a740 DEOPT UNPACKING pc=0x00000201c17623a3 sp=0x000000711c2fd6c0 mode 2
Event: 7.860 Thread 0x00000201bdf9a740 Uncommon trap: trap_request=0xffffffc6 fr.pc=0x00000201c93c4710 relative=0x0000000000000cf0
Event: 7.860 Thread 0x00000201bdf9a740 Uncommon trap: reason=bimorphic_or_optimized_type_check action=maybe_recompile pc=0x00000201c93c4710 method=java.util.stream.AbstractPipeline.copyInto(Ljava/util/stream/Sink;Ljava/util/Spliterator;)V @ 20 c2
Event: 7.860 Thread 0x00000201bdf9a740 DEOPT PACKING pc=0x00000201c93c4710 sp=0x000000711c2fd6d0
Event: 7.860 Thread 0x00000201bdf9a740 DEOPT UNPACKING pc=0x00000201c17623a3 sp=0x000000711c2fd6b8 mode 2
Event: 7.914 Thread 0x00000201bdf9a740 Uncommon trap: trap_request=0xffffffc6 fr.pc=0x00000201c93c1054 relative=0x0000000000000114
Event: 7.914 Thread 0x00000201bdf9a740 Uncommon trap: reason=bimorphic_or_optimized_type_check action=maybe_recompile pc=0x00000201c93c1054 method=java.util.regex.Pattern$CharProperty.study(Ljava/util/regex/Pattern$TreeInfo;)Z @ 25 c2
Event: 7.914 Thread 0x00000201bdf9a740 DEOPT PACKING pc=0x00000201c93c1054 sp=0x000000711c2fd7e0
Event: 7.914 Thread 0x00000201bdf9a740 DEOPT UNPACKING pc=0x00000201c17623a3 sp=0x000000711c2fd768 mode 2
Event: 7.916 Thread 0x00000201bdf9a740 Uncommon trap: trap_request=0xffffffc6 fr.pc=0x00000201c93c1054 relative=0x0000000000000114
Event: 7.916 Thread 0x00000201bdf9a740 Uncommon trap: reason=bimorphic_or_optimized_type_check action=maybe_recompile pc=0x00000201c93c1054 method=java.util.regex.Pattern$CharProperty.study(Ljava/util/regex/Pattern$TreeInfo;)Z @ 25 c2
Event: 7.916 Thread 0x00000201bdf9a740 DEOPT PACKING pc=0x00000201c93c1054 sp=0x000000711c2fd7e0
Event: 7.916 Thread 0x00000201bdf9a740 DEOPT UNPACKING pc=0x00000201c17623a3 sp=0x000000711c2fd768 mode 2
Event: 7.932 Thread 0x00000201bdf9a740 Uncommon trap: trap_request=0xffffffc6 fr.pc=0x00000201c93dc1f8 relative=0x00000000000005b8
Event: 7.932 Thread 0x00000201bdf9a740 Uncommon trap: reason=bimorphic_or_optimized_type_check action=maybe_recompile pc=0x00000201c93dc1f8 method=java.util.HashMap.getNode(Ljava/lang/Object;)Ljava/util/HashMap$Node; @ 128 c2
Event: 7.932 Thread 0x00000201bdf9a740 DEOPT PACKING pc=0x00000201c93dc1f8 sp=0x000000711c2fe760
Event: 7.932 Thread 0x00000201bdf9a740 DEOPT UNPACKING pc=0x00000201c17623a3 sp=0x000000711c2fe6d8 mode 2

Classes unloaded (0 events):
No events

Classes redefined (0 events):
No events

Internal exceptions (20 events):
Event: 0.525 Thread 0x00000201bdf9a740 Exception <a 'java/lang/NoSuchMethodError'{0x0000000620339b18}: 'int java.lang.invoke.DirectMethodHandle$Holder.invokeStaticInit(java.lang.Object, java.lang.Object, java.lang.Object)'> (0x0000000620339b18) 
thrown [s\src\hotspot\share\interpreter\linkResolver.cpp, line 771]
Event: 0.530 Thread 0x00000201bdf9a740 Exception <a 'java/lang/NoSuchMethodError'{0x00000006203958a0}: 'void java.lang.invoke.DirectMethodHandle$Holder.invokeStaticInit(java.lang.Object, java.lang.Object)'> (0x00000006203958a0) 
thrown [s\src\hotspot\share\interpreter\linkResolver.cpp, line 771]
Event: 0.569 Thread 0x00000201bdf9a740 Exception <a 'sun/nio/fs/WindowsException'{0x000000061fe20850}> (0x000000061fe20850) 
thrown [s\src\hotspot\share\prims\jni.cpp, line 517]
Event: 0.569 Thread 0x00000201bdf9a740 Exception <a 'sun/nio/fs/WindowsException'{0x000000061fe20bd8}> (0x000000061fe20bd8) 
thrown [s\src\hotspot\share\prims\jni.cpp, line 517]
Event: 0.573 Thread 0x00000201bdf9a740 Exception <a 'java/lang/NoSuchMethodError'{0x000000061fe48540}: 'void java.lang.invoke.DirectMethodHandle$Holder.invokeStatic(java.lang.Object, java.lang.Object, java.lang.Object)'> (0x000000061fe48540) 
thrown [s\src\hotspot\share\interpreter\linkResolver.cpp, line 771]
Event: 0.636 Thread 0x00000201bdf9a740 Exception <a 'java/lang/NoSuchMethodError'{0x000000061ff3ab18}: 'java.lang.Object java.lang.invoke.DirectMethodHandle$Holder.invokeStatic(java.lang.Object, int, java.lang.Object)'> (0x000000061ff3ab18) 
thrown [s\src\hotspot\share\interpreter\linkResolver.cpp, line 771]
Event: 0.638 Thread 0x00000201bdf9a740 Exception <a 'java/lang/NoSuchMethodError'{0x000000061ff59210}: 'void java.lang.invoke.DirectMethodHandle$Holder.invokeStatic(java.lang.Object, int, java.lang.Object)'> (0x000000061ff59210) 
thrown [s\src\hotspot\share\interpreter\linkResolver.cpp, line 771]
Event: 0.639 Thread 0x00000201bdf9a740 Exception <a 'java/lang/NoSuchMethodError'{0x000000061ff65b68}: 'void java.lang.invoke.DirectMethodHandle$Holder.invokeSpecial(java.lang.Object, java.lang.Object, int, java.lang.Object)'> (0x000000061ff65b68) 
thrown [s\src\hotspot\share\interpreter\linkResolver.cpp, line 771]
Event: 0.655 Thread 0x00000201bdf9a740 Exception <a 'java/lang/NoSuchMethodError'{0x0000000605062490}: 'java.lang.Object java.lang.invoke.Invokers$Holder.invokeExact_MT(java.lang.Object, java.lang.Object, java.lang.Object, java.lang.Object, java.lang.Object, java.lang.Object)'> (0x0000000605062490) 
thrown [s\src\hotspot\share\interpreter\linkResolver.cpp, line 771]
Event: 0.664 Thread 0x00000201bdf9a740 Exception <a 'sun/nio/fs/WindowsException'{0x00000006050dfec0}> (0x00000006050dfec0) 
thrown [s\src\hotspot\share\prims\jni.cpp, line 517]
Event: 0.724 Thread 0x00000201bdf9a740 Exception <a 'java/lang/NoSuchMethodError'{0x00000006051f6858}: 'void java.lang.invoke.DirectMethodHandle$Holder.invokeVirtual(java.lang.Object, java.lang.Object, long, double, double)'> (0x00000006051f6858) 
thrown [s\src\hotspot\share\interpreter\linkResolver.cpp, line 771]
Event: 0.725 Thread 0x00000201bdf9a740 Exception <a 'java/lang/NoSuchMethodError'{0x00000006051fc3d8}: 'void java.lang.invoke.DirectMethodHandle$Holder.invokeVirtual(java.lang.Object, java.lang.Object, long, int, int, int, int)'> (0x00000006051fc3d8) 
thrown [s\src\hotspot\share\interpreter\linkResolver.cpp, line 771]
Event: 0.795 Thread 0x00000201bdf9a740 Exception <a 'java/lang/ClassNotFoundException'{0x0000000601c28c10}: sun/awt/resources/spi/awtProvider> (0x0000000601c28c10) 
thrown [s\src\hotspot\share\classfile\systemDictionary.cpp, line 256]
Event: 0.799 Thread 0x00000201bdf9a740 Exception <a 'java/io/FileNotFoundException'{0x0000000601c38960}> (0x0000000601c38960) 
thrown [s\src\hotspot\share\prims\jni.cpp, line 517]
Event: 0.799 Thread 0x00000201bdf9a740 Exception <a 'java/io/FileNotFoundException'{0x0000000601c3a118}> (0x0000000601c3a118) 
thrown [s\src\hotspot\share\prims\jni.cpp, line 517]
Event: 2.658 Thread 0x00000201bdf9a740 Exception <a 'java/lang/NoSuchMethodError'{0x0000000601e3d2f8}: 'java.lang.Object java.lang.invoke.DirectMethodHandle$Holder.invokeStatic(java.lang.Object, float)'> (0x0000000601e3d2f8) 
thrown [s\src\hotspot\share\interpreter\linkResolver.cpp, line 771]
Event: 2.661 Thread 0x00000201bdf9a740 Exception <a 'java/lang/NoSuchMethodError'{0x0000000601e74398}: 'java.lang.Object java.lang.invoke.DirectMethodHandle$Holder.invokeSpecial(java.lang.Object, java.lang.Object, float)'> (0x0000000601e74398) 
thrown [s\src\hotspot\share\interpreter\linkResolver.cpp, line 771]
Event: 6.048 Thread 0x00000201bdf9a740 Exception <a 'java/lang/NoSuchMethodError'{0x00000006021d71b8}: 'java.lang.Object java.lang.invoke.DirectMethodHandle$Holder.invokeInterface(java.lang.Object, java.lang.Object)'> (0x00000006021d71b8) 
thrown [s\src\hotspot\share\interpreter\linkResolver.cpp, line 771]
Event: 7.935 Thread 0x00000201bdf9a740 Exception <a 'java/lang/NoSuchMethodError'{0x0000000601cb5e40}: 'java.lang.Object java.lang.invoke.DirectMethodHandle$Holder.invokeStatic(java.lang.Object, int, java.lang.Object, java.lang.Object)'> (0x0000000601cb5e40) 
thrown [s\src\hotspot\share\interpreter\linkResolver.cpp, line 771]
Event: 7.935 Thread 0x00000201bdf9a740 Exception <a 'java/lang/NoSuchMethodError'{0x0000000601cbc8a8}: 'java.lang.Object java.lang.invoke.DirectMethodHandle$Holder.newInvokeSpecial(java.lang.Object, int, java.lang.Object)'> (0x0000000601cbc8a8) 
thrown [s\src\hotspot\share\interpreter\linkResolver.cpp, line 771]

VM Operations (20 events):
Event: 7.574 Executing VM operation: G1CollectForAllocation
Event: 7.574 Executing VM operation: G1CollectForAllocation done
Event: 7.731 Executing VM operation: G1CollectForAllocation
Event: 7.732 Executing VM operation: G1CollectForAllocation done
Event: 7.828 Executing VM operation: HandshakeAllThreads
Event: 7.828 Executing VM operation: HandshakeAllThreads done
Event: 7.831 Executing VM operation: HandshakeAllThreads
Event: 7.831 Executing VM operation: HandshakeAllThreads done
Event: 7.867 Executing VM operation: HandshakeAllThreads
Event: 7.867 Executing VM operation: HandshakeAllThreads done
Event: 7.875 Executing VM operation: G1CollectForAllocation
Event: 7.875 Executing VM operation: G1CollectForAllocation done
Event: 7.884 Executing VM operation: G1CollectFull
Event: 7.895 Executing VM operation: G1CollectFull done
Event: 7.895 Executing VM operation: G1CollectFull
Event: 7.903 Executing VM operation: G1CollectFull done
Event: 7.904 Executing VM operation: G1CollectFull
Event: 7.911 Executing VM operation: G1CollectFull done
Event: 7.922 Executing VM operation: G1CollectFull
Event: 7.931 Executing VM operation: G1CollectFull done

Events (20 events):
Event: 7.866 loading class java/util/concurrent/LinkedBlockingQueue
Event: 7.866 loading class java/util/concurrent/BlockingQueue
Event: 7.866 loading class java/util/concurrent/BlockingQueue done
Event: 7.866 loading class java/util/AbstractQueue
Event: 7.866 loading class java/util/AbstractQueue done
Event: 7.866 loading class java/util/concurrent/LinkedBlockingQueue done
Event: 7.866 loading class java/util/concurrent/locks/AbstractQueuedSynchronizer$ConditionObject
Event: 7.866 loading class java/util/concurrent/locks/Condition
Event: 7.866 loading class java/util/concurrent/locks/Condition done
Event: 7.866 loading class java/util/concurrent/locks/AbstractQueuedSynchronizer$ConditionObject done
Event: 7.866 loading class java/util/concurrent/LinkedBlockingQueue$Node
Event: 7.866 loading class java/util/concurrent/LinkedBlockingQueue$Node done
Event: 7.867 loading class java/lang/InheritableThreadLocal
Event: 7.867 loading class java/lang/InheritableThreadLocal done
Event: 7.868 loading class java/util/LinkedHashMap$LinkedKeySet
Event: 7.868 loading class java/util/LinkedHashMap$LinkedKeySet done
Event: 7.868 loading class java/util/LinkedHashMap$LinkedKeyIterator
Event: 7.868 loading class java/util/LinkedHashMap$LinkedKeyIterator done
Event: 7.933 loading class jdk/internal/vm/annotation/IntrinsicCandidate
Event: 7.933 loading class jdk/internal/vm/annotation/IntrinsicCandidate done


Dynamic libraries:
0x00007ff789300000 - 0x00007ff78930a000 	D:\Programming\JetBrains\apps\IDEA-U\ch-0\223.8214.52\jbr\bin\java.exe
0x00007ff9feb90000 - 0x00007ff9fed88000 	C:\Windows\SYSTEM32\ntdll.dll
0x00007ff9fdba0000 - 0x00007ff9fdc5f000 	C:\Windows\System32\KERNEL32.DLL
0x00007ff9fc2b0000 - 0x00007ff9fc582000 	C:\Windows\System32\KERNELBASE.dll
0x00007ff9fcad0000 - 0x00007ff9fcbd0000 	C:\Windows\System32\ucrtbase.dll
0x00007ff9ea6e0000 - 0x00007ff9ea6f7000 	D:\Programming\JetBrains\apps\IDEA-U\ch-0\223.8214.52\jbr\bin\jli.dll
0x00007ff9ea110000 - 0x00007ff9ea12b000 	D:\Programming\JetBrains\apps\IDEA-U\ch-0\223.8214.52\jbr\bin\VCRUNTIME140.dll
0x00007ff9fe240000 - 0x00007ff9fe3e1000 	C:\Windows\System32\USER32.dll
0x00007ff9fcaa0000 - 0x00007ff9fcac2000 	C:\Windows\System32\win32u.dll
0x00007ff9f11d0000 - 0x00007ff9f146a000 	C:\Windows\WinSxS\amd64_microsoft.windows.common-controls_6595b64144ccf1df_6.0.19041.1110_none_60b5254171f9507e\COMCTL32.dll
0x00007ff9fdd80000 - 0x00007ff9fddab000 	C:\Windows\System32\GDI32.dll
0x00007ff9fda20000 - 0x00007ff9fdabe000 	C:\Windows\System32\msvcrt.dll
0x00007ff9fc900000 - 0x00007ff9fca0f000 	C:\Windows\System32\gdi32full.dll
0x00007ff9fc590000 - 0x00007ff9fc62d000 	C:\Windows\System32\msvcp_win.dll
0x00007ff9fde30000 - 0x00007ff9fde62000 	C:\Windows\System32\IMM32.DLL
0x00007ff9ea3c0000 - 0x00007ff9ea3cc000 	D:\Programming\JetBrains\apps\IDEA-U\ch-0\223.8214.52\jbr\bin\vcruntime140_1.dll
0x00007ff9b7210000 - 0x00007ff9b729d000 	D:\Programming\JetBrains\apps\IDEA-U\ch-0\223.8214.52\jbr\bin\msvcp140.dll
0x00007ff9a7170000 - 0x00007ff9a7ddb000 	D:\Programming\JetBrains\apps\IDEA-U\ch-0\223.8214.52\jbr\bin\server\jvm.dll
0x00007ff9fded0000 - 0x00007ff9fdf7e000 	C:\Windows\System32\ADVAPI32.dll
0x00007ff9fd7d0000 - 0x00007ff9fd86c000 	C:\Windows\System32\sechost.dll
0x00007ff9fdf80000 - 0x00007ff9fe0a5000 	C:\Windows\System32\RPCRT4.dll
0x00007ff9dce20000 - 0x00007ff9dce29000 	C:\Windows\SYSTEM32\WSOCK32.dll
0x00007ff9f4fd0000 - 0x00007ff9f4ff7000 	C:\Windows\SYSTEM32\WINMM.dll
0x00007ff9f64b0000 - 0x00007ff9f64ba000 	C:\Windows\SYSTEM32\VERSION.dll
0x00007ff9fd760000 - 0x00007ff9fd7cb000 	C:\Windows\System32\WS2_32.dll
0x00007ff9fa160000 - 0x00007ff9fa172000 	C:\Windows\SYSTEM32\kernel.appcore.dll
0x00007ff9f8e70000 - 0x00007ff9f8e7a000 	D:\Programming\JetBrains\apps\IDEA-U\ch-0\223.8214.52\jbr\bin\jimage.dll
0x00007ff9f20b0000 - 0x00007ff9f2294000 	C:\Windows\SYSTEM32\DBGHELP.DLL
0x00007ff9ea230000 - 0x00007ff9ea265000 	C:\Windows\SYSTEM32\dbgcore.DLL
0x00007ff9fca10000 - 0x00007ff9fca92000 	C:\Windows\System32\bcryptPrimitives.dll
0x00007ff9f8e40000 - 0x00007ff9f8e65000 	D:\Programming\JetBrains\apps\IDEA-U\ch-0\223.8214.52\jbr\bin\java.dll
0x00007ff9f1780000 - 0x00007ff9f1798000 	D:\Programming\JetBrains\apps\IDEA-U\ch-0\223.8214.52\jbr\bin\zip.dll
0x00007ff9fe3f0000 - 0x00007ff9feb34000 	C:\Windows\System32\SHELL32.dll
0x00007ff9fa360000 - 0x00007ff9faaf2000 	C:\Windows\SYSTEM32\windows.storage.dll
0x00007ff9fccf0000 - 0x00007ff9fd045000 	C:\Windows\System32\combase.dll
0x00007ff9fbc60000 - 0x00007ff9fbc90000 	C:\Windows\SYSTEM32\Wldp.dll
0x00007ff9fe0b0000 - 0x00007ff9fe15d000 	C:\Windows\System32\SHCORE.dll
0x00007ff9fdc60000 - 0x00007ff9fdcb5000 	C:\Windows\System32\shlwapi.dll
0x00007ff9fc1c0000 - 0x00007ff9fc1df000 	C:\Windows\SYSTEM32\profapi.dll
0x00007ff9ef620000 - 0x00007ff9ef639000 	D:\Programming\JetBrains\apps\IDEA-U\ch-0\223.8214.52\jbr\bin\net.dll
0x00007ff9f5d40000 - 0x00007ff9f5e4c000 	C:\Windows\SYSTEM32\WINHTTP.dll
0x00007ff9fb960000 - 0x00007ff9fb9ca000 	C:\Windows\system32\mswsock.dll
0x00007ff9ef600000 - 0x00007ff9ef616000 	D:\Programming\JetBrains\apps\IDEA-U\ch-0\223.8214.52\jbr\bin\nio.dll
0x00007ff9f4420000 - 0x00007ff9f4430000 	D:\Programming\JetBrains\apps\IDEA-U\ch-0\223.8214.52\jbr\bin\verify.dll
0x00007ff9b68f0000 - 0x00007ff9b6965000 	C:\Users\stuka\AppData\Local\Temp\lwjglstuka\3.3.1-SNAPSHOT\lwjgl.dll
0x00007ff9d8a20000 - 0x00007ff9d8a81000 	C:\Users\stuka\AppData\Local\Temp\lwjglstuka\3.3.1-SNAPSHOT\glfw.dll
0x00007ff9e6140000 - 0x00007ff9e6185000 	C:\Windows\SYSTEM32\dinput8.dll
0x00007ff9bc960000 - 0x00007ff9bc971000 	C:\Windows\SYSTEM32\xinput1_4.dll
0x00007ff9fc630000 - 0x00007ff9fc67e000 	C:\Windows\System32\cfgmgr32.dll
0x00007ff9fc030000 - 0x00007ff9fc05c000 	C:\Windows\SYSTEM32\DEVOBJ.dll
0x00007ff9f9e70000 - 0x00007ff9f9e9f000 	C:\Windows\SYSTEM32\dwmapi.dll
0x00007ff9ecbd0000 - 0x00007ff9ecd22000 	C:\Windows\SYSTEM32\inputhost.dll
0x00007ff9fe170000 - 0x00007ff9fe23d000 	C:\Windows\System32\OLEAUT32.dll
0x00007ff9f8c10000 - 0x00007ff9f8d64000 	C:\Windows\SYSTEM32\wintypes.dll
0x00007ff9f7ba0000 - 0x00007ff9f7c96000 	C:\Windows\SYSTEM32\PROPSYS.dll
0x00007ff9f9790000 - 0x00007ff9f9882000 	C:\Windows\SYSTEM32\CoreMessaging.dll
0x00007ff9f9430000 - 0x00007ff9f978e000 	C:\Windows\SYSTEM32\CoreUIComponents.dll
0x00007ff9fb3a0000 - 0x00007ff9fb3d3000 	C:\Windows\SYSTEM32\ntmarta.dll
0x00007ff9f9c40000 - 0x00007ff9f9cde000 	C:\Windows\system32\uxtheme.dll
0x00007ff9fcbd0000 - 0x00007ff9fcce5000 	C:\Windows\System32\MSCTF.dll
0x00007ff9b6970000 - 0x00007ff9b6a95000 	C:\Windows\SYSTEM32\opengl32.dll
0x00007ff9eae90000 - 0x00007ff9eaebc000 	C:\Windows\SYSTEM32\GLU32.dll
0x00007ff9fdcd0000 - 0x00007ff9fdd7f000 	C:\Windows\System32\clbcatq.dll
0x00007ff96cfb0000 - 0x00007ff9708e3000 	C:\Windows\System32\DriverStore\FileRepository\nv_dispi.inf_amd64_f840d03a202f8a32\nvoglv64.dll
0x00007ff9fd100000 - 0x00007ff9fd568000 	C:\Windows\System32\SETUPAPI.dll
0x00007ff9fc280000 - 0x00007ff9fc2a7000 	C:\Windows\System32\bcrypt.dll
0x00007ff9fd5d0000 - 0x00007ff9fd6fa000 	C:\Windows\System32\ole32.dll
0x00007ff9f7dd0000 - 0x00007ff9f7de4000 	C:\Windows\SYSTEM32\WTSAPI32.dll
0x00007ff9fbe70000 - 0x00007ff9fbe82000 	C:\Windows\SYSTEM32\msasn1.dll
0x00007ff9f65b0000 - 0x00007ff9f65e1000 	C:\Windows\SYSTEM32\cryptnet.dll
0x00007ff9fc7a0000 - 0x00007ff9fc8f6000 	C:\Windows\System32\CRYPT32.dll
0x00007ff9f60e0000 - 0x00007ff9f6228000 	C:\Windows\SYSTEM32\drvstore.dll
0x00007ff9fbcd0000 - 0x00007ff9fbcdc000 	C:\Windows\SYSTEM32\cryptbase.dll
0x00007ff9fc730000 - 0x00007ff9fc799000 	C:\Windows\System32\WINTRUST.dll
0x00007ff9f4790000 - 0x00007ff9f47cb000 	C:\Windows\SYSTEM32\dxcore.dll
0x00007ff9bd7f0000 - 0x00007ff9bdabf000 	C:\Windows\system32\nvspcap64.dll
0x00007ff9fbe20000 - 0x00007ff9fbe6b000 	C:\Windows\SYSTEM32\powrprof.dll
0x00007ff9fbd10000 - 0x00007ff9fbd22000 	C:\Windows\SYSTEM32\UMPDC.dll
0x00007ff9fba30000 - 0x00007ff9fba94000 	C:\Windows\SYSTEM32\WINSTA.dll
0x00007ff9ecd30000 - 0x00007ff9ece29000 	C:\Windows\SYSTEM32\textinputframework.dll
0x00007ff9ccbe0000 - 0x00007ff9ccc3d000 	C:\Users\stuka\AppData\Local\Temp\lwjglstuka\3.3.1-SNAPSHOT\lwjgl_opengl.dll
0x00007ff9b41b0000 - 0x00007ff9b4347000 	C:\Users\stuka\AppData\Local\Temp\lwjglstuka\3.3.1-SNAPSHOT\OpenAL.dll
0x00007ff9f5a70000 - 0x00007ff9f5af5000 	C:\Windows\System32\MMDevApi.dll
0x00007ff9f5f50000 - 0x00007ff9f60d2000 	C:\Windows\SYSTEM32\AUDIOSES.DLL
0x00007ff9f9d70000 - 0x00007ff9f9d84000 	C:\Windows\SYSTEM32\resourcepolicyclient.dll
0x00007ff9b5f90000 - 0x00007ff9b6011000 	C:\Users\stuka\AppData\Local\Temp\lwjglstuka\3.3.1-SNAPSHOT\lwjgl_stb.dll
0x0000000064a00000 - 0x00000000657b1000 	C:\Users\stuka\AppData\Local\Temp\imgui-java-natives_1673295455949\imgui-java64.dll
0x00007ff9dba50000 - 0x00007ff9dbbe3000 	D:\Programming\JetBrains\apps\IDEA-U\ch-0\223.8214.52\jbr\bin\awt.dll
0x00007ff9f9aa0000 - 0x00007ff9f9b31000 	C:\Windows\SYSTEM32\apphelp.dll

dbghelp: loaded successfully - version: 4.0.5 - missing functions: none
symbol engine: initialized successfully - sym options: 0x614 - pdb path: .;D:\Programming\JetBrains\apps\IDEA-U\ch-0\223.8214.52\jbr\bin;C:\Windows\SYSTEM32;C:\Windows\WinSxS\amd64_microsoft.windows.common-controls_6595b64144ccf1df_6.0.19041.1110_none_60b5254171f9507e;D:\Programming\JetBrains\apps\IDEA-U\ch-0\223.8214.52\jbr\bin\server;C:\Users\stuka\AppData\Local\Temp\lwjglstuka\3.3.1-SNAPSHOT;C:\Windows\System32\DriverStore\FileRepository\nv_dispi.inf_amd64_f840d03a202f8a32;C:\Users\stuka\AppData\Local\Temp\imgui-java-natives_1673295455949

VM Arguments:
jvm_args: -Dfile.encoding=windows-1251 -Duser.country=RU -Duser.language=ru -Duser.variant 
java_command: SungearEngine2D.Main.Main
java_class_path (initial): D:\Pixelfield\SungearEngine2D\Engine\build\classes\java\main;D:\Pixelfield\SungearEngine2D\Engine\build\resources\main;D:\Pixelfield\SungearEngine2D\Engine\libs\Core2D.jar;D:\Pixelfield\SungearEngine2D\Engine\libs\imgui-app-1.84.1.3.jar
Launcher Type: SUN_STANDARD

[Global flags]
     intx CICompilerCount                          = 12                                        {product} {ergonomic}
     uint ConcGCThreads                            = 3                                         {product} {ergonomic}
     uint G1ConcRefinementThreads                  = 13                                        {product} {ergonomic}
   size_t G1HeapRegionSize                         = 4194304                                   {product} {ergonomic}
    uintx GCDrainStackTargetSize                   = 64                                        {product} {ergonomic}
   size_t InitialHeapSize                          = 536870912                                 {product} {ergonomic}
   size_t MarkStackSize                            = 4194304                                   {product} {ergonomic}
   size_t MaxHeapSize                              = 8573157376                                {product} {ergonomic}
   size_t MaxNewSize                               = 5142216704                                {product} {ergonomic}
   size_t MinHeapDeltaBytes                        = 4194304                                   {product} {ergonomic}
   size_t MinHeapSize                              = 8388608                                   {product} {ergonomic}
    uintx NonNMethodCodeHeapSize                   = 7602480                                {pd product} {ergonomic}
    uintx NonProfiledCodeHeapSize                  = 122027880                              {pd product} {ergonomic}
    uintx ProfiledCodeHeapSize                     = 122027880                              {pd product} {ergonomic}
    uintx ReservedCodeCacheSize                    = 251658240                              {pd product} {ergonomic}
     bool SegmentedCodeCache                       = true                                      {product} {ergonomic}
   size_t SoftMaxHeapSize                          = 8573157376                             {manageable} {ergonomic}
     bool UseCompressedClassPointers               = true                           {product lp64_product} {ergonomic}
     bool UseCompressedOops                        = true                           {product lp64_product} {ergonomic}
     bool UseG1GC                                  = true                                      {product} {ergonomic}
     bool UseLargePagesIndividualAllocation        = false                                  {pd product} {ergonomic}

Logging:
Log output configuration:
 #0: stdout all=warning uptime,level,tags
 #1: stderr all=off uptime,level,tags

Environment Variables:
PATH=C:\Windows\system32;C:\Windows;C:\Windows\System32\Wbem;C:\Windows\System32\WindowsPowerShell\v1.0\;C:\Windows\System32\OpenSSH\;C:\Program Files (x86)\NVIDIA Corporation\PhysX\Common;C:\Program Files\NVIDIA Corporation\NVIDIA NvDLISR;C:\Program Files\dotnet\;D:\Python\Scripts\;D:\Python\;C:\Users\stuka\AppData\Local\Microsoft\WindowsApps;C:\Users\stuka\AppData\Local\JetBrains\Toolbox\scripts;C:\Users\stuka\AppData\Local\GitHubDesktop\bin;C:\Users\stuka\.dotnet\tools
USERNAME=stuka
OS=Windows_NT
PROCESSOR_IDENTIFIER=AMD64 Family 25 Model 33 Stepping 2, AuthenticAMD
TMP=C:\Users\stuka\AppData\Local\Temp
TEMP=C:\Users\stuka\AppData\Local\Temp



---------------  S Y S T E M  ---------------

OS:
 Windows 10 , 64 bit Build 19041 (10.0.19041.2364)
OS uptime: 2 days 8:29 hours

CPU: total 16 (initial active 16) (16 cores per cpu, 2 threads per core) family 25 model 33 stepping 2 microcode 0x0, cx8, cmov, fxsr, ht, mmx, 3dnowpref, sse, sse2, sse3, ssse3, sse4a, sse4.1, sse4.2, popcnt, lzcnt, tsc, tscinvbit, avx, avx2, aes, erms, clmul, bmi1, bmi2, adx, sha, fma, vzeroupper, clflush, clflushopt

Memory: 4k page, system-wide physical 32694M (21664M free)
TotalPageFile size 37558M (AvailPageFile size 22086M)
current process WorkingSet (physical memory assigned to process): 195M, peak: 201M
current process commit charge ("private bytes"): 507M, peak: 826M

vm_info: OpenJDK 64-Bit Server VM (17.0.5+1-b653.23) for windows-amd64 JRE (17.0.5+1-b653.23), built on 2022-12-12 by "builduser" with MS VC++ 16.10 / 16.11 (VS2019)

END.
