#
# A fatal error has been detected by the Java Runtime Environment:
#
#  EXCEPTION_ACCESS_VIOLATION (0xc0000005) at pc=0x00007ffed94b5bb6, pid=31588, tid=18112
#
# JRE version: OpenJDK Runtime Environment JBR-17.0.5+1-653.25-jcef (17.0.5+1) (build 17.0.5+1-b653.25)
# Java VM: OpenJDK 64-Bit Server VM JBR-17.0.5+1-653.25-jcef (17.0.5+1-b653.25, mixed mode, tiered, compressed oops, compressed class ptrs, g1 gc, windows-amd64)
# Problematic frame:
# C  [ntdll.dll+0x25bb6]
#
# No core dump will be written. Minidumps are not enabled by default on client versions of Windows
#
# If you would like to submit a bug report, please visit:
#   https://youtrack.jetbrains.com/issues/JBR
#

---------------  S U M M A R Y ------------

Command Line: -Dfile.encoding=windows-1251 -Duser.country=RU -Duser.language=ru -Duser.variant SungearEngine2D.Main.Main

Host: AMD Ryzen 7 5800X 8-Core Processor             , 16 cores, 31G,  Windows 10 , 64 bit Build 19041 (10.0.19041.2364)
Time: Sun Jan 29 01:00:35 2023 RTZ 2 (s 10 , 64 bit Build 19041 (10.0.19041.2364) elapsed time: 0.762029 seconds (0d 0h 0m 0s)

---------------  T H R E A D  ---------------

Current thread (0x000001d3fd8d0990):  JavaThread "Reference Handler" daemon [_thread_in_vm, id=18112, stack(0x0000006caf800000,0x0000006caf900000)]

Stack: [0x0000006caf800000,0x0000006caf900000],  sp=0x0000006caf8ff2c0,  free space=1020k
Native frames: (J=compiled Java code, j=interpreted, Vv=VM code, C=native code)
C  [ntdll.dll+0x25bb6]
C  [ntdll.dll+0x247b1]
C  [ucrtbase.dll+0xf05b]
V  [jvm.dll+0x674e78]
V  [jvm.dll+0x814752]
C  0x000001d3dffcd621

Java frames: (J=compiled Java code, j=interpreted, Vv=VM code)
j  jdk.internal.misc.Unsafe.freeMemory0(J)V+0 java.base@17.0.5
j  jdk.internal.misc.Unsafe.freeMemory(J)V+14 java.base@17.0.5
j  java.nio.DirectByteBuffer$Deallocator.run()V+17 java.base@17.0.5
j  jdk.internal.ref.Cleaner.clean()V+12 java.base@17.0.5
j  java.lang.ref.Reference.processPendingReferences()V+54 java.base@17.0.5
j  java.lang.ref.Reference$ReferenceHandler.run()V+0 java.base@17.0.5
v  ~StubRoutines::call_stub

siginfo: EXCEPTION_ACCESS_VIOLATION (0xc0000005), reading address 0x000001d38ebaf03f


Register to memory mapping:

RIP=0x00007ffed94b5bb6 ntdll.dll
RAX=0x0 is NULL
RBX=0x000001d3da5d0000 points into unknown readable memory: 0x0000000000000000 | 00 00 00 00 00 00 00 00
RCX=0x000001d3da5d0000 points into unknown readable memory: 0x0000000000000000 | 00 00 00 00 00 00 00 00
RDX=0x000001d38ebaf040 is an unknown value
RSP=0x0000006caf8ff2c0 is pointing into the stack for thread: 0x000001d3fd8d0990
RBP=0x0 is NULL
RSI=0x000001d3da5d0000 points into unknown readable memory: 0x0000000000000000 | 00 00 00 00 00 00 00 00
RDI=0x0 is NULL
R8 =0x0 is NULL
R9 =0x0 is NULL
R10=0x000001d3dffcd5f2 is at code_begin+946 in an Interpreter codelet
method entry point (kind = native)  [0x000001d3dffcd240, 0x000001d3dffcdbc0]  2432 bytes
R11=0x0000000000000102 is an unknown value
R12=0x0 is NULL
R13=0x000001d38ebaf040 is an unknown value
R14=0x000001d38ebaf030 is an unknown value
R15=0x000001d3fd8d0990 is a thread


Registers:
RAX=0x0000000000000000, RBX=0x000001d3da5d0000, RCX=0x000001d3da5d0000, RDX=0x000001d38ebaf040
RSP=0x0000006caf8ff2c0, RBP=0x0000000000000000, RSI=0x000001d3da5d0000, RDI=0x0000000000000000
R8 =0x0000000000000000, R9 =0x0000000000000000, R10=0x000001d3dffcd5f2, R11=0x0000000000000102
R12=0x0000000000000000, R13=0x000001d38ebaf040, R14=0x000001d38ebaf030, R15=0x000001d3fd8d0990
RIP=0x00007ffed94b5bb6, EFLAGS=0x0000000000010246

Top of Stack: (sp=0x0000006caf8ff2c0)
0x0000006caf8ff2c0:   000001d3da5d0000 000001d3da5d0000
0x0000006caf8ff2d0:   0000000000000000 000001d3da5d0000
0x0000006caf8ff2e0:   0000006caf8ff380 000001d3dffc9612
0x0000006caf8ff2f0:   000001d3fdb7b2f0 00007ffe78bc3be1
0x0000006caf8ff300:   0000000000000000 00007ffe78bc3be1
0x0000006caf8ff310:   0000000000000000 0000000000000010
0x0000006caf8ff320:   0000000000e120c9 000001d3e7bad697
0x0000006caf8ff330:   000001d3dffc94fe 000001d3fdcd1530
0x0000006caf8ff340:   0000000000e1195a 000001d3fdcd1530
0x0000006caf8ff350:   000001d3fd8d0990 0000006caf8ff508
0x0000006caf8ff360:   000001d3fdcdd8c8 0000000000000000
0x0000006caf8ff370:   000001d38ebaf040 00007ffed94b47b1
0x0000006caf8ff380:   0000006caf8ff428 000001d3da5d0000
0x0000006caf8ff390:   0000006caf8ff4d8 0000000000000000
0x0000006caf8ff3a0:   0000000000000000 0000000000000000
0x0000006caf8ff3b0:   000001d38ebaf040 00007ffed6bbf05b 

Instructions: (pc=0x00007ffed94b5bb6)
0x00007ffed94b5ab6:   85 c0 0f 85 83 11 08 00 b9 80 03 fe 7f 40 38 39
0x00007ffed94b5ac6:   0f 84 2f fe ff ff e9 8c 11 08 00 45 33 c0 48 8b
0x00007ffed94b5ad6:   d3 49 8b ce e8 c1 0e fe ff e8 6c ed ff ff 85 c0
0x00007ffed94b5ae6:   0f 85 1b 12 08 00 b9 80 03 fe 7f 40 38 39 0f 84
0x00007ffed94b5af6:   01 fe ff ff e9 24 12 08 00 41 b8 02 00 00 00 e9
0x00007ffed94b5b06:   60 fc ff ff f7 41 74 00 00 00 01 75 4e f6 41 78
0x00007ffed94b5b16:   01 0f 85 ad 12 08 00 41 f6 c5 0f 0f 84 87 00 00
0x00007ffed94b5b26:   00 45 33 c9 48 89 7c 24 28 4d 8b c5 48 89 7c 24
0x00007ffed94b5b36:   20 48 8b d6 41 8d 49 09 e8 d9 87 0e 00 4d 85 f6
0x00007ffed94b5b46:   0f 84 8b 12 08 00 41 80 7d ff 05 0f 84 b1 12 08
0x00007ffed94b5b56:   00 41 38 7e 0f 0f 8c 16 14 08 00 8b d5 4d 8b cd
0x00007ffed94b5b66:   83 ca 02 4d 8b c6 48 8b ce e8 8c 00 00 00 44 0f
0x00007ffed94b5b76:   b6 f8 84 c0 0f 84 9b fd ff ff 48 8b 84 24 e0 00
0x00007ffed94b5b86:   00 00 48 85 c0 74 03 66 89 38 4d 85 e4 74 04 49
0x00007ffed94b5b96:   89 3c 24 48 8b ce e8 7f ec ff ff 85 c0 0f 84 72
0x00007ffed94b5ba6:   fd ff ff e9 1a 19 08 00 4c 8d 72 f0 41 0f 0d 0e
0x00007ffed94b5bb6:   41 80 7e 0f 05 75 0c 41 0f b6 46 0e 48 c1 e0 04
0x00007ffed94b5bc6:   4c 2b f0 41 f6 46 0f 3f 0f 85 6f ff ff ff 45 33
0x00007ffed94b5bd6:   c9 48 89 7c 24 28 4d 8b c6 48 89 7c 24 20 48 8b
0x00007ffed94b5be6:   d6 41 8d 49 08 e8 2c 87 0e 00 4c 8b f7 e9 4b ff
0x00007ffed94b5bf6:   ff ff cc cc cc cc cc cc cc cc 48 89 5c 24 10 48
0x00007ffed94b5c06:   89 74 24 20 4c 89 44 24 18 48 89 4c 24 08 57 41
0x00007ffed94b5c16:   54 41 55 41 56 41 57 48 81 ec 80 01 00 00 4d 8b
0x00007ffed94b5c26:   f8 8b fa 48 8b d9 41 b4 01 44 88 64 24 41 c6 44
0x00007ffed94b5c36:   24 40 00 c7 44 24 74 01 00 00 00 45 33 ed 4c 89
0x00007ffed94b5c46:   ac 24 88 00 00 00 66 44 89 6c 24 44 49 3b c8 75
0x00007ffed94b5c56:   39 4c 89 6c 24 28 4c 89 6c 24 20 45 33 c9 48 8b
0x00007ffed94b5c66:   d1 41 8d 4d 09 e8 ac 86 0e 00 33 c0 4c 8d 9c 24
0x00007ffed94b5c76:   80 01 00 00 49 8b 5b 38 49 8b 73 48 49 8b e3 41
0x00007ffed94b5c86:   5f 41 5e 41 5d 41 5c 5f c3 cc 0b 79 74 f7 c7 60
0x00007ffed94b5c96:   0f 01 7d 74 28 45 32 e4 44 88 64 24 41 41 b8 04
0x00007ffed94b5ca6:   00 00 00 f7 c7 00 00 00 61 74 18 0f ba e7 1c 72 


Stack slot to memory mapping:
stack at sp + 0 slots: 0x000001d3da5d0000 points into unknown readable memory: 0x0000000000000000 | 00 00 00 00 00 00 00 00
stack at sp + 1 slots: 0x000001d3da5d0000 points into unknown readable memory: 0x0000000000000000 | 00 00 00 00 00 00 00 00
stack at sp + 2 slots: 0x0 is NULL
stack at sp + 3 slots: 0x000001d3da5d0000 points into unknown readable memory: 0x0000000000000000 | 00 00 00 00 00 00 00 00
stack at sp + 4 slots: 0x0000006caf8ff380 is pointing into the stack for thread: 0x000001d3fd8d0990
stack at sp + 5 slots: 0x000001d3dffc9612 is at code_begin+1394 in an Interpreter codelet
return entry points  [0x000001d3dffc90a0, 0x000001d3dffc9ba0]  2816 bytes
stack at sp + 6 slots: 0x000001d3fdb7b2f0 points into unknown readable memory: 0x000001d3da511500 | 00 15 51 da d3 01 00 00
stack at sp + 7 slots: 0x00007ffe78bc3be1 jvm.dll


---------------  P R O C E S S  ---------------

Threads class SMR info:
_java_thread_list=0x000001d3feb70b70, length=15, elements={
0x000001d3dc88ac40, 0x000001d3fd8d0990, 0x000001d3fd8d2810, 0x000001d3fd91c000,
0x000001d3fd91c9b0, 0x000001d3fd91d770, 0x000001d3fd920740, 0x000001d3fd93e020,
0x000001d3fd946d40, 0x000001d3fd951e20, 0x000001d3fda98d30, 0x000001d3fdaa1270,
0x000001d3fdacae00, 0x000001d3fdad51c0, 0x000001d3fe69fd80
}

Java Threads: ( => current thread )
  0x000001d3dc88ac40 JavaThread "main" [_thread_blocked, id=17104, stack(0x0000006caf100000,0x0000006caf200000)]
=>0x000001d3fd8d0990 JavaThread "Reference Handler" daemon [_thread_in_vm, id=18112, stack(0x0000006caf800000,0x0000006caf900000)]
  0x000001d3fd8d2810 JavaThread "Finalizer" daemon [_thread_blocked, id=5812, stack(0x0000006caf900000,0x0000006cafa00000)]
  0x000001d3fd91c000 JavaThread "Signal Dispatcher" daemon [_thread_blocked, id=13936, stack(0x0000006cafa00000,0x0000006cafb00000)]
  0x000001d3fd91c9b0 JavaThread "Attach Listener" daemon [_thread_blocked, id=12200, stack(0x0000006cafb00000,0x0000006cafc00000)]
  0x000001d3fd91d770 JavaThread "Service Thread" daemon [_thread_blocked, id=25792, stack(0x0000006cafc00000,0x0000006cafd00000)]
  0x000001d3fd920740 JavaThread "Monitor Deflation Thread" daemon [_thread_blocked, id=11572, stack(0x0000006cafd00000,0x0000006cafe00000)]
  0x000001d3fd93e020 JavaThread "C2 CompilerThread0" daemon [_thread_blocked, id=18372, stack(0x0000006cafe00000,0x0000006caff00000)]
  0x000001d3fd946d40 JavaThread "C1 CompilerThread0" daemon [_thread_blocked, id=27736, stack(0x0000006caff00000,0x0000006cb0000000)]
  0x000001d3fd951e20 JavaThread "Sweeper thread" daemon [_thread_blocked, id=14468, stack(0x0000006cb0000000,0x0000006cb0100000)]
  0x000001d3fda98d30 JavaThread "C1 CompilerThread1" daemon [_thread_blocked, id=14340, stack(0x0000006cb0100000,0x0000006cb0200000)]
  0x000001d3fdaa1270 JavaThread "C1 CompilerThread2" daemon [_thread_blocked, id=24544, stack(0x0000006cb0200000,0x0000006cb0300000)]
  0x000001d3fdacae00 JavaThread "Notification Thread" daemon [_thread_blocked, id=14264, stack(0x0000006cb0300000,0x0000006cb0400000)]
  0x000001d3fdad51c0 JavaThread "Common-Cleaner" daemon [_thread_blocked, id=15772, stack(0x0000006cb0500000,0x0000006cb0600000)]
  0x000001d3fe69fd80 JavaThread "C1 CompilerThread3" daemon [_thread_blocked, id=25584, stack(0x0000006cb0700000,0x0000006cb0800000)]

Other Threads:
  0x000001d3faa0ec00 VMThread "VM Thread" [stack: 0x0000006caf700000,0x0000006caf800000] [id=11548] _threads_hazard_ptr=0x000001d3feb70b70
  0x000001d3fdacbae0 WatcherThread [stack: 0x0000006cb0400000,0x0000006cb0500000] [id=18788]
  0x000001d3dc8f61b0 GCTaskThread "GC Thread#0" [stack: 0x0000006caf200000,0x0000006caf300000] [id=8876]
  0x000001d3897fc350 GCTaskThread "GC Thread#1" [stack: 0x0000006cb1100000,0x0000006cb1200000] [id=2968]
  0x000001d3897fca10 GCTaskThread "GC Thread#2" [stack: 0x0000006cb1200000,0x0000006cb1300000] [id=27532]
  0x000001d3897fccc0 GCTaskThread "GC Thread#3" [stack: 0x0000006cb1300000,0x0000006cb1400000] [id=27588]
  0x000001d389328b50 GCTaskThread "GC Thread#4" [stack: 0x0000006cb1400000,0x0000006cb1500000] [id=16732]
  0x000001d389328e00 GCTaskThread "GC Thread#5" [stack: 0x0000006cb1500000,0x0000006cb1600000] [id=27832]
  0x000001d3893294c0 GCTaskThread "GC Thread#6" [stack: 0x0000006cb1600000,0x0000006cb1700000] [id=27356]
  0x000001d3894aa6d0 GCTaskThread "GC Thread#7" [stack: 0x0000006cb1700000,0x0000006cb1800000] [id=8792]
  0x000001d38956db20 GCTaskThread "GC Thread#8" [stack: 0x0000006cb1800000,0x0000006cb1900000] [id=13308]
  0x000001d38956ddd0 GCTaskThread "GC Thread#9" [stack: 0x0000006cb1900000,0x0000006cb1a00000] [id=7604]
  0x000001d3dc907070 ConcurrentGCThread "G1 Main Marker" [stack: 0x0000006caf300000,0x0000006caf400000] [id=10924]
  0x000001d3dc908220 ConcurrentGCThread "G1 Conc#0" [stack: 0x0000006caf400000,0x0000006caf500000] [id=27988]
  0x000001d3fa939430 ConcurrentGCThread "G1 Refine#0" [stack: 0x0000006caf500000,0x0000006caf600000] [id=20192]
  0x000001d3fa939c60 ConcurrentGCThread "G1 Service" [stack: 0x0000006caf600000,0x0000006caf700000] [id=5732]

Threads with active compile tasks:

VM state: not at safepoint (normal execution)

VM Mutex/Monitor currently owned by a thread:  ([mutex/lock_event])
[0x000001d3dc883430] Compile_lock - owner thread: 0x000001d3dc88ac40

Heap address: 0x0000000601000000, size: 8176 MB, Compressed Oops mode: Zero based, Oop shift amount: 3

CDS archive(s) not mapped
Compressed class space mapped at: 0x0000000800000000-0x0000000840000000, reserved size: 1073741824
Narrow klass base: 0x0000000800000000, Narrow klass shift: 0, Narrow klass range: 0x40000000

GC Precious Log:
 CPUs: 16 total, 16 available
 Memory: 32694M
 Large Page Support: Disabled
 NUMA Support: Disabled
 Compressed Oops: Enabled (Zero based)
 Heap Region Size: 4M
 Heap Min Capacity: 8M
 Heap Initial Capacity: 512M
 Heap Max Capacity: 8176M
 Pre-touch: Disabled
 Parallel Workers: 13
 Concurrent Workers: 3
 Concurrent Refinement Workers: 13
 Periodic GC: Disabled

Heap:
 garbage-first heap   total 81920K, used 2992K [0x0000000601000000, 0x0000000800000000)
  region size 4096K, 1 young (4096K), 0 survivors (0K)
 Metaspace       used 15927K, committed 16192K, reserved 1064960K
  class space    used 1267K, committed 1408K, reserved 1048576K

Heap Regions: E=young(eden), S=young(survivor), O=old, HS=humongous(starts), HC=humongous(continues), CS=collection set, F=free, OA=open archive, CA=closed archive, TAMS=top-at-mark-start (previous, next)
|   0|0x0000000601000000, 0x00000006010e84e8, 0x0000000601400000| 22%| O|  |TAMS 0x0000000601000000, 0x0000000601000000| Untracked 
|   1|0x0000000601400000, 0x00000006014717f8, 0x0000000601800000| 11%| O|  |TAMS 0x0000000601400000, 0x0000000601400000| Untracked 
|   2|0x0000000601800000, 0x0000000601835ac0, 0x0000000601c00000|  5%| O|  |TAMS 0x0000000601800000, 0x0000000601800000| Untracked 
|   3|0x0000000601c00000, 0x0000000601c1b020, 0x0000000602000000|  2%| O|  |TAMS 0x0000000601c00000, 0x0000000601c00000| Untracked 
|   4|0x0000000602000000, 0x000000060213ba70, 0x0000000602400000| 30%| O|  |TAMS 0x0000000602000000, 0x0000000602000000| Untracked 
|   5|0x0000000602400000, 0x0000000602405e90, 0x0000000602800000|  0%| O|  |TAMS 0x0000000602400000, 0x0000000602400000| Untracked 
|   6|0x0000000602800000, 0x0000000602800000, 0x0000000602c00000|  0%| F|  |TAMS 0x0000000602800000, 0x0000000602800000| Untracked 
|   7|0x0000000602c00000, 0x0000000602c00000, 0x0000000603000000|  0%| F|  |TAMS 0x0000000602c00000, 0x0000000602c00000| Untracked 
|   8|0x0000000603000000, 0x0000000603000000, 0x0000000603400000|  0%| F|  |TAMS 0x0000000603000000, 0x0000000603000000| Untracked 
|   9|0x0000000603400000, 0x0000000603400000, 0x0000000603800000|  0%| F|  |TAMS 0x0000000603400000, 0x0000000603400000| Untracked 
|  10|0x0000000603800000, 0x0000000603800000, 0x0000000603c00000|  0%| F|  |TAMS 0x0000000603800000, 0x0000000603800000| Untracked 
|  11|0x0000000603c00000, 0x0000000603c00000, 0x0000000604000000|  0%| F|  |TAMS 0x0000000603c00000, 0x0000000603c00000| Untracked 
|  12|0x0000000604000000, 0x0000000604000000, 0x0000000604400000|  0%| F|  |TAMS 0x0000000604000000, 0x0000000604000000| Untracked 
|  13|0x0000000604400000, 0x0000000604400000, 0x0000000604800000|  0%| F|  |TAMS 0x0000000604400000, 0x0000000604400000| Untracked 
|  14|0x0000000604800000, 0x0000000604800000, 0x0000000604c00000|  0%| F|  |TAMS 0x0000000604800000, 0x0000000604800000| Untracked 
|  15|0x0000000604c00000, 0x0000000604c00000, 0x0000000605000000|  0%| F|  |TAMS 0x0000000604c00000, 0x0000000604c00000| Untracked 
|  16|0x0000000605000000, 0x0000000605000000, 0x0000000605400000|  0%| F|  |TAMS 0x0000000605000000, 0x0000000605000000| Untracked 
|  17|0x0000000605400000, 0x0000000605400000, 0x0000000605800000|  0%| F|  |TAMS 0x0000000605400000, 0x0000000605400000| Untracked 
|  18|0x0000000605800000, 0x0000000605800000, 0x0000000605c00000|  0%| F|  |TAMS 0x0000000605800000, 0x0000000605800000| Untracked 
|  19|0x0000000605c00000, 0x0000000605cb1478, 0x0000000606000000| 17%| E|  |TAMS 0x0000000605c00000, 0x0000000605c00000| Complete 

Card table byte_map: [0x000001d3f0850000,0x000001d3f1850000] _byte_map_base: 0x000001d3ed848000

Marking Bits (Prev, Next): (CMBitMap*) 0x000001d3dc8f6800, (CMBitMap*) 0x000001d3dc8f67c0
 Prev Bits: [0x000001d380000000, 0x000001d387fc0000)
 Next Bits: [0x000001d3f2850000, 0x000001d3fa810000)

Polling page: 0x000001d3da5b0000

Metaspace:

Usage:
  Non-class:     14.32 MB used.
      Class:      1.24 MB used.
       Both:     15.55 MB used.

Virtual space:
  Non-class space:       16.00 MB reserved,      14.44 MB ( 90%) committed,  2 nodes.
      Class space:        1.00 GB reserved,       1.38 MB ( <1%) committed,  1 nodes.
             Both:        1.02 GB reserved,      15.81 MB (  2%) committed. 

Chunk freelists:
   Non-Class:  1.25 MB
       Class:  2.47 MB
        Both:  3.72 MB

MaxMetaspaceSize: unlimited
CompressedClassSpaceSize: 1.00 GB
Initial GC threshold: 21.00 MB
Current GC threshold: 26.19 MB
CDS: off
MetaspaceReclaimPolicy: balanced
 - commit_granule_bytes: 65536.
 - commit_granule_words: 8192.
 - virtual_space_node_default_size: 1048576.
 - enlarge_chunks_in_place: 1.
 - new_chunks_are_fully_committed: 0.
 - uncommit_free_chunks: 1.
 - use_allocation_guard: 0.
 - handle_deallocations: 1.


Internal statistics:

num_allocs_failed_limit: 0.
num_arena_births: 198.
num_arena_deaths: 0.
num_vsnodes_births: 3.
num_vsnodes_deaths: 0.
num_space_committed: 251.
num_space_uncommitted: 0.
num_chunks_returned_to_freelist: 0.
num_chunks_taken_from_freelist: 474.
num_chunk_merges: 0.
num_chunk_splits: 296.
num_chunks_enlarged: 196.
num_purges: 0.
num_inconsistent_stats: 0.

CodeHeap 'non-profiled nmethods': size=119168Kb used=318Kb max_used=318Kb free=118849Kb
 bounds [0x000001d3e7b60000, 0x000001d3e7dd0000, 0x000001d3eefc0000]
CodeHeap 'profiled nmethods': size=119104Kb used=2270Kb max_used=2270Kb free=116833Kb
 bounds [0x000001d3e0710000, 0x000001d3e0980000, 0x000001d3e7b60000]
CodeHeap 'non-nmethods': size=7488Kb used=3305Kb max_used=3320Kb free=4182Kb
 bounds [0x000001d3dffc0000, 0x000001d3e0310000, 0x000001d3e0710000]
 total_blobs=2313 nmethods=1259 adapters=964
 compilation: enabled
              stopped_count=0, restarted_count=0
 full_count=0

Compilation events (20 events):
Event: 0.752 Thread 0x000001d3fd946d40 nmethod 1229 0x000001d3e0940390 code [0x000001d3e0940520, 0x000001d3e0940668]
Event: 0.752 Thread 0x000001d3fe69fd80 nmethod 1230 0x000001d3e0940710 code [0x000001d3e09408c0, 0x000001d3e0940a68]
Event: 0.753 Thread 0x000001d3fd93e020 nmethod 1228 0x000001d3e7bace10 code [0x000001d3e7bacf80, 0x000001d3e7bad038]
Event: 0.753 Thread 0x000001d3fe69fd80 1231       3       java.lang.invoke.DirectMethodHandle::allocateInstance (16 bytes)
Event: 0.753 Thread 0x000001d3fdaa1270 1232       3       java.lang.invoke.DirectMethodHandle::constructorMethod (10 bytes)
Event: 0.753 Thread 0x000001d3fdaa1270 nmethod 1232 0x000001d3e0940b10 code [0x000001d3e0940ca0, 0x000001d3e0940e98]
Event: 0.753 Thread 0x000001d3fe69fd80 nmethod 1231 0x000001d3e0940f90 code [0x000001d3e0941140, 0x000001d3e0941368]
Event: 0.753 Thread 0x000001d3fdaa1270 1233       3       java.lang.StringLatin1::inflate (10 bytes)
Event: 0.753 Thread 0x000001d3fd946d40 1234       3       java.lang.StringUTF16::inflate (42 bytes)
Event: 0.753 Thread 0x000001d3fdaa1270 nmethod 1233 0x000001d3e0941490 code [0x000001d3e0941620, 0x000001d3e0941728]
Event: 0.753 Thread 0x000001d3fd946d40 nmethod 1234 0x000001d3e0941810 code [0x000001d3e09419e0, 0x000001d3e0941ce8]
Event: 0.753 Thread 0x000001d3fd93e020 1235       4       jdk.internal.jimage.ImageLocation::readValue (61 bytes)
Event: 0.754 Thread 0x000001d3fd946d40 1236       1       java.nio.DirectByteBuffer::attachment (5 bytes)
Event: 0.754 Thread 0x000001d3fd946d40 nmethod 1236 0x000001d3e7bad110 code [0x000001d3e7bad2a0, 0x000001d3e7bad378]
Event: 0.754 Thread 0x000001d3fe69fd80 1237       3       java.lang.StringCoding::implEncodeAsciiArray (47 bytes)
Event: 0.754 Thread 0x000001d3fe69fd80 nmethod 1237 0x000001d3e0941f10 code [0x000001d3e09420c0, 0x000001d3e0942318]
Event: 0.759 Thread 0x000001d3fd946d40 1239       3       jdk.internal.misc.Unsafe::getAndAddLong (27 bytes)
Event: 0.759 Thread 0x000001d3fdaa1270 1240       3       jdk.internal.misc.Unsafe::weakCompareAndSetLong (11 bytes)
Event: 0.759 Thread 0x000001d3fd93e020 nmethod 1235 0x000001d3e7bad810 code [0x000001d3e7bad9a0, 0x000001d3e7badc78]
Event: 0.759 Thread 0x000001d3fdaa1270 nmethod 1240 0x000001d3e0942490 code [0x000001d3e0942620, 0x000001d3e0942758]

GC Heap History (2 events):
Event: 0.755 GC heap before
{Heap before GC invocations=0 (full 0):
 garbage-first heap   total 524288K, used 20480K [0x0000000601000000, 0x0000000800000000)
  region size 4096K, 6 young (24576K), 0 survivors (0K)
 Metaspace       used 15775K, committed 16064K, reserved 1064960K
  class space    used 1249K, committed 1408K, reserved 1048576K
}
Event: 0.759 GC heap after
{Heap after GC invocations=1 (full 1):
 garbage-first heap   total 81920K, used 2992K [0x0000000601000000, 0x0000000800000000)
  region size 4096K, 0 young (0K), 0 survivors (0K)
 Metaspace       used 15775K, committed 16064K, reserved 1064960K
  class space    used 1249K, committed 1408K, reserved 1048576K
}

Dll operation events (2 events):
Event: 0.004 Loaded shared library D:\Programming\JetBrains\apps\IDEA-U\ch-0\223.8617.56\jbr\bin\java.dll
Event: 0.086 Loaded shared library D:\Programming\JetBrains\apps\IDEA-U\ch-0\223.8617.56\jbr\bin\verify.dll

Deoptimization events (18 events):
Event: 0.262 Thread 0x000001d3dc88ac40 DEOPT PACKING pc=0x000001d3e0734e65 sp=0x0000006caf1fd1c0
Event: 0.262 Thread 0x000001d3dc88ac40 DEOPT UNPACKING pc=0x000001d3e0012b43 sp=0x0000006caf1fc610 mode 0
Event: 0.533 Thread 0x000001d3dc88ac40 Uncommon trap: trap_request=0xffffff54 fr.pc=0x000001d3e7b97560 relative=0x0000000000000060
Event: 0.533 Thread 0x000001d3dc88ac40 Uncommon trap: reason=speculate_null_assert action=make_not_entrant pc=0x000001d3e7b97560 method=sun.misc.Unsafe.putLong(Ljava/lang/Object;JJ)V @ 7 c2
Event: 0.533 Thread 0x000001d3dc88ac40 DEOPT PACKING pc=0x000001d3e7b97560 sp=0x0000006caf1feb50
Event: 0.533 Thread 0x000001d3dc88ac40 DEOPT UNPACKING pc=0x000001d3e00123a3 sp=0x0000006caf1feac8 mode 2
Event: 0.629 Thread 0x000001d3dc88ac40 Uncommon trap: trap_request=0xffffff45 fr.pc=0x000001d3e7b803c0 relative=0x0000000000000340
Event: 0.629 Thread 0x000001d3dc88ac40 Uncommon trap: reason=unstable_if action=reinterpret pc=0x000001d3e7b803c0 method=java.lang.StringUTF16.compress([CI[BII)I @ 20 c2
Event: 0.629 Thread 0x000001d3dc88ac40 DEOPT PACKING pc=0x000001d3e7b803c0 sp=0x0000006caf1febc0
Event: 0.629 Thread 0x000001d3dc88ac40 DEOPT UNPACKING pc=0x000001d3e00123a3 sp=0x0000006caf1feb40 mode 2
Event: 0.629 Thread 0x000001d3dc88ac40 Uncommon trap: trap_request=0xffffff45 fr.pc=0x000001d3e7b9acb8 relative=0x0000000000000498
Event: 0.629 Thread 0x000001d3dc88ac40 Uncommon trap: reason=unstable_if action=reinterpret pc=0x000001d3e7b9acb8 method=java.lang.AbstractStringBuilder.putStringAt(ILjava/lang/String;II)V @ 8 c2
Event: 0.629 Thread 0x000001d3dc88ac40 DEOPT PACKING pc=0x000001d3e7b9acb8 sp=0x0000006caf1fede0
Event: 0.629 Thread 0x000001d3dc88ac40 DEOPT UNPACKING pc=0x000001d3e00123a3 sp=0x0000006caf1fecc0 mode 2
Event: 0.629 Thread 0x000001d3dc88ac40 Uncommon trap: trap_request=0xffffff45 fr.pc=0x000001d3e7b9b7d4 relative=0x0000000000000134
Event: 0.629 Thread 0x000001d3dc88ac40 Uncommon trap: reason=unstable_if action=reinterpret pc=0x000001d3e7b9b7d4 method=java.lang.AbstractStringBuilder.putStringAt(ILjava/lang/String;II)V @ 8 c2
Event: 0.629 Thread 0x000001d3dc88ac40 DEOPT PACKING pc=0x000001d3e7b9b7d4 sp=0x0000006caf1fed60
Event: 0.629 Thread 0x000001d3dc88ac40 DEOPT UNPACKING pc=0x000001d3e00123a3 sp=0x0000006caf1feca8 mode 2

Classes unloaded (0 events):
No events

Classes redefined (0 events):
No events

Internal exceptions (20 events):
Event: 0.257 Thread 0x000001d3dc88ac40 Exception <a 'java/lang/NoSuchMethodError'{0x00000006204f9d58}: 'java.lang.Object java.lang.invoke.Invokers$Holder.linkToTargetMethod(java.lang.Object, long, java.lang.Object)'> (0x00000006204f9d58) 
thrown [s\src\hotspot\share\interpreter\linkResolver.cpp, line 771]
Event: 0.257 Thread 0x000001d3dc88ac40 Exception <a 'java/lang/NoSuchMethodError'{0x0000000620501540}: 'int java.lang.invoke.DirectMethodHandle$Holder.invokeStaticInit(java.lang.Object, java.lang.Object, java.lang.Object, long)'> (0x0000000620501540) 
thrown [s\src\hotspot\share\interpreter\linkResolver.cpp, line 771]
Event: 0.268 Thread 0x000001d3dc88ac40 Exception <a 'sun/nio/fs/WindowsException'{0x00000006205a0f48}> (0x00000006205a0f48) 
thrown [s\src\hotspot\share\prims\jni.cpp, line 517]
Event: 0.268 Thread 0x000001d3dc88ac40 Exception <a 'sun/nio/fs/WindowsException'{0x00000006205a12b8}> (0x00000006205a12b8) 
thrown [s\src\hotspot\share\prims\jni.cpp, line 517]
Event: 0.512 Thread 0x000001d3dc88ac40 Exception <a 'sun/nio/fs/WindowsException'{0x0000000620642ec8}> (0x0000000620642ec8) 
thrown [s\src\hotspot\share\prims\jni.cpp, line 517]
Event: 0.512 Thread 0x000001d3dc88ac40 Exception <a 'sun/nio/fs/WindowsException'{0x0000000620643278}> (0x0000000620643278) 
thrown [s\src\hotspot\share\prims\jni.cpp, line 517]
Event: 0.514 Thread 0x000001d3dc88ac40 Exception <a 'sun/nio/fs/WindowsException'{0x0000000620648568}> (0x0000000620648568) 
thrown [s\src\hotspot\share\prims\jni.cpp, line 517]
Event: 0.514 Thread 0x000001d3dc88ac40 Exception <a 'sun/nio/fs/WindowsException'{0x0000000620648850}> (0x0000000620648850) 
thrown [s\src\hotspot\share\prims\jni.cpp, line 517]
Event: 0.597 Thread 0x000001d3dc88ac40 Exception <a 'sun/nio/fs/WindowsException'{0x000000062029dc08}> (0x000000062029dc08) 
thrown [s\src\hotspot\share\prims\jni.cpp, line 517]
Event: 0.598 Thread 0x000001d3dc88ac40 Exception <a 'sun/nio/fs/WindowsException'{0x000000062029df90}> (0x000000062029df90) 
thrown [s\src\hotspot\share\prims\jni.cpp, line 517]
Event: 0.616 Thread 0x000001d3dc88ac40 Exception <a 'java/lang/NoSuchMethodError'{0x00000006202c3ba0}: 'java.lang.Object java.lang.invoke.DirectMethodHandle$Holder.newInvokeSpecial(java.lang.Object, long)'> (0x00000006202c3ba0) 
thrown [s\src\hotspot\share\interpreter\linkResolver.cpp, line 771]
Event: 0.625 Thread 0x000001d3dc88ac40 Exception <a 'java/lang/NoSuchMethodError'{0x000000062033e060}: 'int java.lang.invoke.DirectMethodHandle$Holder.invokeStaticInit(java.lang.Object, java.lang.Object, java.lang.Object)'> (0x000000062033e060) 
thrown [s\src\hotspot\share\interpreter\linkResolver.cpp, line 771]
Event: 0.630 Thread 0x000001d3dc88ac40 Exception <a 'java/lang/NoSuchMethodError'{0x0000000620399088}: 'void java.lang.invoke.DirectMethodHandle$Holder.invokeStaticInit(java.lang.Object, java.lang.Object)'> (0x0000000620399088) 
thrown [s\src\hotspot\share\interpreter\linkResolver.cpp, line 771]
Event: 0.670 Thread 0x000001d3dc88ac40 Exception <a 'sun/nio/fs/WindowsException'{0x000000061fe38f80}> (0x000000061fe38f80) 
thrown [s\src\hotspot\share\prims\jni.cpp, line 517]
Event: 0.670 Thread 0x000001d3dc88ac40 Exception <a 'sun/nio/fs/WindowsException'{0x000000061fe39308}> (0x000000061fe39308) 
thrown [s\src\hotspot\share\prims\jni.cpp, line 517]
Event: 0.675 Thread 0x000001d3dc88ac40 Exception <a 'java/lang/NoSuchMethodError'{0x000000061fe72070}: 'void java.lang.invoke.DirectMethodHandle$Holder.invokeStatic(java.lang.Object, java.lang.Object, java.lang.Object, java.lang.Object)'> (0x000000061fe72070) 
thrown [s\src\hotspot\share\interpreter\linkResolver.cpp, line 771]
Event: 0.676 Thread 0x000001d3dc88ac40 Exception <a 'java/lang/NoSuchMethodError'{0x000000061fe794d8}: 'void java.lang.invoke.DirectMethodHandle$Holder.invokeStatic(java.lang.Object, java.lang.Object, java.lang.Object)'> (0x000000061fe794d8) 
thrown [s\src\hotspot\share\interpreter\linkResolver.cpp, line 771]
Event: 0.747 Thread 0x000001d3dc88ac40 Exception <a 'java/lang/NoSuchMethodError'{0x000000061f8035a0}: 'java.lang.Object java.lang.invoke.DirectMethodHandle$Holder.invokeStatic(java.lang.Object, int, java.lang.Object)'> (0x000000061f8035a0) 
thrown [s\src\hotspot\share\interpreter\linkResolver.cpp, line 771]
Event: 0.749 Thread 0x000001d3dc88ac40 Exception <a 'java/lang/NoSuchMethodError'{0x000000061f821c80}: 'void java.lang.invoke.DirectMethodHandle$Holder.invokeStatic(java.lang.Object, int, java.lang.Object)'> (0x000000061f821c80) 
thrown [s\src\hotspot\share\interpreter\linkResolver.cpp, line 771]
Event: 0.750 Thread 0x000001d3dc88ac40 Exception <a 'java/lang/NoSuchMethodError'{0x000000061f82e5c8}: 'void java.lang.invoke.DirectMethodHandle$Holder.invokeSpecial(java.lang.Object, java.lang.Object, int, java.lang.Object)'> (0x000000061f82e5c8) 
thrown [s\src\hotspot\share\interpreter\linkResolver.cpp, line 771]

VM Operations (6 events):
Event: 0.080 Executing VM operation: HandshakeAllThreads
Event: 0.080 Executing VM operation: HandshakeAllThreads done
Event: 0.142 Executing VM operation: HandshakeAllThreads
Event: 0.142 Executing VM operation: HandshakeAllThreads done
Event: 0.755 Executing VM operation: G1CollectFull
Event: 0.759 Executing VM operation: G1CollectFull done

Events (20 events):
Event: 0.673 loading class sun/net/ProgressMeteringPolicy done
Event: 0.673 loading class sun/net/DefaultProgressMeteringPolicy done
Event: 0.681 loading class java/lang/invoke/BoundMethodHandle$Species_LLLLLLLLLL
Event: 0.681 loading class java/lang/invoke/BoundMethodHandle$Species_LLLLLLLLLL done
Event: 0.682 loading class jdk/internal/math/FloatingDecimal
Event: 0.682 loading class jdk/internal/math/FloatingDecimal done
Event: 0.682 loading class jdk/internal/math/FloatingDecimal$ExceptionalBinaryToASCIIBuffer
Event: 0.682 loading class jdk/internal/math/FloatingDecimal$BinaryToASCIIConverter
Event: 0.682 loading class jdk/internal/math/FloatingDecimal$BinaryToASCIIConverter done
Event: 0.682 loading class jdk/internal/math/FloatingDecimal$ExceptionalBinaryToASCIIBuffer done
Event: 0.682 loading class jdk/internal/math/FloatingDecimal$BinaryToASCIIBuffer
Event: 0.683 loading class jdk/internal/math/FloatingDecimal$BinaryToASCIIBuffer done
Event: 0.683 loading class jdk/internal/math/FloatingDecimal$1
Event: 0.683 loading class jdk/internal/math/FloatingDecimal$1 done
Event: 0.683 loading class jdk/internal/math/FloatingDecimal$PreparedASCIIToBinaryBuffer
Event: 0.683 loading class jdk/internal/math/FloatingDecimal$ASCIIToBinaryConverter
Event: 0.683 loading class jdk/internal/math/FloatingDecimal$ASCIIToBinaryConverter done
Event: 0.683 loading class jdk/internal/math/FloatingDecimal$PreparedASCIIToBinaryBuffer done
Event: 0.683 loading class jdk/internal/math/FDBigInteger
Event: 0.683 loading class jdk/internal/math/FDBigInteger done


Dynamic libraries:
0x00007ff706b60000 - 0x00007ff706b6a000 	D:\Programming\JetBrains\apps\IDEA-U\ch-0\223.8617.56\jbr\bin\java.exe
0x00007ffed9490000 - 0x00007ffed9688000 	C:\Windows\SYSTEM32\ntdll.dll
0x00007ffed7f30000 - 0x00007ffed7fef000 	C:\Windows\System32\KERNEL32.DLL
0x00007ffed6f50000 - 0x00007ffed7222000 	C:\Windows\System32\KERNELBASE.dll
0x00007ffed43a0000 - 0x00007ffed4431000 	C:\Windows\SYSTEM32\apphelp.dll
0x00007ffebad70000 - 0x00007ffebaddc000 	C:\Windows\SYSTEM32\AcGenral.DLL
0x00007ffed74d0000 - 0x00007ffed756e000 	C:\Windows\System32\msvcrt.dll
0x00007ffed8240000 - 0x00007ffed82dc000 	C:\Windows\System32\sechost.dll
0x00007ffed85c0000 - 0x00007ffed86e5000 	C:\Windows\System32\RPCRT4.dll
0x00007ffed8420000 - 0x00007ffed8475000 	C:\Windows\System32\SHLWAPI.dll
0x00007ffed75b0000 - 0x00007ffed7751000 	C:\Windows\System32\USER32.dll
0x00007ffed6b80000 - 0x00007ffed6ba2000 	C:\Windows\System32\win32u.dll
0x00007ffed9390000 - 0x00007ffed93bb000 	C:\Windows\System32\GDI32.dll
0x00007ffed73c0000 - 0x00007ffed74cf000 	C:\Windows\System32\gdi32full.dll
0x00007ffed7230000 - 0x00007ffed72cd000 	C:\Windows\System32\msvcp_win.dll
0x00007ffed6bb0000 - 0x00007ffed6cb0000 	C:\Windows\System32\ucrtbase.dll
0x00007ffed8110000 - 0x00007ffed823a000 	C:\Windows\System32\ole32.dll
0x00007ffed8fd0000 - 0x00007ffed9325000 	C:\Windows\System32\combase.dll
0x00007ffed8800000 - 0x00007ffed8f44000 	C:\Windows\System32\SHELL32.dll
0x00007ffed8750000 - 0x00007ffed87fe000 	C:\Windows\System32\ADVAPI32.dll
0x00007ffed6a80000 - 0x00007ffed6aae000 	C:\Windows\SYSTEM32\USERENV.dll
0x00007ffec5550000 - 0x00007ffec556d000 	C:\Windows\SYSTEM32\MPR.dll
0x00007ffed6a40000 - 0x00007ffed6a72000 	C:\Windows\SYSTEM32\SspiCli.dll
0x00007ffed7570000 - 0x00007ffed75a2000 	C:\Windows\System32\IMM32.DLL
0x00007ffecd990000 - 0x00007ffecd9a7000 	D:\Programming\JetBrains\apps\IDEA-U\ch-0\223.8617.56\jbr\bin\jli.dll
0x00007ffecdf70000 - 0x00007ffecdf8b000 	D:\Programming\JetBrains\apps\IDEA-U\ch-0\223.8617.56\jbr\bin\VCRUNTIME140.dll
0x00007ffecb890000 - 0x00007ffecbb2a000 	C:\Windows\WinSxS\amd64_microsoft.windows.common-controls_6595b64144ccf1df_6.0.19041.1110_none_60b5254171f9507e\COMCTL32.dll
0x00007ffed2100000 - 0x00007ffed210c000 	D:\Programming\JetBrains\apps\IDEA-U\ch-0\223.8617.56\jbr\bin\vcruntime140_1.dll
0x00007ffeaeca0000 - 0x00007ffeaed2d000 	D:\Programming\JetBrains\apps\IDEA-U\ch-0\223.8617.56\jbr\bin\msvcp140.dll
0x00007ffe783b0000 - 0x00007ffe7901b000 	D:\Programming\JetBrains\apps\IDEA-U\ch-0\223.8617.56\jbr\bin\server\jvm.dll
0x00007ffece260000 - 0x00007ffece287000 	C:\Windows\SYSTEM32\WINMM.dll
0x00007ffed0de0000 - 0x00007ffed0dea000 	C:\Windows\SYSTEM32\VERSION.dll
0x00007ffeb8b90000 - 0x00007ffeb8b99000 	C:\Windows\SYSTEM32\WSOCK32.dll
0x00007ffed82f0000 - 0x00007ffed835b000 	C:\Windows\System32\WS2_32.dll
0x00007ffed4a60000 - 0x00007ffed4a72000 	C:\Windows\SYSTEM32\kernel.appcore.dll
0x00007ffecdb80000 - 0x00007ffecdb8a000 	D:\Programming\JetBrains\apps\IDEA-U\ch-0\223.8617.56\jbr\bin\jimage.dll
0x00007ffecc700000 - 0x00007ffecc8e4000 	C:\Windows\SYSTEM32\DBGHELP.DLL
0x00007ffec5120000 - 0x00007ffec5155000 	C:\Windows\SYSTEM32\dbgcore.DLL
0x00007ffed6ec0000 - 0x00007ffed6f42000 	C:\Windows\System32\bcryptPrimitives.dll
0x00007ffecdb50000 - 0x00007ffecdb75000 	D:\Programming\JetBrains\apps\IDEA-U\ch-0\223.8617.56\jbr\bin\java.dll
0x00007ffecdb30000 - 0x00007ffecdb48000 	D:\Programming\JetBrains\apps\IDEA-U\ch-0\223.8617.56\jbr\bin\zip.dll
0x00007ffed4c60000 - 0x00007ffed53f2000 	C:\Windows\SYSTEM32\windows.storage.dll
0x00007ffed65e0000 - 0x00007ffed6610000 	C:\Windows\SYSTEM32\Wldp.dll
0x00007ffed8360000 - 0x00007ffed840d000 	C:\Windows\System32\SHCORE.dll
0x00007ffed6ac0000 - 0x00007ffed6adf000 	C:\Windows\SYSTEM32\profapi.dll
0x00007ffecdb10000 - 0x00007ffecdb29000 	D:\Programming\JetBrains\apps\IDEA-U\ch-0\223.8617.56\jbr\bin\net.dll
0x00007ffed0250000 - 0x00007ffed035c000 	C:\Windows\SYSTEM32\WINHTTP.dll
0x00007ffed62d0000 - 0x00007ffed633a000 	C:\Windows\system32\mswsock.dll
0x00007ffecdaf0000 - 0x00007ffecdb06000 	D:\Programming\JetBrains\apps\IDEA-U\ch-0\223.8617.56\jbr\bin\nio.dll
0x00007ffecdae0000 - 0x00007ffecdaf0000 	D:\Programming\JetBrains\apps\IDEA-U\ch-0\223.8617.56\jbr\bin\verify.dll
0x00007ffea2ef0000 - 0x00007ffea2f65000 	C:\Users\stuka\AppData\Local\Temp\lwjglstuka\3.3.1-SNAPSHOT\lwjgl.dll
0x00007ffea8480000 - 0x00007ffea84e1000 	C:\Users\stuka\AppData\Local\Temp\lwjglstuka\3.3.1-SNAPSHOT\glfw.dll
0x00007ffec5ad0000 - 0x00007ffec5b15000 	C:\Windows\SYSTEM32\dinput8.dll
0x00007ffead5c0000 - 0x00007ffead5d1000 	C:\Windows\SYSTEM32\xinput1_4.dll
0x00007ffed72d0000 - 0x00007ffed731e000 	C:\Windows\System32\cfgmgr32.dll
0x00007ffed6930000 - 0x00007ffed695c000 	C:\Windows\SYSTEM32\DEVOBJ.dll
0x00007ffed4770000 - 0x00007ffed479f000 	C:\Windows\SYSTEM32\dwmapi.dll
0x00007ffec4500000 - 0x00007ffec4652000 	C:\Windows\SYSTEM32\inputhost.dll
0x00007ffed7760000 - 0x00007ffed782d000 	C:\Windows\System32\OLEAUT32.dll
0x00007ffed4090000 - 0x00007ffed4182000 	C:\Windows\SYSTEM32\CoreMessaging.dll
0x00007ffed24a0000 - 0x00007ffed2596000 	C:\Windows\SYSTEM32\PROPSYS.dll
0x00007ffed3660000 - 0x00007ffed37b4000 	C:\Windows\SYSTEM32\wintypes.dll
0x00007ffed3d30000 - 0x00007ffed408e000 	C:\Windows\SYSTEM32\CoreUIComponents.dll
0x00007ffed5ca0000 - 0x00007ffed5cd3000 	C:\Windows\SYSTEM32\ntmarta.dll
0x00007ffed4540000 - 0x00007ffed45de000 	C:\Windows\system32\uxtheme.dll
0x00007ffed84a0000 - 0x00007ffed85b5000 	C:\Windows\System32\MSCTF.dll
0x00007ffeaafd0000 - 0x00007ffeab0f5000 	C:\Windows\SYSTEM32\opengl32.dll
0x00007ffecbf70000 - 0x00007ffecbf9c000 	C:\Windows\SYSTEM32\GLU32.dll
0x00007ffed8000000 - 0x00007ffed80af000 	C:\Windows\System32\clbcatq.dll
0x00007ffe529f0000 - 0x00007ffe56324000 	C:\Windows\System32\DriverStore\FileRepository\nv_dispi.inf_amd64_d1bd230cd08e7436\nvoglv64.dll
0x00007ffed7ac0000 - 0x00007ffed7f28000 	C:\Windows\System32\SETUPAPI.dll
0x00007ffed7390000 - 0x00007ffed73b7000 	C:\Windows\System32\bcrypt.dll
0x00007ffed26b0000 - 0x00007ffed26c4000 	C:\Windows\SYSTEM32\WTSAPI32.dll
0x00007ffed6770000 - 0x00007ffed6782000 	C:\Windows\SYSTEM32\msasn1.dll
0x00007ffed09d0000 - 0x00007ffed0a01000 	C:\Windows\SYSTEM32\cryptnet.dll
0x00007ffed6d60000 - 0x00007ffed6eb6000 	C:\Windows\System32\CRYPT32.dll
0x00007ffed0a40000 - 0x00007ffed0b88000 	C:\Windows\SYSTEM32\drvstore.dll
0x00007ffed64e0000 - 0x00007ffed64ec000 	C:\Windows\SYSTEM32\cryptbase.dll
0x00007ffed7320000 - 0x00007ffed7389000 	C:\Windows\System32\WINTRUST.dll
0x00007ffed0990000 - 0x00007ffed09cb000 	C:\Windows\SYSTEM32\dxcore.dll
0x00007ffea4e80000 - 0x00007ffea514f000 	C:\Windows\system32\nvspcap64.dll
0x00007ffed6590000 - 0x00007ffed65db000 	C:\Windows\SYSTEM32\powrprof.dll
0x00007ffed6570000 - 0x00007ffed6582000 	C:\Windows\SYSTEM32\UMPDC.dll
0x00007ffed5f90000 - 0x00007ffed5ff4000 	C:\Windows\SYSTEM32\WINSTA.dll
0x00007ffe7f0f0000 - 0x00007ffe7f188000 	C:\ProgramData\FPSMonitor\hooks\fps-mon64.dll
0x00007ffec9f70000 - 0x00007ffeca069000 	C:\Windows\SYSTEM32\textinputframework.dll
0x00007ffea2e90000 - 0x00007ffea2eed000 	C:\Users\stuka\AppData\Local\Temp\lwjglstuka\3.3.1-SNAPSHOT\lwjgl_opengl.dll
0x00007ffe77370000 - 0x00007ffe77507000 	C:\Users\stuka\AppData\Local\Temp\lwjglstuka\3.3.1-SNAPSHOT\OpenAL.dll
0x00007ffed0c40000 - 0x00007ffed0cc5000 	C:\Windows\System32\MMDevApi.dll
0x00007ffed0760000 - 0x00007ffed08e2000 	C:\Windows\SYSTEM32\AUDIOSES.DLL
0x00007ffed4670000 - 0x00007ffed4684000 	C:\Windows\SYSTEM32\resourcepolicyclient.dll
0x00007ffe97710000 - 0x00007ffe97791000 	C:\Users\stuka\AppData\Local\Temp\lwjglstuka\3.3.1-SNAPSHOT\lwjgl_stb.dll

dbghelp: loaded successfully - version: 4.0.5 - missing functions: none
symbol engine: initialized successfully - sym options: 0x614 - pdb path: .;D:\Programming\JetBrains\apps\IDEA-U\ch-0\223.8617.56\jbr\bin;C:\Windows\SYSTEM32;C:\Windows\WinSxS\amd64_microsoft.windows.common-controls_6595b64144ccf1df_6.0.19041.1110_none_60b5254171f9507e;D:\Programming\JetBrains\apps\IDEA-U\ch-0\223.8617.56\jbr\bin\server;C:\Users\stuka\AppData\Local\Temp\lwjglstuka\3.3.1-SNAPSHOT;C:\Windows\System32\DriverStore\FileRepository\nv_dispi.inf_amd64_d1bd230cd08e7436;C:\ProgramData\FPSMonitor\hooks

VM Arguments:
jvm_args: -Dfile.encoding=windows-1251 -Duser.country=RU -Duser.language=ru -Duser.variant 
java_command: SungearEngine2D.Main.Main
java_class_path (initial): D:\Pixelfield\SungearEngine2D\Engine\build\classes\java\main;D:\Pixelfield\SungearEngine2D\Engine\build\resources\main;D:\Pixelfield\SungearEngine2D\Engine\libs\Core2D.jar;D:\Pixelfield\SungearEngine2D\Engine\libs\imgui-app-1.84.1.3.jar
Launcher Type: SUN_STANDARD

[Global flags]
     intx CICompilerCount                          = 12                                        {product} {ergonomic}
     uint ConcGCThreads                            = 3                                         {product} {ergonomic}
     uint G1ConcRefinementThreads                  = 13                                        {product} {ergonomic}
   size_t G1HeapRegionSize                         = 4194304                                   {product} {ergonomic}
    uintx GCDrainStackTargetSize                   = 64                                        {product} {ergonomic}
   size_t InitialHeapSize                          = 536870912                                 {product} {ergonomic}
   size_t MarkStackSize                            = 4194304                                   {product} {ergonomic}
   size_t MaxHeapSize                              = 8573157376                                {product} {ergonomic}
   size_t MaxNewSize                               = 5142216704                                {product} {ergonomic}
   size_t MinHeapDeltaBytes                        = 4194304                                   {product} {ergonomic}
   size_t MinHeapSize                              = 8388608                                   {product} {ergonomic}
    uintx NonNMethodCodeHeapSize                   = 7602480                                {pd product} {ergonomic}
    uintx NonProfiledCodeHeapSize                  = 122027880                              {pd product} {ergonomic}
    uintx ProfiledCodeHeapSize                     = 122027880                              {pd product} {ergonomic}
    uintx ReservedCodeCacheSize                    = 251658240                              {pd product} {ergonomic}
     bool SegmentedCodeCache                       = true                                      {product} {ergonomic}
   size_t SoftMaxHeapSize                          = 8573157376                             {manageable} {ergonomic}
     bool UseCompressedClassPointers               = true                           {product lp64_product} {ergonomic}
     bool UseCompressedOops                        = true                           {product lp64_product} {ergonomic}
     bool UseG1GC                                  = true                                      {product} {ergonomic}
     bool UseLargePagesIndividualAllocation        = false                                  {pd product} {ergonomic}

Logging:
Log output configuration:
 #0: stdout all=warning uptime,level,tags
 #1: stderr all=off uptime,level,tags

Environment Variables:
JAVA_HOME=C:\Program Files\Java\jdk-17
PATH=C:\Program Files\Common Files\Oracle\Java\javapath;C:\Program Files (x86)\Common Files\Oracle\Java\javapath;C:\Windows\system32;C:\Windows;C:\Windows\System32\Wbem;C:\Windows\System32\WindowsPowerShell\v1.0\;C:\Windows\System32\OpenSSH\;C:\Program Files (x86)\NVIDIA Corporation\PhysX\Common;C:\Program Files\NVIDIA Corporation\NVIDIA NvDLISR;C:\Program Files\dotnet\;C:\Program Files\Java\jdk-17;D:\Python\Scripts\;D:\Python\;C:\Users\stuka\AppData\Local\Microsoft\WindowsApps;C:\Users\stuka\AppData\Local\JetBrains\Toolbox\scripts;C:\Users\stuka\AppData\Local\GitHubDesktop\bin;C:\Users\stuka\.dotnet\tools
USERNAME=stuka
OS=Windows_NT
PROCESSOR_IDENTIFIER=AMD64 Family 25 Model 33 Stepping 2, AuthenticAMD
TMP=C:\Users\stuka\AppData\Local\Temp
TEMP=C:\Users\stuka\AppData\Local\Temp



---------------  S Y S T E M  ---------------

OS:
 Windows 10 , 64 bit Build 19041 (10.0.19041.2364)
OS uptime: 1 days 2:48 hours

CPU: total 16 (initial active 16) (16 cores per cpu, 2 threads per core) family 25 model 33 stepping 2 microcode 0x0, cx8, cmov, fxsr, ht, mmx, 3dnowpref, sse, sse2, sse3, ssse3, sse4a, sse4.1, sse4.2, popcnt, lzcnt, tsc, tscinvbit, avx, avx2, aes, erms, clmul, bmi1, bmi2, adx, sha, fma, vzeroupper, clflush, clflushopt

Memory: 4k page, system-wide physical 32694M (19634M free)
TotalPageFile size 37558M (AvailPageFile size 20748M)
current process WorkingSet (physical memory assigned to process): 168M, peak: 178M
current process commit charge ("private bytes"): 410M, peak: 830M

vm_info: OpenJDK 64-Bit Server VM (17.0.5+1-b653.25) for windows-amd64 JRE (17.0.5+1-b653.25), built on 2023-01-04 by "builduser" with MS VC++ 16.10 / 16.11 (VS2019)

END.
