#
# A fatal error has been detected by the Java Runtime Environment:
#
#  EXCEPTION_ACCESS_VIOLATION (0xc0000005) at pc=0x00007ffed94b5bb6, pid=23312, tid=28292
#
# JRE version: OpenJDK Runtime Environment JBR-17.0.5+1-653.25-jcef (17.0.5+1) (build 17.0.5+1-b653.25)
# Java VM: OpenJDK 64-Bit Server VM JBR-17.0.5+1-653.25-jcef (17.0.5+1-b653.25, mixed mode, tiered, compressed oops, compressed class ptrs, g1 gc, windows-amd64)
# Problematic frame:
# C  [ntdll.dll+0x25bb6]
#
# No core dump will be written. Minidumps are not enabled by default on client versions of Windows
#
# If you would like to submit a bug report, please visit:
#   https://youtrack.jetbrains.com/issues/JBR
# The crash happened outside the Java Virtual Machine in native code.
# See problematic frame for where to report the bug.
#

---------------  S U M M A R Y ------------

Command Line: -Dfile.encoding=windows-1251 -Duser.country=RU -Duser.language=ru -Duser.variant SungearEngine2D.Main.Main

Host: AMD Ryzen 7 5800X 8-Core Processor             , 16 cores, 31G,  Windows 10 , 64 bit Build 19041 (10.0.19041.2364)
Time: Sat Jan 28 23:51:12 2023 RTZ 2 (s 10 , 64 bit Build 19041 (10.0.19041.2364) elapsed time: 7.170781 seconds (0d 0h 0m 7s)

---------------  T H R E A D  ---------------

Current thread (0x0000025cc180ac40):  JavaThread "main" [_thread_in_native, id=28292, stack(0x000000dd20d00000,0x000000dd20e00000)]

Stack: [0x000000dd20d00000,0x000000dd20e00000],  sp=0x000000dd20dfe580,  free space=1017k
Native frames: (J=compiled Java code, j=interpreted, Vv=VM code, C=native code)
C  [ntdll.dll+0x25bb6]
C  [ntdll.dll+0x247b1]
C  [lwjgl.dll+0x325e4]

Java frames: (J=compiled Java code, j=interpreted, Vv=VM code)
j  org.lwjgl.stb.STBImage.nstbi_image_free(J)V+0
j  org.lwjgl.stb.STBImage.stbi_image_free(Ljava/nio/ByteBuffer;)V+4
j  Core2D.Graphics.RenderParts.Texture2D.destroy()V+11
j  Core2D.ECS.Component.Components.MeshComponent.destroy()V+30
j  Core2D.ECS.Entity.destroy()V+55
j  Core2D.Layering.Layer.destroy()V+35
j  Core2D.Layering.Layering.destroy()V+35
j  Core2D.Scene2D.Scene2D.destroy()V+9
j  Core2D.Scene2D.SceneManager.setCurrentScene2D(LCore2D/Scene2D/Scene2D;)V+37
j  Core2D.Scene2D.SceneManager.loadSceneAsCurrent(Ljava/lang/String;)LCore2D/Scene2D/Scene2D;+8
j  SungearEngine2D.GUI.Views.EditorView.SceneView.stopPlayMode()V+27
J 2562 c1 SungearEngine2D.GUI.Views.EditorView.SceneView.draw()V (841 bytes) @ 0x0000025cc5afd924 [0x0000025cc5afd220+0x0000000000000704]
J 2327 c1 SungearEngine2D.GUI.Views.ViewsManager.draw()V (186 bytes) @ 0x0000025cc5a7427c [0x0000025cc5a73d60+0x000000000000051c]
J 2531 c1 SungearEngine2D.Main.Main$1.onDrawFrame()V (86 bytes) @ 0x0000025cc5add3e4 [0x0000025cc5adc140+0x00000000000012a4]
j  Core2D.Graphics.Graphics.draw()V+90
j  Core2D.Core2D.Core2D.run()V+32
j  Core2D.Core2D.Core2D.create(Ljava/lang/String;Lorg/joml/Vector2i;[I[I)V+30
j  Core2D.Core2D.Core2D.start()V+12
j  SungearEngine2D.Main.Main.main([Ljava/lang/String;)V+41
v  ~StubRoutines::call_stub

siginfo: EXCEPTION_ACCESS_VIOLATION (0xc0000005), reading address 0x0000025cfd10f03f


Register to memory mapping:

RIP=0x00007ffed94b5bb6 ntdll.dll
RAX=0x0 is NULL
RBX=0x0000025cbf450000 points into unknown readable memory: 0x0000000000000000 | 00 00 00 00 00 00 00 00
RCX=0x0000025cbf450000 points into unknown readable memory: 0x0000000000000000 | 00 00 00 00 00 00 00 00
RDX=0x0000025cfd10f040 is an unknown value
RSP=0x000000dd20dfe580 is pointing into the stack for thread: 0x0000025cc180ac40
RBP=0x0 is NULL
RSI=0x0000025cbf450000 points into unknown readable memory: 0x0000000000000000 | 00 00 00 00 00 00 00 00
RDI=0x0 is NULL
R8 =0x0 is NULL
R9 =0x0 is NULL
R10=0x0000025cc4f4d5f2 is at code_begin+946 in an Interpreter codelet
method entry point (kind = native)  [0x0000025cc4f4d240, 0x0000025cc4f4dbc0]  2432 bytes
R11=0x0000000601011cb0 is an oop: java.lang.Class 
{0x0000000601011cb0} - klass: 'java/lang/Class'
 - ---- fields (total size 17 words):
 - private volatile transient 'classRedefinedCount' 'I' @12  0
 - private volatile transient 'cachedConstructor' 'Ljava/lang/reflect/Constructor;' @40  NULL (0)
 - private transient 'name' 'Ljava/lang/String;' @44  "org.lwjgl.stb.STBImage"{0x0000000601011d38} (c02023a7)
 - private transient 'module' 'Ljava/lang/Module;' @48  a 'java/lang/Module'{0x00000006011fb7e8} (c023f6fd)
 - private final 'classLoader' 'Ljava/lang/ClassLoader;' @52  a 'jdk/internal/loader/ClassLoaders$AppClassLoader'{0x00000006011fb628} (c023f6c5)
 - private transient 'classData' 'Ljava/lang/Object;' @56  NULL (0)
 - private transient 'packageName' 'Ljava/lang/String;' @60  "org.lwjgl.stb"{0x0000000601011be0} (c020237c)
 - private final 'componentType' 'Ljava/lang/Class;' @64  NULL (0)
 - private volatile transient 'reflectionData' 'Ljava/lang/ref/SoftReference;' @68  NULL (0)
 - private volatile transient 'genericInfo' 'Lsun/reflect/generics/repository/ClassRepository;' @72  NULL (0)
 - private volatile transient 'enumConstants' '[Ljava/lang/Object;' @76  NULL (0)
 - private volatile transient 'enumConstantDirectory' 'Ljava/util/Map;' @80  NULL (0)
 - private volatile transient 'annotationData' 'Ljava/lang/Class$AnnotationData;' @84  NULL (0)
 - private volatile transient 'annotationType' 'Lsun/reflect/annotation/AnnotationType;' @88  NULL (0)
 - transient 'classValueMap' 'Ljava/lang/ClassValue$ClassValueMap;' @92  NULL (0)
 - signature: Lorg/lwjgl/stb/STBImage;
 - fake entry for mirror: 'org/lwjgl/stb/STBImage'
 - fake entry for array: NULL
 - fake entry for oop_size: 17
 - fake entry for static_oop_field_count: 0
 - public static final 'STBI_default' 'I' @112  0
 - public static final 'STBI_grey' 'I' @116  1
 - public static final 'STBI_grey_alpha' 'I' @120  2
 - public static final 'STBI_rgb' 'I' @124  3
 - public static final 'STBI_rgb_alpha' 'I' @128  4
R12=0x0 is NULL
R13=0x0000025cfd10f040 is an unknown value
R14=0x0000025cfd10f030 is an unknown value
R15=0x0000025cc180ac40 is a thread


Registers:
RAX=0x0000000000000000, RBX=0x0000025cbf450000, RCX=0x0000025cbf450000, RDX=0x0000025cfd10f040
RSP=0x000000dd20dfe580, RBP=0x0000000000000000, RSI=0x0000025cbf450000, RDI=0x0000000000000000
R8 =0x0000000000000000, R9 =0x0000000000000000, R10=0x0000025cc4f4d5f2, R11=0x0000000601011cb0
R12=0x0000000000000000, R13=0x0000025cfd10f040, R14=0x0000025cfd10f030, R15=0x0000025cc180ac40
RIP=0x00007ffed94b5bb6, EFLAGS=0x0000000000010246

Top of Stack: (sp=0x000000dd20dfe580)
0x000000dd20dfe580:   0000000000000002 0000025cc4f494fe
0x000000dd20dfe590:   0000025cc4f494fe 0000000000010000
0x000000dd20dfe5a0:   000000060104f738 00007ffe5371df2a
0x000000dd20dfe5b0:   0000025cf0c00000 00007ffe53a0f8e3
0x000000dd20dfe5c0:   0000025cec12bf68 0000000000000000
0x000000dd20dfe5d0:   00000006010a2480 00007ffe537837e0
0x000000dd20dfe5e0:   0000025cc180ac40 000000dd20dfe7b0
0x000000dd20dfe5f0:   0000000000000de1 0000000000000031
0x000000dd20dfe600:   0000000000000000 00007ffe53a15429
0x000000dd20dfe610:   0000025cc180ac40 000000dd20dfe750
0x000000dd20dfe620:   0000025cec273b50 0000000000000000
0x000000dd20dfe630:   0000025cfd10f040 00007ffed94b47b1
0x000000dd20dfe640:   0000025cec282318 0000025cbf450000
0x000000dd20dfe650:   000000dd20dfe728 0000000000000000
0x000000dd20dfe660:   0000000000000000 000000060121dbdc
0x000000dd20dfe670:   00000006011ab6bc 00007ffea2f225e4 

Instructions: (pc=0x00007ffed94b5bb6)
0x00007ffed94b5ab6:   85 c0 0f 85 83 11 08 00 b9 80 03 fe 7f 40 38 39
0x00007ffed94b5ac6:   0f 84 2f fe ff ff e9 8c 11 08 00 45 33 c0 48 8b
0x00007ffed94b5ad6:   d3 49 8b ce e8 c1 0e fe ff e8 6c ed ff ff 85 c0
0x00007ffed94b5ae6:   0f 85 1b 12 08 00 b9 80 03 fe 7f 40 38 39 0f 84
0x00007ffed94b5af6:   01 fe ff ff e9 24 12 08 00 41 b8 02 00 00 00 e9
0x00007ffed94b5b06:   60 fc ff ff f7 41 74 00 00 00 01 75 4e f6 41 78
0x00007ffed94b5b16:   01 0f 85 ad 12 08 00 41 f6 c5 0f 0f 84 87 00 00
0x00007ffed94b5b26:   00 45 33 c9 48 89 7c 24 28 4d 8b c5 48 89 7c 24
0x00007ffed94b5b36:   20 48 8b d6 41 8d 49 09 e8 d9 87 0e 00 4d 85 f6
0x00007ffed94b5b46:   0f 84 8b 12 08 00 41 80 7d ff 05 0f 84 b1 12 08
0x00007ffed94b5b56:   00 41 38 7e 0f 0f 8c 16 14 08 00 8b d5 4d 8b cd
0x00007ffed94b5b66:   83 ca 02 4d 8b c6 48 8b ce e8 8c 00 00 00 44 0f
0x00007ffed94b5b76:   b6 f8 84 c0 0f 84 9b fd ff ff 48 8b 84 24 e0 00
0x00007ffed94b5b86:   00 00 48 85 c0 74 03 66 89 38 4d 85 e4 74 04 49
0x00007ffed94b5b96:   89 3c 24 48 8b ce e8 7f ec ff ff 85 c0 0f 84 72
0x00007ffed94b5ba6:   fd ff ff e9 1a 19 08 00 4c 8d 72 f0 41 0f 0d 0e
0x00007ffed94b5bb6:   41 80 7e 0f 05 75 0c 41 0f b6 46 0e 48 c1 e0 04
0x00007ffed94b5bc6:   4c 2b f0 41 f6 46 0f 3f 0f 85 6f ff ff ff 45 33
0x00007ffed94b5bd6:   c9 48 89 7c 24 28 4d 8b c6 48 89 7c 24 20 48 8b
0x00007ffed94b5be6:   d6 41 8d 49 08 e8 2c 87 0e 00 4c 8b f7 e9 4b ff
0x00007ffed94b5bf6:   ff ff cc cc cc cc cc cc cc cc 48 89 5c 24 10 48
0x00007ffed94b5c06:   89 74 24 20 4c 89 44 24 18 48 89 4c 24 08 57 41
0x00007ffed94b5c16:   54 41 55 41 56 41 57 48 81 ec 80 01 00 00 4d 8b
0x00007ffed94b5c26:   f8 8b fa 48 8b d9 41 b4 01 44 88 64 24 41 c6 44
0x00007ffed94b5c36:   24 40 00 c7 44 24 74 01 00 00 00 45 33 ed 4c 89
0x00007ffed94b5c46:   ac 24 88 00 00 00 66 44 89 6c 24 44 49 3b c8 75
0x00007ffed94b5c56:   39 4c 89 6c 24 28 4c 89 6c 24 20 45 33 c9 48 8b
0x00007ffed94b5c66:   d1 41 8d 4d 09 e8 ac 86 0e 00 33 c0 4c 8d 9c 24
0x00007ffed94b5c76:   80 01 00 00 49 8b 5b 38 49 8b 73 48 49 8b e3 41
0x00007ffed94b5c86:   5f 41 5e 41 5d 41 5c 5f c3 cc 0b 79 74 f7 c7 60
0x00007ffed94b5c96:   0f 01 7d 74 28 45 32 e4 44 88 64 24 41 41 b8 04
0x00007ffed94b5ca6:   00 00 00 f7 c7 00 00 00 61 74 18 0f ba e7 1c 72 


Stack slot to memory mapping:
stack at sp + 0 slots: 0x0000000000000002 is an unknown value
stack at sp + 1 slots: 0x0000025cc4f494fe is at code_begin+1118 in an Interpreter codelet
return entry points  [0x0000025cc4f490a0, 0x0000025cc4f49ba0]  2816 bytes
stack at sp + 2 slots: 0x0000025cc4f494fe is at code_begin+1118 in an Interpreter codelet
return entry points  [0x0000025cc4f490a0, 0x0000025cc4f49ba0]  2816 bytes
stack at sp + 3 slots: 65536 is a compressed pointer to class: 0x0000000800010000
java.io.RandomAccessFile {0x0000000800010008}
 - instance size:     4
 - klass size:        121
 - access:            public synchronized 
 - state:             fully_initialized
 - name:              'java/io/RandomAccessFile'
 - super:             'java/lang/Object'
 - sub:               
 - arrays:            NULL
 - methods:           Array<T>(0x0000025ceaffb660)
 - method ordering:   Array<T>(0x0000025ceac00018)
 - default_methods:   Array<T>(0x0000000000000000)
 - local interfaces:  Array<T>(0x0000025ceaff9f40)
 - trans. interfaces: Array<T>(0x0000025ceaffe530)
 - constants:         constant pool [380] {0x0000025ceaff9228} for 'java/io/RandomAccessFile' cache=0x0000025ceaffe598
 - class loader data:  loader data: 0x0000025cc181aeb0 of 'bootstrap'
 - source file:       'RandomAccessFile.java'
 - class annotations:       Array<T>(0x0000000000000000)
 - class type annotations:  Array<T>(0x0000000000000000)
 - field annotations:       Array<T>(0x0000000000000000)
 - field type annotations:  Array<T>(0x0000000000000000)
 - inner classes:     Array<T>(0x0000025ceaffe500)
 - nest members:     Array<T>(0x0000025ceaffe520)
 - permitted subclasses:     Array<T>(0x0000025ceac00028)
 - java mirror:       a 'java/lang/Class'{0x0000000601223640} = 'java/io/RandomAccessFile'
 - vtable length      17  (start addr: 0x00000008000101f0)
 - itable length      41 (start addr: 0x0000000800010278)
 - ---- static fields (3 words):
 - private static final 'O_RDONLY' 'I' @112 
 - private static final 'O_RDWR' 'I' @116 
 - private static final 'O_SYNC' 'I' @120 
 - private static final 'O_DSYNC' 'I' @124 
 - private static final 'O_TEMPORARY' 'I' @128 
 - ---- non-static fields (5 words):
 - private 'rw' 'Z' @12 
 - private volatile 'closed' 'Z' @13 
 - private 'fd' 'Ljava/io/FileDescriptor;' @16 
 - private volatile 'channel' 'Ljava/nio/channels/FileChannel;' @20 
 - private final 'path' 'Ljava/lang/String;' @24 
 - private final 'closeLock' 'Ljava/lang/Object;' @28 
 - non-static oop maps: 16-28 
stack at sp + 4 slots: 0x000000060104f738 is an oop: org.lwjgl.system.MemoryStack 
{0x000000060104f738} - klass: 'org/lwjgl/system/MemoryStack'
 - ---- fields (total size 5 words):
 - protected 'address' 'J' @16  2598113562240 (eba2ce80 25c)
 - private final 'size' 'I' @12  65536 (10000)
 - private 'pointer' 'I' @24  65536 (10000)
 - protected 'frameIndex' 'I' @28  0
 - private final 'container' 'Ljava/nio/ByteBuffer;' @32  a 'java/nio/DirectByteBuffer'{0x000000060104f6b0} (c0209ed6)
 - private 'frames' '[I' @36  [I{0x000000060104f760} (c0209eec)
stack at sp + 5 slots: 0x00007ffe5371df2a nvoglv64.dll
stack at sp + 6 slots: 0x0000025cf0c00000 points into unknown readable memory: 0x0000025cebb6df00 | 00 df b6 eb 5c 02 00 00
stack at sp + 7 slots: 0x00007ffe53a0f8e3 nvoglv64.dll


---------------  P R O C E S S  ---------------

Threads class SMR info:
_java_thread_list=0x0000025cfb6bad10, length=18, elements={
0x0000025cc180ac40, 0x0000025cea7e6260, 0x0000025cea7e80e0, 0x0000025cea7fa250,
0x0000025cea7fac00, 0x0000025cea7fb5b0, 0x0000025cea7fdf70, 0x0000025cea7ff990,
0x0000025cea81f870, 0x0000025cea823fe0, 0x0000025cea820cb0, 0x0000025cea99ed80,
0x0000025cea99e3e0, 0x0000025cea99df10, 0x0000025cea81fd80, 0x0000025cea8211c0,
0x0000025cea8216d0, 0x0000025cea81f360
}

Java Threads: ( => current thread )
=>0x0000025cc180ac40 JavaThread "main" [_thread_in_native, id=28292, stack(0x000000dd20d00000,0x000000dd20e00000)]
  0x0000025cea7e6260 JavaThread "Reference Handler" daemon [_thread_blocked, id=24516, stack(0x000000dd21400000,0x000000dd21500000)]
  0x0000025cea7e80e0 JavaThread "Finalizer" daemon [_thread_blocked, id=17468, stack(0x000000dd21500000,0x000000dd21600000)]
  0x0000025cea7fa250 JavaThread "Signal Dispatcher" daemon [_thread_blocked, id=16360, stack(0x000000dd21600000,0x000000dd21700000)]
  0x0000025cea7fac00 JavaThread "Attach Listener" daemon [_thread_blocked, id=27580, stack(0x000000dd21700000,0x000000dd21800000)]
  0x0000025cea7fb5b0 JavaThread "Service Thread" daemon [_thread_blocked, id=20812, stack(0x000000dd21800000,0x000000dd21900000)]
  0x0000025cea7fdf70 JavaThread "Monitor Deflation Thread" daemon [_thread_blocked, id=4176, stack(0x000000dd21900000,0x000000dd21a00000)]
  0x0000025cea7ff990 JavaThread "C2 CompilerThread0" daemon [_thread_blocked, id=14120, stack(0x000000dd21a00000,0x000000dd21b00000)]
  0x0000025cea81f870 JavaThread "C1 CompilerThread0" daemon [_thread_blocked, id=968, stack(0x000000dd21b00000,0x000000dd21c00000)]
  0x0000025cea823fe0 JavaThread "Sweeper thread" daemon [_thread_blocked, id=14600, stack(0x000000dd21c00000,0x000000dd21d00000)]
  0x0000025cea820cb0 JavaThread "C1 CompilerThread1" daemon [_thread_blocked, id=1012, stack(0x000000dd21d00000,0x000000dd21e00000)]
  0x0000025cea99ed80 JavaThread "Notification Thread" daemon [_thread_blocked, id=27872, stack(0x000000dd21e00000,0x000000dd21f00000)]
  0x0000025cea99e3e0 JavaThread "Common-Cleaner" daemon [_thread_blocked, id=11708, stack(0x000000dd22000000,0x000000dd22100000)]
  0x0000025cea99df10 JavaThread "Thread-0" [_thread_blocked, id=16240, stack(0x000000dd23700000,0x000000dd23800000)]
  0x0000025cea81fd80 JavaThread "C1 CompilerThread2" daemon [_thread_blocked, id=27276, stack(0x000000dd22100000,0x000000dd22200000)]
  0x0000025cea8211c0 JavaThread "C2 CompilerThread1" daemon [_thread_blocked, id=2496, stack(0x000000dd22200000,0x000000dd22300000)]
  0x0000025cea8216d0 JavaThread "C1 CompilerThread3" daemon [_thread_blocked, id=27464, stack(0x000000dd22d00000,0x000000dd22e00000)]
  0x0000025cea81f360 JavaThread "C2 CompilerThread2" daemon [_thread_blocked, id=2696, stack(0x000000dd23c90000,0x000000dd23d90000)]

Other Threads:
  0x0000025cea7c1020 VMThread "VM Thread" [stack: 0x000000dd21300000,0x000000dd21400000] [id=16528]
  0x0000025cea9a5210 WatcherThread [stack: 0x000000dd21f00000,0x000000dd22000000] [id=26344]
  0x0000025cc18761b0 GCTaskThread "GC Thread#0" [stack: 0x000000dd20e00000,0x000000dd20f00000] [id=29708]
  0x0000025cee2db330 GCTaskThread "GC Thread#1" [stack: 0x000000dd22e00000,0x000000dd22f00000] [id=15752]
  0x0000025cee2dbc00 GCTaskThread "GC Thread#2" [stack: 0x000000dd22f00000,0x000000dd23000000] [id=31160]
  0x0000025cee2dc2c0 GCTaskThread "GC Thread#3" [stack: 0x000000dd23000000,0x000000dd23100000] [id=10840]
  0x0000025cee2dc570 GCTaskThread "GC Thread#4" [stack: 0x000000dd23100000,0x000000dd23200000] [id=21428]
  0x0000025cee6d8af0 GCTaskThread "GC Thread#5" [stack: 0x000000dd23200000,0x000000dd23300000] [id=23284]
  0x0000025cee449c60 GCTaskThread "GC Thread#6" [stack: 0x000000dd23300000,0x000000dd23400000] [id=15832]
  0x0000025cee449f10 GCTaskThread "GC Thread#7" [stack: 0x000000dd23400000,0x000000dd23500000] [id=21508]
  0x0000025cee5f3020 GCTaskThread "GC Thread#8" [stack: 0x000000dd23500000,0x000000dd23600000] [id=9284]
  0x0000025cee5f36e0 GCTaskThread "GC Thread#9" [stack: 0x000000dd23600000,0x000000dd23700000] [id=2648]
  0x0000025cee18add0 GCTaskThread "GC Thread#10" [stack: 0x000000dd23b90000,0x000000dd23c90000] [id=31564]
  0x0000025cee18bb40 GCTaskThread "GC Thread#11" [stack: 0x000000dd23e90000,0x000000dd23f90000] [id=24124]
  0x0000025cc1887070 ConcurrentGCThread "G1 Main Marker" [stack: 0x000000dd20f00000,0x000000dd21000000] [id=14880]
  0x0000025cc1888220 ConcurrentGCThread "G1 Conc#0" [stack: 0x000000dd21000000,0x000000dd21100000] [id=10668]
  0x0000025ce78414a0 ConcurrentGCThread "G1 Refine#0" [stack: 0x000000dd21100000,0x000000dd21200000] [id=25168]
  0x0000025ce7841dd0 ConcurrentGCThread "G1 Service" [stack: 0x000000dd21200000,0x000000dd21300000] [id=12696]

Threads with active compile tasks:

VM state: not at safepoint (normal execution)

VM Mutex/Monitor currently owned by a thread: None

Heap address: 0x0000000601000000, size: 8176 MB, Compressed Oops mode: Zero based, Oop shift amount: 3

CDS archive(s) not mapped
Compressed class space mapped at: 0x0000000800000000-0x0000000840000000, reserved size: 1073741824
Narrow klass base: 0x0000000800000000, Narrow klass shift: 0, Narrow klass range: 0x40000000

GC Precious Log:
 CPUs: 16 total, 16 available
 Memory: 32694M
 Large Page Support: Disabled
 NUMA Support: Disabled
 Compressed Oops: Enabled (Zero based)
 Heap Region Size: 4M
 Heap Min Capacity: 8M
 Heap Initial Capacity: 512M
 Heap Max Capacity: 8176M
 Pre-touch: Disabled
 Parallel Workers: 13
 Concurrent Workers: 3
 Concurrent Refinement Workers: 13
 Periodic GC: Disabled

Heap:
 garbage-first heap   total 28672K, used 5389K [0x0000000601000000, 0x0000000800000000)
  region size 4096K, 1 young (4096K), 0 survivors (0K)
 Metaspace       used 21801K, committed 22208K, reserved 1073152K
  class space    used 1722K, committed 1920K, reserved 1048576K

Heap Regions: E=young(eden), S=young(survivor), O=old, HS=humongous(starts), HC=humongous(continues), CS=collection set, F=free, OA=open archive, CA=closed archive, TAMS=top-at-mark-start (previous, next)
|   0|0x0000000601000000, 0x0000000601400000, 0x0000000601400000|100%| O|  |TAMS 0x0000000601400000, 0x0000000601000000| Untracked 
|   1|0x0000000601400000, 0x0000000601543758, 0x0000000601800000| 31%| O|  |TAMS 0x0000000601400000, 0x0000000601400000| Untracked 
|   2|0x0000000601800000, 0x0000000601800000, 0x0000000601c00000|  0%| F|  |TAMS 0x0000000601800000, 0x0000000601800000| Untracked 
|   3|0x0000000601c00000, 0x0000000601c00000, 0x0000000602000000|  0%| F|  |TAMS 0x0000000601c00000, 0x0000000601c00000| Untracked 
|   4|0x0000000602000000, 0x0000000602000000, 0x0000000602400000|  0%| F|  |TAMS 0x0000000602000000, 0x0000000602000000| Untracked 
|   5|0x0000000602400000, 0x0000000602400000, 0x0000000602800000|  0%| F|  |TAMS 0x0000000602400000, 0x0000000602400000| Untracked 
|   6|0x0000000602800000, 0x000000060283d0e0, 0x0000000602c00000|  5%| E|  |TAMS 0x0000000602800000, 0x0000000602800000| Complete 

Card table byte_map: [0x0000025cd56c0000,0x0000025cd66c0000] _byte_map_base: 0x0000025cd26b8000

Marking Bits (Prev, Next): (CMBitMap*) 0x0000025cc18767c0, (CMBitMap*) 0x0000025cc1876800
 Prev Bits: [0x0000025cd76c0000, 0x0000025cdf680000)
 Next Bits: [0x0000025cdf680000, 0x0000025ce7640000)

Polling page: 0x0000025cbf420000

Metaspace:

Usage:
  Non-class:     19.61 MB used.
      Class:      1.68 MB used.
       Both:     21.29 MB used.

Virtual space:
  Non-class space:       24.00 MB reserved,      19.81 MB ( 83%) committed,  3 nodes.
      Class space:        1.00 GB reserved,       1.88 MB ( <1%) committed,  1 nodes.
             Both:        1.02 GB reserved,      21.69 MB (  2%) committed. 

Chunk freelists:
   Non-Class:  53.00 KB
       Class:  2.12 MB
        Both:  2.17 MB

MaxMetaspaceSize: unlimited
CompressedClassSpaceSize: 1.00 GB
Initial GC threshold: 21.00 MB
Current GC threshold: 36.19 MB
CDS: off
MetaspaceReclaimPolicy: balanced
 - commit_granule_bytes: 65536.
 - commit_granule_words: 8192.
 - virtual_space_node_default_size: 1048576.
 - enlarge_chunks_in_place: 1.
 - new_chunks_are_fully_committed: 0.
 - uncommit_free_chunks: 1.
 - use_allocation_guard: 0.
 - handle_deallocations: 1.


Internal statistics:

num_allocs_failed_limit: 0.
num_arena_births: 358.
num_arena_deaths: 10.
num_vsnodes_births: 4.
num_vsnodes_deaths: 0.
num_space_committed: 345.
num_space_uncommitted: 0.
num_chunks_returned_to_freelist: 11.
num_chunks_taken_from_freelist: 884.
num_chunk_merges: 0.
num_chunk_splits: 534.
num_chunks_enlarged: 325.
num_purges: 2.
num_inconsistent_stats: 0.

CodeHeap 'non-profiled nmethods': size=119168Kb used=2022Kb max_used=2022Kb free=117145Kb
 bounds [0x0000025cccae0000, 0x0000025cccd50000, 0x0000025cd3f40000]
CodeHeap 'profiled nmethods': size=119104Kb used=7225Kb max_used=7225Kb free=111878Kb
 bounds [0x0000025cc5690000, 0x0000025cc5da0000, 0x0000025cccae0000]
CodeHeap 'non-nmethods': size=7488Kb used=3491Kb max_used=3525Kb free=3996Kb
 bounds [0x0000025cc4f40000, 0x0000025cc52c0000, 0x0000025cc5690000]
 total_blobs=5000 nmethods=3713 adapters=1196
 compilation: enabled
              stopped_count=0, restarted_count=0
 full_count=0

Compilation events (20 events):
Event: 7.150 Thread 0x0000025cea820cb0 nmethod 3703 0x0000025cc5d99f10 code [0x0000025cc5d9a0c0, 0x0000025cc5d9a308]
Event: 7.150 Thread 0x0000025cea8216d0 nmethod 3704 0x0000025cc5d9a410 code [0x0000025cc5d9a5a0, 0x0000025cc5d9a6f8]
Event: 7.150 Thread 0x0000025cea81f870 3705       3       org.jbox2d.common.Vec2::set (12 bytes)
Event: 7.150 Thread 0x0000025cea81fd80 3706       3       org.jbox2d.collision.broadphase.DynamicTree::insertLeaf (759 bytes)
Event: 7.150 Thread 0x0000025cea8216d0 3707       3       org.jbox2d.collision.broadphase.BroadPhase::bufferMove (81 bytes)
Event: 7.150 Thread 0x0000025cea81f870 nmethod 3705 0x0000025cc5d9a810 code [0x0000025cc5d9a9a0, 0x0000025cc5d9aab8]
Event: 7.150 Thread 0x0000025cea81f870 3708       1       Core2D.Physics.Rigidbody2D::getDensity (5 bytes)
Event: 7.150 Thread 0x0000025cea820cb0 3709       1       Core2D.Physics.Rigidbody2D::getRestitution (5 bytes)
Event: 7.150 Thread 0x0000025cea8216d0 nmethod 3707 0x0000025cc5d9ab90 code [0x0000025cc5d9ad60, 0x0000025cc5d9b3f8]
Event: 7.150 Thread 0x0000025cea81f870 nmethod 3708 0x0000025ccccd8890 code [0x0000025ccccd8a20, 0x0000025ccccd8af8]
Event: 7.150 Thread 0x0000025cea820cb0 nmethod 3709 0x0000025ccccd8b90 code [0x0000025ccccd8d20, 0x0000025ccccd8df8]
Event: 7.150 Thread 0x0000025cea81f870 3710       1       Core2D.Physics.Rigidbody2D::getFriction (5 bytes)
Event: 7.150 Thread 0x0000025cea8216d0 3711       1       Core2D.Physics.Rigidbody2D::isSensor (5 bytes)
Event: 7.150 Thread 0x0000025cea81f870 nmethod 3710 0x0000025ccccd8e90 code [0x0000025ccccd9020, 0x0000025ccccd90f8]
Event: 7.150 Thread 0x0000025cea8216d0 nmethod 3711 0x0000025ccccd9190 code [0x0000025ccccd9320, 0x0000025ccccd93f8]
Event: 7.150 Thread 0x0000025cea81f360 3712       4       org.jbox2d.collision.AABB::combine (169 bytes)
Event: 7.151 Thread 0x0000025cea8216d0 3713       3       org.jbox2d.collision.broadphase.DynamicTree::getUserData (37 bytes)
Event: 7.166 Thread 0x0000025cea8216d0 nmethod 3713 0x0000025cc5d9b610 code [0x0000025cc5d9b7a0, 0x0000025cc5d9b8f8]
Event: 7.166 Thread 0x0000025cea81fd80 nmethod 3706 0x0000025cc5d9ba10 code [0x0000025cc5d9be00, 0x0000025cc5d9d4a8]
Event: 7.166 Thread 0x0000025cea81f360 nmethod 3712 0x0000025ccccd9490 code [0x0000025ccccd9620, 0x0000025ccccd9798]

GC Heap History (20 events):
Event: 6.357 GC heap before
{Heap before GC invocations=112 (full 7):
 garbage-first heap   total 57344K, used 29618K [0x0000000601000000, 0x0000000800000000)
  region size 4096K, 7 young (28672K), 1 survivors (4096K)
 Metaspace       used 21488K, committed 21760K, reserved 1073152K
  class space    used 1707K, committed 1856K, reserved 1048576K
}
Event: 6.357 GC heap after
{Heap after GC invocations=113 (full 7):
 garbage-first heap   total 57344K, used 5039K [0x0000000601000000, 0x0000000800000000)
  region size 4096K, 1 young (4096K), 1 survivors (4096K)
 Metaspace       used 21488K, committed 21760K, reserved 1073152K
  class space    used 1707K, committed 1856K, reserved 1048576K
}
Event: 6.439 GC heap before
{Heap before GC invocations=113 (full 7):
 garbage-first heap   total 57344K, used 29615K [0x0000000601000000, 0x0000000800000000)
  region size 4096K, 7 young (28672K), 1 survivors (4096K)
 Metaspace       used 21488K, committed 21760K, reserved 1073152K
  class space    used 1707K, committed 1856K, reserved 1048576K
}
Event: 6.439 GC heap after
{Heap after GC invocations=114 (full 7):
 garbage-first heap   total 57344K, used 5039K [0x0000000601000000, 0x0000000800000000)
  region size 4096K, 1 young (4096K), 1 survivors (4096K)
 Metaspace       used 21488K, committed 21760K, reserved 1073152K
  class space    used 1707K, committed 1856K, reserved 1048576K
}
Event: 6.523 GC heap before
{Heap before GC invocations=114 (full 7):
 garbage-first heap   total 57344K, used 29615K [0x0000000601000000, 0x0000000800000000)
  region size 4096K, 7 young (28672K), 1 survivors (4096K)
 Metaspace       used 21491K, committed 21760K, reserved 1073152K
  class space    used 1707K, committed 1856K, reserved 1048576K
}
Event: 6.524 GC heap after
{Heap after GC invocations=115 (full 7):
 garbage-first heap   total 57344K, used 5032K [0x0000000601000000, 0x0000000800000000)
  region size 4096K, 1 young (4096K), 1 survivors (4096K)
 Metaspace       used 21491K, committed 21760K, reserved 1073152K
  class space    used 1707K, committed 1856K, reserved 1048576K
}
Event: 6.602 GC heap before
{Heap before GC invocations=115 (full 7):
 garbage-first heap   total 57344K, used 29608K [0x0000000601000000, 0x0000000800000000)
  region size 4096K, 7 young (28672K), 1 survivors (4096K)
 Metaspace       used 21491K, committed 21760K, reserved 1073152K
  class space    used 1707K, committed 1856K, reserved 1048576K
}
Event: 6.602 GC heap after
{Heap after GC invocations=116 (full 7):
 garbage-first heap   total 57344K, used 5035K [0x0000000601000000, 0x0000000800000000)
  region size 4096K, 1 young (4096K), 1 survivors (4096K)
 Metaspace       used 21491K, committed 21760K, reserved 1073152K
  class space    used 1707K, committed 1856K, reserved 1048576K
}
Event: 6.682 GC heap before
{Heap before GC invocations=116 (full 7):
 garbage-first heap   total 57344K, used 29611K [0x0000000601000000, 0x0000000800000000)
  region size 4096K, 7 young (28672K), 1 survivors (4096K)
 Metaspace       used 21492K, committed 21760K, reserved 1073152K
  class space    used 1707K, committed 1856K, reserved 1048576K
}
Event: 6.682 GC heap after
{Heap after GC invocations=117 (full 7):
 garbage-first heap   total 57344K, used 5037K [0x0000000601000000, 0x0000000800000000)
  region size 4096K, 1 young (4096K), 1 survivors (4096K)
 Metaspace       used 21492K, committed 21760K, reserved 1073152K
  class space    used 1707K, committed 1856K, reserved 1048576K
}
Event: 6.768 GC heap before
{Heap before GC invocations=117 (full 7):
 garbage-first heap   total 57344K, used 29613K [0x0000000601000000, 0x0000000800000000)
  region size 4096K, 7 young (28672K), 1 survivors (4096K)
 Metaspace       used 21531K, committed 21824K, reserved 1073152K
  class space    used 1707K, committed 1856K, reserved 1048576K
}
Event: 6.768 GC heap after
{Heap after GC invocations=118 (full 7):
 garbage-first heap   total 57344K, used 5041K [0x0000000601000000, 0x0000000800000000)
  region size 4096K, 1 young (4096K), 1 survivors (4096K)
 Metaspace       used 21531K, committed 21824K, reserved 1073152K
  class space    used 1707K, committed 1856K, reserved 1048576K
}
Event: 6.848 GC heap before
{Heap before GC invocations=118 (full 7):
 garbage-first heap   total 57344K, used 29617K [0x0000000601000000, 0x0000000800000000)
  region size 4096K, 7 young (28672K), 1 survivors (4096K)
 Metaspace       used 21531K, committed 21824K, reserved 1073152K
  class space    used 1707K, committed 1856K, reserved 1048576K
}
Event: 6.848 GC heap after
{Heap after GC invocations=119 (full 7):
 garbage-first heap   total 57344K, used 5040K [0x0000000601000000, 0x0000000800000000)
  region size 4096K, 1 young (4096K), 1 survivors (4096K)
 Metaspace       used 21531K, committed 21824K, reserved 1073152K
  class space    used 1707K, committed 1856K, reserved 1048576K
}
Event: 6.953 GC heap before
{Heap before GC invocations=119 (full 7):
 garbage-first heap   total 57344K, used 29616K [0x0000000601000000, 0x0000000800000000)
  region size 4096K, 7 young (28672K), 1 survivors (4096K)
 Metaspace       used 21725K, committed 22144K, reserved 1073152K
  class space    used 1720K, committed 1920K, reserved 1048576K
}
Event: 6.953 GC heap after
{Heap after GC invocations=120 (full 7):
 garbage-first heap   total 57344K, used 5078K [0x0000000601000000, 0x0000000800000000)
  region size 4096K, 1 young (4096K), 1 survivors (4096K)
 Metaspace       used 21725K, committed 22144K, reserved 1073152K
  class space    used 1720K, committed 1920K, reserved 1048576K
}
Event: 7.038 GC heap before
{Heap before GC invocations=120 (full 7):
 garbage-first heap   total 57344K, used 29654K [0x0000000601000000, 0x0000000800000000)
  region size 4096K, 7 young (28672K), 1 survivors (4096K)
 Metaspace       used 21753K, committed 22144K, reserved 1073152K
  class space    used 1720K, committed 1920K, reserved 1048576K
}
Event: 7.039 GC heap after
{Heap after GC invocations=121 (full 7):
 garbage-first heap   total 57344K, used 5715K [0x0000000601000000, 0x0000000800000000)
  region size 4096K, 1 young (4096K), 1 survivors (4096K)
 Metaspace       used 21753K, committed 22144K, reserved 1073152K
  class space    used 1720K, committed 1920K, reserved 1048576K
}
Event: 7.151 GC heap before
{Heap before GC invocations=121 (full 7):
 garbage-first heap   total 57344K, used 13907K [0x0000000601000000, 0x0000000800000000)
  region size 4096K, 4 young (16384K), 1 survivors (4096K)
 Metaspace       used 21809K, committed 22208K, reserved 1073152K
  class space    used 1723K, committed 1920K, reserved 1048576K
}
Event: 7.165 GC heap after
{Heap after GC invocations=122 (full 8):
 garbage-first heap   total 28672K, used 5389K [0x0000000601000000, 0x0000000800000000)
  region size 4096K, 0 young (0K), 0 survivors (0K)
 Metaspace       used 21797K, committed 22208K, reserved 1073152K
  class space    used 1720K, committed 1920K, reserved 1048576K
}

Dll operation events (2 events):
Event: 0.004 Loaded shared library D:\Programming\JetBrains\apps\IDEA-U\ch-0\223.8617.56\jbr\bin\java.dll
Event: 0.079 Loaded shared library D:\Programming\JetBrains\apps\IDEA-U\ch-0\223.8617.56\jbr\bin\verify.dll

Deoptimization events (20 events):
Event: 6.868 Thread 0x0000025cc180ac40 DEOPT PACKING pc=0x0000025cccb3e064 sp=0x000000dd20dfd3d0
Event: 6.868 Thread 0x0000025cc180ac40 DEOPT UNPACKING pc=0x0000025cc4f923a3 sp=0x000000dd20dfd370 mode 2
Event: 6.869 Thread 0x0000025cc180ac40 Uncommon trap: trap_request=0xffffffde fr.pc=0x0000025cccb36344 relative=0x0000000000000f24
Event: 6.869 Thread 0x0000025cc180ac40 Uncommon trap: reason=class_check action=maybe_recompile pc=0x0000025cccb36344 method=java.util.concurrent.ConcurrentHashMap.putVal(Ljava/lang/Object;Ljava/lang/Object;Z)Ljava/lang/Object; @ 242 c2
Event: 6.869 Thread 0x0000025cc180ac40 DEOPT PACKING pc=0x0000025cccb36344 sp=0x000000dd20dfceb0
Event: 6.869 Thread 0x0000025cc180ac40 DEOPT UNPACKING pc=0x0000025cc4f923a3 sp=0x000000dd20dfce20 mode 2
Event: 6.869 Thread 0x0000025cc180ac40 Uncommon trap: trap_request=0xffffffde fr.pc=0x0000025cccb36344 relative=0x0000000000000f24
Event: 6.869 Thread 0x0000025cc180ac40 Uncommon trap: reason=class_check action=maybe_recompile pc=0x0000025cccb36344 method=java.util.concurrent.ConcurrentHashMap.putVal(Ljava/lang/Object;Ljava/lang/Object;Z)Ljava/lang/Object; @ 242 c2
Event: 6.869 Thread 0x0000025cc180ac40 DEOPT PACKING pc=0x0000025cccb36344 sp=0x000000dd20dfd3c0
Event: 6.869 Thread 0x0000025cc180ac40 DEOPT UNPACKING pc=0x0000025cc4f923a3 sp=0x000000dd20dfd330 mode 2
Event: 6.877 Thread 0x0000025cc180ac40 Uncommon trap: trap_request=0xffffffcc fr.pc=0x0000025cccc60dcc relative=0x000000000000032c
Event: 6.877 Thread 0x0000025cc180ac40 Uncommon trap: reason=intrinsic_or_type_checked_inlining action=make_not_entrant pc=0x0000025cccc60dcc method=java.util.Arrays.copyOf([Ljava/lang/Object;ILjava/lang/Class;)[Ljava/lang/Object; @ 35 c2
Event: 6.877 Thread 0x0000025cc180ac40 DEOPT PACKING pc=0x0000025cccc60dcc sp=0x000000dd20dfcba0
Event: 6.877 Thread 0x0000025cc180ac40 DEOPT UNPACKING pc=0x0000025cc4f923a3 sp=0x000000dd20dfcb48 mode 2
Event: 6.900 Thread 0x0000025cc180ac40 Uncommon trap: trap_request=0xffffff45 fr.pc=0x0000025cccc94d04 relative=0x0000000000000424
Event: 6.900 Thread 0x0000025cc180ac40 Uncommon trap: reason=unstable_if action=reinterpret pc=0x0000025cccc94d04 method=Core2D.Graphics.Renderer.render(LCore2D/ECS/Entity;)V @ 42 c2
Event: 6.900 Thread 0x0000025cc180ac40 DEOPT PACKING pc=0x0000025cccc94d04 sp=0x000000dd20dfe9b0
Event: 6.900 Thread 0x0000025cc180ac40 DEOPT UNPACKING pc=0x0000025cc4f923a3 sp=0x000000dd20dfe948 mode 2
Event: 7.077 Thread 0x0000025cc180ac40 DEOPT PACKING pc=0x0000025cc590d483 sp=0x000000dd20dfce10
Event: 7.077 Thread 0x0000025cc180ac40 DEOPT UNPACKING pc=0x0000025cc4f92b43 sp=0x000000dd20dfc280 mode 0

Classes unloaded (5 events):
Event: 7.155 Thread 0x0000025cea7c1020 Unloading class 0x00000008001cf400 'FunnySystem'
Event: 7.155 Thread 0x0000025cea7c1020 Unloading class 0x00000008001cf800 'RotationSystem'
Event: 7.155 Thread 0x0000025cea7c1020 Unloading class 0x00000008001cd000 'FunnySystem'
Event: 7.155 Thread 0x0000025cea7c1020 Unloading class 0x00000008001ccc00 'VoidsTestSystem'
Event: 7.155 Thread 0x0000025cea7c1020 Unloading class 0x00000008001b4c00 'SomeSuperComponent'

Classes redefined (0 events):
No events

Internal exceptions (20 events):
Event: 0.645 Thread 0x0000025cc180ac40 Exception <a 'sun/nio/fs/WindowsException'{0x000000061fe39a10}> (0x000000061fe39a10) 
thrown [s\src\hotspot\share\prims\jni.cpp, line 517]
Event: 0.645 Thread 0x0000025cc180ac40 Exception <a 'sun/nio/fs/WindowsException'{0x000000061fe39d98}> (0x000000061fe39d98) 
thrown [s\src\hotspot\share\prims\jni.cpp, line 517]
Event: 0.650 Thread 0x0000025cc180ac40 Exception <a 'java/lang/NoSuchMethodError'{0x000000061fe6f4f0}: 'void java.lang.invoke.DirectMethodHandle$Holder.invokeStatic(java.lang.Object, java.lang.Object, java.lang.Object)'> (0x000000061fe6f4f0) 
thrown [s\src\hotspot\share\interpreter\linkResolver.cpp, line 771]
Event: 0.725 Thread 0x0000025cc180ac40 Exception <a 'java/lang/NoSuchMethodError'{0x000000061fffc8f8}: 'java.lang.Object java.lang.invoke.DirectMethodHandle$Holder.invokeStatic(java.lang.Object, int, java.lang.Object)'> (0x000000061fffc8f8) 
thrown [s\src\hotspot\share\interpreter\linkResolver.cpp, line 771]
Event: 0.728 Thread 0x0000025cc180ac40 Exception <a 'java/lang/NoSuchMethodError'{0x000000061f81b4e8}: 'void java.lang.invoke.DirectMethodHandle$Holder.invokeStatic(java.lang.Object, int, java.lang.Object)'> (0x000000061f81b4e8) 
thrown [s\src\hotspot\share\interpreter\linkResolver.cpp, line 771]
Event: 0.729 Thread 0x0000025cc180ac40 Exception <a 'java/lang/NoSuchMethodError'{0x000000061f827e30}: 'void java.lang.invoke.DirectMethodHandle$Holder.invokeSpecial(java.lang.Object, java.lang.Object, int, java.lang.Object)'> (0x000000061f827e30) 
thrown [s\src\hotspot\share\interpreter\linkResolver.cpp, line 771]
Event: 0.747 Thread 0x0000025cc180ac40 Exception <a 'java/lang/NoSuchMethodError'{0x0000000605c6e530}: 'java.lang.Object java.lang.invoke.Invokers$Holder.invokeExact_MT(java.lang.Object, java.lang.Object, java.lang.Object, java.lang.Object, java.lang.Object, java.lang.Object)'> (0x0000000605c6e530) 
thrown [s\src\hotspot\share\interpreter\linkResolver.cpp, line 771]
Event: 0.756 Thread 0x0000025cc180ac40 Exception <a 'sun/nio/fs/WindowsException'{0x0000000605d1dea8}> (0x0000000605d1dea8) 
thrown [s\src\hotspot\share\prims\jni.cpp, line 517]
Event: 0.822 Thread 0x0000025cc180ac40 Exception <a 'java/lang/NoSuchMethodError'{0x0000000605e1e608}: 'void java.lang.invoke.DirectMethodHandle$Holder.invokeVirtual(java.lang.Object, java.lang.Object, long, double, double)'> (0x0000000605e1e608) 
thrown [s\src\hotspot\share\interpreter\linkResolver.cpp, line 771]
Event: 0.823 Thread 0x0000025cc180ac40 Exception <a 'java/lang/NoSuchMethodError'{0x0000000605e24188}: 'void java.lang.invoke.DirectMethodHandle$Holder.invokeVirtual(java.lang.Object, java.lang.Object, long, int, int, int, int)'> (0x0000000605e24188) 
thrown [s\src\hotspot\share\interpreter\linkResolver.cpp, line 771]
Event: 0.875 Thread 0x0000025cc180ac40 Exception <a 'java/lang/NoSuchMethodError'{0x000000060567c1c0}: 'java.lang.Object java.lang.invoke.DirectMethodHandle$Holder.newInvokeSpecial(java.lang.Object, java.lang.Object, float)'> (0x000000060567c1c0) 
thrown [s\src\hotspot\share\interpreter\linkResolver.cpp, line 771]
Event: 0.898 Thread 0x0000025cc180ac40 Exception <a 'java/lang/ClassNotFoundException'{0x0000000601c44da0}: sun/awt/resources/spi/awtProvider> (0x0000000601c44da0) 
thrown [s\src\hotspot\share\classfile\systemDictionary.cpp, line 256]
Event: 0.901 Thread 0x0000025cc180ac40 Exception <a 'java/io/FileNotFoundException'{0x0000000601c54ab0}> (0x0000000601c54ab0) 
thrown [s\src\hotspot\share\prims\jni.cpp, line 517]
Event: 0.902 Thread 0x0000025cc180ac40 Exception <a 'java/io/FileNotFoundException'{0x0000000601c56268}> (0x0000000601c56268) 
thrown [s\src\hotspot\share\prims\jni.cpp, line 517]
Event: 3.716 Thread 0x0000025cc180ac40 Exception <a 'java/lang/NoSuchMethodError'{0x0000000601cd93e0}: 'java.lang.Object java.lang.invoke.DirectMethodHandle$Holder.invokeInterface(java.lang.Object, java.lang.Object)'> (0x0000000601cd93e0) 
thrown [s\src\hotspot\share\interpreter\linkResolver.cpp, line 771]
Event: 5.710 Thread 0x0000025cea99df10 Exception <a 'java/lang/NoSuchMethodError'{0x00000007ffe8aad0}: 'void java.lang.invoke.DirectMethodHandle$Holder.invokeStatic(java.lang.Object, java.lang.Object, java.lang.Object, java.lang.Object)'> (0x00000007ffe8aad0) 
thrown [s\src\hotspot\share\interpreter\linkResolver.cpp, line 771]
Event: 5.831 Thread 0x0000025cc180ac40 Exception <a 'java/lang/NoSuchMethodError'{0x00000006046b02e8}: 'java.lang.Object java.lang.invoke.DirectMethodHandle$Holder.invokeStatic(java.lang.Object, int, java.lang.Object, java.lang.Object)'> (0x00000006046b02e8) 
thrown [s\src\hotspot\share\interpreter\linkResolver.cpp, line 771]
Event: 5.831 Thread 0x0000025cc180ac40 Exception <a 'java/lang/NoSuchMethodError'{0x00000006046b6f18}: 'java.lang.Object java.lang.invoke.DirectMethodHandle$Holder.newInvokeSpecial(java.lang.Object, int, java.lang.Object)'> (0x00000006046b6f18) 
thrown [s\src\hotspot\share\interpreter\linkResolver.cpp, line 771]
Event: 6.901 Thread 0x0000025cc180ac40 Exception <a 'java/lang/NoSuchMethodError'{0x0000000603d48ef8}: 'java.lang.Object java.lang.invoke.DirectMethodHandle$Holder.newInvokeSpecial(java.lang.Object, int, float)'> (0x0000000603d48ef8) 
thrown [s\src\hotspot\share\interpreter\linkResolver.cpp, line 771]
Event: 6.901 Thread 0x0000025cc180ac40 Exception <a 'java/lang/NoSuchMethodError'{0x0000000603d4cd08}: 'java.lang.Object java.lang.invoke.DirectMethodHandle$Holder.invokeSpecial(java.lang.Object, java.lang.Object, int, float)'> (0x0000000603d4cd08) 
thrown [s\src\hotspot\share\interpreter\linkResolver.cpp, line 771]

VM Operations (20 events):
Event: 6.439 Executing VM operation: G1CollectForAllocation
Event: 6.439 Executing VM operation: G1CollectForAllocation done
Event: 6.523 Executing VM operation: G1CollectForAllocation
Event: 6.524 Executing VM operation: G1CollectForAllocation done
Event: 6.602 Executing VM operation: G1CollectForAllocation
Event: 6.602 Executing VM operation: G1CollectForAllocation done
Event: 6.623 Executing VM operation: HandshakeAllThreads
Event: 6.623 Executing VM operation: HandshakeAllThreads done
Event: 6.682 Executing VM operation: G1CollectForAllocation
Event: 6.682 Executing VM operation: G1CollectForAllocation done
Event: 6.768 Executing VM operation: G1CollectForAllocation
Event: 6.768 Executing VM operation: G1CollectForAllocation done
Event: 6.848 Executing VM operation: G1CollectForAllocation
Event: 6.848 Executing VM operation: G1CollectForAllocation done
Event: 6.953 Executing VM operation: G1CollectForAllocation
Event: 6.953 Executing VM operation: G1CollectForAllocation done
Event: 7.038 Executing VM operation: G1CollectForAllocation
Event: 7.039 Executing VM operation: G1CollectForAllocation done
Event: 7.151 Executing VM operation: G1CollectFull
Event: 7.165 Executing VM operation: G1CollectFull done

Events (20 events):
Event: 5.480 loading class java/util/AbstractQueue
Event: 5.480 loading class java/util/AbstractQueue done
Event: 5.480 loading class java/util/concurrent/LinkedBlockingQueue done
Event: 5.481 loading class java/util/concurrent/locks/AbstractQueuedSynchronizer$ConditionObject
Event: 5.481 loading class java/util/concurrent/locks/Condition
Event: 5.481 loading class java/util/concurrent/locks/Condition done
Event: 5.481 loading class java/util/concurrent/locks/AbstractQueuedSynchronizer$ConditionObject done
Event: 5.481 loading class java/util/concurrent/LinkedBlockingQueue$Node
Event: 5.481 loading class java/util/concurrent/LinkedBlockingQueue$Node done
Event: 5.481 loading class java/lang/InheritableThreadLocal
Event: 5.481 loading class java/lang/InheritableThreadLocal done
Event: 5.483 loading class java/util/LinkedHashMap$LinkedKeySet
Event: 5.483 loading class java/util/LinkedHashMap$LinkedKeySet done
Event: 5.483 loading class java/util/LinkedHashMap$LinkedKeyIterator
Event: 5.483 loading class java/util/LinkedHashMap$LinkedKeyIterator done
Event: 5.625 loading class java/net/MalformedURLException
Event: 5.625 loading class java/net/MalformedURLException done
Event: 6.472 Thread 0x0000025cea8220f0 Thread exited: 0x0000025cea8220f0
Event: 6.785 Thread 0x0000025cea821be0 Thread exited: 0x0000025cea821be0
Event: 6.871 Thread 0x0000025cea81f360 Thread added: 0x0000025cea81f360


Dynamic libraries:
0x00007ff706b60000 - 0x00007ff706b6a000 	D:\Programming\JetBrains\apps\IDEA-U\ch-0\223.8617.56\jbr\bin\java.exe
0x00007ffed9490000 - 0x00007ffed9688000 	C:\Windows\SYSTEM32\ntdll.dll
0x00007ffed7f30000 - 0x00007ffed7fef000 	C:\Windows\System32\KERNEL32.DLL
0x00007ffed6f50000 - 0x00007ffed7222000 	C:\Windows\System32\KERNELBASE.dll
0x00007ffed43a0000 - 0x00007ffed4431000 	C:\Windows\SYSTEM32\apphelp.dll
0x00007ffebad70000 - 0x00007ffebaddc000 	C:\Windows\SYSTEM32\AcGenral.DLL
0x00007ffed74d0000 - 0x00007ffed756e000 	C:\Windows\System32\msvcrt.dll
0x00007ffed8240000 - 0x00007ffed82dc000 	C:\Windows\System32\sechost.dll
0x00007ffed85c0000 - 0x00007ffed86e5000 	C:\Windows\System32\RPCRT4.dll
0x00007ffed8420000 - 0x00007ffed8475000 	C:\Windows\System32\SHLWAPI.dll
0x00007ffed75b0000 - 0x00007ffed7751000 	C:\Windows\System32\USER32.dll
0x00007ffed6b80000 - 0x00007ffed6ba2000 	C:\Windows\System32\win32u.dll
0x00007ffed9390000 - 0x00007ffed93bb000 	C:\Windows\System32\GDI32.dll
0x00007ffed73c0000 - 0x00007ffed74cf000 	C:\Windows\System32\gdi32full.dll
0x00007ffed7230000 - 0x00007ffed72cd000 	C:\Windows\System32\msvcp_win.dll
0x00007ffed6bb0000 - 0x00007ffed6cb0000 	C:\Windows\System32\ucrtbase.dll
0x00007ffed8110000 - 0x00007ffed823a000 	C:\Windows\System32\ole32.dll
0x00007ffed8fd0000 - 0x00007ffed9325000 	C:\Windows\System32\combase.dll
0x00007ffed8800000 - 0x00007ffed8f44000 	C:\Windows\System32\SHELL32.dll
0x00007ffed8750000 - 0x00007ffed87fe000 	C:\Windows\System32\ADVAPI32.dll
0x00007ffed6a80000 - 0x00007ffed6aae000 	C:\Windows\SYSTEM32\USERENV.dll
0x00007ffec5550000 - 0x00007ffec556d000 	C:\Windows\SYSTEM32\MPR.dll
0x00007ffed6a40000 - 0x00007ffed6a72000 	C:\Windows\SYSTEM32\SspiCli.dll
0x00007ffed7570000 - 0x00007ffed75a2000 	C:\Windows\System32\IMM32.DLL
0x00007ffecd990000 - 0x00007ffecd9a7000 	D:\Programming\JetBrains\apps\IDEA-U\ch-0\223.8617.56\jbr\bin\jli.dll
0x00007ffece1e0000 - 0x00007ffece1fb000 	D:\Programming\JetBrains\apps\IDEA-U\ch-0\223.8617.56\jbr\bin\VCRUNTIME140.dll
0x00007ffecb890000 - 0x00007ffecbb2a000 	C:\Windows\WinSxS\amd64_microsoft.windows.common-controls_6595b64144ccf1df_6.0.19041.1110_none_60b5254171f9507e\COMCTL32.dll
0x00007ffed3550000 - 0x00007ffed355c000 	D:\Programming\JetBrains\apps\IDEA-U\ch-0\223.8617.56\jbr\bin\vcruntime140_1.dll
0x00007ffeaeca0000 - 0x00007ffeaed2d000 	D:\Programming\JetBrains\apps\IDEA-U\ch-0\223.8617.56\jbr\bin\msvcp140.dll
0x00007ffe783b0000 - 0x00007ffe7901b000 	D:\Programming\JetBrains\apps\IDEA-U\ch-0\223.8617.56\jbr\bin\server\jvm.dll
0x00007ffeb8b90000 - 0x00007ffeb8b99000 	C:\Windows\SYSTEM32\WSOCK32.dll
0x00007ffed0de0000 - 0x00007ffed0dea000 	C:\Windows\SYSTEM32\VERSION.dll
0x00007ffece260000 - 0x00007ffece287000 	C:\Windows\SYSTEM32\WINMM.dll
0x00007ffed82f0000 - 0x00007ffed835b000 	C:\Windows\System32\WS2_32.dll
0x00007ffed4a60000 - 0x00007ffed4a72000 	C:\Windows\SYSTEM32\kernel.appcore.dll
0x00007ffecdb80000 - 0x00007ffecdb8a000 	D:\Programming\JetBrains\apps\IDEA-U\ch-0\223.8617.56\jbr\bin\jimage.dll
0x00007ffecc700000 - 0x00007ffecc8e4000 	C:\Windows\SYSTEM32\DBGHELP.DLL
0x00007ffec5120000 - 0x00007ffec5155000 	C:\Windows\SYSTEM32\dbgcore.DLL
0x00007ffed6ec0000 - 0x00007ffed6f42000 	C:\Windows\System32\bcryptPrimitives.dll
0x00007ffecdb50000 - 0x00007ffecdb75000 	D:\Programming\JetBrains\apps\IDEA-U\ch-0\223.8617.56\jbr\bin\java.dll
0x00007ffecdb30000 - 0x00007ffecdb48000 	D:\Programming\JetBrains\apps\IDEA-U\ch-0\223.8617.56\jbr\bin\zip.dll
0x00007ffed4c60000 - 0x00007ffed53f2000 	C:\Windows\SYSTEM32\windows.storage.dll
0x00007ffed65e0000 - 0x00007ffed6610000 	C:\Windows\SYSTEM32\Wldp.dll
0x00007ffed8360000 - 0x00007ffed840d000 	C:\Windows\System32\SHCORE.dll
0x00007ffed6ac0000 - 0x00007ffed6adf000 	C:\Windows\SYSTEM32\profapi.dll
0x00007ffecdb10000 - 0x00007ffecdb29000 	D:\Programming\JetBrains\apps\IDEA-U\ch-0\223.8617.56\jbr\bin\net.dll
0x00007ffed0250000 - 0x00007ffed035c000 	C:\Windows\SYSTEM32\WINHTTP.dll
0x00007ffed62d0000 - 0x00007ffed633a000 	C:\Windows\system32\mswsock.dll
0x00007ffecdaf0000 - 0x00007ffecdb06000 	D:\Programming\JetBrains\apps\IDEA-U\ch-0\223.8617.56\jbr\bin\nio.dll
0x00007ffecdae0000 - 0x00007ffecdaf0000 	D:\Programming\JetBrains\apps\IDEA-U\ch-0\223.8617.56\jbr\bin\verify.dll
0x00007ffea2ef0000 - 0x00007ffea2f65000 	C:\Users\stuka\AppData\Local\Temp\lwjglstuka\3.3.1-SNAPSHOT\lwjgl.dll
0x00007ffea8480000 - 0x00007ffea84e1000 	C:\Users\stuka\AppData\Local\Temp\lwjglstuka\3.3.1-SNAPSHOT\glfw.dll
0x00007ffec5ad0000 - 0x00007ffec5b15000 	C:\Windows\SYSTEM32\dinput8.dll
0x00007ffead5c0000 - 0x00007ffead5d1000 	C:\Windows\SYSTEM32\xinput1_4.dll
0x00007ffed72d0000 - 0x00007ffed731e000 	C:\Windows\System32\cfgmgr32.dll
0x00007ffed6930000 - 0x00007ffed695c000 	C:\Windows\SYSTEM32\DEVOBJ.dll
0x00007ffed4770000 - 0x00007ffed479f000 	C:\Windows\SYSTEM32\dwmapi.dll
0x00007ffec4500000 - 0x00007ffec4652000 	C:\Windows\SYSTEM32\inputhost.dll
0x00007ffed7760000 - 0x00007ffed782d000 	C:\Windows\System32\OLEAUT32.dll
0x00007ffed3660000 - 0x00007ffed37b4000 	C:\Windows\SYSTEM32\wintypes.dll
0x00007ffed4090000 - 0x00007ffed4182000 	C:\Windows\SYSTEM32\CoreMessaging.dll
0x00007ffed24a0000 - 0x00007ffed2596000 	C:\Windows\SYSTEM32\PROPSYS.dll
0x00007ffed3d30000 - 0x00007ffed408e000 	C:\Windows\SYSTEM32\CoreUIComponents.dll
0x00007ffed5ca0000 - 0x00007ffed5cd3000 	C:\Windows\SYSTEM32\ntmarta.dll
0x00007ffed4540000 - 0x00007ffed45de000 	C:\Windows\system32\uxtheme.dll
0x00007ffed84a0000 - 0x00007ffed85b5000 	C:\Windows\System32\MSCTF.dll
0x00007ffeaafd0000 - 0x00007ffeab0f5000 	C:\Windows\SYSTEM32\opengl32.dll
0x00007ffecbf70000 - 0x00007ffecbf9c000 	C:\Windows\SYSTEM32\GLU32.dll
0x00007ffed8000000 - 0x00007ffed80af000 	C:\Windows\System32\clbcatq.dll
0x00007ffe529f0000 - 0x00007ffe56324000 	C:\Windows\System32\DriverStore\FileRepository\nv_dispi.inf_amd64_d1bd230cd08e7436\nvoglv64.dll
0x00007ffed7ac0000 - 0x00007ffed7f28000 	C:\Windows\System32\SETUPAPI.dll
0x00007ffed7390000 - 0x00007ffed73b7000 	C:\Windows\System32\bcrypt.dll
0x00007ffed26b0000 - 0x00007ffed26c4000 	C:\Windows\SYSTEM32\WTSAPI32.dll
0x00007ffed6770000 - 0x00007ffed6782000 	C:\Windows\SYSTEM32\msasn1.dll
0x00007ffed09d0000 - 0x00007ffed0a01000 	C:\Windows\SYSTEM32\cryptnet.dll
0x00007ffed6d60000 - 0x00007ffed6eb6000 	C:\Windows\System32\CRYPT32.dll
0x00007ffed0a40000 - 0x00007ffed0b88000 	C:\Windows\SYSTEM32\drvstore.dll
0x00007ffed64e0000 - 0x00007ffed64ec000 	C:\Windows\SYSTEM32\cryptbase.dll
0x00007ffed7320000 - 0x00007ffed7389000 	C:\Windows\System32\WINTRUST.dll
0x00007ffed0990000 - 0x00007ffed09cb000 	C:\Windows\SYSTEM32\dxcore.dll
0x00007ffea4e80000 - 0x00007ffea514f000 	C:\Windows\system32\nvspcap64.dll
0x00007ffed6590000 - 0x00007ffed65db000 	C:\Windows\SYSTEM32\powrprof.dll
0x00007ffed6570000 - 0x00007ffed6582000 	C:\Windows\SYSTEM32\UMPDC.dll
0x00007ffed5f90000 - 0x00007ffed5ff4000 	C:\Windows\SYSTEM32\WINSTA.dll
0x00007ffe7f0f0000 - 0x00007ffe7f188000 	C:\ProgramData\FPSMonitor\hooks\fps-mon64.dll
0x00007ffec9f70000 - 0x00007ffeca069000 	C:\Windows\SYSTEM32\textinputframework.dll
0x00007ffea2e90000 - 0x00007ffea2eed000 	C:\Users\stuka\AppData\Local\Temp\lwjglstuka\3.3.1-SNAPSHOT\lwjgl_opengl.dll
0x00007ffe86710000 - 0x00007ffe868a7000 	C:\Users\stuka\AppData\Local\Temp\lwjglstuka\3.3.1-SNAPSHOT\OpenAL.dll
0x00007ffed0c40000 - 0x00007ffed0cc5000 	C:\Windows\System32\MMDevApi.dll
0x00007ffed0760000 - 0x00007ffed08e2000 	C:\Windows\SYSTEM32\AUDIOSES.DLL
0x00007ffed4670000 - 0x00007ffed4684000 	C:\Windows\SYSTEM32\resourcepolicyclient.dll
0x00007ffe97710000 - 0x00007ffe97791000 	C:\Users\stuka\AppData\Local\Temp\lwjglstuka\3.3.1-SNAPSHOT\lwjgl_stb.dll
0x0000000064a00000 - 0x00000000657b1000 	C:\Users\stuka\AppData\Local\Temp\imgui-java-natives_1674939066536\imgui-java64.dll
0x00007ffe81670000 - 0x00007ffe81803000 	D:\Programming\JetBrains\apps\IDEA-U\ch-0\223.8617.56\jbr\bin\awt.dll
0x00007ffed2860000 - 0x00007ffed2ac3000 	C:\Windows\SYSTEM32\d3d11.dll
0x00007ffed5440000 - 0x00007ffed5533000 	C:\Windows\SYSTEM32\dxgi.dll
0x00007ffecedf0000 - 0x00007ffeceeae000 	C:\Windows\System32\DriverStore\FileRepository\nv_dispi.inf_amd64_d1bd230cd08e7436\nvldumdx.dll
0x00007ffed8480000 - 0x00007ffed849d000 	C:\Windows\System32\imagehlp.dll
0x00007ffed64c0000 - 0x00007ffed64d8000 	C:\Windows\SYSTEM32\CRYPTSP.dll
0x00007ffed5b80000 - 0x00007ffed5bb4000 	C:\Windows\system32\rsaenh.dll
0x00007ffec6640000 - 0x00007ffec9ccf000 	C:\Windows\System32\DriverStore\FileRepository\nv_dispi.inf_amd64_d1bd230cd08e7436\nvwgf2umx.dll
0x00007ffeca8f0000 - 0x00007ffecb060000 	C:\Windows\SYSTEM32\nvapi64.dll

dbghelp: loaded successfully - version: 4.0.5 - missing functions: none
symbol engine: initialized successfully - sym options: 0x614 - pdb path: .;D:\Programming\JetBrains\apps\IDEA-U\ch-0\223.8617.56\jbr\bin;C:\Windows\SYSTEM32;C:\Windows\WinSxS\amd64_microsoft.windows.common-controls_6595b64144ccf1df_6.0.19041.1110_none_60b5254171f9507e;D:\Programming\JetBrains\apps\IDEA-U\ch-0\223.8617.56\jbr\bin\server;C:\Users\stuka\AppData\Local\Temp\lwjglstuka\3.3.1-SNAPSHOT;C:\Windows\System32\DriverStore\FileRepository\nv_dispi.inf_amd64_d1bd230cd08e7436;C:\ProgramData\FPSMonitor\hooks;C:\Users\stuka\AppData\Local\Temp\imgui-java-natives_1674939066536

VM Arguments:
jvm_args: -Dfile.encoding=windows-1251 -Duser.country=RU -Duser.language=ru -Duser.variant 
java_command: SungearEngine2D.Main.Main
java_class_path (initial): D:\Pixelfield\SungearEngine2D\Engine\build\classes\java\main;D:\Pixelfield\SungearEngine2D\Engine\build\resources\main;D:\Pixelfield\SungearEngine2D\Engine\libs\Core2D.jar;D:\Pixelfield\SungearEngine2D\Engine\libs\imgui-app-1.84.1.3.jar
Launcher Type: SUN_STANDARD

[Global flags]
     intx CICompilerCount                          = 12                                        {product} {ergonomic}
     uint ConcGCThreads                            = 3                                         {product} {ergonomic}
     uint G1ConcRefinementThreads                  = 13                                        {product} {ergonomic}
   size_t G1HeapRegionSize                         = 4194304                                   {product} {ergonomic}
    uintx GCDrainStackTargetSize                   = 64                                        {product} {ergonomic}
   size_t InitialHeapSize                          = 536870912                                 {product} {ergonomic}
   size_t MarkStackSize                            = 4194304                                   {product} {ergonomic}
   size_t MaxHeapSize                              = 8573157376                                {product} {ergonomic}
   size_t MaxNewSize                               = 5142216704                                {product} {ergonomic}
   size_t MinHeapDeltaBytes                        = 4194304                                   {product} {ergonomic}
   size_t MinHeapSize                              = 8388608                                   {product} {ergonomic}
    uintx NonNMethodCodeHeapSize                   = 7602480                                {pd product} {ergonomic}
    uintx NonProfiledCodeHeapSize                  = 122027880                              {pd product} {ergonomic}
    uintx ProfiledCodeHeapSize                     = 122027880                              {pd product} {ergonomic}
    uintx ReservedCodeCacheSize                    = 251658240                              {pd product} {ergonomic}
     bool SegmentedCodeCache                       = true                                      {product} {ergonomic}
   size_t SoftMaxHeapSize                          = 8573157376                             {manageable} {ergonomic}
     bool UseCompressedClassPointers               = true                           {product lp64_product} {ergonomic}
     bool UseCompressedOops                        = true                           {product lp64_product} {ergonomic}
     bool UseG1GC                                  = true                                      {product} {ergonomic}
     bool UseLargePagesIndividualAllocation        = false                                  {pd product} {ergonomic}

Logging:
Log output configuration:
 #0: stdout all=warning uptime,level,tags
 #1: stderr all=off uptime,level,tags

Environment Variables:
JAVA_HOME=C:\Program Files\Java\jdk-17
PATH=C:\Program Files\Common Files\Oracle\Java\javapath;C:\Program Files (x86)\Common Files\Oracle\Java\javapath;C:\Windows\system32;C:\Windows;C:\Windows\System32\Wbem;C:\Windows\System32\WindowsPowerShell\v1.0\;C:\Windows\System32\OpenSSH\;C:\Program Files (x86)\NVIDIA Corporation\PhysX\Common;C:\Program Files\NVIDIA Corporation\NVIDIA NvDLISR;C:\Program Files\dotnet\;C:\Program Files\Java\jdk-17;D:\Python\Scripts\;D:\Python\;C:\Users\stuka\AppData\Local\Microsoft\WindowsApps;C:\Users\stuka\AppData\Local\JetBrains\Toolbox\scripts;C:\Users\stuka\AppData\Local\GitHubDesktop\bin;C:\Users\stuka\.dotnet\tools
USERNAME=stuka
OS=Windows_NT
PROCESSOR_IDENTIFIER=AMD64 Family 25 Model 33 Stepping 2, AuthenticAMD
TMP=C:\Users\stuka\AppData\Local\Temp
TEMP=C:\Users\stuka\AppData\Local\Temp



---------------  S Y S T E M  ---------------

OS:
 Windows 10 , 64 bit Build 19041 (10.0.19041.2364)
OS uptime: 1 days 1:38 hours

CPU: total 16 (initial active 16) (16 cores per cpu, 2 threads per core) family 25 model 33 stepping 2 microcode 0x0, cx8, cmov, fxsr, ht, mmx, 3dnowpref, sse, sse2, sse3, ssse3, sse4a, sse4.1, sse4.2, popcnt, lzcnt, tsc, tscinvbit, avx, avx2, aes, erms, clmul, bmi1, bmi2, adx, sha, fma, vzeroupper, clflush, clflushopt

Memory: 4k page, system-wide physical 32694M (19563M free)
TotalPageFile size 37558M (AvailPageFile size 20338M)
current process WorkingSet (physical memory assigned to process): 266M, peak: 270M
current process commit charge ("private bytes"): 1046M, peak: 1090M

vm_info: OpenJDK 64-Bit Server VM (17.0.5+1-b653.25) for windows-amd64 JRE (17.0.5+1-b653.25), built on 2023-01-04 by "builduser" with MS VC++ 16.10 / 16.11 (VS2019)

END.
