#
# A fatal error has been detected by the Java Runtime Environment:
#
#  EXCEPTION_ACCESS_VIOLATION (0xc0000005) at pc=0x0000000064a32f58, pid=5032, tid=10972
#
# JRE version: OpenJDK Runtime Environment Zulu15.36+13-CA (15.0.5+3) (build 15.0.5+3-MTS)
# Java VM: OpenJDK 64-Bit Server VM Zulu15.36+13-CA (15.0.5+3-MTS, mixed mode, sharing, tiered, compressed oops, g1 gc, windows-amd64)
# Problematic frame:
# C  [imgui-java64.dll+0x32f58]
#
# No core dump will be written. Minidumps are not enabled by default on client versions of Windows
#
# If you would like to submit a bug report, please visit:
#   http://www.azul.com/support/
# The crash happened outside the Java Virtual Machine in native code.
# See problematic frame for where to report the bug.
#

---------------  S U M M A R Y ------------

Command Line: -javaagent:D:\IntelliJ IDEA 2021.3.3 Ultimate\lib\idea_rt.jar=58531:D:\IntelliJ IDEA 2021.3.3 Ultimate\bin -Dfile.encoding=UTF-8 SungearEngine2D.Main.Main

Host: Intel(R) Pentium(R) CPU G3220 @ 3.00GHz, 2 cores, 7G,  Windows 10 , 64 bit Build 19041 (10.0.19041.1706)
Time: Sun May 15 18:50:09 2022 RTZ 2 (зима) elapsed time: 17.960599 seconds (0d 0h 0m 17s)

---------------  T H R E A D  ---------------

Current thread (0x000002195b521320):  JavaThread "main" [_thread_in_native, id=10972, stack(0x00000062e7e00000,0x00000062e7f00000)]

Stack: [0x00000062e7e00000,0x00000062e7f00000],  sp=0x00000062e7efe280,  free space=1016k
Native frames: (J=compiled Java code, j=interpreted, Vv=VM code, C=native code)
C  [imgui-java64.dll+0x32f58]

Java frames: (J=compiled Java code, j=interpreted, Vv=VM code)
j  imgui.ImGui.getID(Ljava/lang/String;)I+0
j  SungearEngine2D.GUI.Views.ResourcesView.isHovered()Z+2
j  SungearEngine2D.GUI.GUI$1.invoke(JIJ)V+4
j  org.lwjgl.glfw.GLFWDropCallbackI.callback(JJ)V+34
v  ~StubRoutines::call_stub
J 1512  org.lwjgl.system.JNI.invokeV(J)V (0 bytes) @ 0x000002196b57ff11 [0x000002196b57fec0+0x0000000000000051]
J 1524 c1 org.lwjgl.glfw.GLFW.glfwPollEvents()V (9 bytes) @ 0x000002196421e2fc [0x000002196421e2a0+0x000000000000005c]
j  Core2D.Core2D.Graphics.Draw()V+72
j  Core2D.Core2D.Core2D.Run()V+42
j  Core2D.Core2D.Core2D.Start(Ljava/lang/String;)V+27
j  SungearEngine2D.Main.Main.main([Ljava/lang/String;)V+18
v  ~StubRoutines::call_stub

siginfo: EXCEPTION_ACCESS_VIOLATION (0xc0000005), reading address 0x0000000000000100


Register to memory mapping:

RIP=0x0000000064a32f58 imgui-java64.dll
RAX=0x000002197b47b200 points into unknown readable memory: 0x00000219596e0101 | 01 01 6e 59 19 02 00 00
RBX=0x0000021908bcc450 points into unknown readable memory: 0x656372756f736552 | 52 65 73 6f 75 72 63 65
RCX=0x0 is NULL
RDX=0x0000021908bcc450 points into unknown readable memory: 0x656372756f736552 | 52 65 73 6f 75 72 63 65
RSP=0x00000062e7efe280 is pointing into the stack for thread: 0x000002195b521320
RBP=0x00000062e7efe380 is pointing into the stack for thread: 0x000002195b521320
RSI=0x000002195b521320 is a thread
RDI=0x00000062e7efe920 is pointing into the stack for thread: 0x000002195b521320
R8 =0x0 is NULL
R9 =0x0000000000000001 is an unknown value
R10=0x0000021908bcc459 points into unknown readable memory: 00 65 65 00 6f 00 00
R11=0x00000062e7efe2a0 is pointing into the stack for thread: 0x000002195b521320
R12=0x000002195b521648 points into unknown readable memory: 0x000002197a2eaec0 | c0 ae 2e 7a 19 02 00 00
R13=0x00000062e7efe3a0 is pointing into the stack for thread: 0x000002195b521320
R14=0x00000062e7efe3a0 is pointing into the stack for thread: 0x000002195b521320
R15=0x000002195b521320 is a thread


Registers:
RAX=0x000002197b47b200, RBX=0x0000021908bcc450, RCX=0x0000000000000000, RDX=0x0000021908bcc450
RSP=0x00000062e7efe280, RBP=0x00000062e7efe380, RSI=0x000002195b521320, RDI=0x00000062e7efe920
R8 =0x0000000000000000, R9 =0x0000000000000001, R10=0x0000021908bcc459, R11=0x00000062e7efe2a0
R12=0x000002195b521648, R13=0x00000062e7efe3a0, R14=0x00000062e7efe3a0, R15=0x000002195b521320
RIP=0x0000000064a32f58, EFLAGS=0x0000000000010202

Top of Stack: (sp=0x00000062e7efe280)
0x00000062e7efe280:   0000000000000000 0000000000000000
0x00000062e7efe290:   0000000000000000 00000062e7efe920
0x00000062e7efe2a0:   0000021908bcc450 000002195b521320
0x00000062e7efe2b0:   000002195b521648 0000000064a6d85b
0x00000062e7efe2c0:   000002197eb2f788 00000062e7efe380
0x00000062e7efe2d0:   000002195b521320 00007ffc625c0f34
0x00000062e7efe2e0:   0000021979b015b8 000002197eb2f788
0x00000062e7efe2f0:   0000000000000000 000002197eb2f788
0x00000062e7efe300:   00000062e7efe3a0 0000021963a4efc2
0x00000062e7efe310:   3ff0000000000000 000002195b521320
0x00000062e7efe320:   000002195b521320 00007ffc6233b609
0x00000062e7efe330:   000002197f065920 00000062e7efe338
0x00000062e7efe340:   0000000000000000 00000062e7efe3a0
0x00000062e7efe350:   000002197eb52860 0000000000000000
0x00000062e7efe360:   0000000084f6b9f8 000002197eb2f788
0x00000062e7efe370:   0000000000000000 00000062e7efe3a0 

Instructions: (pc=0x0000000064a32f58)
0x0000000064a32e58:   00 00 01 48 8b 15 de 93 52 00 ff 15 00 82 47 00
0x0000000064a32e68:   48 8b 8b 98 02 00 00 48 85 c9 74 20 48 8b 05 ad
0x0000000064a32e78:   92 52 00 48 85 c0 74 07 83 a8 ac 03 00 00 01 48
0x0000000064a32e88:   8b 15 b2 93 52 00 ff 15 d4 81 47 00 48 8b 8b f0
0x0000000064a32e98:   01 00 00 48 85 c9 74 20 48 8b 05 81 92 52 00 48
0x0000000064a32ea8:   85 c0 74 07 83 a8 ac 03 00 00 01 48 8b 15 86 93
0x0000000064a32eb8:   52 00 ff 15 a8 81 47 00 48 8b 8b e0 01 00 00 48
0x0000000064a32ec8:   85 c9 74 20 48 8b 05 55 92 52 00 48 85 c0 74 07
0x0000000064a32ed8:   83 a8 ac 03 00 00 01 48 8b 15 5a 93 52 00 ff 15
0x0000000064a32ee8:   7c 81 47 00 48 8b 8b a0 01 00 00 48 85 c9 74 20
0x0000000064a32ef8:   48 8b 05 29 92 52 00 48 85 c0 74 07 83 a8 ac 03
0x0000000064a32f08:   00 00 01 48 8b 15 2e 93 52 00 ff 15 50 81 47 00
0x0000000064a32f18:   48 8b 8b 08 01 00 00 48 85 c9 74 21 48 8b 05 fd
0x0000000064a32f28:   91 52 00 48 85 c0 74 07 83 a8 ac 03 00 00 01 48
0x0000000064a32f38:   8b 15 02 93 52 00 ff 15 24 81 47 00 90 48 83 c4
0x0000000064a32f48:   20 5b 5e 5f 5d 41 5c c3 41 54 56 53 48 83 ec 20
0x0000000064a32f58:   48 63 81 00 01 00 00 48 89 cb 49 89 d4 4c 89 c6
0x0000000064a32f68:   85 c0 7e 54 48 8b 8b 08 01 00 00 48 89 f2 41 b8
0x0000000064a32f78:   00 00 00 00 4c 29 e2 48 85 f6 49 0f 44 d0 44 8b
0x0000000064a32f88:   44 81 fc 4c 89 e1 e8 5d a5 ff ff 48 8b 15 8e 91
0x0000000064a32f98:   52 00 3b 82 60 1d 00 00 75 06 89 82 64 1d 00 00
0x0000000064a32fa8:   3b 82 a0 1d 00 00 75 07 c6 82 a4 1d 00 00 01 48
0x0000000064a32fb8:   83 c4 20 5b 5e 41 5c c3 41 b8 fa 06 00 00 48 8d
0x0000000064a32fc8:   15 a8 9d 48 00 48 8d 0d eb a5 48 00 ff 15 6e 66
0x0000000064a32fd8:   d7 00 48 63 83 00 01 00 00 eb 89 90 66 66 2e 0f
0x0000000064a32fe8:   1f 84 00 00 00 00 00 90 41 55 41 54 57 56 53 48
0x0000000064a32ff8:   83 ec 20 31 c0 48 8d 79 08 48 89 cb 48 89 d6 4d
0x0000000064a33008:   89 c4 48 83 e7 f8 48 c7 01 00 00 00 00 4c 8d a9
0x0000000064a33018:   c8 02 00 00 48 c7 81 30 04 00 00 00 00 00 00 48
0x0000000064a33028:   29 f9 81 c1 38 04 00 00 c1 e9 03 f3 48 ab 4c 89
0x0000000064a33038:   c1 e8 02 a0 ff ff 48 89 03 4c 89 e1 e8 ef 06 1a
0x0000000064a33048:   00 45 31 c0 31 d2 4c 89 e1 83 c0 01 89 83 88 00 


Stack slot to memory mapping:
stack at sp + 0 slots: 0x0 is NULL
stack at sp + 1 slots: 0x0 is NULL
stack at sp + 2 slots: 0x0 is NULL
stack at sp + 3 slots: 0x00000062e7efe920 is pointing into the stack for thread: 0x000002195b521320
stack at sp + 4 slots: 0x0000021908bcc450 points into unknown readable memory: 0x656372756f736552 | 52 65 73 6f 75 72 63 65
stack at sp + 5 slots: 0x000002195b521320 is a thread
stack at sp + 6 slots: 0x000002195b521648 points into unknown readable memory: 0x000002197a2eaec0 | c0 ae 2e 7a 19 02 00 00
stack at sp + 7 slots: 0x0000000064a6d85b imgui-java64.dll


---------------  P R O C E S S  ---------------

Threads class SMR info:
_java_thread_list=0x000002197a012340, length=12, elements={
0x000002195b521320, 0x0000021979510e10, 0x00000219795129f0, 0x000002197952f8c0,
0x0000021979532290, 0x0000021979532d40, 0x0000021979535be0, 0x000002197959e9f0,
0x0000021979ebce30, 0x00000219794fe6a0, 0x000002197a007690, 0x000002197a007b60
}

Java Threads: ( => current thread )
=>0x000002195b521320 JavaThread "main" [_thread_in_native, id=10972, stack(0x00000062e7e00000,0x00000062e7f00000)]
  0x0000021979510e10 JavaThread "Reference Handler" daemon [_thread_blocked, id=10564, stack(0x00000062e8600000,0x00000062e8700000)]
  0x00000219795129f0 JavaThread "Finalizer" daemon [_thread_blocked, id=11616, stack(0x00000062e8700000,0x00000062e8800000)]
  0x000002197952f8c0 JavaThread "Signal Dispatcher" daemon [_thread_blocked, id=7884, stack(0x00000062e8800000,0x00000062e8900000)]
  0x0000021979532290 JavaThread "Attach Listener" daemon [_thread_blocked, id=13748, stack(0x00000062e8900000,0x00000062e8a00000)]
  0x0000021979532d40 JavaThread "Service Thread" daemon [_thread_blocked, id=8828, stack(0x00000062e8a00000,0x00000062e8b00000)]
  0x0000021979535be0 JavaThread "C2 CompilerThread0" daemon [_thread_blocked, id=7072, stack(0x00000062e8b00000,0x00000062e8c00000)]
  0x000002197959e9f0 JavaThread "C1 CompilerThread0" daemon [_thread_blocked, id=7216, stack(0x00000062e8c00000,0x00000062e8d00000)]
  0x0000021979ebce30 JavaThread "Sweeper thread" daemon [_thread_blocked, id=12380, stack(0x00000062e8d00000,0x00000062e8e00000)]
  0x00000219794fe6a0 JavaThread "Common-Cleaner" daemon [_thread_blocked, id=6312, stack(0x00000062e8e00000,0x00000062e8f00000)]
  0x000002197a007690 JavaThread "Monitor Ctrl-Break" daemon [_thread_in_native, id=3632, stack(0x00000062e8f00000,0x00000062e9000000)]
  0x000002197a007b60 JavaThread "Notification Thread" daemon [_thread_blocked, id=8892, stack(0x00000062e9000000,0x00000062e9100000)]

Other Threads:
  0x000002197950cb00 VMThread "VM Thread" [stack: 0x00000062e8500000,0x00000062e8600000] [id=13776]
  0x000002197a045690 WatcherThread [stack: 0x00000062e9100000,0x00000062e9200000] [id=6908]
  0x000002195b55fbc0 GCTaskThread "GC Thread#0" [stack: 0x00000062e8000000,0x00000062e8100000] [id=11072]
  0x000002197a0ab240 GCTaskThread "GC Thread#1" [stack: 0x00000062e9200000,0x00000062e9300000] [id=10528]
  0x000002195b5709d0 ConcurrentGCThread "G1 Main Marker" [stack: 0x00000062e8100000,0x00000062e8200000] [id=12764]
  0x000002195b571690 ConcurrentGCThread "G1 Conc#0" [stack: 0x00000062e8200000,0x00000062e8300000] [id=7088]
  0x000002195b5df230 ConcurrentGCThread "G1 Refine#0" [stack: 0x00000062e8300000,0x00000062e8400000] [id=4052]
  0x000002197a1163d0 ConcurrentGCThread "G1 Refine#1" [stack: 0x00000062e9300000,0x00000062e9400000] [id=5636]
  0x000002195b5dfe30 ConcurrentGCThread "G1 Young RemSet Sampling" [stack: 0x00000062e8400000,0x00000062e8500000] [id=10716]

Threads with active compile tasks:

VM state: not at safepoint (normal execution)

VM Mutex/Monitor currently owned by a thread: None

Heap address: 0x0000000081a00000, size: 2022 MB, Compressed Oops mode: 32-bit
CDS archive(s) mapped at: [0x0000000800000000-0x0000000800b50000-0x0000000800b50000), size 11862016, SharedBaseAddress: 0x0000000800000000, ArchiveRelocationMode: 0.
Compressed class space mapped at: 0x0000000800b50000-0x0000000840b50000, size: 1073741824
Narrow klass base: 0x0000000800000000, Narrow klass shift: 3, Narrow klass range: 0x100000000

GC Precious Log:
 CPUs: 2 total, 2 available
 Memory: 8087M
 Large Page Support: Disabled
 NUMA Support: Disabled
 Compressed Oops: Enabled (32-bit)
 Heap Region Size: 1M
 Heap Min Capacity: 8M
 Heap Initial Capacity: 128M
 Heap Max Capacity: 2022M
 Pre-touch: Disabled
 Parallel Workers: 2
 Concurrent Workers: 1
 Concurrent Refinement Workers: 2
 Periodic GC: Disabled

Heap:
 garbage-first heap   total 131072K, used 56087K [0x0000000081a00000, 0x0000000100000000)
  region size 1024K, 54 young (55296K), 3 survivors (3072K)
 Metaspace       used 9254K, capacity 11157K, committed 11392K, reserved 1060864K
  class space    used 558K, capacity 772K, committed 896K, reserved 1048576K

Heap Regions: E=young(eden), S=young(survivor), O=old, HS=humongous(starts), HC=humongous(continues), CS=collection set, F=free, OA=open archive, CA=closed archive, TAMS=top-at-mark-start (previous, next)
|   0|0x0000000081a00000, 0x0000000081b00000, 0x0000000081b00000|100%| O|  |TAMS 0x0000000081a00000, 0x0000000081a00000| Untracked 
|   1|0x0000000081b00000, 0x0000000081c00000, 0x0000000081c00000|100%| O|  |TAMS 0x0000000081b00000, 0x0000000081b00000| Untracked 
|   2|0x0000000081c00000, 0x0000000081c92a00, 0x0000000081d00000| 57%| O|  |TAMS 0x0000000081c00000, 0x0000000081c00000| Untracked 
|   3|0x0000000081d00000, 0x0000000081d00000, 0x0000000081e00000|  0%| F|  |TAMS 0x0000000081d00000, 0x0000000081d00000| Untracked 
|   4|0x0000000081e00000, 0x0000000081e00000, 0x0000000081f00000|  0%| F|  |TAMS 0x0000000081e00000, 0x0000000081e00000| Untracked 
|   5|0x0000000081f00000, 0x0000000081f00000, 0x0000000082000000|  0%| F|  |TAMS 0x0000000081f00000, 0x0000000081f00000| Untracked 
|   6|0x0000000082000000, 0x0000000082000000, 0x0000000082100000|  0%| F|  |TAMS 0x0000000082000000, 0x0000000082000000| Untracked 
|   7|0x0000000082100000, 0x0000000082100000, 0x0000000082200000|  0%| F|  |TAMS 0x0000000082100000, 0x0000000082100000| Untracked 
|   8|0x0000000082200000, 0x0000000082200000, 0x0000000082300000|  0%| F|  |TAMS 0x0000000082200000, 0x0000000082200000| Untracked 
|   9|0x0000000082300000, 0x0000000082300000, 0x0000000082400000|  0%| F|  |TAMS 0x0000000082300000, 0x0000000082300000| Untracked 
|  10|0x0000000082400000, 0x0000000082400000, 0x0000000082500000|  0%| F|  |TAMS 0x0000000082400000, 0x0000000082400000| Untracked 
|  11|0x0000000082500000, 0x0000000082500000, 0x0000000082600000|  0%| F|  |TAMS 0x0000000082500000, 0x0000000082500000| Untracked 
|  12|0x0000000082600000, 0x0000000082600000, 0x0000000082700000|  0%| F|  |TAMS 0x0000000082600000, 0x0000000082600000| Untracked 
|  13|0x0000000082700000, 0x0000000082700000, 0x0000000082800000|  0%| F|  |TAMS 0x0000000082700000, 0x0000000082700000| Untracked 
|  14|0x0000000082800000, 0x0000000082800000, 0x0000000082900000|  0%| F|  |TAMS 0x0000000082800000, 0x0000000082800000| Untracked 
|  15|0x0000000082900000, 0x0000000082900000, 0x0000000082a00000|  0%| F|  |TAMS 0x0000000082900000, 0x0000000082900000| Untracked 
|  16|0x0000000082a00000, 0x0000000082a00000, 0x0000000082b00000|  0%| F|  |TAMS 0x0000000082a00000, 0x0000000082a00000| Untracked 
|  17|0x0000000082b00000, 0x0000000082b00000, 0x0000000082c00000|  0%| F|  |TAMS 0x0000000082b00000, 0x0000000082b00000| Untracked 
|  18|0x0000000082c00000, 0x0000000082c00000, 0x0000000082d00000|  0%| F|  |TAMS 0x0000000082c00000, 0x0000000082c00000| Untracked 
|  19|0x0000000082d00000, 0x0000000082d00000, 0x0000000082e00000|  0%| F|  |TAMS 0x0000000082d00000, 0x0000000082d00000| Untracked 
|  20|0x0000000082e00000, 0x0000000082e00000, 0x0000000082f00000|  0%| F|  |TAMS 0x0000000082e00000, 0x0000000082e00000| Untracked 
|  21|0x0000000082f00000, 0x0000000082f00000, 0x0000000083000000|  0%| F|  |TAMS 0x0000000082f00000, 0x0000000082f00000| Untracked 
|  22|0x0000000083000000, 0x0000000083000000, 0x0000000083100000|  0%| F|  |TAMS 0x0000000083000000, 0x0000000083000000| Untracked 
|  23|0x0000000083100000, 0x0000000083100000, 0x0000000083200000|  0%| F|  |TAMS 0x0000000083100000, 0x0000000083100000| Untracked 
|  24|0x0000000083200000, 0x0000000083200000, 0x0000000083300000|  0%| F|  |TAMS 0x0000000083200000, 0x0000000083200000| Untracked 
|  25|0x0000000083300000, 0x0000000083300000, 0x0000000083400000|  0%| F|  |TAMS 0x0000000083300000, 0x0000000083300000| Untracked 
|  26|0x0000000083400000, 0x0000000083400000, 0x0000000083500000|  0%| F|  |TAMS 0x0000000083400000, 0x0000000083400000| Untracked 
|  27|0x0000000083500000, 0x0000000083500000, 0x0000000083600000|  0%| F|  |TAMS 0x0000000083500000, 0x0000000083500000| Untracked 
|  28|0x0000000083600000, 0x0000000083600000, 0x0000000083700000|  0%| F|  |TAMS 0x0000000083600000, 0x0000000083600000| Untracked 
|  29|0x0000000083700000, 0x0000000083700000, 0x0000000083800000|  0%| F|  |TAMS 0x0000000083700000, 0x0000000083700000| Untracked 
|  30|0x0000000083800000, 0x0000000083800000, 0x0000000083900000|  0%| F|  |TAMS 0x0000000083800000, 0x0000000083800000| Untracked 
|  31|0x0000000083900000, 0x0000000083900000, 0x0000000083a00000|  0%| F|  |TAMS 0x0000000083900000, 0x0000000083900000| Untracked 
|  32|0x0000000083a00000, 0x0000000083a00000, 0x0000000083b00000|  0%| F|  |TAMS 0x0000000083a00000, 0x0000000083a00000| Untracked 
|  33|0x0000000083b00000, 0x0000000083b00000, 0x0000000083c00000|  0%| F|  |TAMS 0x0000000083b00000, 0x0000000083b00000| Untracked 
|  34|0x0000000083c00000, 0x0000000083c00000, 0x0000000083d00000|  0%| F|  |TAMS 0x0000000083c00000, 0x0000000083c00000| Untracked 
|  35|0x0000000083d00000, 0x0000000083d00000, 0x0000000083e00000|  0%| F|  |TAMS 0x0000000083d00000, 0x0000000083d00000| Untracked 
|  36|0x0000000083e00000, 0x0000000083e00000, 0x0000000083f00000|  0%| F|  |TAMS 0x0000000083e00000, 0x0000000083e00000| Untracked 
|  37|0x0000000083f00000, 0x0000000083f00000, 0x0000000084000000|  0%| F|  |TAMS 0x0000000083f00000, 0x0000000083f00000| Untracked 
|  38|0x0000000084000000, 0x0000000084000000, 0x0000000084100000|  0%| F|  |TAMS 0x0000000084000000, 0x0000000084000000| Untracked 
|  39|0x0000000084100000, 0x0000000084100000, 0x0000000084200000|  0%| F|  |TAMS 0x0000000084100000, 0x0000000084100000| Untracked 
|  40|0x0000000084200000, 0x0000000084200000, 0x0000000084300000|  0%| F|  |TAMS 0x0000000084200000, 0x0000000084200000| Untracked 
|  41|0x0000000084300000, 0x0000000084300000, 0x0000000084400000|  0%| F|  |TAMS 0x0000000084300000, 0x0000000084300000| Untracked 
|  42|0x0000000084400000, 0x0000000084400000, 0x0000000084500000|  0%| F|  |TAMS 0x0000000084400000, 0x0000000084400000| Untracked 
|  43|0x0000000084500000, 0x0000000084500000, 0x0000000084600000|  0%| F|  |TAMS 0x0000000084500000, 0x0000000084500000| Untracked 
|  44|0x0000000084600000, 0x0000000084600000, 0x0000000084700000|  0%| F|  |TAMS 0x0000000084600000, 0x0000000084600000| Untracked 
|  45|0x0000000084700000, 0x0000000084700000, 0x0000000084800000|  0%| F|  |TAMS 0x0000000084700000, 0x0000000084700000| Untracked 
|  46|0x0000000084800000, 0x0000000084800000, 0x0000000084900000|  0%| F|  |TAMS 0x0000000084800000, 0x0000000084800000| Untracked 
|  47|0x0000000084900000, 0x0000000084900000, 0x0000000084a00000|  0%| F|  |TAMS 0x0000000084900000, 0x0000000084900000| Untracked 
|  48|0x0000000084a00000, 0x0000000084a00000, 0x0000000084b00000|  0%| F|  |TAMS 0x0000000084a00000, 0x0000000084a00000| Untracked 
|  49|0x0000000084b00000, 0x0000000084b00000, 0x0000000084c00000|  0%| F|  |TAMS 0x0000000084b00000, 0x0000000084b00000| Untracked 
|  50|0x0000000084c00000, 0x0000000084c00000, 0x0000000084d00000|  0%| F|  |TAMS 0x0000000084c00000, 0x0000000084c00000| Untracked 
|  51|0x0000000084d00000, 0x0000000084d00000, 0x0000000084e00000|  0%| F|  |TAMS 0x0000000084d00000, 0x0000000084d00000| Untracked 
|  52|0x0000000084e00000, 0x0000000084e33330, 0x0000000084f00000| 19%| S|CS|TAMS 0x0000000084e00000, 0x0000000084e00000| Complete 
|  53|0x0000000084f00000, 0x0000000085000000, 0x0000000085000000|100%| S|CS|TAMS 0x0000000084f00000, 0x0000000084f00000| Complete 
|  54|0x0000000085000000, 0x0000000085100000, 0x0000000085100000|100%| S|CS|TAMS 0x0000000085000000, 0x0000000085000000| Complete 
|  55|0x0000000085100000, 0x0000000085100000, 0x0000000085200000|  0%| F|  |TAMS 0x0000000085100000, 0x0000000085100000| Untracked 
|  56|0x0000000085200000, 0x0000000085200000, 0x0000000085300000|  0%| F|  |TAMS 0x0000000085200000, 0x0000000085200000| Untracked 
|  57|0x0000000085300000, 0x0000000085300000, 0x0000000085400000|  0%| F|  |TAMS 0x0000000085300000, 0x0000000085300000| Untracked 
|  58|0x0000000085400000, 0x0000000085400000, 0x0000000085500000|  0%| F|  |TAMS 0x0000000085400000, 0x0000000085400000| Untracked 
|  59|0x0000000085500000, 0x0000000085500000, 0x0000000085600000|  0%| F|  |TAMS 0x0000000085500000, 0x0000000085500000| Untracked 
|  60|0x0000000085600000, 0x0000000085600000, 0x0000000085700000|  0%| F|  |TAMS 0x0000000085600000, 0x0000000085600000| Untracked 
|  61|0x0000000085700000, 0x0000000085700000, 0x0000000085800000|  0%| F|  |TAMS 0x0000000085700000, 0x0000000085700000| Untracked 
|  62|0x0000000085800000, 0x0000000085800000, 0x0000000085900000|  0%| F|  |TAMS 0x0000000085800000, 0x0000000085800000| Untracked 
|  63|0x0000000085900000, 0x0000000085900000, 0x0000000085a00000|  0%| F|  |TAMS 0x0000000085900000, 0x0000000085900000| Untracked 
|  64|0x0000000085a00000, 0x0000000085a00000, 0x0000000085b00000|  0%| F|  |TAMS 0x0000000085a00000, 0x0000000085a00000| Untracked 
|  65|0x0000000085b00000, 0x0000000085b00000, 0x0000000085c00000|  0%| F|  |TAMS 0x0000000085b00000, 0x0000000085b00000| Untracked 
|  66|0x0000000085c00000, 0x0000000085c00000, 0x0000000085d00000|  0%| F|  |TAMS 0x0000000085c00000, 0x0000000085c00000| Untracked 
|  67|0x0000000085d00000, 0x0000000085d00000, 0x0000000085e00000|  0%| F|  |TAMS 0x0000000085d00000, 0x0000000085d00000| Untracked 
|  68|0x0000000085e00000, 0x0000000085e00000, 0x0000000085f00000|  0%| F|  |TAMS 0x0000000085e00000, 0x0000000085e00000| Untracked 
|  69|0x0000000085f00000, 0x0000000085f00000, 0x0000000086000000|  0%| F|  |TAMS 0x0000000085f00000, 0x0000000085f00000| Untracked 
|  70|0x0000000086000000, 0x0000000086000000, 0x0000000086100000|  0%| F|  |TAMS 0x0000000086000000, 0x0000000086000000| Untracked 
|  71|0x0000000086100000, 0x0000000086100000, 0x0000000086200000|  0%| F|  |TAMS 0x0000000086100000, 0x0000000086100000| Untracked 
|  72|0x0000000086200000, 0x0000000086200000, 0x0000000086300000|  0%| F|  |TAMS 0x0000000086200000, 0x0000000086200000| Untracked 
|  73|0x0000000086300000, 0x0000000086300000, 0x0000000086400000|  0%| F|  |TAMS 0x0000000086300000, 0x0000000086300000| Untracked 
|  74|0x0000000086400000, 0x0000000086400000, 0x0000000086500000|  0%| F|  |TAMS 0x0000000086400000, 0x0000000086400000| Untracked 
|  75|0x0000000086500000, 0x0000000086500000, 0x0000000086600000|  0%| F|  |TAMS 0x0000000086500000, 0x0000000086500000| Untracked 
|  76|0x0000000086600000, 0x0000000086600000, 0x0000000086700000|  0%| F|  |TAMS 0x0000000086600000, 0x0000000086600000| Untracked 
|  77|0x0000000086700000, 0x000000008678fb10, 0x0000000086800000| 56%| E|  |TAMS 0x0000000086700000, 0x0000000086700000| Complete 
|  78|0x0000000086800000, 0x0000000086900000, 0x0000000086900000|100%| E|CS|TAMS 0x0000000086800000, 0x0000000086800000| Complete 
|  79|0x0000000086900000, 0x0000000086a00000, 0x0000000086a00000|100%| E|CS|TAMS 0x0000000086900000, 0x0000000086900000| Complete 
|  80|0x0000000086a00000, 0x0000000086b00000, 0x0000000086b00000|100%| E|CS|TAMS 0x0000000086a00000, 0x0000000086a00000| Complete 
|  81|0x0000000086b00000, 0x0000000086c00000, 0x0000000086c00000|100%| E|CS|TAMS 0x0000000086b00000, 0x0000000086b00000| Complete 
|  82|0x0000000086c00000, 0x0000000086d00000, 0x0000000086d00000|100%| E|CS|TAMS 0x0000000086c00000, 0x0000000086c00000| Complete 
|  83|0x0000000086d00000, 0x0000000086e00000, 0x0000000086e00000|100%| E|CS|TAMS 0x0000000086d00000, 0x0000000086d00000| Complete 
|  84|0x0000000086e00000, 0x0000000086f00000, 0x0000000086f00000|100%| E|CS|TAMS 0x0000000086e00000, 0x0000000086e00000| Complete 
|  85|0x0000000086f00000, 0x0000000087000000, 0x0000000087000000|100%| E|CS|TAMS 0x0000000086f00000, 0x0000000086f00000| Complete 
|  86|0x0000000087000000, 0x0000000087100000, 0x0000000087100000|100%| E|CS|TAMS 0x0000000087000000, 0x0000000087000000| Complete 
|  87|0x0000000087100000, 0x0000000087200000, 0x0000000087200000|100%| E|CS|TAMS 0x0000000087100000, 0x0000000087100000| Complete 
|  88|0x0000000087200000, 0x0000000087300000, 0x0000000087300000|100%| E|CS|TAMS 0x0000000087200000, 0x0000000087200000| Complete 
|  89|0x0000000087300000, 0x0000000087400000, 0x0000000087400000|100%| E|CS|TAMS 0x0000000087300000, 0x0000000087300000| Complete 
|  90|0x0000000087400000, 0x0000000087500000, 0x0000000087500000|100%| E|CS|TAMS 0x0000000087400000, 0x0000000087400000| Complete 
|  91|0x0000000087500000, 0x0000000087600000, 0x0000000087600000|100%| E|CS|TAMS 0x0000000087500000, 0x0000000087500000| Complete 
|  92|0x0000000087600000, 0x0000000087700000, 0x0000000087700000|100%| E|CS|TAMS 0x0000000087600000, 0x0000000087600000| Complete 
|  93|0x0000000087700000, 0x0000000087800000, 0x0000000087800000|100%| E|CS|TAMS 0x0000000087700000, 0x0000000087700000| Complete 
|  94|0x0000000087800000, 0x0000000087900000, 0x0000000087900000|100%| E|CS|TAMS 0x0000000087800000, 0x0000000087800000| Complete 
|  95|0x0000000087900000, 0x0000000087a00000, 0x0000000087a00000|100%| E|CS|TAMS 0x0000000087900000, 0x0000000087900000| Complete 
|  96|0x0000000087a00000, 0x0000000087b00000, 0x0000000087b00000|100%| E|CS|TAMS 0x0000000087a00000, 0x0000000087a00000| Complete 
|  97|0x0000000087b00000, 0x0000000087c00000, 0x0000000087c00000|100%| E|CS|TAMS 0x0000000087b00000, 0x0000000087b00000| Complete 
|  98|0x0000000087c00000, 0x0000000087d00000, 0x0000000087d00000|100%| E|CS|TAMS 0x0000000087c00000, 0x0000000087c00000| Complete 
|  99|0x0000000087d00000, 0x0000000087e00000, 0x0000000087e00000|100%| E|CS|TAMS 0x0000000087d00000, 0x0000000087d00000| Complete 
| 100|0x0000000087e00000, 0x0000000087f00000, 0x0000000087f00000|100%| E|CS|TAMS 0x0000000087e00000, 0x0000000087e00000| Complete 
| 101|0x0000000087f00000, 0x0000000088000000, 0x0000000088000000|100%| E|CS|TAMS 0x0000000087f00000, 0x0000000087f00000| Complete 
| 102|0x0000000088000000, 0x0000000088100000, 0x0000000088100000|100%| E|CS|TAMS 0x0000000088000000, 0x0000000088000000| Complete 
| 103|0x0000000088100000, 0x0000000088200000, 0x0000000088200000|100%| E|CS|TAMS 0x0000000088100000, 0x0000000088100000| Complete 
| 104|0x0000000088200000, 0x0000000088300000, 0x0000000088300000|100%| E|CS|TAMS 0x0000000088200000, 0x0000000088200000| Complete 
| 105|0x0000000088300000, 0x0000000088400000, 0x0000000088400000|100%| E|CS|TAMS 0x0000000088300000, 0x0000000088300000| Complete 
| 106|0x0000000088400000, 0x0000000088500000, 0x0000000088500000|100%| E|CS|TAMS 0x0000000088400000, 0x0000000088400000| Complete 
| 107|0x0000000088500000, 0x0000000088600000, 0x0000000088600000|100%| E|CS|TAMS 0x0000000088500000, 0x0000000088500000| Complete 
| 108|0x0000000088600000, 0x0000000088700000, 0x0000000088700000|100%| E|CS|TAMS 0x0000000088600000, 0x0000000088600000| Complete 
| 109|0x0000000088700000, 0x0000000088800000, 0x0000000088800000|100%| E|CS|TAMS 0x0000000088700000, 0x0000000088700000| Complete 
| 110|0x0000000088800000, 0x0000000088900000, 0x0000000088900000|100%| E|CS|TAMS 0x0000000088800000, 0x0000000088800000| Complete 
| 111|0x0000000088900000, 0x0000000088a00000, 0x0000000088a00000|100%| E|CS|TAMS 0x0000000088900000, 0x0000000088900000| Complete 
| 112|0x0000000088a00000, 0x0000000088b00000, 0x0000000088b00000|100%| E|CS|TAMS 0x0000000088a00000, 0x0000000088a00000| Complete 
| 113|0x0000000088b00000, 0x0000000088c00000, 0x0000000088c00000|100%| E|CS|TAMS 0x0000000088b00000, 0x0000000088b00000| Complete 
| 114|0x0000000088c00000, 0x0000000088d00000, 0x0000000088d00000|100%| E|CS|TAMS 0x0000000088c00000, 0x0000000088c00000| Complete 
| 115|0x0000000088d00000, 0x0000000088e00000, 0x0000000088e00000|100%| E|CS|TAMS 0x0000000088d00000, 0x0000000088d00000| Complete 
| 116|0x0000000088e00000, 0x0000000088f00000, 0x0000000088f00000|100%| E|CS|TAMS 0x0000000088e00000, 0x0000000088e00000| Complete 
| 117|0x0000000088f00000, 0x0000000089000000, 0x0000000089000000|100%| E|CS|TAMS 0x0000000088f00000, 0x0000000088f00000| Complete 
| 118|0x0000000089000000, 0x0000000089100000, 0x0000000089100000|100%| E|CS|TAMS 0x0000000089000000, 0x0000000089000000| Complete 
| 119|0x0000000089100000, 0x0000000089200000, 0x0000000089200000|100%| E|CS|TAMS 0x0000000089100000, 0x0000000089100000| Complete 
| 120|0x0000000089200000, 0x0000000089300000, 0x0000000089300000|100%| E|CS|TAMS 0x0000000089200000, 0x0000000089200000| Complete 
| 121|0x0000000089300000, 0x0000000089400000, 0x0000000089400000|100%| E|CS|TAMS 0x0000000089300000, 0x0000000089300000| Complete 
| 122|0x0000000089400000, 0x0000000089500000, 0x0000000089500000|100%| E|CS|TAMS 0x0000000089400000, 0x0000000089400000| Complete 
| 123|0x0000000089500000, 0x0000000089600000, 0x0000000089600000|100%| E|CS|TAMS 0x0000000089500000, 0x0000000089500000| Complete 
| 124|0x0000000089600000, 0x0000000089700000, 0x0000000089700000|100%| E|CS|TAMS 0x0000000089600000, 0x0000000089600000| Complete 
| 125|0x0000000089700000, 0x0000000089800000, 0x0000000089800000|100%| E|CS|TAMS 0x0000000089700000, 0x0000000089700000| Complete 
| 126|0x0000000089800000, 0x0000000089900000, 0x0000000089900000|100%| E|CS|TAMS 0x0000000089800000, 0x0000000089800000| Complete 
| 127|0x0000000089900000, 0x0000000089a00000, 0x0000000089a00000|100%| E|CS|TAMS 0x0000000089900000, 0x0000000089900000| Complete 

Card table byte_map: [0x0000021972a40000,0x0000021972e40000] _byte_map_base: 0x0000021972633000

Marking Bits (Prev, Next): (CMBitMap*) 0x000002195b5603b0, (CMBitMap*) 0x000002195b5603f0
 Prev Bits: [0x0000021973240000, 0x00000219751d8000)
 Next Bits: [0x00000219751e0000, 0x0000021977178000)

Polling page: 0x0000021959390000

Metaspace:

Usage:
  Non-class:     10.14 MB capacity,     8.49 MB ( 84%) used,     1.64 MB ( 16%) free+waste,    13.63 KB ( <1%) overhead. 
      Class:    772.00 KB capacity,   558.36 KB ( 72%) used,   209.08 KB ( 27%) free+waste,     4.56 KB ( <1%) overhead. 
       Both:     10.90 MB capacity,     9.04 MB ( 83%) used,     1.84 MB ( 17%) free+waste,    18.19 KB ( <1%) overhead. 

Virtual space:
  Non-class space:       12.00 MB reserved,      10.25 MB ( 85%) committed 
      Class space:        1.00 GB reserved,     896.00 KB ( <1%) committed 
             Both:        1.01 GB reserved,      11.13 MB (  1%) committed 

Chunk freelists:
   Non-Class:  47.00 KB
       Class:  28.00 KB
        Both:  75.00 KB

MaxMetaspaceSize: 17179869184.00 GB
CompressedClassSpaceSize: 1.00 GB

CodeHeap 'non-profiled nmethods': size=120064Kb used=614Kb max_used=614Kb free=119449Kb
 bounds [0x000002196b500000, 0x000002196b770000, 0x0000021972a40000]
CodeHeap 'profiled nmethods': size=120000Kb used=2515Kb max_used=2515Kb free=117484Kb
 bounds [0x0000021963fd0000, 0x0000021964250000, 0x000002196b500000]
CodeHeap 'non-nmethods': size=5696Kb used=1797Kb max_used=1814Kb free=3898Kb
 bounds [0x0000021963a40000, 0x0000021963cb0000, 0x0000021963fd0000]
 total_blobs=2890 nmethods=1633 adapters=1171
 compilation: enabled
              stopped_count=0, restarted_count=0
 full_count=0

Compilation events (20 events):
Event: 11.524 Thread 0x0000021979535be0 1624       4       imgui.gl3.ImGuiImplGl3::renderDrawData (417 bytes)
Event: 11.605 Thread 0x0000021979535be0 nmethod 1624 0x000002196b590a90 code [0x000002196b591200, 0x000002196b593ee0]
Event: 12.294 Thread 0x0000021979535be0 1625       4       Core2D.Controllers.PC.Mouse::HandleMouseInput (24 bytes)
Event: 12.296 Thread 0x0000021979535be0 nmethod 1625 0x000002196b597790 code [0x000002196b597920, 0x000002196b597a48]
Event: 12.365 Thread 0x0000021979535be0 1626       4       org.joml.Matrix4f::identity (82 bytes)
Event: 12.366 Thread 0x0000021979535be0 nmethod 1626 0x000002196b597c10 code [0x000002196b597d80, 0x000002196b597e38]
Event: 14.105 Thread 0x0000021979535be0 1627       4       jdk.internal.misc.Unsafe::allocateUninitializedArray (55 bytes)
Event: 14.106 Thread 0x0000021979535be0 nmethod 1627 0x000002196b597f90 code [0x000002196b598120, 0x000002196b5982d8]
Event: 14.322 Thread 0x0000021979535be0 1628       4       jdk.internal.misc.Unsafe::allocateUninitializedArray0 (90 bytes)
Event: 14.324 Thread 0x0000021979535be0 nmethod 1628 0x000002196b598410 code [0x000002196b5985a0, 0x000002196b5986f8]
Event: 14.647 Thread 0x0000021979535be0 1629       4       jdk.internal.misc.Unsafe::allocateUninitializedArray (55 bytes)
Event: 14.648 Thread 0x0000021979535be0 nmethod 1629 0x000002196b598810 code [0x000002196b5989a0, 0x000002196b598b38]
Event: 15.951 Thread 0x0000021979535be0 1630       4       java.util.ArrayList$Itr::next (66 bytes)
Event: 15.952 Thread 0x0000021979535be0 nmethod 1630 0x000002196b598c90 code [0x000002196b598e20, 0x000002196b598f38]
Event: 16.111 Thread 0x0000021979535be0 1631       4       java.util.ArrayList::iterator (9 bytes)
Event: 16.112 Thread 0x0000021979535be0 nmethod 1631 0x000002196b599090 code [0x000002196b599220, 0x000002196b5992f8]
Event: 17.110 Thread 0x0000021979535be0 1632       4       Core2D.Object2D.Transform::UpdateCollider2D (70 bytes)
Event: 17.110 Thread 0x0000021979535be0 nmethod 1632 0x000002196b599390 code [0x000002196b599500, 0x000002196b599578]
Event: 17.717 Thread 0x0000021979535be0 1633       4       java.lang.StringConcatHelper::prepend (37 bytes)
Event: 17.719 Thread 0x0000021979535be0 nmethod 1633 0x000002196b599690 code [0x000002196b599820, 0x000002196b599a18]

GC Heap History (20 events):
Event: 3.259 GC heap before
{Heap before GC invocations=1 (full 0):
 garbage-first heap   total 131072K, used 6348K [0x0000000081a00000, 0x0000000100000000)
  region size 1024K, 6 young (6144K), 1 survivors (1024K)
 Metaspace       used 5525K, capacity 7655K, committed 7808K, reserved 1056768K
  class space    used 397K, capacity 589K, committed 640K, reserved 1048576K
}
Event: 3.263 GC heap after
{Heap after GC invocations=2 (full 0):
 garbage-first heap   total 131072K, used 3132K [0x0000000081a00000, 0x0000000100000000)
  region size 1024K, 1 young (1024K), 1 survivors (1024K)
 Metaspace       used 5525K, capacity 7655K, committed 7808K, reserved 1056768K
  class space    used 397K, capacity 589K, committed 640K, reserved 1048576K
}
Event: 4.449 GC heap before
{Heap before GC invocations=2 (full 0):
 garbage-first heap   total 131072K, used 16444K [0x0000000081a00000, 0x0000000100000000)
  region size 1024K, 11 young (11264K), 1 survivors (1024K)
 Metaspace       used 9147K, capacity 11023K, committed 11392K, reserved 1060864K
  class space    used 557K, capacity 772K, committed 896K, reserved 1048576K
}
Event: 4.453 GC heap after
{Heap after GC invocations=3 (full 0):
 garbage-first heap   total 131072K, used 4682K [0x0000000081a00000, 0x0000000100000000)
  region size 1024K, 2 young (2048K), 2 survivors (2048K)
 Metaspace       used 9147K, capacity 11023K, committed 11392K, reserved 1060864K
  class space    used 557K, capacity 772K, committed 896K, reserved 1048576K
}
Event: 6.704 GC heap before
{Heap before GC invocations=3 (full 0):
 garbage-first heap   total 131072K, used 80458K [0x0000000081a00000, 0x0000000100000000)
  region size 1024K, 76 young (77824K), 2 survivors (2048K)
 Metaspace       used 9249K, capacity 11093K, committed 11392K, reserved 1060864K
  class space    used 558K, capacity 772K, committed 896K, reserved 1048576K
}
Event: 6.707 GC heap after
{Heap after GC invocations=4 (full 0):
 garbage-first heap   total 131072K, used 4745K [0x0000000081a00000, 0x0000000100000000)
  region size 1024K, 3 young (3072K), 3 survivors (3072K)
 Metaspace       used 9249K, capacity 11093K, committed 11392K, reserved 1060864K
  class space    used 558K, capacity 772K, committed 896K, reserved 1048576K
}
Event: 8.300 GC heap before
{Heap before GC invocations=4 (full 0):
 garbage-first heap   total 131072K, used 79497K [0x0000000081a00000, 0x0000000100000000)
  region size 1024K, 76 young (77824K), 3 survivors (3072K)
 Metaspace       used 9254K, capacity 11157K, committed 11392K, reserved 1060864K
  class space    used 558K, capacity 772K, committed 896K, reserved 1048576K
}
Event: 8.303 GC heap after
{Heap after GC invocations=5 (full 0):
 garbage-first heap   total 131072K, used 4871K [0x0000000081a00000, 0x0000000100000000)
  region size 1024K, 3 young (3072K), 3 survivors (3072K)
 Metaspace       used 9254K, capacity 11157K, committed 11392K, reserved 1060864K
  class space    used 558K, capacity 772K, committed 896K, reserved 1048576K
}
Event: 9.424 GC heap before
{Heap before GC invocations=5 (full 0):
 garbage-first heap   total 131072K, used 79623K [0x0000000081a00000, 0x0000000100000000)
  region size 1024K, 76 young (77824K), 3 survivors (3072K)
 Metaspace       used 9254K, capacity 11157K, committed 11392K, reserved 1060864K
  class space    used 558K, capacity 772K, committed 896K, reserved 1048576K
}
Event: 9.427 GC heap after
{Heap after GC invocations=6 (full 0):
 garbage-first heap   total 131072K, used 4883K [0x0000000081a00000, 0x0000000100000000)
  region size 1024K, 3 young (3072K), 3 survivors (3072K)
 Metaspace       used 9254K, capacity 11157K, committed 11392K, reserved 1060864K
  class space    used 558K, capacity 772K, committed 896K, reserved 1048576K
}
Event: 10.540 GC heap before
{Heap before GC invocations=6 (full 0):
 garbage-first heap   total 131072K, used 79635K [0x0000000081a00000, 0x0000000100000000)
  region size 1024K, 76 young (77824K), 3 survivors (3072K)
 Metaspace       used 9254K, capacity 11157K, committed 11392K, reserved 1060864K
  class space    used 558K, capacity 772K, committed 896K, reserved 1048576K
}
Event: 10.548 GC heap after
{Heap after GC invocations=7 (full 0):
 garbage-first heap   total 131072K, used 4949K [0x0000000081a00000, 0x0000000100000000)
  region size 1024K, 3 young (3072K), 3 survivors (3072K)
 Metaspace       used 9254K, capacity 11157K, committed 11392K, reserved 1060864K
  class space    used 558K, capacity 772K, committed 896K, reserved 1048576K
}
Event: 11.845 GC heap before
{Heap before GC invocations=7 (full 0):
 garbage-first heap   total 131072K, used 79701K [0x0000000081a00000, 0x0000000100000000)
  region size 1024K, 76 young (77824K), 3 survivors (3072K)
 Metaspace       used 9254K, capacity 11157K, committed 11392K, reserved 1060864K
  class space    used 558K, capacity 772K, committed 896K, reserved 1048576K
}
Event: 11.849 GC heap after
{Heap after GC invocations=8 (full 0):
 garbage-first heap   total 131072K, used 4881K [0x0000000081a00000, 0x0000000100000000)
  region size 1024K, 3 young (3072K), 3 survivors (3072K)
 Metaspace       used 9254K, capacity 11157K, committed 11392K, reserved 1060864K
  class space    used 558K, capacity 772K, committed 896K, reserved 1048576K
}
Event: 14.041 GC heap before
{Heap before GC invocations=8 (full 0):
 garbage-first heap   total 131072K, used 79633K [0x0000000081a00000, 0x0000000100000000)
  region size 1024K, 76 young (77824K), 3 survivors (3072K)
 Metaspace       used 9254K, capacity 11157K, committed 11392K, reserved 1060864K
  class space    used 558K, capacity 772K, committed 896K, reserved 1048576K
}
Event: 14.048 GC heap after
{Heap after GC invocations=9 (full 0):
 garbage-first heap   total 131072K, used 4886K [0x0000000081a00000, 0x0000000100000000)
  region size 1024K, 3 young (3072K), 3 survivors (3072K)
 Metaspace       used 9254K, capacity 11157K, committed 11392K, reserved 1060864K
  class space    used 558K, capacity 772K, committed 896K, reserved 1048576K
}
Event: 15.655 GC heap before
{Heap before GC invocations=9 (full 0):
 garbage-first heap   total 131072K, used 79638K [0x0000000081a00000, 0x0000000100000000)
  region size 1024K, 76 young (77824K), 3 survivors (3072K)
 Metaspace       used 9254K, capacity 11157K, committed 11392K, reserved 1060864K
  class space    used 558K, capacity 772K, committed 896K, reserved 1048576K
}
Event: 15.659 GC heap after
{Heap after GC invocations=10 (full 0):
 garbage-first heap   total 131072K, used 4887K [0x0000000081a00000, 0x0000000100000000)
  region size 1024K, 3 young (3072K), 3 survivors (3072K)
 Metaspace       used 9254K, capacity 11157K, committed 11392K, reserved 1060864K
  class space    used 558K, capacity 772K, committed 896K, reserved 1048576K
}
Event: 16.950 GC heap before
{Heap before GC invocations=10 (full 0):
 garbage-first heap   total 131072K, used 79639K [0x0000000081a00000, 0x0000000100000000)
  region size 1024K, 76 young (77824K), 3 survivors (3072K)
 Metaspace       used 9254K, capacity 11157K, committed 11392K, reserved 1060864K
  class space    used 558K, capacity 772K, committed 896K, reserved 1048576K
}
Event: 16.953 GC heap after
{Heap after GC invocations=11 (full 0):
 garbage-first heap   total 131072K, used 4887K [0x0000000081a00000, 0x0000000100000000)
  region size 1024K, 3 young (3072K), 3 survivors (3072K)
 Metaspace       used 9254K, capacity 11157K, committed 11392K, reserved 1060864K
  class space    used 558K, capacity 772K, committed 896K, reserved 1048576K
}

Deoptimization events (20 events):
Event: 6.858 Thread 0x000002195b521320 DEOPT PACKING pc=0x00000219641fb927 sp=0x00000062e7efef90
Event: 6.858 Thread 0x000002195b521320 DEOPT UNPACKING pc=0x0000021963a8df30 sp=0x00000062e7efe460 mode 0
Event: 7.479 Thread 0x000002195b521320 DEOPT PACKING pc=0x00000219641ff180 sp=0x00000062e7efefe0
Event: 7.479 Thread 0x000002195b521320 DEOPT UNPACKING pc=0x0000021963a8df30 sp=0x00000062e7efe488 mode 0
Event: 14.109 Thread 0x000002195b521320 Uncommon trap: trap_request=0xffffffde fr.pc=0x000002196b59822c relative=0x000000000000010c
Event: 14.109 Thread 0x000002195b521320 Uncommon trap: reason=class_check action=maybe_recompile pc=0x000002196b59822c method=jdk.internal.misc.Unsafe.allocateUninitializedArray(Ljava/lang/Class;I)Ljava/lang/Object; @ 51 c2
Event: 14.109 Thread 0x000002195b521320 DEOPT PACKING pc=0x000002196b59822c sp=0x00000062e7eff120
Event: 14.109 Thread 0x000002195b521320 DEOPT UNPACKING pc=0x0000021963a8e129 sp=0x00000062e7eff0a8 mode 2
Event: 14.112 Thread 0x000002195b521320 Uncommon trap: trap_request=0xffffffde fr.pc=0x000002196b59822c relative=0x000000000000010c
Event: 14.112 Thread 0x000002195b521320 Uncommon trap: reason=class_check action=maybe_recompile pc=0x000002196b59822c method=jdk.internal.misc.Unsafe.allocateUninitializedArray(Ljava/lang/Class;I)Ljava/lang/Object; @ 51 c2
Event: 14.112 Thread 0x000002195b521320 DEOPT PACKING pc=0x000002196b59822c sp=0x00000062e7eff120
Event: 14.112 Thread 0x000002195b521320 DEOPT UNPACKING pc=0x0000021963a8e129 sp=0x00000062e7eff0a8 mode 2
Event: 14.114 Thread 0x000002195b521320 Uncommon trap: trap_request=0xffffffde fr.pc=0x000002196b59822c relative=0x000000000000010c
Event: 14.114 Thread 0x000002195b521320 Uncommon trap: reason=class_check action=maybe_recompile pc=0x000002196b59822c method=jdk.internal.misc.Unsafe.allocateUninitializedArray(Ljava/lang/Class;I)Ljava/lang/Object; @ 51 c2
Event: 14.114 Thread 0x000002195b521320 DEOPT PACKING pc=0x000002196b59822c sp=0x00000062e7eff120
Event: 14.114 Thread 0x000002195b521320 DEOPT UNPACKING pc=0x0000021963a8e129 sp=0x00000062e7eff0a8 mode 2
Event: 14.122 Thread 0x000002195b521320 Uncommon trap: trap_request=0xffffffde fr.pc=0x000002196b59822c relative=0x000000000000010c
Event: 14.122 Thread 0x000002195b521320 Uncommon trap: reason=class_check action=maybe_recompile pc=0x000002196b59822c method=jdk.internal.misc.Unsafe.allocateUninitializedArray(Ljava/lang/Class;I)Ljava/lang/Object; @ 51 c2
Event: 14.122 Thread 0x000002195b521320 DEOPT PACKING pc=0x000002196b59822c sp=0x00000062e7eff120
Event: 14.122 Thread 0x000002195b521320 DEOPT UNPACKING pc=0x0000021963a8e129 sp=0x00000062e7eff0a8 mode 2

Classes unloaded (0 events):
No events

Classes redefined (0 events):
No events

Internal exceptions (20 events):
Event: 0.729 Thread 0x000002195b521320 Exception <a 'java/lang/NoSuchMethodError'{0x000000008994bec8}: 'java.lang.Object java.lang.invoke.DirectMethodHandle$Holder.invokeStatic(java.lang.Object, java.lang.Object, int)'> (0x000000008994bec8) 
thrown [./src/hotspot/share/interpreter/linkResolver.cpp, line 782]
Event: 0.732 Thread 0x000002195b521320 Exception <a 'java/lang/NoSuchMethodError'{0x0000000089958010}: 'void java.lang.invoke.DelegatingMethodHandle$Holder.delegate(java.lang.Object, java.lang.Object, int, java.lang.Object)'> (0x0000000089958010) 
thrown [./src/hotspot/share/interpreter/linkResolver.cpp, line 782]
Event: 0.734 Thread 0x000002195b521320 Exception <a 'java/lang/NoSuchMethodError'{0x000000008995c4d0}: 'int java.lang.invoke.DirectMethodHandle$Holder.invokeSpecial(java.lang.Object, java.lang.Object, java.lang.Object)'> (0x000000008995c4d0) 
thrown [./src/hotspot/share/interpreter/linkResolver.cpp, line 782]
Event: 0.825 Thread 0x000002195b521320 Exception <a 'sun/nio/fs/WindowsException'{0x00000000899be6a0}> (0x00000000899be6a0) 
thrown [./src/hotspot/share/prims/jni.cpp, line 578]
Event: 0.825 Thread 0x000002195b521320 Exception <a 'sun/nio/fs/WindowsException'{0x00000000899bee50}> (0x00000000899bee50) 
thrown [./src/hotspot/share/prims/jni.cpp, line 578]
Event: 0.835 Thread 0x000002195b521320 Exception <a 'java/lang/NoSuchMethodError'{0x00000000899ed5e0}: 'int java.lang.invoke.DirectMethodHandle$Holder.invokeStaticInit(java.lang.Object, java.lang.Object, int, long)'> (0x00000000899ed5e0) 
thrown [./src/hotspot/share/interpreter/linkResolver.cpp, line 782]
Event: 0.846 Thread 0x000002195b521320 Exception <a 'java/lang/NoSuchMethodError'{0x00000000899f30b0}: 'java.lang.Object java.lang.invoke.DirectMethodHandle$Holder.newInvokeSpecial(java.lang.Object, java.lang.Object, int)'> (0x00000000899f30b0) 
thrown [./src/hotspot/share/interpreter/linkResolver.cpp, line 782]
Event: 0.850 Thread 0x000002195b521320 Exception <a 'java/lang/NoSuchMethodError'{0x0000000089801f20}: 'int java.lang.invoke.DirectMethodHandle$Holder.invokeStaticInit(java.lang.Object, java.lang.Object, long, long)'> (0x0000000089801f20) 
thrown [./src/hotspot/share/interpreter/linkResolver.cpp, line 782]
Event: 0.851 Thread 0x000002195b521320 Exception <a 'java/lang/NoSuchMethodError'{0x00000000898083a0}: 'java.lang.Object java.lang.invoke.DirectMethodHandle$Holder.newInvokeSpecial(java.lang.Object, java.lang.Object, long)'> (0x00000000898083a0) 
thrown [./src/hotspot/share/interpreter/linkResolver.cpp, line 782]
Event: 0.853 Thread 0x000002195b521320 Exception <a 'java/lang/NoSuchMethodError'{0x000000008980c4e8}: 'java.lang.Object java.lang.invoke.Invokers$Holder.linkToTargetMethod(java.lang.Object, long, java.lang.Object)'> (0x000000008980c4e8) 
thrown [./src/hotspot/share/interpreter/linkResolver.cpp, line 782]
Event: 0.854 Thread 0x000002195b521320 Exception <a 'java/lang/NoSuchMethodError'{0x0000000089813ec8}: 'int java.lang.invoke.DirectMethodHandle$Holder.invokeStaticInit(java.lang.Object, java.lang.Object, java.lang.Object, long)'> (0x0000000089813ec8) 
thrown [./src/hotspot/share/interpreter/linkResolver.cpp, line 782]
Event: 0.891 Thread 0x000002195b521320 Exception <a 'sun/nio/fs/WindowsException'{0x00000000898b60a0}> (0x00000000898b60a0) 
thrown [./src/hotspot/share/prims/jni.cpp, line 578]
Event: 0.891 Thread 0x000002195b521320 Exception <a 'sun/nio/fs/WindowsException'{0x00000000898b6680}> (0x00000000898b6680) 
thrown [./src/hotspot/share/prims/jni.cpp, line 578]
Event: 2.988 Thread 0x000002195b521320 Exception <a 'sun/nio/fs/WindowsException'{0x00000000897b1c70}> (0x00000000897b1c70) 
thrown [./src/hotspot/share/prims/jni.cpp, line 578]
Event: 2.988 Thread 0x000002195b521320 Exception <a 'sun/nio/fs/WindowsException'{0x00000000897b22c8}> (0x00000000897b22c8) 
thrown [./src/hotspot/share/prims/jni.cpp, line 578]
Event: 2.992 Thread 0x000002195b521320 Exception <a 'sun/nio/fs/WindowsException'{0x00000000897bd618}> (0x00000000897bd618) 
thrown [./src/hotspot/share/prims/jni.cpp, line 578]
Event: 2.992 Thread 0x000002195b521320 Exception <a 'sun/nio/fs/WindowsException'{0x00000000897bdae8}> (0x00000000897bdae8) 
thrown [./src/hotspot/share/prims/jni.cpp, line 578]
Event: 3.340 Thread 0x000002195b521320 Exception <a 'sun/nio/fs/WindowsException'{0x0000000089827d40}> (0x0000000089827d40) 
thrown [./src/hotspot/share/prims/jni.cpp, line 578]
Event: 3.340 Thread 0x000002195b521320 Exception <a 'sun/nio/fs/WindowsException'{0x0000000089828350}> (0x0000000089828350) 
thrown [./src/hotspot/share/prims/jni.cpp, line 578]
Event: 3.404 Thread 0x000002195b521320 Exception <a 'sun/nio/fs/WindowsException'{0x000000008961cf10}> (0x000000008961cf10) 
thrown [./src/hotspot/share/prims/jni.cpp, line 578]

Events (20 events):
Event: 6.999 Loaded shared library C:\Users\Админ\AppData\Local\Temp\imgui-java-natives_1652629795256\imgui-java64.dll
Event: 7.014 Loaded shared library C:\Users\Админ\AppData\Local\Temp\imgui-java-natives_1652629795256\imgui-java64.dll
Event: 7.030 Loaded shared library C:\Users\Админ\AppData\Local\Temp\imgui-java-natives_1652629795256\imgui-java64.dll
Event: 7.046 Loaded shared library C:\Users\Админ\AppData\Local\Temp\imgui-java-natives_1652629795256\imgui-java64.dll
Event: 7.062 Loaded shared library C:\Users\Админ\AppData\Local\Temp\imgui-java-natives_1652629795256\imgui-java64.dll
Event: 7.077 Loaded shared library C:\Users\Админ\AppData\Local\Temp\lwjglАдмин\3.3.1-SNAPSHOT\lwjgl_opengl.dll
Event: 8.300 Executing VM operation: G1CollectForAllocation
Event: 8.303 Executing VM operation: G1CollectForAllocation done
Event: 9.424 Executing VM operation: G1CollectForAllocation
Event: 9.427 Executing VM operation: G1CollectForAllocation done
Event: 10.540 Executing VM operation: G1CollectForAllocation
Event: 10.548 Executing VM operation: G1CollectForAllocation done
Event: 11.845 Executing VM operation: G1CollectForAllocation
Event: 11.849 Executing VM operation: G1CollectForAllocation done
Event: 14.040 Executing VM operation: G1CollectForAllocation
Event: 14.048 Executing VM operation: G1CollectForAllocation done
Event: 15.654 Executing VM operation: G1CollectForAllocation
Event: 15.659 Executing VM operation: G1CollectForAllocation done
Event: 16.950 Executing VM operation: G1CollectForAllocation
Event: 16.954 Executing VM operation: G1CollectForAllocation done


Dynamic libraries:
0x00007ff7501e0000 - 0x00007ff7501ed000 	C:\Users\Админ\.jdks\azul-15.0.5\bin\java.exe
0x00007ffcbf370000 - 0x00007ffcbf565000 	C:\WINDOWS\SYSTEM32\ntdll.dll
0x00007ffcae9a0000 - 0x00007ffcae9b6000 	C:\Program Files\AVAST Software\Avast\aswhook.dll
0x00007ffcbefe0000 - 0x00007ffcbf09d000 	C:\WINDOWS\System32\KERNEL32.DLL
0x00007ffcbd0f0000 - 0x00007ffcbd3bd000 	C:\WINDOWS\System32\KERNELBASE.dll
0x00007ffcbce10000 - 0x00007ffcbcf10000 	C:\WINDOWS\System32\ucrtbase.dll
0x00007ffcb6080000 - 0x00007ffcb6098000 	C:\Users\Админ\.jdks\azul-15.0.5\bin\jli.dll
0x00007ffcbed60000 - 0x00007ffcbef00000 	C:\WINDOWS\System32\USER32.dll
0x00007ffcbca80000 - 0x00007ffcbcaa2000 	C:\WINDOWS\System32\win32u.dll
0x00007ffcbe4c0000 - 0x00007ffcbe4ea000 	C:\WINDOWS\System32\GDI32.dll
0x00007ffcbcfe0000 - 0x00007ffcbd0eb000 	C:\WINDOWS\System32\gdi32full.dll
0x00007ffcbcf10000 - 0x00007ffcbcfad000 	C:\WINDOWS\System32\msvcp_win.dll
0x00007ffcb0630000 - 0x00007ffcb0645000 	C:\Users\Админ\.jdks\azul-15.0.5\bin\VCRUNTIME140.dll
0x00007ffcb2510000 - 0x00007ffcb27aa000 	C:\WINDOWS\WinSxS\amd64_microsoft.windows.common-controls_6595b64144ccf1df_6.0.19041.1110_none_60b5254171f9507e\COMCTL32.dll
0x00007ffcbf1f0000 - 0x00007ffcbf28e000 	C:\WINDOWS\System32\msvcrt.dll
0x00007ffcbe6b0000 - 0x00007ffcbe6e0000 	C:\WINDOWS\System32\IMM32.DLL
0x00007ffcafef0000 - 0x00007ffcaff8b000 	C:\Users\Админ\.jdks\azul-15.0.5\bin\msvcp140.dll
0x00007ffc62010000 - 0x00007ffc62ba2000 	C:\Users\Админ\.jdks\azul-15.0.5\bin\server\jvm.dll
0x00007ffcbd3c0000 - 0x00007ffcbd46e000 	C:\WINDOWS\System32\ADVAPI32.dll
0x00007ffcbf290000 - 0x00007ffcbf32c000 	C:\WINDOWS\System32\sechost.dll
0x00007ffcbec30000 - 0x00007ffcbed55000 	C:\WINDOWS\System32\RPCRT4.dll
0x00007ffcbe4f0000 - 0x00007ffcbe4f8000 	C:\WINDOWS\System32\PSAPI.DLL
0x00007ffcb4a50000 - 0x00007ffcb4a59000 	C:\WINDOWS\SYSTEM32\WSOCK32.dll
0x00007ffcbf0a0000 - 0x00007ffcbf10b000 	C:\WINDOWS\System32\WS2_32.dll
0x00007ffcafdb0000 - 0x00007ffcafdd7000 	C:\WINDOWS\SYSTEM32\WINMM.dll
0x00007ffcb7070000 - 0x00007ffcb707a000 	C:\WINDOWS\SYSTEM32\VERSION.dll
0x00007ffcba9a0000 - 0x00007ffcba9b2000 	C:\WINDOWS\SYSTEM32\kernel.appcore.dll
0x00007ffcb7f30000 - 0x00007ffcb7f3a000 	C:\Users\Админ\.jdks\azul-15.0.5\bin\jimage.dll
0x00007ffcb6c80000 - 0x00007ffcb6e64000 	C:\WINDOWS\SYSTEM32\DBGHELP.DLL
0x00007ffcb6c50000 - 0x00007ffcb6c7c000 	C:\WINDOWS\SYSTEM32\dbgcore.DLL
0x00007ffcbcd30000 - 0x00007ffcbcdb2000 	C:\WINDOWS\System32\bcryptPrimitives.dll
0x00007ffcb6230000 - 0x00007ffcb623e000 	C:\Users\Админ\.jdks\azul-15.0.5\bin\instrument.dll
0x00007ffcb0430000 - 0x00007ffcb0455000 	C:\Users\Админ\.jdks\azul-15.0.5\bin\java.dll
0x00007ffcbd480000 - 0x00007ffcbdbc4000 	C:\WINDOWS\System32\SHELL32.dll
0x00007ffcbaba0000 - 0x00007ffcbb334000 	C:\WINDOWS\SYSTEM32\windows.storage.dll
0x00007ffcbdbd0000 - 0x00007ffcbdf24000 	C:\WINDOWS\System32\combase.dll
0x00007ffcbc470000 - 0x00007ffcbc49c000 	C:\WINDOWS\SYSTEM32\Wldp.dll
0x00007ffcbe130000 - 0x00007ffcbe1dd000 	C:\WINDOWS\System32\SHCORE.dll
0x00007ffcbe1e0000 - 0x00007ffcbe235000 	C:\WINDOWS\System32\shlwapi.dll
0x00007ffcbc9c0000 - 0x00007ffcbc9df000 	C:\WINDOWS\SYSTEM32\profapi.dll
0x00007ffcafe90000 - 0x00007ffcafea8000 	C:\Users\Админ\.jdks\azul-15.0.5\bin\zip.dll
0x00007ffcafed0000 - 0x00007ffcafee9000 	C:\Users\Админ\.jdks\azul-15.0.5\bin\net.dll
0x00007ffcb5c80000 - 0x00007ffcb5d8a000 	C:\WINDOWS\SYSTEM32\WINHTTP.dll
0x00007ffcbc170000 - 0x00007ffcbc1da000 	C:\WINDOWS\system32\mswsock.dll
0x00007ffcafeb0000 - 0x00007ffcafec2000 	C:\Users\Админ\.jdks\azul-15.0.5\bin\nio.dll
0x00007ffcafe40000 - 0x00007ffcafe5a000 	D:\IntelliJ IDEA 2021.3.3 Ultimate\bin\breakgen64.dll
0x00007ffcb6120000 - 0x00007ffcb6130000 	C:\Users\Админ\.jdks\azul-15.0.5\bin\verify.dll
0x00007ffcac250000 - 0x00007ffcac2c5000 	C:\Users\Админ\AppData\Local\Temp\lwjglАдмин\3.3.1-SNAPSHOT\lwjgl.dll
0x00007ffca7120000 - 0x00007ffca7181000 	C:\Users\7272~1\AppData\Local\Temp\lwjglАдмин\3.3.1-SNAPSHOT\glfw.dll
0x00007ffca70d0000 - 0x00007ffca7115000 	C:\WINDOWS\SYSTEM32\dinput8.dll
0x00007ffcac230000 - 0x00007ffcac241000 	C:\WINDOWS\SYSTEM32\xinput1_4.dll
0x00007ffcbcdc0000 - 0x00007ffcbce0e000 	C:\WINDOWS\System32\cfgmgr32.dll
0x00007ffcbc7c0000 - 0x00007ffcbc7ec000 	C:\WINDOWS\SYSTEM32\DEVOBJ.dll
0x00007ffcba6b0000 - 0x00007ffcba6df000 	C:\WINDOWS\SYSTEM32\dwmapi.dll
0x00007ffcba470000 - 0x00007ffcba50e000 	C:\WINDOWS\system32\uxtheme.dll
0x00007ffcbdf90000 - 0x00007ffcbe0a5000 	C:\WINDOWS\System32\MSCTF.dll
0x00007ffcbe6e0000 - 0x00007ffcbe7ad000 	C:\WINDOWS\System32\OLEAUT32.dll
0x00007ffca66d0000 - 0x00007ffca6822000 	C:\WINDOWS\SYSTEM32\inputhost.dll
0x00007ffcba0b0000 - 0x00007ffcba1a2000 	C:\WINDOWS\SYSTEM32\CoreMessaging.dll
0x00007ffcb78c0000 - 0x00007ffcb79b6000 	C:\WINDOWS\SYSTEM32\PROPSYS.dll
0x00007ffcb9400000 - 0x00007ffcb9554000 	C:\WINDOWS\SYSTEM32\wintypes.dll
0x00007ffcb9d50000 - 0x00007ffcba0ae000 	C:\WINDOWS\SYSTEM32\CoreUIComponents.dll
0x00007ffcbb780000 - 0x00007ffcbb7b3000 	C:\WINDOWS\SYSTEM32\ntmarta.dll
0x00007ffc98030000 - 0x00007ffc98156000 	C:\WINDOWS\SYSTEM32\opengl32.dll
0x00007ffc982a0000 - 0x00007ffc982cc000 	C:\WINDOWS\SYSTEM32\GLU32.dll
0x00007ffcbef30000 - 0x00007ffcbefd9000 	C:\WINDOWS\System32\clbcatq.dll
0x0000000051230000 - 0x0000000053077000 	C:\WINDOWS\SYSTEM32\nvoglv64.DLL
0x00007ffcbe7b0000 - 0x00007ffcbec21000 	C:\WINDOWS\System32\SETUPAPI.dll
0x00007ffcbcfb0000 - 0x00007ffcbcfd7000 	C:\WINDOWS\System32\bcrypt.dll
0x00007ffcb9560000 - 0x00007ffcb9574000 	C:\WINDOWS\SYSTEM32\WTSAPI32.dll
0x00007ffcbccc0000 - 0x00007ffcbcd28000 	C:\WINDOWS\System32\WINTRUST.dll
0x00007ffcbcab0000 - 0x00007ffcbcc06000 	C:\WINDOWS\System32\CRYPT32.dll
0x00007ffcbc600000 - 0x00007ffcbc612000 	C:\WINDOWS\System32\MSASN1.dll
0x00007ffcbc8f0000 - 0x00007ffcbc93b000 	C:\WINDOWS\SYSTEM32\powrprof.dll
0x00007ffcbc820000 - 0x00007ffcbc832000 	C:\WINDOWS\SYSTEM32\UMPDC.dll
0x00007ffcbc410000 - 0x00007ffcbc46a000 	C:\WINDOWS\SYSTEM32\WINSTA.dll
0x00007ffcbb4a0000 - 0x00007ffcbb593000 	C:\WINDOWS\SYSTEM32\dxgi.dll
0x00007ffcb89f0000 - 0x00007ffcb8c54000 	C:\WINDOWS\SYSTEM32\d3d11.dll
0x00007ffca2bb0000 - 0x00007ffca3d6a000 	C:\WINDOWS\SYSTEM32\nvwgf2umx.dll
0x00007ffca3d70000 - 0x00007ffca3dab000 	C:\WINDOWS\SYSTEM32\dxcore.dll
0x00007ffca65d0000 - 0x00007ffca66c9000 	C:\WINDOWS\SYSTEM32\textinputframework.dll
0x00007ffca1120000 - 0x00007ffca117d000 	C:\Users\Админ\AppData\Local\Temp\lwjglАдмин\3.3.1-SNAPSHOT\lwjgl_opengl.dll
0x00007ffc9ebf0000 - 0x00007ffc9ec71000 	C:\Users\Админ\AppData\Local\Temp\lwjglАдмин\3.3.1-SNAPSHOT\lwjgl_stb.dll
0x0000000064a00000 - 0x00000000657b1000 	C:\Users\Админ\AppData\Local\Temp\imgui-java-natives_1652629795256\imgui-java64.dll

dbghelp: loaded successfully - version: 4.0.5 - missing functions: none
symbol engine: initialized successfully - sym options: 0x614 - pdb path: .;C:\Users\Админ\.jdks\azul-15.0.5\bin;C:\WINDOWS\SYSTEM32;C:\Program Files\AVAST Software\Avast;C:\WINDOWS\WinSxS\amd64_microsoft.windows.common-controls_6595b64144ccf1df_6.0.19041.1110_none_60b5254171f9507e;C:\Users\Админ\.jdks\azul-15.0.5\bin\server;D:\IntelliJ IDEA 2021.3.3 Ultimate\bin;C:\Users\Админ\AppData\Local\Temp\lwjglАдмин\3.3.1-SNAPSHOT;C:\Users\7272~1\AppData\Local\Temp\lwjglАдмин\3.3.1-SNAPSHOT;C:\Users\Админ\AppData\Local\Temp\imgui-java-natives_1652629795256

VM Arguments:
jvm_args: -javaagent:D:\IntelliJ IDEA 2021.3.3 Ultimate\lib\idea_rt.jar=58531:D:\IntelliJ IDEA 2021.3.3 Ultimate\bin -Dfile.encoding=UTF-8 
java_command: SungearEngine2D.Main.Main
java_class_path (initial): D:\PixelField\SungearEngine2D\out\production\SungearEngine2D;D:\PixelField\SungearEngine2D\libs\Core2D.jar;D:\PixelField\SungearEngine2D\libs\imgui-app-1.84.1.3.jar;D:\PixelField\SungearEngine2D\libs\imgui-lwjgl3-1.84.1.3.jar;D:\PixelField\SungearEngine2D\libs\imgui-app-1.84.1.3-sources.jar;D:\PixelField\SungearEngine2D\libs\imgui-lwjgl3-1.84.1.3-sources.jar
Launcher Type: SUN_STANDARD

[Global flags]
     intx CICompilerCount                          = 2                                         {product} {ergonomic}
     uint ConcGCThreads                            = 1                                         {product} {ergonomic}
     uint G1ConcRefinementThreads                  = 2                                         {product} {ergonomic}
   size_t G1HeapRegionSize                         = 1048576                                   {product} {ergonomic}
    uintx GCDrainStackTargetSize                   = 64                                        {product} {ergonomic}
   size_t InitialHeapSize                          = 134217728                                 {product} {ergonomic}
   size_t MarkStackSize                            = 4194304                                   {product} {ergonomic}
   size_t MaxHeapSize                              = 2120220672                                {product} {ergonomic}
   size_t MaxNewSize                               = 1271922688                                {product} {ergonomic}
   size_t MinHeapDeltaBytes                        = 1048576                                   {product} {ergonomic}
   size_t MinHeapSize                              = 8388608                                   {product} {ergonomic}
    uintx NonNMethodCodeHeapSize                   = 5826188                                {pd product} {ergonomic}
    uintx NonProfiledCodeHeapSize                  = 122916026                              {pd product} {ergonomic}
    uintx ProfiledCodeHeapSize                     = 122916026                              {pd product} {ergonomic}
    uintx ReservedCodeCacheSize                    = 251658240                              {pd product} {ergonomic}
     bool SegmentedCodeCache                       = true                                      {product} {ergonomic}
   size_t SoftMaxHeapSize                          = 2120220672                             {manageable} {ergonomic}
     bool UseCompressedClassPointers               = true                                 {lp64_product} {ergonomic}
     bool UseCompressedOops                        = true                                 {lp64_product} {ergonomic}
     bool UseG1GC                                  = true                                      {product} {ergonomic}
     bool UseLargePagesIndividualAllocation        = false                                  {pd product} {ergonomic}

Logging:
Log output configuration:
 #0: stdout all=warning uptime,level,tags
 #1: stderr all=off uptime,level,tags

Environment Variables:
CLASSPATH=C:\Users\Админ\.jdks\corretto-16.0.2\bin;
PATH=C:\Program Files (x86)\Common Files\Oracle\Java\javapath;"C:\WINDOWS\system32;C:\WINDOWS;C:\WINDOWS\system32\WBEM";C:\Users\Админ\AppData\Local\Microsoft\WindowsApps;C:\Users\Админ\.dotnet\tools;C:\Program Files\JetBrains\PyCharm Community Edition 2020.2.3\bin;D:\IntellijIDEA_2020_1_4\IntelliJ IDEA Community Edition 2020.1.4\bin;D:\Git\cmd;C:\Program Files\dotnet\;"C:\WINDOWS\system32;C:\WINDOWS;C:\WINDOWS\system32\WBEM";C:\Users\Админ\AppData\Local\Microsoft\WindowsApps;C:\Users\Админ\.dotnet\tools;C:\Program Files\JetBrains\PyCharm Community Edition 2020.2.3\bin;;D:\IntellijIDEA_2020_1_4\IntelliJ IDEA Community Edition 2020.1.4\bin;;C:\Users\Админ\AppData\Local\GitHubDesktop\bin;D:\Rider\JetBrains Rider 2021.3.3\bin;;D:\IntelliJ IDEA 2021.3.3 Ultimate\bin;
USERNAME=Админ
OS=Windows_NT
PROCESSOR_IDENTIFIER=Intel64 Family 6 Model 60 Stepping 3, GenuineIntel



---------------  S Y S T E M  ---------------

OS:
 Windows 10 , 64 bit Build 19041 (10.0.19041.1706)
OS uptime: 1 days 18:05 hours

CPU: total 2 (initial active 2) (2 cores per cpu, 1 threads per core) family 6 model 60 stepping 3 microcode 0x27, cmov, cx8, fxsr, mmx, sse, sse2, sse3, ssse3, sse4.1, sse4.2, popcnt, clmul, erms, lzcnt, tsc, tscinvbit, clflush

Memory: 4k page, system-wide physical 8087M (2689M free)
TotalPageFile size 13463M (AvailPageFile size 5325M)
current process WorkingSet (physical memory assigned to process): 201M, peak: 210M
current process commit charge ("private bytes"): 309M, peak: 316M

vm_info: OpenJDK 64-Bit Server VM (15.0.5+3-MTS) for windows-amd64 JRE (15.0.5+3-MTS) (Zulu15.36+13-CA), built on Oct  8 2021 11:07:26 by "zulu_re" with MS VC++ 15.9 (VS2017)

END.
