java.lang.NoSuchFieldError: OPENAL_EXTENSION_FILTER
	at org.lwjgl.openal.ALC.createCapabilities(ALC.java:287)
	at org.lwjgl.openal.ALC.createCapabilities(ALC.java:219)
	at org.lwjgl.openal.ALC.create(ALC.java:140)
	at org.lwjgl.openal.ALC.create(ALC.java:121)
	at org.lwjgl.openal.ALC.create(ALC.java:76)
	at org.lwjgl.openal.ALC.<clinit>(ALC.java:55)
	at org.lwjgl.openal.ALC10.nalcOpenDevice(ALC10.java:64)
	at org.lwjgl.openal.ALC10.alcOpenDevice(ALC10.java:81)
	at Core2D.Audio.OpenAL.init(OpenAL.java:17)
	at Core2D.Core2D.Core2D.initCore(Core2D.java:131)
	at Core2D.Core2D.Core2D.run(Core2D.java:116)
	at Core2D.Core2D.Core2D.create(Core2D.java:108)
	at Core2D.Core2D.Core2D.start(Core2D.java:59)
	at SungearEngine2D.Main.Main.main(Main.java:297)
	at java.base/jdk.internal.reflect.NativeMethodAccessorImpl.invoke0(Native Method)
	at java.base/jdk.internal.reflect.NativeMethodAccessorImpl.invoke(NativeMethodAccessorImpl.java:77)
	at java.base/jdk.internal.reflect.DelegatingMethodAccessorImpl.invoke(DelegatingMethodAccessorImpl.java:43)
	at java.base/java.lang.reflect.Method.invoke(Method.java:568)
	at com.exe4j.runtime.LauncherEngine.launch(LauncherEngine.java:84)
	at com.exe4j.runtime.WinLauncher.main(WinLauncher.java:94)
