Dear ImGui Assertion Failed: (g.FrameCount == 0 || g.FrameCountEnded == g.FrameCount) && "Forgot to call Render() or EndFrame() at the end of the previous frame?"
Assertion Located At: /tmp/imgui/jni/imgui.cpp:8074
java.lang.Exception: Stack trace
	at java.base/java.lang.Thread.dumpStack(Thread.java:1380)
	at imgui.ImGui$1.imAssertCallback(ImGui.java:85)
	at imgui.assertion.ImAssertCallback.imAssert(ImAssertCallback.java:21)
	at imgui.ImGui.newFrame(Native Method)
	at SungearEngine2D.GUI.Renderer.startFrame(Renderer.java:35)
	at SungearEngine2D.GUI.GUI.draw(GUI.java:56)
	at SungearEngine2D.Main.Main$1.onDrawFrame(Main.java:278)
	at Core2D.Graphics.Graphics.draw(Graphics.java:92)
	at Core2D.Core2D.Core2D.run(Core2D.java:121)
	at Core2D.Core2D.Core2D.create(Core2D.java:108)
	at Core2D.Core2D.Core2D.start(Core2D.java:59)
	at SungearEngine2D.Main.Main.main(Main.java:297)
	at java.base/jdk.internal.reflect.NativeMethodAccessorImpl.invoke0(Native Method)
	at java.base/jdk.internal.reflect.NativeMethodAccessorImpl.invoke(NativeMethodAccessorImpl.java:77)
	at java.base/jdk.internal.reflect.DelegatingMethodAccessorImpl.invoke(DelegatingMethodAccessorImpl.java:43)
	at java.base/java.lang.reflect.Method.invoke(Method.java:568)
	at com.exe4j.runtime.LauncherEngine.launch(LauncherEngine.java:84)
	at com.exe4j.runtime.WinLauncher.main(WinLauncher.java:94)
